Added Component: Designator=C14(CAP0603)
Add component. Clean all parameters for all variants
Add component (AddParameter): Name = "Manufacturer"; Value = ""; VariantName = "[No Variations]"
Add component (AddParameter): Name = "Manufacturer P/N"; Value = ""; VariantName = "[No Variations]"
Add component (AddParameter): Name = "Order code Farnell"; Value = "1288202RL"; VariantName = "[No Variations]"
Add component (AddParameter): Name = "Order code RS"; Value = ""; VariantName = "[No Variations]"
Add component (AddParameter): Name = "Power"; Value = ""; VariantName = "[No Variations]"
Add component (AddParameter): Name = "Rated voltage"; Value = "25V"; VariantName = "[No Variations]"
Add component (AddParameter): Name = "STS Code"; Value = ""; VariantName = "[No Variations]"
Add component (AddParameter): Name = "Technology"; Value = "X5R"; VariantName = "[No Variations]"
Add component (AddParameter): Name = "Temperature  Factor"; Value = ""; VariantName = "[No Variations]"
Add component (AddParameter): Name = "Temperature Max"; Value = "+125°C"; VariantName = "[No Variations]"
Add component (AddParameter): Name = "Temperature Min"; Value = "-55°C"; VariantName = "[No Variations]"
Add component (AddParameter): Name = "Tolerance"; Value = "10%"; VariantName = "[No Variations]"
Add component (AddParameter): Name = "Value"; Value = "1µF"; VariantName = "[No Variations]"
Added Component: Designator=C15(CAP0603)
Add component. Clean all parameters for all variants
Add component (AddParameter): Name = "Manufacturer"; Value = ""; VariantName = "[No Variations]"
Add component (AddParameter): Name = "Manufacturer P/N"; Value = ""; VariantName = "[No Variations]"
Add component (AddParameter): Name = "Order code Farnell"; Value = "1288202RL"; VariantName = "[No Variations]"
Add component (AddParameter): Name = "Order code RS"; Value = ""; VariantName = "[No Variations]"
Add component (AddParameter): Name = "Power"; Value = ""; VariantName = "[No Variations]"
Add component (AddParameter): Name = "Rated voltage"; Value = "25V"; VariantName = "[No Variations]"
Add component (AddParameter): Name = "STS Code"; Value = ""; VariantName = "[No Variations]"
Add component (AddParameter): Name = "Technology"; Value = "X5R"; VariantName = "[No Variations]"
Add component (AddParameter): Name = "Temperature  Factor"; Value = ""; VariantName = "[No Variations]"
Add component (AddParameter): Name = "Temperature Max"; Value = "+125°C"; VariantName = "[No Variations]"
Add component (AddParameter): Name = "Temperature Min"; Value = "-55°C"; VariantName = "[No Variations]"
Add component (AddParameter): Name = "Tolerance"; Value = "10%"; VariantName = "[No Variations]"
Add component (AddParameter): Name = "Value"; Value = "1µF"; VariantName = "[No Variations]"
Added Component: Designator=C16(CAP0603)
Add component. Clean all parameters for all variants
Add component (AddParameter): Name = "Manufacturer"; Value = ""; VariantName = "[No Variations]"
Add component (AddParameter): Name = "Manufacturer P/N"; Value = ""; VariantName = "[No Variations]"
Add component (AddParameter): Name = "Order code Farnell"; Value = "1288202RL"; VariantName = "[No Variations]"
Add component (AddParameter): Name = "Order code RS"; Value = ""; VariantName = "[No Variations]"
Add component (AddParameter): Name = "Power"; Value = ""; VariantName = "[No Variations]"
Add component (AddParameter): Name = "Rated voltage"; Value = "25V"; VariantName = "[No Variations]"
Add component (AddParameter): Name = "STS Code"; Value = ""; VariantName = "[No Variations]"
Add component (AddParameter): Name = "Technology"; Value = "X5R"; VariantName = "[No Variations]"
Add component (AddParameter): Name = "Temperature  Factor"; Value = ""; VariantName = "[No Variations]"
Add component (AddParameter): Name = "Temperature Max"; Value = "+125°C"; VariantName = "[No Variations]"
Add component (AddParameter): Name = "Temperature Min"; Value = "-55°C"; VariantName = "[No Variations]"
Add component (AddParameter): Name = "Tolerance"; Value = "10%"; VariantName = "[No Variations]"
Add component (AddParameter): Name = "Value"; Value = "1µF"; VariantName = "[No Variations]"
Added Component: Designator=C17(CAP0603)
Add component. Clean all parameters for all variants
Add component (AddParameter): Name = "Manufacturer"; Value = ""; VariantName = "[No Variations]"
Add component (AddParameter): Name = "Manufacturer P/N"; Value = ""; VariantName = "[No Variations]"
Add component (AddParameter): Name = "Order code Farnell"; Value = "1288202RL"; VariantName = "[No Variations]"
Add component (AddParameter): Name = "Order code RS"; Value = ""; VariantName = "[No Variations]"
Add component (AddParameter): Name = "Power"; Value = ""; VariantName = "[No Variations]"
Add component (AddParameter): Name = "Rated voltage"; Value = "25V"; VariantName = "[No Variations]"
Add component (AddParameter): Name = "STS Code"; Value = ""; VariantName = "[No Variations]"
Add component (AddParameter): Name = "Technology"; Value = "X5R"; VariantName = "[No Variations]"
Add component (AddParameter): Name = "Temperature  Factor"; Value = ""; VariantName = "[No Variations]"
Add component (AddParameter): Name = "Temperature Max"; Value = "+125°C"; VariantName = "[No Variations]"
Add component (AddParameter): Name = "Temperature Min"; Value = "-55°C"; VariantName = "[No Variations]"
Add component (AddParameter): Name = "Tolerance"; Value = "10%"; VariantName = "[No Variations]"
Add component (AddParameter): Name = "Value"; Value = "1µF"; VariantName = "[No Variations]"
Added Component: Designator=C18(CAP0603)
Add component. Clean all parameters for all variants
Add component (AddParameter): Name = "Manufacturer"; Value = ""; VariantName = "[No Variations]"
Add component (AddParameter): Name = "Manufacturer P/N"; Value = ""; VariantName = "[No Variations]"
Add component (AddParameter): Name = "Order code Farnell"; Value = "1288202RL"; VariantName = "[No Variations]"
Add component (AddParameter): Name = "Order code RS"; Value = ""; VariantName = "[No Variations]"
Add component (AddParameter): Name = "Power"; Value = ""; VariantName = "[No Variations]"
Add component (AddParameter): Name = "Rated voltage"; Value = "25V"; VariantName = "[No Variations]"
Add component (AddParameter): Name = "STS Code"; Value = ""; VariantName = "[No Variations]"
Add component (AddParameter): Name = "Technology"; Value = "X5R"; VariantName = "[No Variations]"
Add component (AddParameter): Name = "Temperature  Factor"; Value = ""; VariantName = "[No Variations]"
Add component (AddParameter): Name = "Temperature Max"; Value = "+125°C"; VariantName = "[No Variations]"
Add component (AddParameter): Name = "Temperature Min"; Value = "-55°C"; VariantName = "[No Variations]"
Add component (AddParameter): Name = "Tolerance"; Value = "10%"; VariantName = "[No Variations]"
Add component (AddParameter): Name = "Value"; Value = "1µF"; VariantName = "[No Variations]"
Added Component: Designator=C19(CAP0603)
Add component. Clean all parameters for all variants
Add component (AddParameter): Name = "Manufacturer"; Value = ""; VariantName = "[No Variations]"
Add component (AddParameter): Name = "Manufacturer P/N"; Value = ""; VariantName = "[No Variations]"
Add component (AddParameter): Name = "Order code Farnell"; Value = "1288202RL"; VariantName = "[No Variations]"
Add component (AddParameter): Name = "Order code RS"; Value = ""; VariantName = "[No Variations]"
Add component (AddParameter): Name = "Power"; Value = ""; VariantName = "[No Variations]"
Add component (AddParameter): Name = "Rated voltage"; Value = "25V"; VariantName = "[No Variations]"
Add component (AddParameter): Name = "STS Code"; Value = ""; VariantName = "[No Variations]"
Add component (AddParameter): Name = "Technology"; Value = "X5R"; VariantName = "[No Variations]"
Add component (AddParameter): Name = "Temperature  Factor"; Value = ""; VariantName = "[No Variations]"
Add component (AddParameter): Name = "Temperature Max"; Value = "+125°C"; VariantName = "[No Variations]"
Add component (AddParameter): Name = "Temperature Min"; Value = "-55°C"; VariantName = "[No Variations]"
Add component (AddParameter): Name = "Tolerance"; Value = "10%"; VariantName = "[No Variations]"
Add component (AddParameter): Name = "Value"; Value = "1µF"; VariantName = "[No Variations]"
Added Component: Designator=C20(CAP0603)
Add component. Clean all parameters for all variants
Add component (AddParameter): Name = "Manufacturer"; Value = ""; VariantName = "[No Variations]"
Add component (AddParameter): Name = "Manufacturer P/N"; Value = ""; VariantName = "[No Variations]"
Add component (AddParameter): Name = "Order code Farnell"; Value = "1288202RL"; VariantName = "[No Variations]"
Add component (AddParameter): Name = "Order code RS"; Value = ""; VariantName = "[No Variations]"
Add component (AddParameter): Name = "Power"; Value = ""; VariantName = "[No Variations]"
Add component (AddParameter): Name = "Rated voltage"; Value = "25V"; VariantName = "[No Variations]"
Add component (AddParameter): Name = "STS Code"; Value = ""; VariantName = "[No Variations]"
Add component (AddParameter): Name = "Technology"; Value = "X5R"; VariantName = "[No Variations]"
Add component (AddParameter): Name = "Temperature  Factor"; Value = ""; VariantName = "[No Variations]"
Add component (AddParameter): Name = "Temperature Max"; Value = "+125°C"; VariantName = "[No Variations]"
Add component (AddParameter): Name = "Temperature Min"; Value = "-55°C"; VariantName = "[No Variations]"
Add component (AddParameter): Name = "Tolerance"; Value = "10%"; VariantName = "[No Variations]"
Add component (AddParameter): Name = "Value"; Value = "1µF"; VariantName = "[No Variations]"
Added Component: Designator=LD1_U_Column8(WS2812B-Mini)
Add component. Clean all parameters for all variants
Added Component: Designator=LD1_U_Column9(WS2812B-Mini)
Add component. Clean all parameters for all variants
Added Component: Designator=LD1_U_Column10(WS2812B-Mini)
Add component. Clean all parameters for all variants
Added Component: Designator=LD1_U_Column11(WS2812B-Mini)
Add component. Clean all parameters for all variants
Added Component: Designator=LD1_U_Column12(WS2812B-Mini)
Add component. Clean all parameters for all variants
Added Component: Designator=LD1_U_Column13(WS2812B-Mini)
Add component. Clean all parameters for all variants
Added Component: Designator=LD1_U_Column14(WS2812B-Mini)
Add component. Clean all parameters for all variants
Added Component: Designator=LD2_U_Column8(WS2812B-Mini)
Add component. Clean all parameters for all variants
Added Component: Designator=LD2_U_Column9(WS2812B-Mini)
Add component. Clean all parameters for all variants
Added Component: Designator=LD2_U_Column10(WS2812B-Mini)
Add component. Clean all parameters for all variants
Added Component: Designator=LD2_U_Column11(WS2812B-Mini)
Add component. Clean all parameters for all variants
Added Component: Designator=LD2_U_Column12(WS2812B-Mini)
Add component. Clean all parameters for all variants
Added Component: Designator=LD2_U_Column13(WS2812B-Mini)
Add component. Clean all parameters for all variants
Added Component: Designator=LD2_U_Column14(WS2812B-Mini)
Add component. Clean all parameters for all variants
Added Component: Designator=LD3_U_Column8(WS2812B-Mini)
Add component. Clean all parameters for all variants
Added Component: Designator=LD3_U_Column9(WS2812B-Mini)
Add component. Clean all parameters for all variants
Added Component: Designator=LD3_U_Column10(WS2812B-Mini)
Add component. Clean all parameters for all variants
Added Component: Designator=LD3_U_Column11(WS2812B-Mini)
Add component. Clean all parameters for all variants
Added Component: Designator=LD3_U_Column12(WS2812B-Mini)
Add component. Clean all parameters for all variants
Added Component: Designator=LD3_U_Column13(WS2812B-Mini)
Add component. Clean all parameters for all variants
Added Component: Designator=LD3_U_Column14(WS2812B-Mini)
Add component. Clean all parameters for all variants
Added Component: Designator=LD4_U_Column8(WS2812B-Mini)
Add component. Clean all parameters for all variants
Added Component: Designator=LD4_U_Column9(WS2812B-Mini)
Add component. Clean all parameters for all variants
Added Component: Designator=LD4_U_Column10(WS2812B-Mini)
Add component. Clean all parameters for all variants
Added Component: Designator=LD4_U_Column11(WS2812B-Mini)
Add component. Clean all parameters for all variants
Added Component: Designator=LD4_U_Column12(WS2812B-Mini)
Add component. Clean all parameters for all variants
Added Component: Designator=LD4_U_Column13(WS2812B-Mini)
Add component. Clean all parameters for all variants
Added Component: Designator=LD4_U_Column14(WS2812B-Mini)
Add component. Clean all parameters for all variants
Added Component: Designator=LD5_U_Column8(WS2812B-Mini)
Add component. Clean all parameters for all variants
Added Component: Designator=LD5_U_Column9(WS2812B-Mini)
Add component. Clean all parameters for all variants
Added Component: Designator=LD5_U_Column10(WS2812B-Mini)
Add component. Clean all parameters for all variants
Added Component: Designator=LD5_U_Column11(WS2812B-Mini)
Add component. Clean all parameters for all variants
Added Component: Designator=LD5_U_Column12(WS2812B-Mini)
Add component. Clean all parameters for all variants
Added Component: Designator=LD5_U_Column13(WS2812B-Mini)
Add component. Clean all parameters for all variants
Added Component: Designator=LD5_U_Column14(WS2812B-Mini)
Add component. Clean all parameters for all variants
Added Component: Designator=LD6_U_Column8(WS2812B-Mini)
Add component. Clean all parameters for all variants
Added Component: Designator=LD6_U_Column9(WS2812B-Mini)
Add component. Clean all parameters for all variants
Added Component: Designator=LD6_U_Column10(WS2812B-Mini)
Add component. Clean all parameters for all variants
Added Component: Designator=LD6_U_Column11(WS2812B-Mini)
Add component. Clean all parameters for all variants
Added Component: Designator=LD6_U_Column12(WS2812B-Mini)
Add component. Clean all parameters for all variants
Added Component: Designator=LD6_U_Column13(WS2812B-Mini)
Add component. Clean all parameters for all variants
Added Component: Designator=LD6_U_Column14(WS2812B-Mini)
Add component. Clean all parameters for all variants
Added Component: Designator=LD7_U_Column8(WS2812B-Mini)
Add component. Clean all parameters for all variants
Added Component: Designator=LD7_U_Column9(WS2812B-Mini)
Add component. Clean all parameters for all variants
Added Component: Designator=LD7_U_Column10(WS2812B-Mini)
Add component. Clean all parameters for all variants
Added Component: Designator=LD7_U_Column11(WS2812B-Mini)
Add component. Clean all parameters for all variants
Added Component: Designator=LD7_U_Column12(WS2812B-Mini)
Add component. Clean all parameters for all variants
Added Component: Designator=LD7_U_Column13(WS2812B-Mini)
Add component. Clean all parameters for all variants
Added Component: Designator=LD7_U_Column14(WS2812B-Mini)
Add component. Clean all parameters for all variants
Added Pin To Net: NetName=GND Pin=C14-1
Added Pin To Net: NetName=+5 Pin=C14-2
Added Pin To Net: NetName=GND Pin=C15-1
Added Pin To Net: NetName=+5 Pin=C15-2
Added Pin To Net: NetName=GND Pin=C16-1
Added Pin To Net: NetName=+5 Pin=C16-2
Added Pin To Net: NetName=GND Pin=C17-1
Added Pin To Net: NetName=+5 Pin=C17-2
Added Pin To Net: NetName=GND Pin=C18-1
Added Pin To Net: NetName=+5 Pin=C18-2
Added Pin To Net: NetName=GND Pin=C19-1
Added Pin To Net: NetName=+5 Pin=C19-2
Added Pin To Net: NetName=GND Pin=C20-1
Added Pin To Net: NetName=+5 Pin=C20-2
Added Pin To Net: NetName=+5 Pin=LD1_U_Column8-1
Added Pin To Net: NetName=GND Pin=LD1_U_Column8-3
Added Pin To Net: NetName=DO2 Pin=LD1_U_Column8-4
Added Pin To Net: NetName=+5 Pin=LD1_U_Column9-1
Added Pin To Net: NetName=GND Pin=LD1_U_Column9-3
Added Pin To Net: NetName=+5 Pin=LD1_U_Column10-1
Added Pin To Net: NetName=GND Pin=LD1_U_Column10-3
Added Pin To Net: NetName=+5 Pin=LD1_U_Column11-1
Added Pin To Net: NetName=GND Pin=LD1_U_Column11-3
Added Pin To Net: NetName=+5 Pin=LD1_U_Column12-1
Added Pin To Net: NetName=NetLD1_U_Column12_2 Pin=LD1_U_Column12-2
Added Pin To Net: NetName=GND Pin=LD1_U_Column12-3
Added Pin To Net: NetName=+5 Pin=LD1_U_Column13-1
Added Pin To Net: NetName=GND Pin=LD1_U_Column13-3
Added Pin To Net: NetName=+5 Pin=LD1_U_Column14-1
Added Pin To Net: NetName=GND Pin=LD1_U_Column14-3
Added Pin To Net: NetName=+5 Pin=LD2_U_Column8-1
Added Pin To Net: NetName=GND Pin=LD2_U_Column8-3
Added Pin To Net: NetName=+5 Pin=LD2_U_Column9-1
Added Pin To Net: NetName=GND Pin=LD2_U_Column9-3
Added Pin To Net: NetName=+5 Pin=LD2_U_Column10-1
Added Pin To Net: NetName=GND Pin=LD2_U_Column10-3
Added Pin To Net: NetName=+5 Pin=LD2_U_Column11-1
Added Pin To Net: NetName=GND Pin=LD2_U_Column11-3
Added Pin To Net: NetName=+5 Pin=LD2_U_Column12-1
Added Pin To Net: NetName=NetLD2_U_Column12_2 Pin=LD2_U_Column12-2
Added Pin To Net: NetName=GND Pin=LD2_U_Column12-3
Added Pin To Net: NetName=NetLD1_U_Column12_2 Pin=LD2_U_Column12-4
Added Pin To Net: NetName=+5 Pin=LD2_U_Column13-1
Added Pin To Net: NetName=GND Pin=LD2_U_Column13-3
Added Pin To Net: NetName=+5 Pin=LD2_U_Column14-1
Added Pin To Net: NetName=GND Pin=LD2_U_Column14-3
Added Pin To Net: NetName=+5 Pin=LD3_U_Column8-1
Added Pin To Net: NetName=GND Pin=LD3_U_Column8-3
Added Pin To Net: NetName=+5 Pin=LD3_U_Column9-1
Added Pin To Net: NetName=GND Pin=LD3_U_Column9-3
Added Pin To Net: NetName=+5 Pin=LD3_U_Column10-1
Added Pin To Net: NetName=GND Pin=LD3_U_Column10-3
Added Pin To Net: NetName=+5 Pin=LD3_U_Column11-1
Added Pin To Net: NetName=GND Pin=LD3_U_Column11-3
Added Pin To Net: NetName=+5 Pin=LD3_U_Column12-1
Added Pin To Net: NetName=NetLD3_U_Column12_2 Pin=LD3_U_Column12-2
Added Pin To Net: NetName=GND Pin=LD3_U_Column12-3
Added Pin To Net: NetName=NetLD2_U_Column12_2 Pin=LD3_U_Column12-4
Added Pin To Net: NetName=+5 Pin=LD3_U_Column13-1
Added Pin To Net: NetName=GND Pin=LD3_U_Column13-3
Added Pin To Net: NetName=+5 Pin=LD3_U_Column14-1
Added Pin To Net: NetName=GND Pin=LD3_U_Column14-3
Added Pin To Net: NetName=+5 Pin=LD4_U_Column8-1
Added Pin To Net: NetName=GND Pin=LD4_U_Column8-3
Added Pin To Net: NetName=+5 Pin=LD4_U_Column9-1
Added Pin To Net: NetName=GND Pin=LD4_U_Column9-3
Added Pin To Net: NetName=+5 Pin=LD4_U_Column10-1
Added Pin To Net: NetName=GND Pin=LD4_U_Column10-3
Added Pin To Net: NetName=+5 Pin=LD4_U_Column11-1
Added Pin To Net: NetName=GND Pin=LD4_U_Column11-3
Added Pin To Net: NetName=+5 Pin=LD4_U_Column12-1
Added Pin To Net: NetName=NetLD4_U_Column12_2 Pin=LD4_U_Column12-2
Added Pin To Net: NetName=GND Pin=LD4_U_Column12-3
Added Pin To Net: NetName=NetLD3_U_Column12_2 Pin=LD4_U_Column12-4
Added Pin To Net: NetName=+5 Pin=LD4_U_Column13-1
Added Pin To Net: NetName=GND Pin=LD4_U_Column13-3
Added Pin To Net: NetName=+5 Pin=LD4_U_Column14-1
Added Pin To Net: NetName=GND Pin=LD4_U_Column14-3
Added Pin To Net: NetName=+5 Pin=LD5_U_Column8-1
Added Pin To Net: NetName=GND Pin=LD5_U_Column8-3
Added Pin To Net: NetName=+5 Pin=LD5_U_Column9-1
Added Pin To Net: NetName=GND Pin=LD5_U_Column9-3
Added Pin To Net: NetName=+5 Pin=LD5_U_Column10-1
Added Pin To Net: NetName=GND Pin=LD5_U_Column10-3
Added Pin To Net: NetName=+5 Pin=LD5_U_Column11-1
Added Pin To Net: NetName=GND Pin=LD5_U_Column11-3
Added Pin To Net: NetName=+5 Pin=LD5_U_Column12-1
Added Pin To Net: NetName=NetLD5_U_Column12_2 Pin=LD5_U_Column12-2
Added Pin To Net: NetName=GND Pin=LD5_U_Column12-3
Added Pin To Net: NetName=NetLD4_U_Column12_2 Pin=LD5_U_Column12-4
Added Pin To Net: NetName=+5 Pin=LD5_U_Column13-1
Added Pin To Net: NetName=GND Pin=LD5_U_Column13-3
Added Pin To Net: NetName=+5 Pin=LD5_U_Column14-1
Added Pin To Net: NetName=GND Pin=LD5_U_Column14-3
Added Pin To Net: NetName=+5 Pin=LD6_U_Column8-1
Added Pin To Net: NetName=GND Pin=LD6_U_Column8-3
Added Pin To Net: NetName=+5 Pin=LD6_U_Column9-1
Added Pin To Net: NetName=GND Pin=LD6_U_Column9-3
Added Pin To Net: NetName=+5 Pin=LD6_U_Column10-1
Added Pin To Net: NetName=GND Pin=LD6_U_Column10-3
Added Pin To Net: NetName=+5 Pin=LD6_U_Column11-1
Added Pin To Net: NetName=GND Pin=LD6_U_Column11-3
Added Pin To Net: NetName=+5 Pin=LD6_U_Column12-1
Added Pin To Net: NetName=NetLD6_U_Column12_2 Pin=LD6_U_Column12-2
Added Pin To Net: NetName=GND Pin=LD6_U_Column12-3
Added Pin To Net: NetName=NetLD5_U_Column12_2 Pin=LD6_U_Column12-4
Added Pin To Net: NetName=+5 Pin=LD6_U_Column13-1
Added Pin To Net: NetName=GND Pin=LD6_U_Column13-3
Added Pin To Net: NetName=+5 Pin=LD6_U_Column14-1
Added Pin To Net: NetName=GND Pin=LD6_U_Column14-3
Added Pin To Net: NetName=+5 Pin=LD7_U_Column8-1
Added Pin To Net: NetName=GND Pin=LD7_U_Column8-3
Added Pin To Net: NetName=+5 Pin=LD7_U_Column9-1
Added Pin To Net: NetName=GND Pin=LD7_U_Column9-3
Added Pin To Net: NetName=+5 Pin=LD7_U_Column10-1
Added Pin To Net: NetName=GND Pin=LD7_U_Column10-3
Added Pin To Net: NetName=+5 Pin=LD7_U_Column11-1
Added Pin To Net: NetName=GND Pin=LD7_U_Column11-3
Added Pin To Net: NetName=+5 Pin=LD7_U_Column12-1
Added Pin To Net: NetName=GND Pin=LD7_U_Column12-3
Added Pin To Net: NetName=NetLD6_U_Column12_2 Pin=LD7_U_Column12-4
Added Pin To Net: NetName=+5 Pin=LD7_U_Column13-1
Added Pin To Net: NetName=GND Pin=LD7_U_Column13-3
Added Pin To Net: NetName=+5 Pin=LD7_U_Column14-1
Added Pin To Net: NetName=GND Pin=LD7_U_Column14-3
Change Net Name : Old Net Name=NetLD1_U_Column11_2 New Net Name=NetLD1_U_Column1_2
Change Net Name : Old Net Name=NetLD1_U_Column21_2 New Net Name=NetLD1_U_Column2_2
Change Net Name : Old Net Name=NetLD1_U_Column21_4 New Net Name=NetLD1_U_Column2_4
Change Net Name : Old Net Name=NetLD1_U_Column31_2 New Net Name=NetLD1_U_Column3_2
Change Net Name : Old Net Name=NetLD1_U_Column31_4 New Net Name=NetLD1_U_Column3_4
Change Net Name : Old Net Name=NetLD1_U_Column41_2 New Net Name=NetLD1_U_Column4_2
Change Net Name : Old Net Name=NetLD1_U_Column41_4 New Net Name=NetLD1_U_Column4_4
Change Net Name : Old Net Name=NetLD1_U_Column51_2 New Net Name=NetLD1_U_Column5_2
Change Net Name : Old Net Name=NetLD1_U_Column51_4 New Net Name=NetLD1_U_Column5_4
Change Net Name : Old Net Name=NetLD1_U_Column61_2 New Net Name=NetLD1_U_Column6_2
Change Net Name : Old Net Name=NetLD1_U_Column61_4 New Net Name=NetLD1_U_Column6_4
Change Net Name : Old Net Name=NetLD1_U_Column71_2 New Net Name=NetLD1_U_Column7_2
Change Net Name : Old Net Name=NetLD1_U_Column71_4 New Net Name=NetLD1_U_Column7_4
Change Net Name : Old Net Name=NetLD2_U_Column11_2 New Net Name=NetLD2_U_Column1_2
Change Net Name : Old Net Name=NetLD2_U_Column21_2 New Net Name=NetLD2_U_Column2_2
Change Net Name : Old Net Name=NetLD2_U_Column31_2 New Net Name=NetLD2_U_Column3_2
Change Net Name : Old Net Name=NetLD2_U_Column41_2 New Net Name=NetLD2_U_Column4_2
Change Net Name : Old Net Name=NetLD2_U_Column51_2 New Net Name=NetLD2_U_Column5_2
Change Net Name : Old Net Name=NetLD2_U_Column61_2 New Net Name=NetLD2_U_Column6_2
Change Net Name : Old Net Name=NetLD2_U_Column71_2 New Net Name=NetLD2_U_Column7_2
Change Net Name : Old Net Name=NetLD3_U_Column11_2 New Net Name=NetLD3_U_Column1_2
Change Net Name : Old Net Name=NetLD3_U_Column21_2 New Net Name=NetLD3_U_Column2_2
Change Net Name : Old Net Name=NetLD3_U_Column31_2 New Net Name=NetLD3_U_Column3_2
Change Net Name : Old Net Name=NetLD3_U_Column41_2 New Net Name=NetLD3_U_Column4_2
Change Net Name : Old Net Name=NetLD3_U_Column51_2 New Net Name=NetLD3_U_Column5_2
Change Net Name : Old Net Name=NetLD3_U_Column61_2 New Net Name=NetLD3_U_Column6_2
Change Net Name : Old Net Name=NetLD3_U_Column71_2 New Net Name=NetLD3_U_Column7_2
Change Net Name : Old Net Name=NetLD4_U_Column11_2 New Net Name=NetLD4_U_Column1_2
Change Net Name : Old Net Name=NetLD4_U_Column21_2 New Net Name=NetLD4_U_Column2_2
Change Net Name : Old Net Name=NetLD4_U_Column31_2 New Net Name=NetLD4_U_Column3_2
Change Net Name : Old Net Name=NetLD4_U_Column41_2 New Net Name=NetLD4_U_Column4_2
Change Net Name : Old Net Name=NetLD4_U_Column51_2 New Net Name=NetLD4_U_Column5_2
Change Net Name : Old Net Name=NetLD4_U_Column61_2 New Net Name=NetLD4_U_Column6_2
Change Net Name : Old Net Name=NetLD4_U_Column71_2 New Net Name=NetLD4_U_Column7_2
Change Net Name : Old Net Name=NetLD5_U_Column11_2 New Net Name=NetLD5_U_Column1_2
Change Net Name : Old Net Name=NetLD5_U_Column21_2 New Net Name=NetLD5_U_Column2_2
Change Net Name : Old Net Name=NetLD5_U_Column31_2 New Net Name=NetLD5_U_Column3_2
Change Net Name : Old Net Name=NetLD5_U_Column41_2 New Net Name=NetLD5_U_Column4_2
Change Net Name : Old Net Name=NetLD5_U_Column51_2 New Net Name=NetLD5_U_Column5_2
Change Net Name : Old Net Name=NetLD5_U_Column61_2 New Net Name=NetLD5_U_Column6_2
Change Net Name : Old Net Name=NetLD5_U_Column71_2 New Net Name=NetLD5_U_Column7_2
Change Net Name : Old Net Name=NetLD6_U_Column11_2 New Net Name=NetLD6_U_Column1_2
Change Net Name : Old Net Name=NetLD6_U_Column21_2 New Net Name=NetLD6_U_Column2_2
Change Net Name : Old Net Name=NetLD6_U_Column31_2 New Net Name=NetLD6_U_Column3_2
Change Net Name : Old Net Name=NetLD6_U_Column41_2 New Net Name=NetLD6_U_Column4_2
Change Net Name : Old Net Name=NetLD6_U_Column51_2 New Net Name=NetLD6_U_Column5_2
Change Net Name : Old Net Name=NetLD6_U_Column61_2 New Net Name=NetLD6_U_Column6_2
Change Net Name : Old Net Name=NetLD6_U_Column71_2 New Net Name=NetLD6_U_Column7_2
Change Net Name : Old Net Name=NetLD7_U_Column71_2 New Net Name=NetLD7_U_Column7_2
Added Pin To Net: NetName=NetLD1_U_Column8_2 Pin=LD1_U_Column8-2
Added Pin To Net: NetName=NetLD1_U_Column8_2 Pin=LD2_U_Column8-4
Added Net: Name=NetLD1_U_Column8_2
Added Pin To Net: NetName=NetLD1_U_Column9_2 Pin=LD1_U_Column9-2
Added Pin To Net: NetName=NetLD1_U_Column9_2 Pin=LD2_U_Column9-4
Added Net: Name=NetLD1_U_Column9_2
Added Pin To Net: NetName=NetLD1_U_Column9_4 Pin=LD1_U_Column9-4
Added Pin To Net: NetName=NetLD1_U_Column9_4 Pin=LD7_U_Column8-2
Added Net: Name=NetLD1_U_Column9_4
Added Pin To Net: NetName=NetLD1_U_Column10_2 Pin=LD1_U_Column10-2
Added Pin To Net: NetName=NetLD1_U_Column10_2 Pin=LD2_U_Column10-4
Added Net: Name=NetLD1_U_Column10_2
Added Pin To Net: NetName=NetLD1_U_Column10_4 Pin=LD1_U_Column10-4
Added Pin To Net: NetName=NetLD1_U_Column10_4 Pin=LD7_U_Column9-2
Added Net: Name=NetLD1_U_Column10_4
Added Pin To Net: NetName=NetLD1_U_Column11_2 Pin=LD1_U_Column11-2
Added Pin To Net: NetName=NetLD1_U_Column11_2 Pin=LD2_U_Column11-4
Added Net: Name=NetLD1_U_Column11_2
Added Pin To Net: NetName=NetLD1_U_Column11_4 Pin=LD1_U_Column11-4
Added Pin To Net: NetName=NetLD1_U_Column11_4 Pin=LD7_U_Column10-2
Added Net: Name=NetLD1_U_Column11_4
Added Pin To Net: NetName=NetLD1_U_Column12_4 Pin=LD1_U_Column12-4
Added Pin To Net: NetName=NetLD1_U_Column12_4 Pin=LD7_U_Column11-2
Added Net: Name=NetLD1_U_Column12_4
Added Pin To Net: NetName=NetLD1_U_Column13_2 Pin=LD1_U_Column13-2
Added Pin To Net: NetName=NetLD1_U_Column13_2 Pin=LD2_U_Column13-4
Added Net: Name=NetLD1_U_Column13_2
Added Pin To Net: NetName=NetLD1_U_Column13_4 Pin=LD1_U_Column13-4
Added Pin To Net: NetName=NetLD1_U_Column13_4 Pin=LD7_U_Column12-2
Added Net: Name=NetLD1_U_Column13_4
Added Pin To Net: NetName=NetLD1_U_Column14_2 Pin=LD1_U_Column14-2
Added Pin To Net: NetName=NetLD1_U_Column14_2 Pin=LD2_U_Column14-4
Added Net: Name=NetLD1_U_Column14_2
Added Pin To Net: NetName=NetLD1_U_Column14_4 Pin=LD1_U_Column14-4
Added Pin To Net: NetName=NetLD1_U_Column14_4 Pin=LD7_U_Column13-2
Added Net: Name=NetLD1_U_Column14_4
Added Pin To Net: NetName=NetLD2_U_Column8_2 Pin=LD2_U_Column8-2
Added Pin To Net: NetName=NetLD2_U_Column8_2 Pin=LD3_U_Column8-4
Added Net: Name=NetLD2_U_Column8_2
Added Pin To Net: NetName=NetLD2_U_Column9_2 Pin=LD2_U_Column9-2
Added Pin To Net: NetName=NetLD2_U_Column9_2 Pin=LD3_U_Column9-4
Added Net: Name=NetLD2_U_Column9_2
Added Pin To Net: NetName=NetLD2_U_Column10_2 Pin=LD2_U_Column10-2
Added Pin To Net: NetName=NetLD2_U_Column10_2 Pin=LD3_U_Column10-4
Added Net: Name=NetLD2_U_Column10_2
Added Pin To Net: NetName=NetLD2_U_Column11_2 Pin=LD2_U_Column11-2
Added Pin To Net: NetName=NetLD2_U_Column11_2 Pin=LD3_U_Column11-4
Added Net: Name=NetLD2_U_Column11_2
Added Pin To Net: NetName=NetLD2_U_Column13_2 Pin=LD2_U_Column13-2
Added Pin To Net: NetName=NetLD2_U_Column13_2 Pin=LD3_U_Column13-4
Added Net: Name=NetLD2_U_Column13_2
Added Pin To Net: NetName=NetLD2_U_Column14_2 Pin=LD2_U_Column14-2
Added Pin To Net: NetName=NetLD2_U_Column14_2 Pin=LD3_U_Column14-4
Added Net: Name=NetLD2_U_Column14_2
Added Pin To Net: NetName=NetLD3_U_Column8_2 Pin=LD3_U_Column8-2
Added Pin To Net: NetName=NetLD3_U_Column8_2 Pin=LD4_U_Column8-4
Added Net: Name=NetLD3_U_Column8_2
Added Pin To Net: NetName=NetLD3_U_Column9_2 Pin=LD3_U_Column9-2
Added Pin To Net: NetName=NetLD3_U_Column9_2 Pin=LD4_U_Column9-4
Added Net: Name=NetLD3_U_Column9_2
Added Pin To Net: NetName=NetLD3_U_Column10_2 Pin=LD3_U_Column10-2
Added Pin To Net: NetName=NetLD3_U_Column10_2 Pin=LD4_U_Column10-4
Added Net: Name=NetLD3_U_Column10_2
Added Pin To Net: NetName=NetLD3_U_Column11_2 Pin=LD3_U_Column11-2
Added Pin To Net: NetName=NetLD3_U_Column11_2 Pin=LD4_U_Column11-4
Added Net: Name=NetLD3_U_Column11_2
Added Pin To Net: NetName=NetLD3_U_Column13_2 Pin=LD3_U_Column13-2
Added Pin To Net: NetName=NetLD3_U_Column13_2 Pin=LD4_U_Column13-4
Added Net: Name=NetLD3_U_Column13_2
Added Pin To Net: NetName=NetLD3_U_Column14_2 Pin=LD3_U_Column14-2
Added Pin To Net: NetName=NetLD3_U_Column14_2 Pin=LD4_U_Column14-4
Added Net: Name=NetLD3_U_Column14_2
Added Pin To Net: NetName=NetLD4_U_Column8_2 Pin=LD4_U_Column8-2
Added Pin To Net: NetName=NetLD4_U_Column8_2 Pin=LD5_U_Column8-4
Added Net: Name=NetLD4_U_Column8_2
Added Pin To Net: NetName=NetLD4_U_Column9_2 Pin=LD4_U_Column9-2
Added Pin To Net: NetName=NetLD4_U_Column9_2 Pin=LD5_U_Column9-4
Added Net: Name=NetLD4_U_Column9_2
Added Pin To Net: NetName=NetLD4_U_Column10_2 Pin=LD4_U_Column10-2
Added Pin To Net: NetName=NetLD4_U_Column10_2 Pin=LD5_U_Column10-4
Added Net: Name=NetLD4_U_Column10_2
Added Pin To Net: NetName=NetLD4_U_Column11_2 Pin=LD4_U_Column11-2
Added Pin To Net: NetName=NetLD4_U_Column11_2 Pin=LD5_U_Column11-4
Added Net: Name=NetLD4_U_Column11_2
Added Pin To Net: NetName=NetLD4_U_Column13_2 Pin=LD4_U_Column13-2
Added Pin To Net: NetName=NetLD4_U_Column13_2 Pin=LD5_U_Column13-4
Added Net: Name=NetLD4_U_Column13_2
Added Pin To Net: NetName=NetLD4_U_Column14_2 Pin=LD4_U_Column14-2
Added Pin To Net: NetName=NetLD4_U_Column14_2 Pin=LD5_U_Column14-4
Added Net: Name=NetLD4_U_Column14_2
Added Pin To Net: NetName=NetLD5_U_Column8_2 Pin=LD5_U_Column8-2
Added Pin To Net: NetName=NetLD5_U_Column8_2 Pin=LD6_U_Column8-4
Added Net: Name=NetLD5_U_Column8_2
Added Pin To Net: NetName=NetLD5_U_Column9_2 Pin=LD5_U_Column9-2
Added Pin To Net: NetName=NetLD5_U_Column9_2 Pin=LD6_U_Column9-4
Added Net: Name=NetLD5_U_Column9_2
Added Pin To Net: NetName=NetLD5_U_Column10_2 Pin=LD5_U_Column10-2
Added Pin To Net: NetName=NetLD5_U_Column10_2 Pin=LD6_U_Column10-4
Added Net: Name=NetLD5_U_Column10_2
Added Pin To Net: NetName=NetLD5_U_Column11_2 Pin=LD5_U_Column11-2
Added Pin To Net: NetName=NetLD5_U_Column11_2 Pin=LD6_U_Column11-4
Added Net: Name=NetLD5_U_Column11_2
Added Pin To Net: NetName=NetLD5_U_Column13_2 Pin=LD5_U_Column13-2
Added Pin To Net: NetName=NetLD5_U_Column13_2 Pin=LD6_U_Column13-4
Added Net: Name=NetLD5_U_Column13_2
Added Pin To Net: NetName=NetLD5_U_Column14_2 Pin=LD5_U_Column14-2
Added Pin To Net: NetName=NetLD5_U_Column14_2 Pin=LD6_U_Column14-4
Added Net: Name=NetLD5_U_Column14_2
Added Pin To Net: NetName=NetLD6_U_Column8_2 Pin=LD6_U_Column8-2
Added Pin To Net: NetName=NetLD6_U_Column8_2 Pin=LD7_U_Column8-4
Added Net: Name=NetLD6_U_Column8_2
Added Pin To Net: NetName=NetLD6_U_Column9_2 Pin=LD6_U_Column9-2
Added Pin To Net: NetName=NetLD6_U_Column9_2 Pin=LD7_U_Column9-4
Added Net: Name=NetLD6_U_Column9_2
Added Pin To Net: NetName=NetLD6_U_Column10_2 Pin=LD6_U_Column10-2
Added Pin To Net: NetName=NetLD6_U_Column10_2 Pin=LD7_U_Column10-4
Added Net: Name=NetLD6_U_Column10_2
Added Pin To Net: NetName=NetLD6_U_Column11_2 Pin=LD6_U_Column11-2
Added Pin To Net: NetName=NetLD6_U_Column11_2 Pin=LD7_U_Column11-4
Added Net: Name=NetLD6_U_Column11_2
Added Pin To Net: NetName=NetLD6_U_Column13_2 Pin=LD6_U_Column13-2
Added Pin To Net: NetName=NetLD6_U_Column13_2 Pin=LD7_U_Column13-4
Added Net: Name=NetLD6_U_Column13_2
Added Pin To Net: NetName=NetLD6_U_Column14_2 Pin=LD6_U_Column14-2
Added Pin To Net: NetName=NetLD6_U_Column14_2 Pin=LD7_U_Column14-4
Added Net: Name=NetLD6_U_Column14_2
Added Pin To Net: NetName=NetLD7_U_Column14_2 Pin=LD7_U_Column14-2
Added Net: Name=NetLD7_U_Column14_2
Added Class: Name=U_Column1
Added Class: Name=U_Column2
Added Class: Name=U_Column3
Added Class: Name=U_Column4
Added Class: Name=U_Column5
Added Class: Name=U_Column6
Added Class: Name=U_Column7
Added Class: Name=U_Column8
Added Class: Name=U_Column9
Added Class: Name=U_Column10
Added Class: Name=U_Column13
Added Class: Name=U_Column14
Added Member To Class: ClassName=U_serpentine Member=Component C7 1uF
Added Member To Class: ClassName=U_serpentine Member=Component C8 1uF
Added Member To Class: ClassName=U_serpentine Member=Component C9 1uF
Added Member To Class: ClassName=U_serpentine Member=Component C10 1uF
Added Member To Class: ClassName=U_serpentine Member=Component C11 1uF
Added Member To Class: ClassName=U_serpentine Member=Component C12 1uF
Added Member To Class: ClassName=U_serpentine Member=Component C13 1uF
Added Member To Class: ClassName=U_serpentine2 Member=Component C14 1uF
Added Member To Class: ClassName=U_serpentine2 Member=Component C15 1uF
Added Member To Class: ClassName=U_serpentine2 Member=Component C16 1uF
Added Member To Class: ClassName=U_serpentine2 Member=Component C17 1uF
Added Member To Class: ClassName=U_serpentine2 Member=Component C18 1uF
Added Member To Class: ClassName=U_serpentine2 Member=Component C19 1uF
Added Member To Class: ClassName=U_serpentine2 Member=Component C20 1uF
Added Member To Class: ClassName=U_Column11 Member=Component LD1_U_Column11 (LD1) WS2812
Added Member To Class: ClassName=U_Column12 Member=Component LD1_U_Column12 (LD1) WS2812
Added Member To Class: ClassName=U_Column11 Member=Component LD2_U_Column11 (LD2) WS2812
Added Member To Class: ClassName=U_Column12 Member=Component LD2_U_Column12 (LD2) WS2812
Added Member To Class: ClassName=U_Column11 Member=Component LD3_U_Column11 (LD3) WS2812
Added Member To Class: ClassName=U_Column12 Member=Component LD3_U_Column12 (LD3) WS2812
Added Member To Class: ClassName=U_Column11 Member=Component LD4_U_Column11 (LD4) WS2812
Added Member To Class: ClassName=U_Column12 Member=Component LD4_U_Column12 (LD4) WS2812
Added Member To Class: ClassName=U_Column11 Member=Component LD5_U_Column11 (LD5) WS2812
Added Member To Class: ClassName=U_Column12 Member=Component LD5_U_Column12 (LD5) WS2812
Added Member To Class: ClassName=U_Column11 Member=Component LD6_U_Column11 (LD6) WS2812
Added Member To Class: ClassName=U_Column12 Member=Component LD6_U_Column12 (LD6) WS2812
Added Member To Class: ClassName=U_Column11 Member=Component LD7_U_Column11 (LD7) WS2812
Added Member To Class: ClassName=U_Column12 Member=Component LD7_U_Column12 (LD7) WS2812
Added Room: Name=U_Column8
Added Room: Name=U_Column9
Added Room: Name=U_Column10
Added Room: Name=U_Column11
Added Room: Name=U_Column12
Added Room: Name=U_Column13
Added Room: Name=U_Column14
Added Room: Name=U_serpentine2
