Removed Pin From Net: NetName=+5 Pin=LD8_U_Column1-1
Removed Pin From Net: NetName=GND Pin=LD8_U_Column1-3
Removed Pin From Net: NetName=NetLD7_U_Column1_2 Pin=LD8_U_Column1-4
Removed Pin From Net: NetName=+5 Pin=LD8_U_Column2-1
Removed Pin From Net: NetName=NetLD1_U_Column1_4 Pin=LD8_U_Column2-2
Removed Pin From Net: NetName=GND Pin=LD8_U_Column2-3
Removed Pin From Net: NetName=+5 Pin=LD8_U_Column3-1
Removed Pin From Net: NetName=NetLD1_U_Column2_4 Pin=LD8_U_Column3-2
Removed Pin From Net: NetName=GND Pin=LD8_U_Column3-3
Removed Pin From Net: NetName=+5 Pin=LD8_U_Column4-1
Removed Pin From Net: NetName=NetLD1_U_Column3_4 Pin=LD8_U_Column4-2
Removed Pin From Net: NetName=GND Pin=LD8_U_Column4-3
Removed Pin From Net: NetName=+5 Pin=LD8_U_Column5-1
Removed Pin From Net: NetName=NetLD1_U_Column4_4 Pin=LD8_U_Column5-2
Removed Pin From Net: NetName=GND Pin=LD8_U_Column5-3
Removed Pin From Net: NetName=+5 Pin=LD8_U_Column6-1
Removed Pin From Net: NetName=NetLD1_U_Column5_4 Pin=LD8_U_Column6-2
Removed Pin From Net: NetName=GND Pin=LD8_U_Column6-3
Removed Pin From Net: NetName=+5 Pin=LD8_U_Column7-1
Removed Pin From Net: NetName=NetLD1_U_Column6_4 Pin=LD8_U_Column7-2
Removed Pin From Net: NetName=GND Pin=LD8_U_Column7-3
Removed Member From Class: ClassName=U_Column1 Member=LD8_U_Column1
Removed Member From Class: ClassName=U_Column2 Member=LD8_U_Column2
Removed Member From Class: ClassName=U_Column3 Member=LD8_U_Column3
Removed Member From Class: ClassName=U_Column4 Member=LD8_U_Column4
Removed Member From Class: ClassName=U_Column5 Member=LD8_U_Column5
Removed Member From Class: ClassName=U_Column6 Member=LD8_U_Column6
Removed Member From Class: ClassName=U_Column7 Member=LD8_U_Column7
Added Pin To Net: NetName=NetLD1_U_Column1_4 Pin=LD7_U_Column2-2
Added Pin To Net: NetName=NetLD1_U_Column2_4 Pin=LD7_U_Column3-2
Added Pin To Net: NetName=NetLD1_U_Column3_4 Pin=LD7_U_Column4-2
Added Pin To Net: NetName=NetLD1_U_Column4_4 Pin=LD7_U_Column5-2
Added Pin To Net: NetName=NetLD1_U_Column5_4 Pin=LD7_U_Column6-2
Added Pin To Net: NetName=NetLD1_U_Column6_4 Pin=LD7_U_Column7-2
