Removed Pin From Net: NetName=+5 Pin=J1-4
Change Component Designator: OldDesignator=LD1_U_Column11 NewDesignator=LD1_U_Columnelva
Change Component Designator: OldDesignator=LD2_U_Column11 NewDesignator=LD2_U_Columnelva
Change Component Designator: OldDesignator=LD3_U_Column11 NewDesignator=LD3_U_Columnelva
Change Component Designator: OldDesignator=LD4_U_Column11 NewDesignator=LD4_U_Columnelva
Change Component Designator: OldDesignator=LD5_U_Column11 NewDesignator=LD5_U_Columnelva
Change Component Designator: OldDesignator=LD6_U_Column11 NewDesignator=LD6_U_Columnelva
Change Component Designator: OldDesignator=LD7_U_Column11 NewDesignator=LD7_U_Columnelva
Added Pin To Net: NetName=5V Pin=J1-4
Change Net Name : Old Net Name=NetLD1_U_Column11_2 New Net Name=NetLD1_U_Columnelva_2
Change Net Name : Old Net Name=NetLD1_U_Column11_4 New Net Name=NetLD1_U_Columnelva_4
Change Net Name : Old Net Name=NetLD2_U_Column11_2 New Net Name=NetLD2_U_Columnelva_2
Change Net Name : Old Net Name=NetLD3_U_Column11_2 New Net Name=NetLD3_U_Columnelva_2
Change Net Name : Old Net Name=NetLD4_U_Column11_2 New Net Name=NetLD4_U_Columnelva_2
Change Net Name : Old Net Name=NetLD5_U_Column11_2 New Net Name=NetLD5_U_Columnelva_2
Change Net Name : Old Net Name=NetLD6_U_Column11_2 New Net Name=NetLD6_U_Columnelva_2
Change Class Name : Old Net Name=U_Column11 New Net Name=U_Columnelva
Change Room Name: Old Name=U_Column11 New Name=U_serpentine
Change Room Scope: Old Scope=InComponentClass('U_Column11') New Scope=InComponentClass('U_serpentine')
Added Room: Name=U_Columnelva
