Change Component Designator: OldDesignator=C7 NewDesignator=C7_U_serpentine
Change Component Designator: OldDesignator=C8 NewDesignator=C8_U_serpentine
Change Component Designator: OldDesignator=C9 NewDesignator=C9_U_serpentine
Change Component Designator: OldDesignator=C10 NewDesignator=C10_U_serpentine
Change Component Designator: OldDesignator=C11 NewDesignator=C11_U_serpentine
Change Component Designator: OldDesignator=C12 NewDesignator=C12_U_serpentine
Change Component Designator: OldDesignator=C13 NewDesignator=C13_U_serpentine
Change Component Designator: OldDesignator=LD1_U_Column1 NewDesignator=LD1_U_Column11
Change Component Designator: OldDesignator=LD1_U_Column2 NewDesignator=LD1_U_Column21
Change Component Designator: OldDesignator=LD1_U_Column3 NewDesignator=LD1_U_Column31
Change Component Designator: OldDesignator=LD1_U_Column4 NewDesignator=LD1_U_Column41
Change Component Designator: OldDesignator=LD1_U_Column5 NewDesignator=LD1_U_Column51
Change Component Designator: OldDesignator=LD1_U_Column6 NewDesignator=LD1_U_Column61
Change Component Designator: OldDesignator=LD1_U_Column7 NewDesignator=LD1_U_Column71
Change Component Designator: OldDesignator=LD2_U_Column1 NewDesignator=LD2_U_Column11
Change Component Designator: OldDesignator=LD2_U_Column2 NewDesignator=LD2_U_Column21
Change Component Designator: OldDesignator=LD2_U_Column3 NewDesignator=LD2_U_Column31
Change Component Designator: OldDesignator=LD2_U_Column4 NewDesignator=LD2_U_Column41
Change Component Designator: OldDesignator=LD2_U_Column5 NewDesignator=LD2_U_Column51
Change Component Designator: OldDesignator=LD2_U_Column6 NewDesignator=LD2_U_Column61
Change Component Designator: OldDesignator=LD2_U_Column7 NewDesignator=LD2_U_Column71
Change Component Designator: OldDesignator=LD3_U_Column1 NewDesignator=LD3_U_Column11
Change Component Designator: OldDesignator=LD3_U_Column2 NewDesignator=LD3_U_Column21
Change Component Designator: OldDesignator=LD3_U_Column3 NewDesignator=LD3_U_Column31
Change Component Designator: OldDesignator=LD3_U_Column4 NewDesignator=LD3_U_Column41
Change Component Designator: OldDesignator=LD3_U_Column5 NewDesignator=LD3_U_Column51
Change Component Designator: OldDesignator=LD3_U_Column6 NewDesignator=LD3_U_Column61
Change Component Designator: OldDesignator=LD3_U_Column7 NewDesignator=LD3_U_Column71
Change Component Designator: OldDesignator=LD4_U_Column1 NewDesignator=LD4_U_Column11
Change Component Designator: OldDesignator=LD4_U_Column2 NewDesignator=LD4_U_Column21
Change Component Designator: OldDesignator=LD4_U_Column3 NewDesignator=LD4_U_Column31
Change Component Designator: OldDesignator=LD4_U_Column4 NewDesignator=LD4_U_Column41
Change Component Designator: OldDesignator=LD4_U_Column5 NewDesignator=LD4_U_Column51
Change Component Designator: OldDesignator=LD4_U_Column6 NewDesignator=LD4_U_Column61
Change Component Designator: OldDesignator=LD4_U_Column7 NewDesignator=LD4_U_Column71
Change Component Designator: OldDesignator=LD5_U_Column1 NewDesignator=LD5_U_Column11
Change Component Designator: OldDesignator=LD5_U_Column2 NewDesignator=LD5_U_Column21
Change Component Designator: OldDesignator=LD5_U_Column3 NewDesignator=LD5_U_Column31
Change Component Designator: OldDesignator=LD5_U_Column4 NewDesignator=LD5_U_Column41
Change Component Designator: OldDesignator=LD5_U_Column5 NewDesignator=LD5_U_Column51
Change Component Designator: OldDesignator=LD5_U_Column6 NewDesignator=LD5_U_Column61
Change Component Designator: OldDesignator=LD5_U_Column7 NewDesignator=LD5_U_Column71
Change Component Designator: OldDesignator=LD6_U_Column1 NewDesignator=LD6_U_Column11
Change Component Designator: OldDesignator=LD6_U_Column2 NewDesignator=LD6_U_Column21
Change Component Designator: OldDesignator=LD6_U_Column3 NewDesignator=LD6_U_Column31
Change Component Designator: OldDesignator=LD6_U_Column4 NewDesignator=LD6_U_Column41
Change Component Designator: OldDesignator=LD6_U_Column5 NewDesignator=LD6_U_Column51
Change Component Designator: OldDesignator=LD6_U_Column6 NewDesignator=LD6_U_Column61
Change Component Designator: OldDesignator=LD6_U_Column7 NewDesignator=LD6_U_Column71
Change Component Designator: OldDesignator=LD7_U_Column1 NewDesignator=LD7_U_Column11
Change Component Designator: OldDesignator=LD7_U_Column2 NewDesignator=LD7_U_Column21
Change Component Designator: OldDesignator=LD7_U_Column3 NewDesignator=LD7_U_Column31
Change Component Designator: OldDesignator=LD7_U_Column4 NewDesignator=LD7_U_Column41
Change Component Designator: OldDesignator=LD7_U_Column5 NewDesignator=LD7_U_Column51
Change Component Designator: OldDesignator=LD7_U_Column6 NewDesignator=LD7_U_Column61
Change Component Designator: OldDesignator=LD7_U_Column7 NewDesignator=LD7_U_Column71
Added Component: Designator=C7_U_serpentine2(CAP0603)
Add component. Clean all parameters for all variants
Add component (AddParameter): Name = "Manufacturer"; Value = ""; VariantName = "[No Variations]"
Add component (AddParameter): Name = "Manufacturer P/N"; Value = ""; VariantName = "[No Variations]"
Add component (AddParameter): Name = "Order code Farnell"; Value = "1288202RL"; VariantName = "[No Variations]"
Add component (AddParameter): Name = "Order code RS"; Value = ""; VariantName = "[No Variations]"
Add component (AddParameter): Name = "Power"; Value = ""; VariantName = "[No Variations]"
Add component (AddParameter): Name = "Rated voltage"; Value = "25V"; VariantName = "[No Variations]"
Add component (AddParameter): Name = "STS Code"; Value = ""; VariantName = "[No Variations]"
Add component (AddParameter): Name = "Technology"; Value = "X5R"; VariantName = "[No Variations]"
Add component (AddParameter): Name = "Temperature  Factor"; Value = ""; VariantName = "[No Variations]"
Add component (AddParameter): Name = "Temperature Max"; Value = "+125°C"; VariantName = "[No Variations]"
Add component (AddParameter): Name = "Temperature Min"; Value = "-55°C"; VariantName = "[No Variations]"
Add component (AddParameter): Name = "Tolerance"; Value = "10%"; VariantName = "[No Variations]"
Add component (AddParameter): Name = "Value"; Value = "1µF"; VariantName = "[No Variations]"
Added Component: Designator=C8_U_serpentine2(CAP0603)
Add component. Clean all parameters for all variants
Add component (AddParameter): Name = "Manufacturer"; Value = ""; VariantName = "[No Variations]"
Add component (AddParameter): Name = "Manufacturer P/N"; Value = ""; VariantName = "[No Variations]"
Add component (AddParameter): Name = "Order code Farnell"; Value = "1288202RL"; VariantName = "[No Variations]"
Add component (AddParameter): Name = "Order code RS"; Value = ""; VariantName = "[No Variations]"
Add component (AddParameter): Name = "Power"; Value = ""; VariantName = "[No Variations]"
Add component (AddParameter): Name = "Rated voltage"; Value = "25V"; VariantName = "[No Variations]"
Add component (AddParameter): Name = "STS Code"; Value = ""; VariantName = "[No Variations]"
Add component (AddParameter): Name = "Technology"; Value = "X5R"; VariantName = "[No Variations]"
Add component (AddParameter): Name = "Temperature  Factor"; Value = ""; VariantName = "[No Variations]"
Add component (AddParameter): Name = "Temperature Max"; Value = "+125°C"; VariantName = "[No Variations]"
Add component (AddParameter): Name = "Temperature Min"; Value = "-55°C"; VariantName = "[No Variations]"
Add component (AddParameter): Name = "Tolerance"; Value = "10%"; VariantName = "[No Variations]"
Add component (AddParameter): Name = "Value"; Value = "1µF"; VariantName = "[No Variations]"
Added Component: Designator=C9_U_serpentine2(CAP0603)
Add component. Clean all parameters for all variants
Add component (AddParameter): Name = "Manufacturer"; Value = ""; VariantName = "[No Variations]"
Add component (AddParameter): Name = "Manufacturer P/N"; Value = ""; VariantName = "[No Variations]"
Add component (AddParameter): Name = "Order code Farnell"; Value = "1288202RL"; VariantName = "[No Variations]"
Add component (AddParameter): Name = "Order code RS"; Value = ""; VariantName = "[No Variations]"
Add component (AddParameter): Name = "Power"; Value = ""; VariantName = "[No Variations]"
Add component (AddParameter): Name = "Rated voltage"; Value = "25V"; VariantName = "[No Variations]"
Add component (AddParameter): Name = "STS Code"; Value = ""; VariantName = "[No Variations]"
Add component (AddParameter): Name = "Technology"; Value = "X5R"; VariantName = "[No Variations]"
Add component (AddParameter): Name = "Temperature  Factor"; Value = ""; VariantName = "[No Variations]"
Add component (AddParameter): Name = "Temperature Max"; Value = "+125°C"; VariantName = "[No Variations]"
Add component (AddParameter): Name = "Temperature Min"; Value = "-55°C"; VariantName = "[No Variations]"
Add component (AddParameter): Name = "Tolerance"; Value = "10%"; VariantName = "[No Variations]"
Add component (AddParameter): Name = "Value"; Value = "1µF"; VariantName = "[No Variations]"
Added Component: Designator=C10_U_serpentine2(CAP0603)
Add component. Clean all parameters for all variants
Add component (AddParameter): Name = "Manufacturer"; Value = ""; VariantName = "[No Variations]"
Add component (AddParameter): Name = "Manufacturer P/N"; Value = ""; VariantName = "[No Variations]"
Add component (AddParameter): Name = "Order code Farnell"; Value = "1288202RL"; VariantName = "[No Variations]"
Add component (AddParameter): Name = "Order code RS"; Value = ""; VariantName = "[No Variations]"
Add component (AddParameter): Name = "Power"; Value = ""; VariantName = "[No Variations]"
Add component (AddParameter): Name = "Rated voltage"; Value = "25V"; VariantName = "[No Variations]"
Add component (AddParameter): Name = "STS Code"; Value = ""; VariantName = "[No Variations]"
Add component (AddParameter): Name = "Technology"; Value = "X5R"; VariantName = "[No Variations]"
Add component (AddParameter): Name = "Temperature  Factor"; Value = ""; VariantName = "[No Variations]"
Add component (AddParameter): Name = "Temperature Max"; Value = "+125°C"; VariantName = "[No Variations]"
Add component (AddParameter): Name = "Temperature Min"; Value = "-55°C"; VariantName = "[No Variations]"
Add component (AddParameter): Name = "Tolerance"; Value = "10%"; VariantName = "[No Variations]"
Add component (AddParameter): Name = "Value"; Value = "1µF"; VariantName = "[No Variations]"
Added Component: Designator=C11_U_serpentine2(CAP0603)
Add component. Clean all parameters for all variants
Add component (AddParameter): Name = "Manufacturer"; Value = ""; VariantName = "[No Variations]"
Add component (AddParameter): Name = "Manufacturer P/N"; Value = ""; VariantName = "[No Variations]"
Add component (AddParameter): Name = "Order code Farnell"; Value = "1288202RL"; VariantName = "[No Variations]"
Add component (AddParameter): Name = "Order code RS"; Value = ""; VariantName = "[No Variations]"
Add component (AddParameter): Name = "Power"; Value = ""; VariantName = "[No Variations]"
Add component (AddParameter): Name = "Rated voltage"; Value = "25V"; VariantName = "[No Variations]"
Add component (AddParameter): Name = "STS Code"; Value = ""; VariantName = "[No Variations]"
Add component (AddParameter): Name = "Technology"; Value = "X5R"; VariantName = "[No Variations]"
Add component (AddParameter): Name = "Temperature  Factor"; Value = ""; VariantName = "[No Variations]"
Add component (AddParameter): Name = "Temperature Max"; Value = "+125°C"; VariantName = "[No Variations]"
Add component (AddParameter): Name = "Temperature Min"; Value = "-55°C"; VariantName = "[No Variations]"
Add component (AddParameter): Name = "Tolerance"; Value = "10%"; VariantName = "[No Variations]"
Add component (AddParameter): Name = "Value"; Value = "1µF"; VariantName = "[No Variations]"
Added Component: Designator=C12_U_serpentine2(CAP0603)
Add component. Clean all parameters for all variants
Add component (AddParameter): Name = "Manufacturer"; Value = ""; VariantName = "[No Variations]"
Add component (AddParameter): Name = "Manufacturer P/N"; Value = ""; VariantName = "[No Variations]"
Add component (AddParameter): Name = "Order code Farnell"; Value = "1288202RL"; VariantName = "[No Variations]"
Add component (AddParameter): Name = "Order code RS"; Value = ""; VariantName = "[No Variations]"
Add component (AddParameter): Name = "Power"; Value = ""; VariantName = "[No Variations]"
Add component (AddParameter): Name = "Rated voltage"; Value = "25V"; VariantName = "[No Variations]"
Add component (AddParameter): Name = "STS Code"; Value = ""; VariantName = "[No Variations]"
Add component (AddParameter): Name = "Technology"; Value = "X5R"; VariantName = "[No Variations]"
Add component (AddParameter): Name = "Temperature  Factor"; Value = ""; VariantName = "[No Variations]"
Add component (AddParameter): Name = "Temperature Max"; Value = "+125°C"; VariantName = "[No Variations]"
Add component (AddParameter): Name = "Temperature Min"; Value = "-55°C"; VariantName = "[No Variations]"
Add component (AddParameter): Name = "Tolerance"; Value = "10%"; VariantName = "[No Variations]"
Add component (AddParameter): Name = "Value"; Value = "1µF"; VariantName = "[No Variations]"
Added Component: Designator=C13_U_serpentine2(CAP0603)
Add component. Clean all parameters for all variants
Add component (AddParameter): Name = "Manufacturer"; Value = ""; VariantName = "[No Variations]"
Add component (AddParameter): Name = "Manufacturer P/N"; Value = ""; VariantName = "[No Variations]"
Add component (AddParameter): Name = "Order code Farnell"; Value = "1288202RL"; VariantName = "[No Variations]"
Add component (AddParameter): Name = "Order code RS"; Value = ""; VariantName = "[No Variations]"
Add component (AddParameter): Name = "Power"; Value = ""; VariantName = "[No Variations]"
Add component (AddParameter): Name = "Rated voltage"; Value = "25V"; VariantName = "[No Variations]"
Add component (AddParameter): Name = "STS Code"; Value = ""; VariantName = "[No Variations]"
Add component (AddParameter): Name = "Technology"; Value = "X5R"; VariantName = "[No Variations]"
Add component (AddParameter): Name = "Temperature  Factor"; Value = ""; VariantName = "[No Variations]"
Add component (AddParameter): Name = "Temperature Max"; Value = "+125°C"; VariantName = "[No Variations]"
Add component (AddParameter): Name = "Temperature Min"; Value = "-55°C"; VariantName = "[No Variations]"
Add component (AddParameter): Name = "Tolerance"; Value = "10%"; VariantName = "[No Variations]"
Add component (AddParameter): Name = "Value"; Value = "1µF"; VariantName = "[No Variations]"
Added Component: Designator=LD1_U_Column12(WS2812B-Mini)
Add component. Clean all parameters for all variants
Added Component: Designator=LD1_U_Column22(WS2812B-Mini)
Add component. Clean all parameters for all variants
Added Component: Designator=LD1_U_Column32(WS2812B-Mini)
Add component. Clean all parameters for all variants
Added Component: Designator=LD1_U_Column42(WS2812B-Mini)
Add component. Clean all parameters for all variants
Added Component: Designator=LD1_U_Column52(WS2812B-Mini)
Add component. Clean all parameters for all variants
Added Component: Designator=LD1_U_Column62(WS2812B-Mini)
Add component. Clean all parameters for all variants
Added Component: Designator=LD1_U_Column72(WS2812B-Mini)
Add component. Clean all parameters for all variants
Added Component: Designator=LD2_U_Column12(WS2812B-Mini)
Add component. Clean all parameters for all variants
Added Component: Designator=LD2_U_Column22(WS2812B-Mini)
Add component. Clean all parameters for all variants
Added Component: Designator=LD2_U_Column32(WS2812B-Mini)
Add component. Clean all parameters for all variants
Added Component: Designator=LD2_U_Column42(WS2812B-Mini)
Add component. Clean all parameters for all variants
Added Component: Designator=LD2_U_Column52(WS2812B-Mini)
Add component. Clean all parameters for all variants
Added Component: Designator=LD2_U_Column62(WS2812B-Mini)
Add component. Clean all parameters for all variants
Added Component: Designator=LD2_U_Column72(WS2812B-Mini)
Add component. Clean all parameters for all variants
Added Component: Designator=LD3_U_Column12(WS2812B-Mini)
Add component. Clean all parameters for all variants
Added Component: Designator=LD3_U_Column22(WS2812B-Mini)
Add component. Clean all parameters for all variants
Added Component: Designator=LD3_U_Column32(WS2812B-Mini)
Add component. Clean all parameters for all variants
Added Component: Designator=LD3_U_Column42(WS2812B-Mini)
Add component. Clean all parameters for all variants
Added Component: Designator=LD3_U_Column52(WS2812B-Mini)
Add component. Clean all parameters for all variants
Added Component: Designator=LD3_U_Column62(WS2812B-Mini)
Add component. Clean all parameters for all variants
Added Component: Designator=LD3_U_Column72(WS2812B-Mini)
Add component. Clean all parameters for all variants
Added Component: Designator=LD4_U_Column12(WS2812B-Mini)
Add component. Clean all parameters for all variants
Added Component: Designator=LD4_U_Column22(WS2812B-Mini)
Add component. Clean all parameters for all variants
Added Component: Designator=LD4_U_Column32(WS2812B-Mini)
Add component. Clean all parameters for all variants
Added Component: Designator=LD4_U_Column42(WS2812B-Mini)
Add component. Clean all parameters for all variants
Added Component: Designator=LD4_U_Column52(WS2812B-Mini)
Add component. Clean all parameters for all variants
Added Component: Designator=LD4_U_Column62(WS2812B-Mini)
Add component. Clean all parameters for all variants
Added Component: Designator=LD4_U_Column72(WS2812B-Mini)
Add component. Clean all parameters for all variants
Added Component: Designator=LD5_U_Column12(WS2812B-Mini)
Add component. Clean all parameters for all variants
Added Component: Designator=LD5_U_Column22(WS2812B-Mini)
Add component. Clean all parameters for all variants
Added Component: Designator=LD5_U_Column32(WS2812B-Mini)
Add component. Clean all parameters for all variants
Added Component: Designator=LD5_U_Column42(WS2812B-Mini)
Add component. Clean all parameters for all variants
Added Component: Designator=LD5_U_Column52(WS2812B-Mini)
Add component. Clean all parameters for all variants
Added Component: Designator=LD5_U_Column62(WS2812B-Mini)
Add component. Clean all parameters for all variants
Added Component: Designator=LD5_U_Column72(WS2812B-Mini)
Add component. Clean all parameters for all variants
Added Component: Designator=LD6_U_Column12(WS2812B-Mini)
Add component. Clean all parameters for all variants
Added Component: Designator=LD6_U_Column22(WS2812B-Mini)
Add component. Clean all parameters for all variants
Added Component: Designator=LD6_U_Column32(WS2812B-Mini)
Add component. Clean all parameters for all variants
Added Component: Designator=LD6_U_Column42(WS2812B-Mini)
Add component. Clean all parameters for all variants
Added Component: Designator=LD6_U_Column52(WS2812B-Mini)
Add component. Clean all parameters for all variants
Added Component: Designator=LD6_U_Column62(WS2812B-Mini)
Add component. Clean all parameters for all variants
Added Component: Designator=LD6_U_Column72(WS2812B-Mini)
Add component. Clean all parameters for all variants
Added Component: Designator=LD7_U_Column12(WS2812B-Mini)
Add component. Clean all parameters for all variants
Added Component: Designator=LD7_U_Column22(WS2812B-Mini)
Add component. Clean all parameters for all variants
Added Component: Designator=LD7_U_Column32(WS2812B-Mini)
Add component. Clean all parameters for all variants
Added Component: Designator=LD7_U_Column42(WS2812B-Mini)
Add component. Clean all parameters for all variants
Added Component: Designator=LD7_U_Column52(WS2812B-Mini)
Add component. Clean all parameters for all variants
Added Component: Designator=LD7_U_Column62(WS2812B-Mini)
Add component. Clean all parameters for all variants
Added Component: Designator=LD7_U_Column72(WS2812B-Mini)
Add component. Clean all parameters for all variants
Added Pin To Net: NetName=GND Pin=C7_U_serpentine2-1
Added Pin To Net: NetName=+5 Pin=C7_U_serpentine2-2
Added Pin To Net: NetName=GND Pin=C8_U_serpentine2-1
Added Pin To Net: NetName=+5 Pin=C8_U_serpentine2-2
Added Pin To Net: NetName=GND Pin=C9_U_serpentine2-1
Added Pin To Net: NetName=+5 Pin=C9_U_serpentine2-2
Added Pin To Net: NetName=GND Pin=C10_U_serpentine2-1
Added Pin To Net: NetName=+5 Pin=C10_U_serpentine2-2
Added Pin To Net: NetName=GND Pin=C11_U_serpentine2-1
Added Pin To Net: NetName=+5 Pin=C11_U_serpentine2-2
Added Pin To Net: NetName=GND Pin=C12_U_serpentine2-1
Added Pin To Net: NetName=+5 Pin=C12_U_serpentine2-2
Added Pin To Net: NetName=GND Pin=C13_U_serpentine2-1
Added Pin To Net: NetName=+5 Pin=C13_U_serpentine2-2
Added Pin To Net: NetName=+5 Pin=LD1_U_Column12-1
Added Pin To Net: NetName=GND Pin=LD1_U_Column12-3
Added Pin To Net: NetName=DO2 Pin=LD1_U_Column12-4
Added Pin To Net: NetName=+5 Pin=LD1_U_Column22-1
Added Pin To Net: NetName=GND Pin=LD1_U_Column22-3
Added Pin To Net: NetName=+5 Pin=LD1_U_Column32-1
Added Pin To Net: NetName=GND Pin=LD1_U_Column32-3
Added Pin To Net: NetName=+5 Pin=LD1_U_Column42-1
Added Pin To Net: NetName=GND Pin=LD1_U_Column42-3
Added Pin To Net: NetName=+5 Pin=LD1_U_Column52-1
Added Pin To Net: NetName=GND Pin=LD1_U_Column52-3
Added Pin To Net: NetName=+5 Pin=LD1_U_Column62-1
Added Pin To Net: NetName=GND Pin=LD1_U_Column62-3
Added Pin To Net: NetName=+5 Pin=LD1_U_Column72-1
Added Pin To Net: NetName=GND Pin=LD1_U_Column72-3
Added Pin To Net: NetName=+5 Pin=LD2_U_Column12-1
Added Pin To Net: NetName=GND Pin=LD2_U_Column12-3
Added Pin To Net: NetName=+5 Pin=LD2_U_Column22-1
Added Pin To Net: NetName=GND Pin=LD2_U_Column22-3
Added Pin To Net: NetName=+5 Pin=LD2_U_Column32-1
Added Pin To Net: NetName=GND Pin=LD2_U_Column32-3
Added Pin To Net: NetName=+5 Pin=LD2_U_Column42-1
Added Pin To Net: NetName=GND Pin=LD2_U_Column42-3
Added Pin To Net: NetName=+5 Pin=LD2_U_Column52-1
Added Pin To Net: NetName=GND Pin=LD2_U_Column52-3
Added Pin To Net: NetName=+5 Pin=LD2_U_Column62-1
Added Pin To Net: NetName=GND Pin=LD2_U_Column62-3
Added Pin To Net: NetName=+5 Pin=LD2_U_Column72-1
Added Pin To Net: NetName=GND Pin=LD2_U_Column72-3
Added Pin To Net: NetName=+5 Pin=LD3_U_Column12-1
Added Pin To Net: NetName=GND Pin=LD3_U_Column12-3
Added Pin To Net: NetName=+5 Pin=LD3_U_Column22-1
Added Pin To Net: NetName=GND Pin=LD3_U_Column22-3
Added Pin To Net: NetName=+5 Pin=LD3_U_Column32-1
Added Pin To Net: NetName=GND Pin=LD3_U_Column32-3
Added Pin To Net: NetName=+5 Pin=LD3_U_Column42-1
Added Pin To Net: NetName=GND Pin=LD3_U_Column42-3
Added Pin To Net: NetName=+5 Pin=LD3_U_Column52-1
Added Pin To Net: NetName=GND Pin=LD3_U_Column52-3
Added Pin To Net: NetName=+5 Pin=LD3_U_Column62-1
Added Pin To Net: NetName=GND Pin=LD3_U_Column62-3
Added Pin To Net: NetName=+5 Pin=LD3_U_Column72-1
Added Pin To Net: NetName=GND Pin=LD3_U_Column72-3
Added Pin To Net: NetName=+5 Pin=LD4_U_Column12-1
Added Pin To Net: NetName=GND Pin=LD4_U_Column12-3
Added Pin To Net: NetName=+5 Pin=LD4_U_Column22-1
Added Pin To Net: NetName=GND Pin=LD4_U_Column22-3
Added Pin To Net: NetName=+5 Pin=LD4_U_Column32-1
Added Pin To Net: NetName=GND Pin=LD4_U_Column32-3
Added Pin To Net: NetName=+5 Pin=LD4_U_Column42-1
Added Pin To Net: NetName=GND Pin=LD4_U_Column42-3
Added Pin To Net: NetName=+5 Pin=LD4_U_Column52-1
Added Pin To Net: NetName=GND Pin=LD4_U_Column52-3
Added Pin To Net: NetName=+5 Pin=LD4_U_Column62-1
Added Pin To Net: NetName=GND Pin=LD4_U_Column62-3
Added Pin To Net: NetName=+5 Pin=LD4_U_Column72-1
Added Pin To Net: NetName=GND Pin=LD4_U_Column72-3
Added Pin To Net: NetName=+5 Pin=LD5_U_Column12-1
Added Pin To Net: NetName=GND Pin=LD5_U_Column12-3
Added Pin To Net: NetName=+5 Pin=LD5_U_Column22-1
Added Pin To Net: NetName=GND Pin=LD5_U_Column22-3
Added Pin To Net: NetName=+5 Pin=LD5_U_Column32-1
Added Pin To Net: NetName=GND Pin=LD5_U_Column32-3
Added Pin To Net: NetName=+5 Pin=LD5_U_Column42-1
Added Pin To Net: NetName=GND Pin=LD5_U_Column42-3
Added Pin To Net: NetName=+5 Pin=LD5_U_Column52-1
Added Pin To Net: NetName=GND Pin=LD5_U_Column52-3
Added Pin To Net: NetName=+5 Pin=LD5_U_Column62-1
Added Pin To Net: NetName=GND Pin=LD5_U_Column62-3
Added Pin To Net: NetName=+5 Pin=LD5_U_Column72-1
Added Pin To Net: NetName=GND Pin=LD5_U_Column72-3
Added Pin To Net: NetName=+5 Pin=LD6_U_Column12-1
Added Pin To Net: NetName=GND Pin=LD6_U_Column12-3
Added Pin To Net: NetName=+5 Pin=LD6_U_Column22-1
Added Pin To Net: NetName=GND Pin=LD6_U_Column22-3
Added Pin To Net: NetName=+5 Pin=LD6_U_Column32-1
Added Pin To Net: NetName=GND Pin=LD6_U_Column32-3
Added Pin To Net: NetName=+5 Pin=LD6_U_Column42-1
Added Pin To Net: NetName=GND Pin=LD6_U_Column42-3
Added Pin To Net: NetName=+5 Pin=LD6_U_Column52-1
Added Pin To Net: NetName=GND Pin=LD6_U_Column52-3
Added Pin To Net: NetName=+5 Pin=LD6_U_Column62-1
Added Pin To Net: NetName=GND Pin=LD6_U_Column62-3
Added Pin To Net: NetName=+5 Pin=LD6_U_Column72-1
Added Pin To Net: NetName=GND Pin=LD6_U_Column72-3
Added Pin To Net: NetName=+5 Pin=LD7_U_Column12-1
Added Pin To Net: NetName=GND Pin=LD7_U_Column12-3
Added Pin To Net: NetName=+5 Pin=LD7_U_Column22-1
Added Pin To Net: NetName=GND Pin=LD7_U_Column22-3
Added Pin To Net: NetName=+5 Pin=LD7_U_Column32-1
Added Pin To Net: NetName=GND Pin=LD7_U_Column32-3
Added Pin To Net: NetName=+5 Pin=LD7_U_Column42-1
Added Pin To Net: NetName=GND Pin=LD7_U_Column42-3
Added Pin To Net: NetName=+5 Pin=LD7_U_Column52-1
Added Pin To Net: NetName=GND Pin=LD7_U_Column52-3
Added Pin To Net: NetName=+5 Pin=LD7_U_Column62-1
Added Pin To Net: NetName=GND Pin=LD7_U_Column62-3
Added Pin To Net: NetName=+5 Pin=LD7_U_Column72-1
Added Pin To Net: NetName=GND Pin=LD7_U_Column72-3
Change Net Name : Old Net Name=NetLD1_U_Column1_2 New Net Name=NetLD1_U_Column11_2
Change Net Name : Old Net Name=NetLD1_U_Column2_2 New Net Name=NetLD1_U_Column21_2
Change Net Name : Old Net Name=NetLD1_U_Column2_4 New Net Name=NetLD1_U_Column21_4
Change Net Name : Old Net Name=NetLD1_U_Column3_2 New Net Name=NetLD1_U_Column31_2
Change Net Name : Old Net Name=NetLD1_U_Column3_4 New Net Name=NetLD1_U_Column31_4
Change Net Name : Old Net Name=NetLD1_U_Column4_2 New Net Name=NetLD1_U_Column41_2
Change Net Name : Old Net Name=NetLD1_U_Column4_4 New Net Name=NetLD1_U_Column41_4
Change Net Name : Old Net Name=NetLD1_U_Column5_2 New Net Name=NetLD1_U_Column51_2
Change Net Name : Old Net Name=NetLD1_U_Column5_4 New Net Name=NetLD1_U_Column51_4
Change Net Name : Old Net Name=NetLD1_U_Column6_2 New Net Name=NetLD1_U_Column61_2
Change Net Name : Old Net Name=NetLD1_U_Column6_4 New Net Name=NetLD1_U_Column61_4
Change Net Name : Old Net Name=NetLD1_U_Column7_2 New Net Name=NetLD1_U_Column71_2
Change Net Name : Old Net Name=NetLD1_U_Column7_4 New Net Name=NetLD1_U_Column71_4
Change Net Name : Old Net Name=NetLD2_U_Column1_2 New Net Name=NetLD2_U_Column11_2
Change Net Name : Old Net Name=NetLD2_U_Column2_2 New Net Name=NetLD2_U_Column21_2
Change Net Name : Old Net Name=NetLD2_U_Column3_2 New Net Name=NetLD2_U_Column31_2
Change Net Name : Old Net Name=NetLD2_U_Column4_2 New Net Name=NetLD2_U_Column41_2
Change Net Name : Old Net Name=NetLD2_U_Column5_2 New Net Name=NetLD2_U_Column51_2
Change Net Name : Old Net Name=NetLD2_U_Column6_2 New Net Name=NetLD2_U_Column61_2
Change Net Name : Old Net Name=NetLD2_U_Column7_2 New Net Name=NetLD2_U_Column71_2
Change Net Name : Old Net Name=NetLD3_U_Column1_2 New Net Name=NetLD3_U_Column11_2
Change Net Name : Old Net Name=NetLD3_U_Column2_2 New Net Name=NetLD3_U_Column21_2
Change Net Name : Old Net Name=NetLD3_U_Column3_2 New Net Name=NetLD3_U_Column31_2
Change Net Name : Old Net Name=NetLD3_U_Column4_2 New Net Name=NetLD3_U_Column41_2
Change Net Name : Old Net Name=NetLD3_U_Column5_2 New Net Name=NetLD3_U_Column51_2
Change Net Name : Old Net Name=NetLD3_U_Column6_2 New Net Name=NetLD3_U_Column61_2
Change Net Name : Old Net Name=NetLD3_U_Column7_2 New Net Name=NetLD3_U_Column71_2
Change Net Name : Old Net Name=NetLD4_U_Column1_2 New Net Name=NetLD4_U_Column11_2
Change Net Name : Old Net Name=NetLD4_U_Column2_2 New Net Name=NetLD4_U_Column21_2
Change Net Name : Old Net Name=NetLD4_U_Column3_2 New Net Name=NetLD4_U_Column31_2
Change Net Name : Old Net Name=NetLD4_U_Column4_2 New Net Name=NetLD4_U_Column41_2
Change Net Name : Old Net Name=NetLD4_U_Column5_2 New Net Name=NetLD4_U_Column51_2
Change Net Name : Old Net Name=NetLD4_U_Column6_2 New Net Name=NetLD4_U_Column61_2
Change Net Name : Old Net Name=NetLD4_U_Column7_2 New Net Name=NetLD4_U_Column71_2
Change Net Name : Old Net Name=NetLD5_U_Column1_2 New Net Name=NetLD5_U_Column11_2
Change Net Name : Old Net Name=NetLD5_U_Column2_2 New Net Name=NetLD5_U_Column21_2
Change Net Name : Old Net Name=NetLD5_U_Column3_2 New Net Name=NetLD5_U_Column31_2
Change Net Name : Old Net Name=NetLD5_U_Column4_2 New Net Name=NetLD5_U_Column41_2
Change Net Name : Old Net Name=NetLD5_U_Column5_2 New Net Name=NetLD5_U_Column51_2
Change Net Name : Old Net Name=NetLD5_U_Column6_2 New Net Name=NetLD5_U_Column61_2
Change Net Name : Old Net Name=NetLD5_U_Column7_2 New Net Name=NetLD5_U_Column71_2
Change Net Name : Old Net Name=NetLD6_U_Column1_2 New Net Name=NetLD6_U_Column11_2
Change Net Name : Old Net Name=NetLD6_U_Column2_2 New Net Name=NetLD6_U_Column21_2
Change Net Name : Old Net Name=NetLD6_U_Column3_2 New Net Name=NetLD6_U_Column31_2
Change Net Name : Old Net Name=NetLD6_U_Column4_2 New Net Name=NetLD6_U_Column41_2
Change Net Name : Old Net Name=NetLD6_U_Column5_2 New Net Name=NetLD6_U_Column51_2
Change Net Name : Old Net Name=NetLD6_U_Column6_2 New Net Name=NetLD6_U_Column61_2
Change Net Name : Old Net Name=NetLD6_U_Column7_2 New Net Name=NetLD6_U_Column71_2
Change Net Name : Old Net Name=NetLD7_U_Column7_2 New Net Name=NetLD7_U_Column71_2
Added Pin To Net: NetName=NetLD1_U_Column12_2 Pin=LD1_U_Column12-2
Added Pin To Net: NetName=NetLD1_U_Column12_2 Pin=LD2_U_Column12-4
Added Net: Name=NetLD1_U_Column12_2
Added Pin To Net: NetName=NetLD1_U_Column22_2 Pin=LD1_U_Column22-2
Added Pin To Net: NetName=NetLD1_U_Column22_2 Pin=LD2_U_Column22-4
Added Net: Name=NetLD1_U_Column22_2
Added Pin To Net: NetName=NetLD1_U_Column22_4 Pin=LD1_U_Column22-4
Added Pin To Net: NetName=NetLD1_U_Column22_4 Pin=LD7_U_Column12-2
Added Net: Name=NetLD1_U_Column22_4
Added Pin To Net: NetName=NetLD1_U_Column32_2 Pin=LD1_U_Column32-2
Added Pin To Net: NetName=NetLD1_U_Column32_2 Pin=LD2_U_Column32-4
Added Net: Name=NetLD1_U_Column32_2
Added Pin To Net: NetName=NetLD1_U_Column32_4 Pin=LD1_U_Column32-4
Added Pin To Net: NetName=NetLD1_U_Column32_4 Pin=LD7_U_Column22-2
Added Net: Name=NetLD1_U_Column32_4
Added Pin To Net: NetName=NetLD1_U_Column42_2 Pin=LD1_U_Column42-2
Added Pin To Net: NetName=NetLD1_U_Column42_2 Pin=LD2_U_Column42-4
Added Net: Name=NetLD1_U_Column42_2
Added Pin To Net: NetName=NetLD1_U_Column42_4 Pin=LD1_U_Column42-4
Added Pin To Net: NetName=NetLD1_U_Column42_4 Pin=LD7_U_Column32-2
Added Net: Name=NetLD1_U_Column42_4
Added Pin To Net: NetName=NetLD1_U_Column52_2 Pin=LD1_U_Column52-2
Added Pin To Net: NetName=NetLD1_U_Column52_2 Pin=LD2_U_Column52-4
Added Net: Name=NetLD1_U_Column52_2
Added Pin To Net: NetName=NetLD1_U_Column52_4 Pin=LD1_U_Column52-4
Added Pin To Net: NetName=NetLD1_U_Column52_4 Pin=LD7_U_Column42-2
Added Net: Name=NetLD1_U_Column52_4
Added Pin To Net: NetName=NetLD1_U_Column62_2 Pin=LD1_U_Column62-2
Added Pin To Net: NetName=NetLD1_U_Column62_2 Pin=LD2_U_Column62-4
Added Net: Name=NetLD1_U_Column62_2
Added Pin To Net: NetName=NetLD1_U_Column62_4 Pin=LD1_U_Column62-4
Added Pin To Net: NetName=NetLD1_U_Column62_4 Pin=LD7_U_Column52-2
Added Net: Name=NetLD1_U_Column62_4
Added Pin To Net: NetName=NetLD1_U_Column72_2 Pin=LD1_U_Column72-2
Added Pin To Net: NetName=NetLD1_U_Column72_2 Pin=LD2_U_Column72-4
Added Net: Name=NetLD1_U_Column72_2
Added Pin To Net: NetName=NetLD1_U_Column72_4 Pin=LD1_U_Column72-4
Added Pin To Net: NetName=NetLD1_U_Column72_4 Pin=LD7_U_Column62-2
Added Net: Name=NetLD1_U_Column72_4
Added Pin To Net: NetName=NetLD2_U_Column12_2 Pin=LD2_U_Column12-2
Added Pin To Net: NetName=NetLD2_U_Column12_2 Pin=LD3_U_Column12-4
Added Net: Name=NetLD2_U_Column12_2
Added Pin To Net: NetName=NetLD2_U_Column22_2 Pin=LD2_U_Column22-2
Added Pin To Net: NetName=NetLD2_U_Column22_2 Pin=LD3_U_Column22-4
Added Net: Name=NetLD2_U_Column22_2
Added Pin To Net: NetName=NetLD2_U_Column32_2 Pin=LD2_U_Column32-2
Added Pin To Net: NetName=NetLD2_U_Column32_2 Pin=LD3_U_Column32-4
Added Net: Name=NetLD2_U_Column32_2
Added Pin To Net: NetName=NetLD2_U_Column42_2 Pin=LD2_U_Column42-2
Added Pin To Net: NetName=NetLD2_U_Column42_2 Pin=LD3_U_Column42-4
Added Net: Name=NetLD2_U_Column42_2
Added Pin To Net: NetName=NetLD2_U_Column52_2 Pin=LD2_U_Column52-2
Added Pin To Net: NetName=NetLD2_U_Column52_2 Pin=LD3_U_Column52-4
Added Net: Name=NetLD2_U_Column52_2
Added Pin To Net: NetName=NetLD2_U_Column62_2 Pin=LD2_U_Column62-2
Added Pin To Net: NetName=NetLD2_U_Column62_2 Pin=LD3_U_Column62-4
Added Net: Name=NetLD2_U_Column62_2
Added Pin To Net: NetName=NetLD2_U_Column72_2 Pin=LD2_U_Column72-2
Added Pin To Net: NetName=NetLD2_U_Column72_2 Pin=LD3_U_Column72-4
Added Net: Name=NetLD2_U_Column72_2
Added Pin To Net: NetName=NetLD3_U_Column12_2 Pin=LD3_U_Column12-2
Added Pin To Net: NetName=NetLD3_U_Column12_2 Pin=LD4_U_Column12-4
Added Net: Name=NetLD3_U_Column12_2
Added Pin To Net: NetName=NetLD3_U_Column22_2 Pin=LD3_U_Column22-2
Added Pin To Net: NetName=NetLD3_U_Column22_2 Pin=LD4_U_Column22-4
Added Net: Name=NetLD3_U_Column22_2
Added Pin To Net: NetName=NetLD3_U_Column32_2 Pin=LD3_U_Column32-2
Added Pin To Net: NetName=NetLD3_U_Column32_2 Pin=LD4_U_Column32-4
Added Net: Name=NetLD3_U_Column32_2
Added Pin To Net: NetName=NetLD3_U_Column42_2 Pin=LD3_U_Column42-2
Added Pin To Net: NetName=NetLD3_U_Column42_2 Pin=LD4_U_Column42-4
Added Net: Name=NetLD3_U_Column42_2
Added Pin To Net: NetName=NetLD3_U_Column52_2 Pin=LD3_U_Column52-2
Added Pin To Net: NetName=NetLD3_U_Column52_2 Pin=LD4_U_Column52-4
Added Net: Name=NetLD3_U_Column52_2
Added Pin To Net: NetName=NetLD3_U_Column62_2 Pin=LD3_U_Column62-2
Added Pin To Net: NetName=NetLD3_U_Column62_2 Pin=LD4_U_Column62-4
Added Net: Name=NetLD3_U_Column62_2
Added Pin To Net: NetName=NetLD3_U_Column72_2 Pin=LD3_U_Column72-2
Added Pin To Net: NetName=NetLD3_U_Column72_2 Pin=LD4_U_Column72-4
Added Net: Name=NetLD3_U_Column72_2
Added Pin To Net: NetName=NetLD4_U_Column12_2 Pin=LD4_U_Column12-2
Added Pin To Net: NetName=NetLD4_U_Column12_2 Pin=LD5_U_Column12-4
Added Net: Name=NetLD4_U_Column12_2
Added Pin To Net: NetName=NetLD4_U_Column22_2 Pin=LD4_U_Column22-2
Added Pin To Net: NetName=NetLD4_U_Column22_2 Pin=LD5_U_Column22-4
Added Net: Name=NetLD4_U_Column22_2
Added Pin To Net: NetName=NetLD4_U_Column32_2 Pin=LD4_U_Column32-2
Added Pin To Net: NetName=NetLD4_U_Column32_2 Pin=LD5_U_Column32-4
Added Net: Name=NetLD4_U_Column32_2
Added Pin To Net: NetName=NetLD4_U_Column42_2 Pin=LD4_U_Column42-2
Added Pin To Net: NetName=NetLD4_U_Column42_2 Pin=LD5_U_Column42-4
Added Net: Name=NetLD4_U_Column42_2
Added Pin To Net: NetName=NetLD4_U_Column52_2 Pin=LD4_U_Column52-2
Added Pin To Net: NetName=NetLD4_U_Column52_2 Pin=LD5_U_Column52-4
Added Net: Name=NetLD4_U_Column52_2
Added Pin To Net: NetName=NetLD4_U_Column62_2 Pin=LD4_U_Column62-2
Added Pin To Net: NetName=NetLD4_U_Column62_2 Pin=LD5_U_Column62-4
Added Net: Name=NetLD4_U_Column62_2
Added Pin To Net: NetName=NetLD4_U_Column72_2 Pin=LD4_U_Column72-2
Added Pin To Net: NetName=NetLD4_U_Column72_2 Pin=LD5_U_Column72-4
Added Net: Name=NetLD4_U_Column72_2
Added Pin To Net: NetName=NetLD5_U_Column12_2 Pin=LD5_U_Column12-2
Added Pin To Net: NetName=NetLD5_U_Column12_2 Pin=LD6_U_Column12-4
Added Net: Name=NetLD5_U_Column12_2
Added Pin To Net: NetName=NetLD5_U_Column22_2 Pin=LD5_U_Column22-2
Added Pin To Net: NetName=NetLD5_U_Column22_2 Pin=LD6_U_Column22-4
Added Net: Name=NetLD5_U_Column22_2
Added Pin To Net: NetName=NetLD5_U_Column32_2 Pin=LD5_U_Column32-2
Added Pin To Net: NetName=NetLD5_U_Column32_2 Pin=LD6_U_Column32-4
Added Net: Name=NetLD5_U_Column32_2
Added Pin To Net: NetName=NetLD5_U_Column42_2 Pin=LD5_U_Column42-2
Added Pin To Net: NetName=NetLD5_U_Column42_2 Pin=LD6_U_Column42-4
Added Net: Name=NetLD5_U_Column42_2
Added Pin To Net: NetName=NetLD5_U_Column52_2 Pin=LD5_U_Column52-2
Added Pin To Net: NetName=NetLD5_U_Column52_2 Pin=LD6_U_Column52-4
Added Net: Name=NetLD5_U_Column52_2
Added Pin To Net: NetName=NetLD5_U_Column62_2 Pin=LD5_U_Column62-2
Added Pin To Net: NetName=NetLD5_U_Column62_2 Pin=LD6_U_Column62-4
Added Net: Name=NetLD5_U_Column62_2
Added Pin To Net: NetName=NetLD5_U_Column72_2 Pin=LD5_U_Column72-2
Added Pin To Net: NetName=NetLD5_U_Column72_2 Pin=LD6_U_Column72-4
Added Net: Name=NetLD5_U_Column72_2
Added Pin To Net: NetName=NetLD6_U_Column12_2 Pin=LD6_U_Column12-2
Added Pin To Net: NetName=NetLD6_U_Column12_2 Pin=LD7_U_Column12-4
Added Net: Name=NetLD6_U_Column12_2
Added Pin To Net: NetName=NetLD6_U_Column22_2 Pin=LD6_U_Column22-2
Added Pin To Net: NetName=NetLD6_U_Column22_2 Pin=LD7_U_Column22-4
Added Net: Name=NetLD6_U_Column22_2
Added Pin To Net: NetName=NetLD6_U_Column32_2 Pin=LD6_U_Column32-2
Added Pin To Net: NetName=NetLD6_U_Column32_2 Pin=LD7_U_Column32-4
Added Net: Name=NetLD6_U_Column32_2
Added Pin To Net: NetName=NetLD6_U_Column42_2 Pin=LD6_U_Column42-2
Added Pin To Net: NetName=NetLD6_U_Column42_2 Pin=LD7_U_Column42-4
Added Net: Name=NetLD6_U_Column42_2
Added Pin To Net: NetName=NetLD6_U_Column52_2 Pin=LD6_U_Column52-2
Added Pin To Net: NetName=NetLD6_U_Column52_2 Pin=LD7_U_Column52-4
Added Net: Name=NetLD6_U_Column52_2
Added Pin To Net: NetName=NetLD6_U_Column62_2 Pin=LD6_U_Column62-2
Added Pin To Net: NetName=NetLD6_U_Column62_2 Pin=LD7_U_Column62-4
Added Net: Name=NetLD6_U_Column62_2
Added Pin To Net: NetName=NetLD6_U_Column72_2 Pin=LD6_U_Column72-2
Added Pin To Net: NetName=NetLD6_U_Column72_2 Pin=LD7_U_Column72-4
Added Net: Name=NetLD6_U_Column72_2
Added Pin To Net: NetName=NetLD7_U_Column72_2 Pin=LD7_U_Column72-2
Added Net: Name=NetLD7_U_Column72_2
Change Class Name : Old Net Name=U_Column1 New Net Name=U_Column11
Change Class Name : Old Net Name=U_Column2 New Net Name=U_Column21
Change Class Name : Old Net Name=U_Column3 New Net Name=U_Column31
Change Class Name : Old Net Name=U_Column4 New Net Name=U_Column41
Change Class Name : Old Net Name=U_Column5 New Net Name=U_Column51
Change Class Name : Old Net Name=U_Column6 New Net Name=U_Column61
Change Class Name : Old Net Name=U_Column7 New Net Name=U_Column71
Added Class: Name=U_Column12
Added Class: Name=U_Column22
Added Class: Name=U_Column32
Added Class: Name=U_Column42
Added Class: Name=U_Column52
Added Class: Name=U_Column62
Added Class: Name=U_Column72
Added Class: Name=U_serpentine2
Added Class: Name=serpentine
Change Room Name: Old Name=U_Column5 New Name=U_Column52
Change Room Scope: Old Scope=InComponentClass('U_Column5') New Scope=InComponentClass('U_Column52')
Change Room Name: Old Name=U_Column6 New Name=U_Column51
Change Room Scope: Old Scope=InComponentClass('U_Column6') New Scope=InComponentClass('U_Column51')
Change Room Name: Old Name=U_Column7 New Name=U_Column42
Change Room Scope: Old Scope=InComponentClass('U_Column7') New Scope=InComponentClass('U_Column42')
Added Room: Name=U_Column11
Added Room: Name=U_Column12
Added Room: Name=U_Column21
Added Room: Name=U_Column22
Added Room: Name=U_Column31
Added Room: Name=U_Column32
Added Room: Name=U_Column41
Added Room: Name=U_Column61
Added Room: Name=U_Column62
Added Room: Name=U_Column71
Added Room: Name=U_Column72
