Removed Pin From Net: NetName=+5 Pin=R2-2
Removed Pin From Net: NetName=GND Pin=R3-1
Removed Member From Class: ClassName=main Member=R4
Change Component Footprint: Designator=R2 Old Footprint=6-0805_M New Footprint=RES0805
Change Component Footprint: Designator=R3 Old Footprint=6-0805_M New Footprint=RES0805
Change Component Comment : Designator=U1 Old Comment=ATmega328 New Comment=ATMEGA328P-AU
Change Component Comment : Designator=R2 Old Comment=Res1 New Comment=1K
Change Component Comment : Designator=R3 Old Comment=Res1 New Comment=1K
Change Component Comment : Designator=LD1_U_Column1 Old Comment=WS2812 New Comment=WS2812B-Mini
Change Component Comment : Designator=LD1_U_Column2 Old Comment=WS2812 New Comment=WS2812B-Mini
Change Component Comment : Designator=LD1_U_Column3 Old Comment=WS2812 New Comment=WS2812B-Mini
Change Component Comment : Designator=LD1_U_Column4 Old Comment=WS2812 New Comment=WS2812B-Mini
Change Component Comment : Designator=LD1_U_Column5 Old Comment=WS2812 New Comment=WS2812B-Mini
Change Component Comment : Designator=LD1_U_Column6 Old Comment=WS2812 New Comment=WS2812B-Mini
Change Component Comment : Designator=LD1_U_Column7 Old Comment=WS2812 New Comment=WS2812B-Mini
Change Component Comment : Designator=LD1_U_Column8 Old Comment=WS2812 New Comment=WS2812B-Mini
Change Component Comment : Designator=LD1_U_Column9 Old Comment=WS2812 New Comment=WS2812B-Mini
Change Component Comment : Designator=LD1_U_Column10 Old Comment=WS2812 New Comment=WS2812B-Mini
Change Component Comment : Designator=LD1_U_Column12 Old Comment=WS2812 New Comment=WS2812B-Mini
Change Component Comment : Designator=LD1_U_Column13 Old Comment=WS2812 New Comment=WS2812B-Mini
Change Component Comment : Designator=LD1_U_Column14 Old Comment=WS2812 New Comment=WS2812B-Mini
Change Component Comment : Designator=LD1_U_Column15 Old Comment=WS2812 New Comment=WS2812B-Mini
Change Component Comment : Designator=LD2_U_Column1 Old Comment=WS2812 New Comment=WS2812B-Mini
Change Component Comment : Designator=LD2_U_Column2 Old Comment=WS2812 New Comment=WS2812B-Mini
Change Component Comment : Designator=LD2_U_Column3 Old Comment=WS2812 New Comment=WS2812B-Mini
Change Component Comment : Designator=LD2_U_Column4 Old Comment=WS2812 New Comment=WS2812B-Mini
Change Component Comment : Designator=LD2_U_Column5 Old Comment=WS2812 New Comment=WS2812B-Mini
Change Component Comment : Designator=LD2_U_Column6 Old Comment=WS2812 New Comment=WS2812B-Mini
Change Component Comment : Designator=LD2_U_Column7 Old Comment=WS2812 New Comment=WS2812B-Mini
Change Component Comment : Designator=LD2_U_Column8 Old Comment=WS2812 New Comment=WS2812B-Mini
Change Component Comment : Designator=LD2_U_Column9 Old Comment=WS2812 New Comment=WS2812B-Mini
Change Component Comment : Designator=LD2_U_Column10 Old Comment=WS2812 New Comment=WS2812B-Mini
Change Component Comment : Designator=LD2_U_Column12 Old Comment=WS2812 New Comment=WS2812B-Mini
Change Component Comment : Designator=LD2_U_Column13 Old Comment=WS2812 New Comment=WS2812B-Mini
Change Component Comment : Designator=LD2_U_Column14 Old Comment=WS2812 New Comment=WS2812B-Mini
Change Component Comment : Designator=LD2_U_Column15 Old Comment=WS2812 New Comment=WS2812B-Mini
Change Component Comment : Designator=LD3_U_Column1 Old Comment=WS2812 New Comment=WS2812B-Mini
Change Component Comment : Designator=LD3_U_Column2 Old Comment=WS2812 New Comment=WS2812B-Mini
Change Component Comment : Designator=LD3_U_Column3 Old Comment=WS2812 New Comment=WS2812B-Mini
Change Component Comment : Designator=LD3_U_Column4 Old Comment=WS2812 New Comment=WS2812B-Mini
Change Component Comment : Designator=LD3_U_Column5 Old Comment=WS2812 New Comment=WS2812B-Mini
Change Component Comment : Designator=LD3_U_Column6 Old Comment=WS2812 New Comment=WS2812B-Mini
Change Component Comment : Designator=LD3_U_Column7 Old Comment=WS2812 New Comment=WS2812B-Mini
Change Component Comment : Designator=LD3_U_Column8 Old Comment=WS2812 New Comment=WS2812B-Mini
Change Component Comment : Designator=LD3_U_Column9 Old Comment=WS2812 New Comment=WS2812B-Mini
Change Component Comment : Designator=LD3_U_Column10 Old Comment=WS2812 New Comment=WS2812B-Mini
Change Component Comment : Designator=LD3_U_Column12 Old Comment=WS2812 New Comment=WS2812B-Mini
Change Component Comment : Designator=LD3_U_Column13 Old Comment=WS2812 New Comment=WS2812B-Mini
Change Component Comment : Designator=LD3_U_Column14 Old Comment=WS2812 New Comment=WS2812B-Mini
Change Component Comment : Designator=LD3_U_Column15 Old Comment=WS2812 New Comment=WS2812B-Mini
Change Component Comment : Designator=LD4_U_Column1 Old Comment=WS2812 New Comment=WS2812B-Mini
Change Component Comment : Designator=LD4_U_Column2 Old Comment=WS2812 New Comment=WS2812B-Mini
Change Component Comment : Designator=LD4_U_Column3 Old Comment=WS2812 New Comment=WS2812B-Mini
Change Component Comment : Designator=LD4_U_Column4 Old Comment=WS2812 New Comment=WS2812B-Mini
Change Component Comment : Designator=LD4_U_Column5 Old Comment=WS2812 New Comment=WS2812B-Mini
Change Component Comment : Designator=LD4_U_Column6 Old Comment=WS2812 New Comment=WS2812B-Mini
Change Component Comment : Designator=LD4_U_Column7 Old Comment=WS2812 New Comment=WS2812B-Mini
Change Component Comment : Designator=LD4_U_Column8 Old Comment=WS2812 New Comment=WS2812B-Mini
Change Component Comment : Designator=LD4_U_Column9 Old Comment=WS2812 New Comment=WS2812B-Mini
Change Component Comment : Designator=LD4_U_Column10 Old Comment=WS2812 New Comment=WS2812B-Mini
Change Component Comment : Designator=LD4_U_Column12 Old Comment=WS2812 New Comment=WS2812B-Mini
Change Component Comment : Designator=LD4_U_Column13 Old Comment=WS2812 New Comment=WS2812B-Mini
Change Component Comment : Designator=LD4_U_Column14 Old Comment=WS2812 New Comment=WS2812B-Mini
Change Component Comment : Designator=LD4_U_Column15 Old Comment=WS2812 New Comment=WS2812B-Mini
Change Component Comment : Designator=LD5_U_Column1 Old Comment=WS2812 New Comment=WS2812B-Mini
Change Component Comment : Designator=LD5_U_Column2 Old Comment=WS2812 New Comment=WS2812B-Mini
Change Component Comment : Designator=LD5_U_Column3 Old Comment=WS2812 New Comment=WS2812B-Mini
Change Component Comment : Designator=LD5_U_Column4 Old Comment=WS2812 New Comment=WS2812B-Mini
Change Component Comment : Designator=LD5_U_Column5 Old Comment=WS2812 New Comment=WS2812B-Mini
Change Component Comment : Designator=LD5_U_Column6 Old Comment=WS2812 New Comment=WS2812B-Mini
Change Component Comment : Designator=LD5_U_Column7 Old Comment=WS2812 New Comment=WS2812B-Mini
Change Component Comment : Designator=LD5_U_Column8 Old Comment=WS2812 New Comment=WS2812B-Mini
Change Component Comment : Designator=LD5_U_Column9 Old Comment=WS2812 New Comment=WS2812B-Mini
Change Component Comment : Designator=LD5_U_Column10 Old Comment=WS2812 New Comment=WS2812B-Mini
Change Component Comment : Designator=LD5_U_Column12 Old Comment=WS2812 New Comment=WS2812B-Mini
Change Component Comment : Designator=LD5_U_Column13 Old Comment=WS2812 New Comment=WS2812B-Mini
Change Component Comment : Designator=LD5_U_Column14 Old Comment=WS2812 New Comment=WS2812B-Mini
Change Component Comment : Designator=LD5_U_Column15 Old Comment=WS2812 New Comment=WS2812B-Mini
Change Component Comment : Designator=LD6_U_Column1 Old Comment=WS2812 New Comment=WS2812B-Mini
Change Component Comment : Designator=LD6_U_Column2 Old Comment=WS2812 New Comment=WS2812B-Mini
Change Component Comment : Designator=LD6_U_Column3 Old Comment=WS2812 New Comment=WS2812B-Mini
Change Component Comment : Designator=LD6_U_Column4 Old Comment=WS2812 New Comment=WS2812B-Mini
Change Component Comment : Designator=LD6_U_Column5 Old Comment=WS2812 New Comment=WS2812B-Mini
Change Component Comment : Designator=LD6_U_Column6 Old Comment=WS2812 New Comment=WS2812B-Mini
Change Component Comment : Designator=LD6_U_Column7 Old Comment=WS2812 New Comment=WS2812B-Mini
Change Component Comment : Designator=LD6_U_Column8 Old Comment=WS2812 New Comment=WS2812B-Mini
Change Component Comment : Designator=LD6_U_Column9 Old Comment=WS2812 New Comment=WS2812B-Mini
Change Component Comment : Designator=LD6_U_Column10 Old Comment=WS2812 New Comment=WS2812B-Mini
Change Component Comment : Designator=LD6_U_Column12 Old Comment=WS2812 New Comment=WS2812B-Mini
Change Component Comment : Designator=LD6_U_Column13 Old Comment=WS2812 New Comment=WS2812B-Mini
Change Component Comment : Designator=LD6_U_Column14 Old Comment=WS2812 New Comment=WS2812B-Mini
Change Component Comment : Designator=LD6_U_Column15 Old Comment=WS2812 New Comment=WS2812B-Mini
Change Component Comment : Designator=LD7_U_Column1 Old Comment=WS2812 New Comment=WS2812B-Mini
Change Component Comment : Designator=LD7_U_Column2 Old Comment=WS2812 New Comment=WS2812B-Mini
Change Component Comment : Designator=LD7_U_Column3 Old Comment=WS2812 New Comment=WS2812B-Mini
Change Component Comment : Designator=LD7_U_Column4 Old Comment=WS2812 New Comment=WS2812B-Mini
Change Component Comment : Designator=LD7_U_Column5 Old Comment=WS2812 New Comment=WS2812B-Mini
Change Component Comment : Designator=LD7_U_Column6 Old Comment=WS2812 New Comment=WS2812B-Mini
Change Component Comment : Designator=LD7_U_Column7 Old Comment=WS2812 New Comment=WS2812B-Mini
Change Component Comment : Designator=LD7_U_Column8 Old Comment=WS2812 New Comment=WS2812B-Mini
Change Component Comment : Designator=LD7_U_Column9 Old Comment=WS2812 New Comment=WS2812B-Mini
Change Component Comment : Designator=LD7_U_Column10 Old Comment=WS2812 New Comment=WS2812B-Mini
Change Component Comment : Designator=LD7_U_Column12 Old Comment=WS2812 New Comment=WS2812B-Mini
Change Component Comment : Designator=LD7_U_Column13 Old Comment=WS2812 New Comment=WS2812B-Mini
Change Component Comment : Designator=LD7_U_Column14 Old Comment=WS2812 New Comment=WS2812B-Mini
Change Component Comment : Designator=LD7_U_Column15 Old Comment=WS2812 New Comment=WS2812B-Mini
Change component parameters: Designator = "R2"; Footprint = "RES0805"; UniqueID = "\FSLKOXAQ"
Change component parameters. Clean all parameters for all variants
Change component parameters: Designator = "R3"; Footprint = "RES0805"; UniqueID = "\YOUVATMC"
Change component parameters. Clean all parameters for all variants
Added Component: Designator=C21(C1206)
Add component. Clean all parameters for all variants
Add component (AddParameter): Name = "LatestRevisionDate"; Value = "29-May-2009"; VariantName = "[No Variations]"
Add component (AddParameter): Name = "LatestRevisionNote"; Value = "IPC-7351 Footprint Added."; VariantName = "[No Variations]"
Add component (AddParameter): Name = "PackageDescription"; Value = "Chip Capacitor"; VariantName = "[No Variations]"
Add component (AddParameter): Name = "PackageReference"; Value = "C1206"; VariantName = "[No Variations]"
Add component (AddParameter): Name = "Published"; Value = "8-Jun-2000"; VariantName = "[No Variations]"
Add component (AddParameter): Name = "Publisher"; Value = "Altium Limited"; VariantName = "[No Variations]"
Add component (AddParameter): Name = "Value"; Value = "0.47uF"; VariantName = "[No Variations]"
Added Component: Designator=C22(C1206)
Add component. Clean all parameters for all variants
Add component (AddParameter): Name = "LatestRevisionDate"; Value = "29-May-2009"; VariantName = "[No Variations]"
Add component (AddParameter): Name = "LatestRevisionNote"; Value = "IPC-7351 Footprint Added."; VariantName = "[No Variations]"
Add component (AddParameter): Name = "PackageDescription"; Value = "Chip Capacitor"; VariantName = "[No Variations]"
Add component (AddParameter): Name = "PackageReference"; Value = "C1206"; VariantName = "[No Variations]"
Add component (AddParameter): Name = "Published"; Value = "8-Jun-2000"; VariantName = "[No Variations]"
Add component (AddParameter): Name = "Publisher"; Value = "Altium Limited"; VariantName = "[No Variations]"
Add component (AddParameter): Name = "Value"; Value = "33uF"; VariantName = "[No Variations]"
Added Component: Designator=D1(LED0805)
Add component. Clean all parameters for all variants
Added Component: Designator=D2(LED0805)
Add component. Clean all parameters for all variants
Added Component: Designator=P3(HDR2X4)
Add component. Clean all parameters for all variants
Add component (AddParameter): Name = "LatestRevisionDate"; Value = "17-Jul-2002"; VariantName = "[No Variations]"
Add component (AddParameter): Name = "LatestRevisionNote"; Value = "Re-released for DXP Platform."; VariantName = "[No Variations]"
Add component (AddParameter): Name = "Publisher"; Value = "Altium Limited"; VariantName = "[No Variations]"
Added Component: Designator=U2(DCY0004A_N)
Add component. Clean all parameters for all variants
Add component (AddParameter): Name = "Code_IPC"; Value = "SOT223-4"; VariantName = "[No Variations]"
Add component (AddParameter): Name = "Code_JEDEC"; Value = "TO-261-AA"; VariantName = "[No Variations]"
Add component (AddParameter): Name = "Code_JEITA"; Value = ""; VariantName = "[No Variations]"
Add component (AddParameter): Name = "ComponentLink1Description"; Value = "Datasheet URL"; VariantName = "[No Variations]"
Add component (AddParameter): Name = "ComponentLink1URL"; Value = "http://www.ti.com/general/docs/lit/getliterature.tsp?genericPartNumber=LM340-N&fileType=pdf"; VariantName = "[No Variations]"
Add component (AddParameter): Name = "CompType"; Value = "LDO IC"; VariantName = "[No Variations]"
Add component (AddParameter): Name = "High-Reliability"; Value = ""; VariantName = "[No Variations]"
Add component (AddParameter): Name = "Manufacturer"; Value = "Texas Instruments"; VariantName = "[No Variations]"
Add component (AddParameter): Name = "PackageDescription"; Value = "Molded SOT-223, 6.50 x 3.56 x 1.6mm Body, 4 Lead, 2.3mm Pitch"; VariantName = "[No Variations]"
Add component (AddParameter): Name = "PackageReference"; Value = "DCY0004A"; VariantName = "[No Variations]"
Add component (AddParameter): Name = "PackageTopMarking"; Value = "XYTT*N00A"; VariantName = "[No Variations]"
Add component (AddParameter): Name = "PartNumber"; Value = ""; VariantName = "[No Variations]"
Add component (AddParameter): Name = "PinCount"; Value = "4"; VariantName = "[No Variations]"
Add component (AddParameter): Name = "PowerWise"; Value = "N"; VariantName = "[No Variations]"
Add component (AddParameter): Name = "RoHS"; Value = "Y"; VariantName = "[No Variations]"
Added Pin To Net: NetName=GND Pin=C21-1
Added Pin To Net: NetName=+5 Pin=C21-2
Added Pin To Net: NetName=GND Pin=C22-1
Added Pin To Net: NetName=Indicator Pin=D1-2
Added Pin To Net: NetName=Indicator Pin=D2-1
Added Pin To Net: NetName=GND Pin=P3-1
Added Pin To Net: NetName=+5 Pin=R2-1
Added Pin To Net: NetName=GND Pin=R3-2
Added Pin To Net: NetName=+5 Pin=U2-1
Added Pin To Net: NetName=GND Pin=U2-2
Added Pin To Net: NetName=GND Pin=U2-4
Added Pin To Net: NetName=+3.3 Pin=C22-2
Added Pin To Net: NetName=+3.3 Pin=P3-2
Added Pin To Net: NetName=+3.3 Pin=U2-3
Added Net: Name=+3.3
Added Pin To Net: NetName=NetD1_1 Pin=D1-1
Added Pin To Net: NetName=NetD1_1 Pin=R2-2
Added Net: Name=NetD1_1
Added Pin To Net: NetName=NetD2_2 Pin=D2-2
Added Pin To Net: NetName=NetD2_2 Pin=R3-1
Added Net: Name=NetD2_2
Added Pin To Net: NetName=NetP3_3 Pin=P3-3
Added Net: Name=NetP3_3
Added Pin To Net: NetName=NetP3_4 Pin=P3-4
Added Net: Name=NetP3_4
Added Pin To Net: NetName=NetP3_5 Pin=P3-5
Added Net: Name=NetP3_5
Added Pin To Net: NetName=NetP3_6 Pin=P3-6
Added Net: Name=NetP3_6
Added Pin To Net: NetName=NetP3_7 Pin=P3-7
Added Net: Name=NetP3_7
Added Pin To Net: NetName=NetP3_8 Pin=P3-8
Added Net: Name=NetP3_8
Added Member To Class: ClassName=main Member=Component C21 Cap Semi
Added Member To Class: ClassName=main Member=Component C22 Cap Semi
Added Member To Class: ClassName=main Member=Component D1 LED green
Added Member To Class: ClassName=main Member=Component D2 LED red
Added Member To Class: ClassName=main Member=Component P3 Header 4X2
Added Member To Class: ClassName=main Member=Component U2 LM340MP-5.0/NOPB
