Added Component: Designator=LD1_U_Column11(WS2812B-Mini)
Add component. Clean all parameters for all variants
Added Component: Designator=LD2_U_Column11(WS2812B-Mini)
Add component. Clean all parameters for all variants
Added Component: Designator=LD3_U_Column11(WS2812B-Mini)
Add component. Clean all parameters for all variants
Added Component: Designator=LD4_U_Column11(WS2812B-Mini)
Add component. Clean all parameters for all variants
Added Component: Designator=LD5_U_Column11(WS2812B-Mini)
Add component. Clean all parameters for all variants
Added Component: Designator=LD6_U_Column11(WS2812B-Mini)
Add component. Clean all parameters for all variants
Added Component: Designator=LD7_U_Column11(WS2812B-Mini)
Add component. Clean all parameters for all variants
Added Pin To Net: NetName=+5 Pin=LD1_U_Column11-1
Added Pin To Net: NetName=NetLD1_U_Column11_2 Pin=LD1_U_Column11-2
Added Pin To Net: NetName=GND Pin=LD1_U_Column11-3
Added Pin To Net: NetName=NetLD1_U_Column11_4 Pin=LD1_U_Column11-4
Added Pin To Net: NetName=+5 Pin=LD2_U_Column11-1
Added Pin To Net: NetName=NetLD2_U_Column11_2 Pin=LD2_U_Column11-2
Added Pin To Net: NetName=GND Pin=LD2_U_Column11-3
Added Pin To Net: NetName=NetLD1_U_Column11_2 Pin=LD2_U_Column11-4
Added Pin To Net: NetName=+5 Pin=LD3_U_Column11-1
Added Pin To Net: NetName=NetLD3_U_Column11_2 Pin=LD3_U_Column11-2
Added Pin To Net: NetName=GND Pin=LD3_U_Column11-3
Added Pin To Net: NetName=NetLD2_U_Column11_2 Pin=LD3_U_Column11-4
Added Pin To Net: NetName=+5 Pin=LD4_U_Column11-1
Added Pin To Net: NetName=NetLD4_U_Column11_2 Pin=LD4_U_Column11-2
Added Pin To Net: NetName=GND Pin=LD4_U_Column11-3
Added Pin To Net: NetName=NetLD3_U_Column11_2 Pin=LD4_U_Column11-4
Added Pin To Net: NetName=+5 Pin=LD5_U_Column11-1
Added Pin To Net: NetName=NetLD5_U_Column11_2 Pin=LD5_U_Column11-2
Added Pin To Net: NetName=GND Pin=LD5_U_Column11-3
Added Pin To Net: NetName=NetLD4_U_Column11_2 Pin=LD5_U_Column11-4
Added Pin To Net: NetName=+5 Pin=LD6_U_Column11-1
Added Pin To Net: NetName=NetLD6_U_Column11_2 Pin=LD6_U_Column11-2
Added Pin To Net: NetName=GND Pin=LD6_U_Column11-3
Added Pin To Net: NetName=NetLD5_U_Column11_2 Pin=LD6_U_Column11-4
Added Pin To Net: NetName=+5 Pin=LD7_U_Column11-1
Added Pin To Net: NetName=NetLD1_U_Column12_4 Pin=LD7_U_Column11-2
Added Pin To Net: NetName=GND Pin=LD7_U_Column11-3
Added Pin To Net: NetName=NetLD6_U_Column11_2 Pin=LD7_U_Column11-4
Added Member To Class: ClassName=U_Column11 Member=Component LD1_U_Column11 (LD1) WS2812
Added Member To Class: ClassName=U_Column11 Member=Component LD2_U_Column11 (LD2) WS2812
Added Member To Class: ClassName=U_Column11 Member=Component LD3_U_Column11 (LD3) WS2812
Added Member To Class: ClassName=U_Column11 Member=Component LD4_U_Column11 (LD4) WS2812
Added Member To Class: ClassName=U_Column11 Member=Component LD5_U_Column11 (LD5) WS2812
Added Member To Class: ClassName=U_Column11 Member=Component LD6_U_Column11 (LD6) WS2812
Added Member To Class: ClassName=U_Column11 Member=Component LD7_U_Column11 (LD7) WS2812
Added Room: Name=U_Column11
Added Room: Name=U_serpentine
