Added Component: Designator=1(6-0805_N)
Add component. Clean all parameters for all variants
Add component (AddParameter): Name = "LatestRevisionDate"; Value = "17-Jul-2002"; VariantName = "[No Variations]"
Add component (AddParameter): Name = "LatestRevisionNote"; Value = "Re-released for DXP Platform."; VariantName = "[No Variations]"
Add component (AddParameter): Name = "PackageDescription"; Value = "Axial Device, Thru-Hole; 2 Leads; 0.3 in Pin Spacing"; VariantName = "[No Variations]"
Add component (AddParameter): Name = "PackageReference"; Value = "AXIAL-0.3"; VariantName = "[No Variations]"
Add component (AddParameter): Name = "Published"; Value = "8-Jun-2000"; VariantName = "[No Variations]"
Add component (AddParameter): Name = "Publisher"; Value = "Altium Limited"; VariantName = "[No Variations]"
Add component (AddParameter): Name = "Value"; Value = "1K"; VariantName = "[No Variations]"
Added Component: Designator=2(6-0805_N)
Add component. Clean all parameters for all variants
Add component (AddParameter): Name = "LatestRevisionDate"; Value = "17-Jul-2002"; VariantName = "[No Variations]"
Add component (AddParameter): Name = "LatestRevisionNote"; Value = "Re-released for DXP Platform."; VariantName = "[No Variations]"
Add component (AddParameter): Name = "PackageDescription"; Value = "Axial Device, Thru-Hole; 2 Leads; 0.3 in Pin Spacing"; VariantName = "[No Variations]"
Add component (AddParameter): Name = "PackageReference"; Value = "AXIAL-0.3"; VariantName = "[No Variations]"
Add component (AddParameter): Name = "Published"; Value = "8-Jun-2000"; VariantName = "[No Variations]"
Add component (AddParameter): Name = "Publisher"; Value = "Altium Limited"; VariantName = "[No Variations]"
Add component (AddParameter): Name = "Value"; Value = "1K"; VariantName = "[No Variations]"
Added Component: Designator=3(6-0805_N)
Add component. Clean all parameters for all variants
Add component (AddParameter): Name = "LatestRevisionDate"; Value = "17-Jul-2002"; VariantName = "[No Variations]"
Add component (AddParameter): Name = "LatestRevisionNote"; Value = "Re-released for DXP Platform."; VariantName = "[No Variations]"
Add component (AddParameter): Name = "PackageDescription"; Value = "Axial Device, Thru-Hole; 2 Leads; 0.3 in Pin Spacing"; VariantName = "[No Variations]"
Add component (AddParameter): Name = "PackageReference"; Value = "AXIAL-0.3"; VariantName = "[No Variations]"
Add component (AddParameter): Name = "Published"; Value = "8-Jun-2000"; VariantName = "[No Variations]"
Add component (AddParameter): Name = "Publisher"; Value = "Altium Limited"; VariantName = "[No Variations]"
Add component (AddParameter): Name = "Value"; Value = "1K"; VariantName = "[No Variations]"
Added Component: Designator=4(6-0805_N)
Add component. Clean all parameters for all variants
Add component (AddParameter): Name = "LatestRevisionDate"; Value = "17-Jul-2002"; VariantName = "[No Variations]"
Add component (AddParameter): Name = "LatestRevisionNote"; Value = "Re-released for DXP Platform."; VariantName = "[No Variations]"
Add component (AddParameter): Name = "PackageDescription"; Value = "Axial Device, Thru-Hole; 2 Leads; 0.3 in Pin Spacing"; VariantName = "[No Variations]"
Add component (AddParameter): Name = "PackageReference"; Value = "AXIAL-0.3"; VariantName = "[No Variations]"
Add component (AddParameter): Name = "Published"; Value = "8-Jun-2000"; VariantName = "[No Variations]"
Add component (AddParameter): Name = "Publisher"; Value = "Altium Limited"; VariantName = "[No Variations]"
Add component (AddParameter): Name = "Value"; Value = "1K"; VariantName = "[No Variations]"
Added Component: Designator=5(6-0805_N)
Add component. Clean all parameters for all variants
Add component (AddParameter): Name = "LatestRevisionDate"; Value = "17-Jul-2002"; VariantName = "[No Variations]"
Add component (AddParameter): Name = "LatestRevisionNote"; Value = "Re-released for DXP Platform."; VariantName = "[No Variations]"
Add component (AddParameter): Name = "PackageDescription"; Value = "Axial Device, Thru-Hole; 2 Leads; 0.3 in Pin Spacing"; VariantName = "[No Variations]"
Add component (AddParameter): Name = "PackageReference"; Value = "AXIAL-0.3"; VariantName = "[No Variations]"
Add component (AddParameter): Name = "Published"; Value = "8-Jun-2000"; VariantName = "[No Variations]"
Add component (AddParameter): Name = "Publisher"; Value = "Altium Limited"; VariantName = "[No Variations]"
Add component (AddParameter): Name = "Value"; Value = "1K"; VariantName = "[No Variations]"
Added Component: Designator=6(6-0805_N)
Add component. Clean all parameters for all variants
Add component (AddParameter): Name = "LatestRevisionDate"; Value = "17-Jul-2002"; VariantName = "[No Variations]"
Add component (AddParameter): Name = "LatestRevisionNote"; Value = "Re-released for DXP Platform."; VariantName = "[No Variations]"
Add component (AddParameter): Name = "PackageDescription"; Value = "Axial Device, Thru-Hole; 2 Leads; 0.3 in Pin Spacing"; VariantName = "[No Variations]"
Add component (AddParameter): Name = "PackageReference"; Value = "AXIAL-0.3"; VariantName = "[No Variations]"
Add component (AddParameter): Name = "Published"; Value = "8-Jun-2000"; VariantName = "[No Variations]"
Add component (AddParameter): Name = "Publisher"; Value = "Altium Limited"; VariantName = "[No Variations]"
Add component (AddParameter): Name = "Value"; Value = "1K"; VariantName = "[No Variations]"
Added Component: Designator=7(6-0805_N)
Add component. Clean all parameters for all variants
Add component (AddParameter): Name = "LatestRevisionDate"; Value = "17-Jul-2002"; VariantName = "[No Variations]"
Add component (AddParameter): Name = "LatestRevisionNote"; Value = "Re-released for DXP Platform."; VariantName = "[No Variations]"
Add component (AddParameter): Name = "PackageDescription"; Value = "Axial Device, Thru-Hole; 2 Leads; 0.3 in Pin Spacing"; VariantName = "[No Variations]"
Add component (AddParameter): Name = "PackageReference"; Value = "AXIAL-0.3"; VariantName = "[No Variations]"
Add component (AddParameter): Name = "Published"; Value = "8-Jun-2000"; VariantName = "[No Variations]"
Add component (AddParameter): Name = "Publisher"; Value = "Altium Limited"; VariantName = "[No Variations]"
Add component (AddParameter): Name = "Value"; Value = "1K"; VariantName = "[No Variations]"
Added Component: Designator=8(6-0805_M)
Add component. Clean all parameters for all variants
Add component (AddParameter): Name = "LatestRevisionDate"; Value = "17-Jul-2002"; VariantName = "[No Variations]"
Add component (AddParameter): Name = "LatestRevisionNote"; Value = "Re-released for DXP Platform."; VariantName = "[No Variations]"
Add component (AddParameter): Name = "PackageDescription"; Value = "Axial Device, Thru-Hole; 2 Leads; 0.3 in Pin Spacing"; VariantName = "[No Variations]"
Add component (AddParameter): Name = "PackageReference"; Value = "AXIAL-0.3"; VariantName = "[No Variations]"
Add component (AddParameter): Name = "Published"; Value = "8-Jun-2000"; VariantName = "[No Variations]"
Add component (AddParameter): Name = "Publisher"; Value = "Altium Limited"; VariantName = "[No Variations]"
Add component (AddParameter): Name = "Value"; Value = "1M"; VariantName = "[No Variations]"
Added Component: Designator=C1(CAP0603)
Add component. Clean all parameters for all variants
Add component (AddParameter): Name = "Manufacturer"; Value = ""; VariantName = "[No Variations]"
Add component (AddParameter): Name = "Manufacturer P/N"; Value = ""; VariantName = "[No Variations]"
Add component (AddParameter): Name = "Order code Farnell"; Value = "1288202RL"; VariantName = "[No Variations]"
Add component (AddParameter): Name = "Order code RS"; Value = ""; VariantName = "[No Variations]"
Add component (AddParameter): Name = "Power"; Value = ""; VariantName = "[No Variations]"
Add component (AddParameter): Name = "Rated voltage"; Value = "25V"; VariantName = "[No Variations]"
Add component (AddParameter): Name = "STS Code"; Value = ""; VariantName = "[No Variations]"
Add component (AddParameter): Name = "Technology"; Value = "X5R"; VariantName = "[No Variations]"
Add component (AddParameter): Name = "Temperature  Factor"; Value = ""; VariantName = "[No Variations]"
Add component (AddParameter): Name = "Temperature Max"; Value = "+125°C"; VariantName = "[No Variations]"
Add component (AddParameter): Name = "Temperature Min"; Value = "-55°C"; VariantName = "[No Variations]"
Add component (AddParameter): Name = "Tolerance"; Value = "10%"; VariantName = "[No Variations]"
Add component (AddParameter): Name = "Value"; Value = "1µF"; VariantName = "[No Variations]"
Added Component: Designator=C1(6-0805_M)
Add component. Clean all parameters for all variants
Add component (AddParameter): Name = "LatestRevisionDate"; Value = "17-Jul-2002"; VariantName = "[No Variations]"
Add component (AddParameter): Name = "LatestRevisionNote"; Value = "Re-released for DXP Platform."; VariantName = "[No Variations]"
Add component (AddParameter): Name = "PackageDescription"; Value = "Radial Cap, Thru-Hole; 2 Leads; 0.3 in Pin Spacing"; VariantName = "[No Variations]"
Add component (AddParameter): Name = "PackageReference"; Value = "RAD-0.3"; VariantName = "[No Variations]"
Add component (AddParameter): Name = "Published"; Value = "8-Jun-2000"; VariantName = "[No Variations]"
Add component (AddParameter): Name = "Publisher"; Value = "Altium Limited"; VariantName = "[No Variations]"
Add component (AddParameter): Name = "Value"; Value = "1uF"; VariantName = "[No Variations]"
Added Component: Designator=C2(CAP0603)
Add component. Clean all parameters for all variants
Add component (AddParameter): Name = "Manufacturer"; Value = ""; VariantName = "[No Variations]"
Add component (AddParameter): Name = "Manufacturer P/N"; Value = ""; VariantName = "[No Variations]"
Add component (AddParameter): Name = "Order code Farnell"; Value = "1288202RL"; VariantName = "[No Variations]"
Add component (AddParameter): Name = "Order code RS"; Value = ""; VariantName = "[No Variations]"
Add component (AddParameter): Name = "Power"; Value = ""; VariantName = "[No Variations]"
Add component (AddParameter): Name = "Rated voltage"; Value = "25V"; VariantName = "[No Variations]"
Add component (AddParameter): Name = "STS Code"; Value = ""; VariantName = "[No Variations]"
Add component (AddParameter): Name = "Technology"; Value = "X5R"; VariantName = "[No Variations]"
Add component (AddParameter): Name = "Temperature  Factor"; Value = ""; VariantName = "[No Variations]"
Add component (AddParameter): Name = "Temperature Max"; Value = "+125°C"; VariantName = "[No Variations]"
Add component (AddParameter): Name = "Temperature Min"; Value = "-55°C"; VariantName = "[No Variations]"
Add component (AddParameter): Name = "Tolerance"; Value = "10%"; VariantName = "[No Variations]"
Add component (AddParameter): Name = "Value"; Value = "1µF"; VariantName = "[No Variations]"
Added Component: Designator=C2(6-0805_N)
Add component. Clean all parameters for all variants
Add component (AddParameter): Name = "LatestRevisionDate"; Value = "17-Jul-2002"; VariantName = "[No Variations]"
Add component (AddParameter): Name = "LatestRevisionNote"; Value = "Re-released for DXP Platform."; VariantName = "[No Variations]"
Add component (AddParameter): Name = "PackageDescription"; Value = "Radial Cap, Thru-Hole; 2 Leads; 0.3 in Pin Spacing"; VariantName = "[No Variations]"
Add component (AddParameter): Name = "PackageReference"; Value = "RAD-0.3"; VariantName = "[No Variations]"
Add component (AddParameter): Name = "Published"; Value = "8-Jun-2000"; VariantName = "[No Variations]"
Add component (AddParameter): Name = "Publisher"; Value = "Altium Limited"; VariantName = "[No Variations]"
Add component (AddParameter): Name = "Value"; Value = "1nF"; VariantName = "[No Variations]"
Added Component: Designator=C3(CAP0603)
Add component. Clean all parameters for all variants
Add component (AddParameter): Name = "Manufacturer"; Value = ""; VariantName = "[No Variations]"
Add component (AddParameter): Name = "Manufacturer P/N"; Value = ""; VariantName = "[No Variations]"
Add component (AddParameter): Name = "Order code Farnell"; Value = "1288202RL"; VariantName = "[No Variations]"
Add component (AddParameter): Name = "Order code RS"; Value = ""; VariantName = "[No Variations]"
Add component (AddParameter): Name = "Power"; Value = ""; VariantName = "[No Variations]"
Add component (AddParameter): Name = "Rated voltage"; Value = "25V"; VariantName = "[No Variations]"
Add component (AddParameter): Name = "STS Code"; Value = ""; VariantName = "[No Variations]"
Add component (AddParameter): Name = "Technology"; Value = "X5R"; VariantName = "[No Variations]"
Add component (AddParameter): Name = "Temperature  Factor"; Value = ""; VariantName = "[No Variations]"
Add component (AddParameter): Name = "Temperature Max"; Value = "+125°C"; VariantName = "[No Variations]"
Add component (AddParameter): Name = "Temperature Min"; Value = "-55°C"; VariantName = "[No Variations]"
Add component (AddParameter): Name = "Tolerance"; Value = "10%"; VariantName = "[No Variations]"
Add component (AddParameter): Name = "Value"; Value = "1µF"; VariantName = "[No Variations]"
Added Component: Designator=C3(6-0805_N)
Add component. Clean all parameters for all variants
Add component (AddParameter): Name = "LatestRevisionDate"; Value = "17-Jul-2002"; VariantName = "[No Variations]"
Add component (AddParameter): Name = "LatestRevisionNote"; Value = "Re-released for DXP Platform."; VariantName = "[No Variations]"
Add component (AddParameter): Name = "PackageDescription"; Value = "Radial Cap, Thru-Hole; 2 Leads; 0.3 in Pin Spacing"; VariantName = "[No Variations]"
Add component (AddParameter): Name = "PackageReference"; Value = "RAD-0.3"; VariantName = "[No Variations]"
Add component (AddParameter): Name = "Published"; Value = "8-Jun-2000"; VariantName = "[No Variations]"
Add component (AddParameter): Name = "Publisher"; Value = "Altium Limited"; VariantName = "[No Variations]"
Add component (AddParameter): Name = "Value"; Value = "10uF"; VariantName = "[No Variations]"
Added Component: Designator=C4(CAP0603)
Add component. Clean all parameters for all variants
Add component (AddParameter): Name = "Manufacturer"; Value = ""; VariantName = "[No Variations]"
Add component (AddParameter): Name = "Manufacturer P/N"; Value = ""; VariantName = "[No Variations]"
Add component (AddParameter): Name = "Order code Farnell"; Value = "1288202RL"; VariantName = "[No Variations]"
Add component (AddParameter): Name = "Order code RS"; Value = ""; VariantName = "[No Variations]"
Add component (AddParameter): Name = "Power"; Value = ""; VariantName = "[No Variations]"
Add component (AddParameter): Name = "Rated voltage"; Value = "25V"; VariantName = "[No Variations]"
Add component (AddParameter): Name = "STS Code"; Value = ""; VariantName = "[No Variations]"
Add component (AddParameter): Name = "Technology"; Value = "X5R"; VariantName = "[No Variations]"
Add component (AddParameter): Name = "Temperature  Factor"; Value = ""; VariantName = "[No Variations]"
Add component (AddParameter): Name = "Temperature Max"; Value = "+125°C"; VariantName = "[No Variations]"
Add component (AddParameter): Name = "Temperature Min"; Value = "-55°C"; VariantName = "[No Variations]"
Add component (AddParameter): Name = "Tolerance"; Value = "10%"; VariantName = "[No Variations]"
Add component (AddParameter): Name = "Value"; Value = "1µF"; VariantName = "[No Variations]"
Added Component: Designator=C4(6-0805_N)
Add component. Clean all parameters for all variants
Add component (AddParameter): Name = "LatestRevisionDate"; Value = "17-Jul-2002"; VariantName = "[No Variations]"
Add component (AddParameter): Name = "LatestRevisionNote"; Value = "Re-released for DXP Platform."; VariantName = "[No Variations]"
Add component (AddParameter): Name = "PackageDescription"; Value = "Radial Cap, Thru-Hole; 2 Leads; 0.3 in Pin Spacing"; VariantName = "[No Variations]"
Add component (AddParameter): Name = "PackageReference"; Value = "RAD-0.3"; VariantName = "[No Variations]"
Add component (AddParameter): Name = "Published"; Value = "8-Jun-2000"; VariantName = "[No Variations]"
Add component (AddParameter): Name = "Publisher"; Value = "Altium Limited"; VariantName = "[No Variations]"
Add component (AddParameter): Name = "Value"; Value = "100nF"; VariantName = "[No Variations]"
Added Component: Designator=C5(CAP0603)
Add component. Clean all parameters for all variants
Add component (AddParameter): Name = "Manufacturer"; Value = ""; VariantName = "[No Variations]"
Add component (AddParameter): Name = "Manufacturer P/N"; Value = ""; VariantName = "[No Variations]"
Add component (AddParameter): Name = "Order code Farnell"; Value = "1288202RL"; VariantName = "[No Variations]"
Add component (AddParameter): Name = "Order code RS"; Value = ""; VariantName = "[No Variations]"
Add component (AddParameter): Name = "Power"; Value = ""; VariantName = "[No Variations]"
Add component (AddParameter): Name = "Rated voltage"; Value = "25V"; VariantName = "[No Variations]"
Add component (AddParameter): Name = "STS Code"; Value = ""; VariantName = "[No Variations]"
Add component (AddParameter): Name = "Technology"; Value = "X5R"; VariantName = "[No Variations]"
Add component (AddParameter): Name = "Temperature  Factor"; Value = ""; VariantName = "[No Variations]"
Add component (AddParameter): Name = "Temperature Max"; Value = "+125°C"; VariantName = "[No Variations]"
Add component (AddParameter): Name = "Temperature Min"; Value = "-55°C"; VariantName = "[No Variations]"
Add component (AddParameter): Name = "Tolerance"; Value = "10%"; VariantName = "[No Variations]"
Add component (AddParameter): Name = "Value"; Value = "1µF"; VariantName = "[No Variations]"
Added Component: Designator=C5(6-0805_N)
Add component. Clean all parameters for all variants
Add component (AddParameter): Name = "LatestRevisionDate"; Value = "17-Jul-2002"; VariantName = "[No Variations]"
Add component (AddParameter): Name = "LatestRevisionNote"; Value = "Re-released for DXP Platform."; VariantName = "[No Variations]"
Add component (AddParameter): Name = "PackageDescription"; Value = "Radial Cap, Thru-Hole; 2 Leads; 0.3 in Pin Spacing"; VariantName = "[No Variations]"
Add component (AddParameter): Name = "PackageReference"; Value = "RAD-0.3"; VariantName = "[No Variations]"
Add component (AddParameter): Name = "Published"; Value = "8-Jun-2000"; VariantName = "[No Variations]"
Add component (AddParameter): Name = "Publisher"; Value = "Altium Limited"; VariantName = "[No Variations]"
Add component (AddParameter): Name = "Value"; Value = "100nF"; VariantName = "[No Variations]"
Added Component: Designator=C6(CAP0603)
Add component. Clean all parameters for all variants
Add component (AddParameter): Name = "Manufacturer"; Value = ""; VariantName = "[No Variations]"
Add component (AddParameter): Name = "Manufacturer P/N"; Value = ""; VariantName = "[No Variations]"
Add component (AddParameter): Name = "Order code Farnell"; Value = "1288202RL"; VariantName = "[No Variations]"
Add component (AddParameter): Name = "Order code RS"; Value = ""; VariantName = "[No Variations]"
Add component (AddParameter): Name = "Power"; Value = ""; VariantName = "[No Variations]"
Add component (AddParameter): Name = "Rated voltage"; Value = "25V"; VariantName = "[No Variations]"
Add component (AddParameter): Name = "STS Code"; Value = ""; VariantName = "[No Variations]"
Add component (AddParameter): Name = "Technology"; Value = "X5R"; VariantName = "[No Variations]"
Add component (AddParameter): Name = "Temperature  Factor"; Value = ""; VariantName = "[No Variations]"
Add component (AddParameter): Name = "Temperature Max"; Value = "+125°C"; VariantName = "[No Variations]"
Add component (AddParameter): Name = "Temperature Min"; Value = "-55°C"; VariantName = "[No Variations]"
Add component (AddParameter): Name = "Tolerance"; Value = "10%"; VariantName = "[No Variations]"
Add component (AddParameter): Name = "Value"; Value = "1µF"; VariantName = "[No Variations]"
Added Component: Designator=C7(CAP0603)
Add component. Clean all parameters for all variants
Add component (AddParameter): Name = "Manufacturer"; Value = ""; VariantName = "[No Variations]"
Add component (AddParameter): Name = "Manufacturer P/N"; Value = ""; VariantName = "[No Variations]"
Add component (AddParameter): Name = "Order code Farnell"; Value = "1288202RL"; VariantName = "[No Variations]"
Add component (AddParameter): Name = "Order code RS"; Value = ""; VariantName = "[No Variations]"
Add component (AddParameter): Name = "Power"; Value = ""; VariantName = "[No Variations]"
Add component (AddParameter): Name = "Rated voltage"; Value = "25V"; VariantName = "[No Variations]"
Add component (AddParameter): Name = "STS Code"; Value = ""; VariantName = "[No Variations]"
Add component (AddParameter): Name = "Technology"; Value = "X5R"; VariantName = "[No Variations]"
Add component (AddParameter): Name = "Temperature  Factor"; Value = ""; VariantName = "[No Variations]"
Add component (AddParameter): Name = "Temperature Max"; Value = "+125°C"; VariantName = "[No Variations]"
Add component (AddParameter): Name = "Temperature Min"; Value = "-55°C"; VariantName = "[No Variations]"
Add component (AddParameter): Name = "Tolerance"; Value = "10%"; VariantName = "[No Variations]"
Add component (AddParameter): Name = "Value"; Value = "1µF"; VariantName = "[No Variations]"
Added Component: Designator=C?(6-0805_N)
Add component. Clean all parameters for all variants
Add component (AddParameter): Name = "LatestRevisionDate"; Value = "17-Jul-2002"; VariantName = "[No Variations]"
Add component (AddParameter): Name = "LatestRevisionNote"; Value = "Re-released for DXP Platform."; VariantName = "[No Variations]"
Add component (AddParameter): Name = "PackageDescription"; Value = "Radial Cap, Thru-Hole; 2 Leads; 0.3 in Pin Spacing"; VariantName = "[No Variations]"
Add component (AddParameter): Name = "PackageReference"; Value = "RAD-0.3"; VariantName = "[No Variations]"
Add component (AddParameter): Name = "Published"; Value = "8-Jun-2000"; VariantName = "[No Variations]"
Add component (AddParameter): Name = "Publisher"; Value = "Altium Limited"; VariantName = "[No Variations]"
Add component (AddParameter): Name = "Value"; Value = "100nF"; VariantName = "[No Variations]"
Added Component: Designator=J2(Phonejack)
Add component. Clean all parameters for all variants
Added Component: Designator=P2(HDR1X2)
Add component. Clean all parameters for all variants
Add component (AddParameter): Name = "LatestRevisionDate"; Value = "17-Jul-2002"; VariantName = "[No Variations]"
Add component (AddParameter): Name = "LatestRevisionNote"; Value = "Re-released for DXP Platform."; VariantName = "[No Variations]"
Add component (AddParameter): Name = "Publisher"; Value = "Altium Limited"; VariantName = "[No Variations]"
Added Component: Designator=R1(6-0805_N)
Add component. Clean all parameters for all variants
Add component (AddParameter): Name = "LatestRevisionDate"; Value = "17-Jul-2002"; VariantName = "[No Variations]"
Add component (AddParameter): Name = "LatestRevisionNote"; Value = "Re-released for DXP Platform."; VariantName = "[No Variations]"
Add component (AddParameter): Name = "PackageDescription"; Value = "Axial Device, Thru-Hole; 2 Leads; 0.3 in Pin Spacing"; VariantName = "[No Variations]"
Add component (AddParameter): Name = "PackageReference"; Value = "AXIAL-0.3"; VariantName = "[No Variations]"
Add component (AddParameter): Name = "Published"; Value = "8-Jun-2000"; VariantName = "[No Variations]"
Add component (AddParameter): Name = "Publisher"; Value = "Altium Limited"; VariantName = "[No Variations]"
Add component (AddParameter): Name = "Value"; Value = "47k"; VariantName = "[No Variations]"
Added Component: Designator=R2(6-0805_M)
Add component. Clean all parameters for all variants
Add component (AddParameter): Name = "LatestRevisionDate"; Value = "17-Jul-2002"; VariantName = "[No Variations]"
Add component (AddParameter): Name = "LatestRevisionNote"; Value = "Re-released for DXP Platform."; VariantName = "[No Variations]"
Add component (AddParameter): Name = "PackageDescription"; Value = "Axial Device, Thru-Hole; 2 Leads; 0.3 in Pin Spacing"; VariantName = "[No Variations]"
Add component (AddParameter): Name = "PackageReference"; Value = "AXIAL-0.3"; VariantName = "[No Variations]"
Add component (AddParameter): Name = "Published"; Value = "8-Jun-2000"; VariantName = "[No Variations]"
Add component (AddParameter): Name = "Publisher"; Value = "Altium Limited"; VariantName = "[No Variations]"
Add component (AddParameter): Name = "Value"; Value = "1K"; VariantName = "[No Variations]"
Added Component: Designator=R3(6-0805_M)
Add component. Clean all parameters for all variants
Add component (AddParameter): Name = "LatestRevisionDate"; Value = "17-Jul-2002"; VariantName = "[No Variations]"
Add component (AddParameter): Name = "LatestRevisionNote"; Value = "Re-released for DXP Platform."; VariantName = "[No Variations]"
Add component (AddParameter): Name = "PackageDescription"; Value = "Axial Device, Thru-Hole; 2 Leads; 0.3 in Pin Spacing"; VariantName = "[No Variations]"
Add component (AddParameter): Name = "PackageReference"; Value = "AXIAL-0.3"; VariantName = "[No Variations]"
Add component (AddParameter): Name = "Published"; Value = "8-Jun-2000"; VariantName = "[No Variations]"
Add component (AddParameter): Name = "Publisher"; Value = "Altium Limited"; VariantName = "[No Variations]"
Add component (AddParameter): Name = "Value"; Value = "1K"; VariantName = "[No Variations]"
Added Component: Designator=R4(6-0805_N)
Add component. Clean all parameters for all variants
Add component (AddParameter): Name = "LatestRevisionDate"; Value = "17-Jul-2002"; VariantName = "[No Variations]"
Add component (AddParameter): Name = "LatestRevisionNote"; Value = "Re-released for DXP Platform."; VariantName = "[No Variations]"
Add component (AddParameter): Name = "PackageDescription"; Value = "Axial Device, Thru-Hole; 2 Leads; 0.3 in Pin Spacing"; VariantName = "[No Variations]"
Add component (AddParameter): Name = "PackageReference"; Value = "AXIAL-0.3"; VariantName = "[No Variations]"
Add component (AddParameter): Name = "Published"; Value = "8-Jun-2000"; VariantName = "[No Variations]"
Add component (AddParameter): Name = "Publisher"; Value = "Altium Limited"; VariantName = "[No Variations]"
Add component (AddParameter): Name = "Value"; Value = "1K"; VariantName = "[No Variations]"
Added Component: Designator=SW1(Btn_Vert)
Add component. Clean all parameters for all variants
Added Component: Designator=SW2(Btn_Vert)
Add component. Clean all parameters for all variants
Added Component: Designator=SW4(Btn_Horiz)
Add component. Clean all parameters for all variants
Added Component: Designator=SW5(Btn_Horiz)
Add component. Clean all parameters for all variants
Added Component: Designator=SW6(Btn_Horiz)
Add component. Clean all parameters for all variants
Added Component: Designator=X1(osc)
Add component. Clean all parameters for all variants
Added Pin To Net: NetName=Net1_1 Pin=1-1
Added Pin To Net: NetName=BAT+ Pin=1-2
Added Pin To Net: NetName=Net2_1 Pin=2-1
Added Pin To Net: NetName=Net1_1 Pin=2-2
Added Pin To Net: NetName=Net3_1 Pin=3-1
Added Pin To Net: NetName=Net2_1 Pin=3-2
Added Pin To Net: NetName=Net4_1 Pin=4-1
Added Pin To Net: NetName=Net3_1 Pin=4-2
Added Pin To Net: NetName=Net5_1 Pin=5-1
Added Pin To Net: NetName=Net4_1 Pin=5-2
Added Pin To Net: NetName=Net5_1 Pin=6-1
Added Pin To Net: NetName=Net6_2 Pin=6-2
Added Pin To Net: NetName=BAT- Pin=7-1
Added Pin To Net: NetName=Net6_2 Pin=7-2
Added Pin To Net: NetName=SIGNAL Pin=8-1
Added Pin To Net: NetName=BAT- Pin=8-2
Added Pin To Net: NetName=+5 Pin=C1-1
Added Pin To Net: NetName=GND Pin=C1-1
Added Pin To Net: NetName=+5 Pin=C1-2
Added Pin To Net: NetName=GND Pin=C1-2
Added Pin To Net: NetName=GND Pin=C2-1
Added Pin To Net: NetName=GND Pin=C2-1
Added Pin To Net: NetName=+5 Pin=C2-2
Added Pin To Net: NetName=RST Pin=C2-2
Added Pin To Net: NetName=+5 Pin=C3-1
Added Pin To Net: NetName=GND Pin=C3-1
Added Pin To Net: NetName=+5 Pin=C3-2
Added Pin To Net: NetName=GND Pin=C3-2
Added Pin To Net: NetName=+5 Pin=C4-1
Added Pin To Net: NetName=GND Pin=C4-1
Added Pin To Net: NetName=+5 Pin=C4-2
Added Pin To Net: NetName=GND Pin=C4-2
Added Pin To Net: NetName=GND Pin=C5-1
Added Pin To Net: NetName=+5 Pin=C5-2
Added Pin To Net: NetName=GND Pin=C5-2
Added Pin To Net: NetName=GND Pin=C6-1
Added Pin To Net: NetName=+5 Pin=C6-2
Added Pin To Net: NetName=GND Pin=C7-1
Added Pin To Net: NetName=+5 Pin=C7-2
Added Pin To Net: NetName=RST Pin=C?-1
Added Pin To Net: NetName=GND Pin=J1-1
Added Pin To Net: NetName=5V Pin=J1-2
Added Pin To Net: NetName=A_Btn Pin=J1-3
Added Pin To Net: NetName=5V Pin=J1-4
Added Pin To Net: NetName=BAT- Pin=J2-1
Added Pin To Net: NetName=BAT+ Pin=J2-2
Added Pin To Net: NetName=SIGNAL Pin=J2-3
Added Pin To Net: NetName=+5 Pin=LD1_U_Column1-1
Added Pin To Net: NetName=NetLD1_U_Column1_2 Pin=LD1_U_Column1-2
Added Pin To Net: NetName=GND Pin=LD1_U_Column1-3
Added Pin To Net: NetName=NetLD1_U_Column1_4 Pin=LD1_U_Column1-4
Added Pin To Net: NetName=+5 Pin=LD1_U_Column2-1
Added Pin To Net: NetName=NetLD1_U_Column2_2 Pin=LD1_U_Column2-2
Added Pin To Net: NetName=GND Pin=LD1_U_Column2-3
Added Pin To Net: NetName=NetLD1_U_Column2_4 Pin=LD1_U_Column2-4
Added Pin To Net: NetName=+5 Pin=LD2_U_Column1-1
Added Pin To Net: NetName=NetLD2_U_Column1_2 Pin=LD2_U_Column1-2
Added Pin To Net: NetName=GND Pin=LD2_U_Column1-3
Added Pin To Net: NetName=NetLD1_U_Column1_2 Pin=LD2_U_Column1-4
Added Pin To Net: NetName=+5 Pin=LD2_U_Column2-1
Added Pin To Net: NetName=NetLD2_U_Column2_2 Pin=LD2_U_Column2-2
Added Pin To Net: NetName=GND Pin=LD2_U_Column2-3
Added Pin To Net: NetName=NetLD1_U_Column2_2 Pin=LD2_U_Column2-4
Added Pin To Net: NetName=+5 Pin=LD3_U_Column1-1
Added Pin To Net: NetName=NetLD3_U_Column1_2 Pin=LD3_U_Column1-2
Added Pin To Net: NetName=GND Pin=LD3_U_Column1-3
Added Pin To Net: NetName=NetLD2_U_Column1_2 Pin=LD3_U_Column1-4
Added Pin To Net: NetName=+5 Pin=LD3_U_Column2-1
Added Pin To Net: NetName=NetLD3_U_Column2_2 Pin=LD3_U_Column2-2
Added Pin To Net: NetName=GND Pin=LD3_U_Column2-3
Added Pin To Net: NetName=NetLD2_U_Column2_2 Pin=LD3_U_Column2-4
Added Pin To Net: NetName=+5 Pin=LD4_U_Column1-1
Added Pin To Net: NetName=NetLD4_U_Column1_2 Pin=LD4_U_Column1-2
Added Pin To Net: NetName=GND Pin=LD4_U_Column1-3
Added Pin To Net: NetName=NetLD3_U_Column1_2 Pin=LD4_U_Column1-4
Added Pin To Net: NetName=+5 Pin=LD4_U_Column2-1
Added Pin To Net: NetName=NetLD4_U_Column2_2 Pin=LD4_U_Column2-2
Added Pin To Net: NetName=GND Pin=LD4_U_Column2-3
Added Pin To Net: NetName=NetLD3_U_Column2_2 Pin=LD4_U_Column2-4
Added Pin To Net: NetName=+5 Pin=LD5_U_Column1-1
Added Pin To Net: NetName=NetLD5_U_Column1_2 Pin=LD5_U_Column1-2
Added Pin To Net: NetName=GND Pin=LD5_U_Column1-3
Added Pin To Net: NetName=NetLD4_U_Column1_2 Pin=LD5_U_Column1-4
Added Pin To Net: NetName=+5 Pin=LD5_U_Column2-1
Added Pin To Net: NetName=NetLD5_U_Column2_2 Pin=LD5_U_Column2-2
Added Pin To Net: NetName=GND Pin=LD5_U_Column2-3
Added Pin To Net: NetName=NetLD4_U_Column2_2 Pin=LD5_U_Column2-4
Added Pin To Net: NetName=+5 Pin=LD6_U_Column1-1
Added Pin To Net: NetName=NetLD6_U_Column1_2 Pin=LD6_U_Column1-2
Added Pin To Net: NetName=GND Pin=LD6_U_Column1-3
Added Pin To Net: NetName=NetLD5_U_Column1_2 Pin=LD6_U_Column1-4
Added Pin To Net: NetName=+5 Pin=LD6_U_Column2-1
Added Pin To Net: NetName=NetLD6_U_Column2_2 Pin=LD6_U_Column2-2
Added Pin To Net: NetName=GND Pin=LD6_U_Column2-3
Added Pin To Net: NetName=NetLD5_U_Column2_2 Pin=LD6_U_Column2-4
Added Pin To Net: NetName=+5 Pin=LD7_U_Column1-1
Added Pin To Net: NetName=NetLD7_U_Column1_2 Pin=LD7_U_Column1-2
Added Pin To Net: NetName=GND Pin=LD7_U_Column1-3
Added Pin To Net: NetName=NetLD6_U_Column1_2 Pin=LD7_U_Column1-4
Added Pin To Net: NetName=+5 Pin=LD7_U_Column2-1
Added Pin To Net: NetName=NetLD7_U_Column2_2 Pin=LD7_U_Column2-2
Added Pin To Net: NetName=GND Pin=LD7_U_Column2-3
Added Pin To Net: NetName=NetLD6_U_Column2_2 Pin=LD7_U_Column2-4
Added Pin To Net: NetName=GND Pin=P1-1
Added Pin To Net: NetName=GND Pin=P1-2
Added Pin To Net: NetName=+5 Pin=P1-3
Added Pin To Net: NetName=UART_RX Pin=P1-4
Added Pin To Net: NetName=UART_TX Pin=P1-5
Added Pin To Net: NetName=BAT- Pin=P2-1
Added Pin To Net: NetName=SIGNAL Pin=P2-2
Added Pin To Net: NetName=RST Pin=R1-1
Added Pin To Net: NetName=+5 Pin=R1-2
Added Pin To Net: NetName=+5 Pin=R2-2
Added Pin To Net: NetName=GND Pin=R3-1
Added Pin To Net: NetName=IR_RX Pin=R4-1
Added Pin To Net: NetName=Net1_1 Pin=SW1-0
Added Pin To Net: NetName=SIGNAL Pin=SW1-1
Added Pin To Net: NetName=SIGNAL Pin=SW2-0
Added Pin To Net: NetName=Net2_1 Pin=SW2-1
Added Pin To Net: NetName=Net4_1 Pin=SW4-2
Added Pin To Net: NetName=SIGNAL Pin=SW4-4
Added Pin To Net: NetName=Net5_1 Pin=SW5-2
Added Pin To Net: NetName=SIGNAL Pin=SW5-3
Added Pin To Net: NetName=SIGNAL Pin=SW5-4
Added Pin To Net: NetName=Net6_2 Pin=SW6-2
Added Pin To Net: NetName=SIGNAL Pin=SW6-3
Added Pin To Net: NetName=SIGNAL Pin=SW6-4
Added Pin To Net: NetName=GND Pin=U1-3
Added Pin To Net: NetName=+5 Pin=U1-4
Added Pin To Net: NetName=GND Pin=U1-5
Added Pin To Net: NetName=+5 Pin=U1-6
Added Pin To Net: NetName=NetU1_7 Pin=U1-7
Added Pin To Net: NetName=NetU1_8 Pin=U1-8
Added Pin To Net: NetName=Indicator Pin=U1-17
Added Pin To Net: NetName=+5 Pin=U1-18
Added Pin To Net: NetName=GND Pin=U1-21
Added Pin To Net: NetName=A_Btn Pin=U1-23
Added Pin To Net: NetName=RST Pin=U1-29
Added Pin To Net: NetName=UART_RX Pin=U1-30
Added Pin To Net: NetName=UART_TX Pin=U1-31
Added Pin To Net: NetName=GND Pin=X1-GND
Added Pin To Net: NetName=NetU1_8 Pin=X1-OSCI
Added Pin To Net: NetName=NetU1_7 Pin=X1-OSCO
Added Pin To Net: NetName=DO1 Pin=LD1_U_Column7-4
Added Pin To Net: NetName=DO1 Pin=U1-9
Added Net: Name=DO1
Added Pin To Net: NetName=DO2 Pin=U1-10
Added Net: Name=DO2
Added Pin To Net: NetName=NetC5_1 Pin=C5-1
Added Pin To Net: NetName=NetC5_1 Pin=U1-20
Added Net: Name=NetC5_1
Added Pin To Net: NetName=NetC?_2 Pin=C?-2
Added Pin To Net: NetName=NetC?_2 Pin=P1-6
Added Net: Name=NetC?_2
Added Pin To Net: NetName=NetD1_2 Pin=R2-1
Added Net: Name=NetD1_2
Added Pin To Net: NetName=NetD2_1 Pin=R3-2
Added Net: Name=NetD2_1
Added Pin To Net: NetName=NetD3_1 Pin=R4-2
Added Net: Name=NetD3_1
Added Member To Class: ClassName=U_Controller Member=Component 1 Res1
Added Member To Class: ClassName=U_Controller Member=Component 2 Res1
Added Member To Class: ClassName=U_Controller Member=Component 3 Res1
Added Member To Class: ClassName=U_Controller Member=Component 4 Res1
Added Member To Class: ClassName=U_Controller Member=Component 5 Res1
Added Member To Class: ClassName=U_Controller Member=Component 6 Res1
Added Member To Class: ClassName=U_Controller Member=Component 7 Res1
Added Member To Class: ClassName=U_Controller Member=Component 8 Res1
Added Member To Class: ClassName=main Member=Component C1 Cap
Added Member To Class: ClassName=U_serpentine Member=Component C1 1uF
Added Member To Class: ClassName=main Member=Component C2 Cap
Added Member To Class: ClassName=U_serpentine Member=Component C2 1uF
Added Member To Class: ClassName=main Member=Component C3 Cap
Added Member To Class: ClassName=U_serpentine Member=Component C3 1uF
Added Member To Class: ClassName=main Member=Component C4 Cap
Added Member To Class: ClassName=U_serpentine Member=Component C4 1uF
Added Member To Class: ClassName=main Member=Component C5 Cap
Added Member To Class: ClassName=U_serpentine Member=Component C5 1uF
Added Member To Class: ClassName=U_serpentine Member=Component C6 1uF
Added Member To Class: ClassName=U_serpentine Member=Component C7 1uF
Added Member To Class: ClassName=main Member=Component C? Cap
Added Member To Class: ClassName=main Member=Component J1 3.5mm Jack
Added Member To Class: ClassName=U_Controller Member=Component J2 3.5mm Jack
Added Member To Class: ClassName=U_Column1 Member=Component LD1_U_Column1 (LD1) WS2812
Added Member To Class: ClassName=U_Column2 Member=Component LD1_U_Column2 (LD1) WS2812
Added Member To Class: ClassName=U_Column1 Member=Component LD2_U_Column1 (LD2) WS2812
Added Member To Class: ClassName=U_Column2 Member=Component LD2_U_Column2 (LD2) WS2812
Added Member To Class: ClassName=U_Column1 Member=Component LD3_U_Column1 (LD3) WS2812
Added Member To Class: ClassName=U_Column2 Member=Component LD3_U_Column2 (LD3) WS2812
Added Member To Class: ClassName=U_Column1 Member=Component LD4_U_Column1 (LD4) WS2812
Added Member To Class: ClassName=U_Column2 Member=Component LD4_U_Column2 (LD4) WS2812
Added Member To Class: ClassName=U_Column1 Member=Component LD5_U_Column1 (LD5) WS2812
Added Member To Class: ClassName=U_Column2 Member=Component LD5_U_Column2 (LD5) WS2812
Added Member To Class: ClassName=U_Column1 Member=Component LD6_U_Column1 (LD6) WS2812
Added Member To Class: ClassName=U_Column2 Member=Component LD6_U_Column2 (LD6) WS2812
Added Member To Class: ClassName=U_Column1 Member=Component LD7_U_Column1 (LD7) WS2812
Added Member To Class: ClassName=U_Column2 Member=Component LD7_U_Column2 (LD7) WS2812
Added Member To Class: ClassName=main Member=Component P1 FTDI
Added Member To Class: ClassName=U_Controller Member=Component P2 Header 2
Added Member To Class: ClassName=main Member=Component R1 Res1
Added Member To Class: ClassName=main Member=Component R2 Res1
Added Member To Class: ClassName=main Member=Component R3 Res1
Added Member To Class: ClassName=main Member=Component R4 Res1
Added Member To Class: ClassName=U_Controller Member=Component SW1 Vertical switch
Added Member To Class: ClassName=U_Controller Member=Component SW2 Vertical switch
Added Member To Class: ClassName=U_Controller Member=Component SW4 Horizontal button
Added Member To Class: ClassName=U_Controller Member=Component SW5 Horizontal button
Added Member To Class: ClassName=U_Controller Member=Component SW6 Horizontal button
Added Member To Class: ClassName=main Member=Component U1 ATmega328
Added Member To Class: ClassName=main Member=Component X1 16MHz
