Added Component: Designator=DEC(PRSP0016DH-B_N)
Added Component: Designator=LED1_U_Column1(0805_A)
Added Component: Designator=LED1_U_Column2(0805_A)
Added Component: Designator=LED1_U_Column3(0805_A)
Added Component: Designator=LED1_U_Column4(0805_A)
Added Component: Designator=LED1_U_Column5(0805_A)
Added Component: Designator=LED1_U_Column6(0805_A)
Added Component: Designator=LED1_U_Column7(0805_A)
Added Component: Designator=LED1_U_Column8(0805_A)
Added Component: Designator=LED1_U_Column9(0805_A)
Added Component: Designator=LED1_U_Column10(0805_A)
Added Component: Designator=LED1_U_Column11(0805_A)
Added Component: Designator=LED1_U_Column12(0805_A)
Added Component: Designator=LED1_U_Column13(0805_A)
Added Component: Designator=LED1_U_Column14(0805_A)
Added Component: Designator=LED1_U_Column15(0805_A)
Added Component: Designator=LED1_U_Column16(0805_A)
Added Component: Designator=LED2_U_Column1(0805_A)
Added Component: Designator=LED2_U_Column2(0805_A)
Added Component: Designator=LED2_U_Column3(0805_A)
Added Component: Designator=LED2_U_Column4(0805_A)
Added Component: Designator=LED2_U_Column5(0805_A)
Added Component: Designator=LED2_U_Column6(0805_A)
Added Component: Designator=LED2_U_Column7(0805_A)
Added Component: Designator=LED2_U_Column8(0805_A)
Added Component: Designator=LED2_U_Column9(0805_A)
Added Component: Designator=LED2_U_Column10(0805_A)
Added Component: Designator=LED2_U_Column11(0805_A)
Added Component: Designator=LED2_U_Column12(0805_A)
Added Component: Designator=LED2_U_Column13(0805_A)
Added Component: Designator=LED2_U_Column14(0805_A)
Added Component: Designator=LED2_U_Column15(0805_A)
Added Component: Designator=LED2_U_Column16(0805_A)
Added Component: Designator=LED3_U_Column1(0805_A)
Added Component: Designator=LED3_U_Column2(0805_A)
Added Component: Designator=LED3_U_Column3(0805_A)
Added Component: Designator=LED3_U_Column4(0805_A)
Added Component: Designator=LED3_U_Column5(0805_A)
Added Component: Designator=LED3_U_Column6(0805_A)
Added Component: Designator=LED3_U_Column7(0805_A)
Added Component: Designator=LED3_U_Column8(0805_A)
Added Component: Designator=LED3_U_Column9(0805_A)
Added Component: Designator=LED3_U_Column10(0805_A)
Added Component: Designator=LED3_U_Column11(0805_A)
Added Component: Designator=LED3_U_Column12(0805_A)
Added Component: Designator=LED3_U_Column13(0805_A)
Added Component: Designator=LED3_U_Column14(0805_A)
Added Component: Designator=LED3_U_Column15(0805_A)
Added Component: Designator=LED3_U_Column16(0805_A)
Added Component: Designator=LED4_U_Column1(0805_A)
Added Component: Designator=LED4_U_Column2(0805_A)
Added Component: Designator=LED4_U_Column3(0805_A)
Added Component: Designator=LED4_U_Column4(0805_A)
Added Component: Designator=LED4_U_Column5(0805_A)
Added Component: Designator=LED4_U_Column6(0805_A)
Added Component: Designator=LED4_U_Column7(0805_A)
Added Component: Designator=LED4_U_Column8(0805_A)
Added Component: Designator=LED4_U_Column9(0805_A)
Added Component: Designator=LED4_U_Column10(0805_A)
Added Component: Designator=LED4_U_Column11(0805_A)
Added Component: Designator=LED4_U_Column12(0805_A)
Added Component: Designator=LED4_U_Column13(0805_A)
Added Component: Designator=LED4_U_Column14(0805_A)
Added Component: Designator=LED4_U_Column15(0805_A)
Added Component: Designator=LED4_U_Column16(0805_A)
Added Component: Designator=LED5_U_Column1(0805_A)
Added Component: Designator=LED5_U_Column2(0805_A)
Added Component: Designator=LED5_U_Column3(0805_A)
Added Component: Designator=LED5_U_Column4(0805_A)
Added Component: Designator=LED5_U_Column5(0805_A)
Added Component: Designator=LED5_U_Column6(0805_A)
Added Component: Designator=LED5_U_Column7(0805_A)
Added Component: Designator=LED5_U_Column8(0805_A)
Added Component: Designator=LED5_U_Column9(0805_A)
Added Component: Designator=LED5_U_Column10(0805_A)
Added Component: Designator=LED5_U_Column11(0805_A)
Added Component: Designator=LED5_U_Column12(0805_A)
Added Component: Designator=LED5_U_Column13(0805_A)
Added Component: Designator=LED5_U_Column14(0805_A)
Added Component: Designator=LED5_U_Column15(0805_A)
Added Component: Designator=LED5_U_Column16(0805_A)
Added Component: Designator=LED6_U_Column1(0805_A)
Added Component: Designator=LED6_U_Column2(0805_A)
Added Component: Designator=LED6_U_Column3(0805_A)
Added Component: Designator=LED6_U_Column4(0805_A)
Added Component: Designator=LED6_U_Column5(0805_A)
Added Component: Designator=LED6_U_Column6(0805_A)
Added Component: Designator=LED6_U_Column7(0805_A)
Added Component: Designator=LED6_U_Column8(0805_A)
Added Component: Designator=LED6_U_Column9(0805_A)
Added Component: Designator=LED6_U_Column10(0805_A)
Added Component: Designator=LED6_U_Column11(0805_A)
Added Component: Designator=LED6_U_Column12(0805_A)
Added Component: Designator=LED6_U_Column13(0805_A)
Added Component: Designator=LED6_U_Column14(0805_A)
Added Component: Designator=LED6_U_Column15(0805_A)
Added Component: Designator=LED6_U_Column16(0805_A)
Added Component: Designator=LED7_U_Column1(0805_A)
Added Component: Designator=LED7_U_Column2(0805_A)
Added Component: Designator=LED7_U_Column3(0805_A)
Added Component: Designator=LED7_U_Column4(0805_A)
Added Component: Designator=LED7_U_Column5(0805_A)
Added Component: Designator=LED7_U_Column6(0805_A)
Added Component: Designator=LED7_U_Column7(0805_A)
Added Component: Designator=LED7_U_Column8(0805_A)
Added Component: Designator=LED7_U_Column9(0805_A)
Added Component: Designator=LED7_U_Column10(0805_A)
Added Component: Designator=LED7_U_Column11(0805_A)
Added Component: Designator=LED7_U_Column12(0805_A)
Added Component: Designator=LED7_U_Column13(0805_A)
Added Component: Designator=LED7_U_Column14(0805_A)
Added Component: Designator=LED7_U_Column15(0805_A)
Added Component: Designator=LED7_U_Column16(0805_A)
Added Component: Designator=LED8_U_Column1(0805_A)
Added Component: Designator=LED8_U_Column2(0805_A)
Added Component: Designator=LED8_U_Column3(0805_A)
Added Component: Designator=LED8_U_Column4(0805_A)
Added Component: Designator=LED8_U_Column5(0805_A)
Added Component: Designator=LED8_U_Column6(0805_A)
Added Component: Designator=LED8_U_Column7(0805_A)
Added Component: Designator=LED8_U_Column8(0805_A)
Added Component: Designator=LED8_U_Column9(0805_A)
Added Component: Designator=LED8_U_Column10(0805_A)
Added Component: Designator=LED8_U_Column11(0805_A)
Added Component: Designator=LED8_U_Column12(0805_A)
Added Component: Designator=LED8_U_Column13(0805_A)
Added Component: Designator=LED8_U_Column14(0805_A)
Added Component: Designator=LED8_U_Column15(0805_A)
Added Component: Designator=LED8_U_Column16(0805_A)
Added Component: Designator=R1(Rowres)
Added Component: Designator=R2(Rowres)
Added Component: Designator=Shift1(PRSP0016DH-B_N)
Added Component: Designator=Shift2(PRSP0016DH-B_N)
Added Component: Designator=TRAN(LW18_N)
Added Pin To Net: NetName=A1 Pin=DEC-1
Added Pin To Net: NetName=A2 Pin=DEC-2
Added Pin To Net: NetName=A3 Pin=DEC-3
Added Pin To Net: NetName=GND Pin=DEC-4
Added Pin To Net: NetName=GND Pin=DEC-5
Added Pin To Net: NetName=VCC Pin=DEC-6
Added Pin To Net: NetName=NetDEC_7 Pin=DEC-7
Added Pin To Net: NetName=NetDEC_8 Pin=DEC-8
Added Pin To Net: NetName=NetDEC_9 Pin=DEC-9
Added Pin To Net: NetName=NetDEC_10 Pin=DEC-10
Added Pin To Net: NetName=NetDEC_11 Pin=DEC-11
Added Pin To Net: NetName=NetDEC_12 Pin=DEC-12
Added Pin To Net: NetName=NetDEC_13 Pin=DEC-13
Added Pin To Net: NetName=NetDEC_14 Pin=DEC-14
Added Pin To Net: NetName=NetDEC_15 Pin=DEC-15
Added Pin To Net: NetName=VCC Pin=DEC-16
Added Pin To Net: NetName=ROW1 Pin=LED1_U_Column1-1
Added Pin To Net: NetName=NetLED1_U_Column1_2 Pin=LED1_U_Column1-2
Added Pin To Net: NetName=ROW1 Pin=LED1_U_Column2-1
Added Pin To Net: NetName=NetLED1_U_Column2_2 Pin=LED1_U_Column2-2
Added Pin To Net: NetName=ROW1 Pin=LED1_U_Column3-1
Added Pin To Net: NetName=NetLED1_U_Column3_2 Pin=LED1_U_Column3-2
Added Pin To Net: NetName=ROW1 Pin=LED1_U_Column4-1
Added Pin To Net: NetName=NetLED1_U_Column4_2 Pin=LED1_U_Column4-2
Added Pin To Net: NetName=ROW1 Pin=LED1_U_Column5-1
Added Pin To Net: NetName=NetLED1_U_Column5_2 Pin=LED1_U_Column5-2
Added Pin To Net: NetName=ROW1 Pin=LED1_U_Column6-1
Added Pin To Net: NetName=NetLED1_U_Column6_2 Pin=LED1_U_Column6-2
Added Pin To Net: NetName=ROW1 Pin=LED1_U_Column7-1
Added Pin To Net: NetName=NetLED1_U_Column7_2 Pin=LED1_U_Column7-2
Added Pin To Net: NetName=ROW1 Pin=LED1_U_Column8-1
Added Pin To Net: NetName=NetLED1_U_Column8_2 Pin=LED1_U_Column8-2
Added Pin To Net: NetName=ROW1 Pin=LED1_U_Column9-1
Added Pin To Net: NetName=NetLED1_U_Column9_2 Pin=LED1_U_Column9-2
Added Pin To Net: NetName=ROW1 Pin=LED1_U_Column10-1
Added Pin To Net: NetName=NetLED1_U_Column10_2 Pin=LED1_U_Column10-2
Added Pin To Net: NetName=ROW1 Pin=LED1_U_Column11-1
Added Pin To Net: NetName=NetLED1_U_Column11_2 Pin=LED1_U_Column11-2
Added Pin To Net: NetName=ROW1 Pin=LED1_U_Column12-1
Added Pin To Net: NetName=NetLED1_U_Column12_2 Pin=LED1_U_Column12-2
Added Pin To Net: NetName=ROW1 Pin=LED1_U_Column13-1
Added Pin To Net: NetName=NetLED1_U_Column13_2 Pin=LED1_U_Column13-2
Added Pin To Net: NetName=ROW1 Pin=LED1_U_Column14-1
Added Pin To Net: NetName=NetLED1_U_Column14_2 Pin=LED1_U_Column14-2
Added Pin To Net: NetName=ROW1 Pin=LED1_U_Column15-1
Added Pin To Net: NetName=NetLED1_U_Column15_2 Pin=LED1_U_Column15-2
Added Pin To Net: NetName=ROW1 Pin=LED1_U_Column16-1
Added Pin To Net: NetName=NetLED1_U_Column16_2 Pin=LED1_U_Column16-2
Added Pin To Net: NetName=ROW2 Pin=LED2_U_Column1-1
Added Pin To Net: NetName=NetLED1_U_Column1_2 Pin=LED2_U_Column1-2
Added Pin To Net: NetName=ROW2 Pin=LED2_U_Column2-1
Added Pin To Net: NetName=NetLED1_U_Column2_2 Pin=LED2_U_Column2-2
Added Pin To Net: NetName=ROW2 Pin=LED2_U_Column3-1
Added Pin To Net: NetName=NetLED1_U_Column3_2 Pin=LED2_U_Column3-2
Added Pin To Net: NetName=ROW2 Pin=LED2_U_Column4-1
Added Pin To Net: NetName=NetLED1_U_Column4_2 Pin=LED2_U_Column4-2
Added Pin To Net: NetName=ROW2 Pin=LED2_U_Column5-1
Added Pin To Net: NetName=NetLED1_U_Column5_2 Pin=LED2_U_Column5-2
Added Pin To Net: NetName=ROW2 Pin=LED2_U_Column6-1
Added Pin To Net: NetName=NetLED1_U_Column6_2 Pin=LED2_U_Column6-2
Added Pin To Net: NetName=ROW2 Pin=LED2_U_Column7-1
Added Pin To Net: NetName=NetLED1_U_Column7_2 Pin=LED2_U_Column7-2
Added Pin To Net: NetName=ROW2 Pin=LED2_U_Column8-1
Added Pin To Net: NetName=NetLED1_U_Column8_2 Pin=LED2_U_Column8-2
Added Pin To Net: NetName=ROW2 Pin=LED2_U_Column9-1
Added Pin To Net: NetName=NetLED1_U_Column9_2 Pin=LED2_U_Column9-2
Added Pin To Net: NetName=ROW2 Pin=LED2_U_Column10-1
Added Pin To Net: NetName=NetLED1_U_Column10_2 Pin=LED2_U_Column10-2
Added Pin To Net: NetName=ROW2 Pin=LED2_U_Column11-1
Added Pin To Net: NetName=NetLED1_U_Column11_2 Pin=LED2_U_Column11-2
Added Pin To Net: NetName=ROW2 Pin=LED2_U_Column12-1
Added Pin To Net: NetName=NetLED1_U_Column12_2 Pin=LED2_U_Column12-2
Added Pin To Net: NetName=ROW2 Pin=LED2_U_Column13-1
Added Pin To Net: NetName=NetLED1_U_Column13_2 Pin=LED2_U_Column13-2
Added Pin To Net: NetName=ROW2 Pin=LED2_U_Column14-1
Added Pin To Net: NetName=NetLED1_U_Column14_2 Pin=LED2_U_Column14-2
Added Pin To Net: NetName=ROW2 Pin=LED2_U_Column15-1
Added Pin To Net: NetName=NetLED1_U_Column15_2 Pin=LED2_U_Column15-2
Added Pin To Net: NetName=ROW2 Pin=LED2_U_Column16-1
Added Pin To Net: NetName=NetLED1_U_Column16_2 Pin=LED2_U_Column16-2
Added Pin To Net: NetName=ROW3 Pin=LED3_U_Column1-1
Added Pin To Net: NetName=NetLED1_U_Column1_2 Pin=LED3_U_Column1-2
Added Pin To Net: NetName=ROW3 Pin=LED3_U_Column2-1
Added Pin To Net: NetName=NetLED1_U_Column2_2 Pin=LED3_U_Column2-2
Added Pin To Net: NetName=ROW3 Pin=LED3_U_Column3-1
Added Pin To Net: NetName=NetLED1_U_Column3_2 Pin=LED3_U_Column3-2
Added Pin To Net: NetName=ROW3 Pin=LED3_U_Column4-1
Added Pin To Net: NetName=NetLED1_U_Column4_2 Pin=LED3_U_Column4-2
Added Pin To Net: NetName=ROW3 Pin=LED3_U_Column5-1
Added Pin To Net: NetName=NetLED1_U_Column5_2 Pin=LED3_U_Column5-2
Added Pin To Net: NetName=ROW3 Pin=LED3_U_Column6-1
Added Pin To Net: NetName=NetLED1_U_Column6_2 Pin=LED3_U_Column6-2
Added Pin To Net: NetName=ROW3 Pin=LED3_U_Column7-1
Added Pin To Net: NetName=NetLED1_U_Column7_2 Pin=LED3_U_Column7-2
Added Pin To Net: NetName=ROW3 Pin=LED3_U_Column8-1
Added Pin To Net: NetName=NetLED1_U_Column8_2 Pin=LED3_U_Column8-2
Added Pin To Net: NetName=ROW3 Pin=LED3_U_Column9-1
Added Pin To Net: NetName=NetLED1_U_Column9_2 Pin=LED3_U_Column9-2
Added Pin To Net: NetName=ROW3 Pin=LED3_U_Column10-1
Added Pin To Net: NetName=NetLED1_U_Column10_2 Pin=LED3_U_Column10-2
Added Pin To Net: NetName=ROW3 Pin=LED3_U_Column11-1
Added Pin To Net: NetName=NetLED1_U_Column11_2 Pin=LED3_U_Column11-2
Added Pin To Net: NetName=ROW3 Pin=LED3_U_Column12-1
Added Pin To Net: NetName=NetLED1_U_Column12_2 Pin=LED3_U_Column12-2
Added Pin To Net: NetName=ROW3 Pin=LED3_U_Column13-1
Added Pin To Net: NetName=NetLED1_U_Column13_2 Pin=LED3_U_Column13-2
Added Pin To Net: NetName=ROW3 Pin=LED3_U_Column14-1
Added Pin To Net: NetName=NetLED1_U_Column14_2 Pin=LED3_U_Column14-2
Added Pin To Net: NetName=ROW3 Pin=LED3_U_Column15-1
Added Pin To Net: NetName=NetLED1_U_Column15_2 Pin=LED3_U_Column15-2
Added Pin To Net: NetName=ROW3 Pin=LED3_U_Column16-1
Added Pin To Net: NetName=NetLED1_U_Column16_2 Pin=LED3_U_Column16-2
Added Pin To Net: NetName=ROW4 Pin=LED4_U_Column1-1
Added Pin To Net: NetName=NetLED1_U_Column1_2 Pin=LED4_U_Column1-2
Added Pin To Net: NetName=ROW4 Pin=LED4_U_Column2-1
Added Pin To Net: NetName=NetLED1_U_Column2_2 Pin=LED4_U_Column2-2
Added Pin To Net: NetName=ROW4 Pin=LED4_U_Column3-1
Added Pin To Net: NetName=NetLED1_U_Column3_2 Pin=LED4_U_Column3-2
Added Pin To Net: NetName=ROW4 Pin=LED4_U_Column4-1
Added Pin To Net: NetName=NetLED1_U_Column4_2 Pin=LED4_U_Column4-2
Added Pin To Net: NetName=ROW4 Pin=LED4_U_Column5-1
Added Pin To Net: NetName=NetLED1_U_Column5_2 Pin=LED4_U_Column5-2
Added Pin To Net: NetName=ROW4 Pin=LED4_U_Column6-1
Added Pin To Net: NetName=NetLED1_U_Column6_2 Pin=LED4_U_Column6-2
Added Pin To Net: NetName=ROW4 Pin=LED4_U_Column7-1
Added Pin To Net: NetName=NetLED1_U_Column7_2 Pin=LED4_U_Column7-2
Added Pin To Net: NetName=ROW4 Pin=LED4_U_Column8-1
Added Pin To Net: NetName=NetLED1_U_Column8_2 Pin=LED4_U_Column8-2
Added Pin To Net: NetName=ROW4 Pin=LED4_U_Column9-1
Added Pin To Net: NetName=NetLED1_U_Column9_2 Pin=LED4_U_Column9-2
Added Pin To Net: NetName=ROW4 Pin=LED4_U_Column10-1
Added Pin To Net: NetName=NetLED1_U_Column10_2 Pin=LED4_U_Column10-2
Added Pin To Net: NetName=ROW4 Pin=LED4_U_Column11-1
Added Pin To Net: NetName=NetLED1_U_Column11_2 Pin=LED4_U_Column11-2
Added Pin To Net: NetName=ROW4 Pin=LED4_U_Column12-1
Added Pin To Net: NetName=NetLED1_U_Column12_2 Pin=LED4_U_Column12-2
Added Pin To Net: NetName=ROW4 Pin=LED4_U_Column13-1
Added Pin To Net: NetName=NetLED1_U_Column13_2 Pin=LED4_U_Column13-2
Added Pin To Net: NetName=ROW4 Pin=LED4_U_Column14-1
Added Pin To Net: NetName=NetLED1_U_Column14_2 Pin=LED4_U_Column14-2
Added Pin To Net: NetName=ROW4 Pin=LED4_U_Column15-1
Added Pin To Net: NetName=NetLED1_U_Column15_2 Pin=LED4_U_Column15-2
Added Pin To Net: NetName=ROW4 Pin=LED4_U_Column16-1
Added Pin To Net: NetName=NetLED1_U_Column16_2 Pin=LED4_U_Column16-2
Added Pin To Net: NetName=ROW5 Pin=LED5_U_Column1-1
Added Pin To Net: NetName=NetLED1_U_Column1_2 Pin=LED5_U_Column1-2
Added Pin To Net: NetName=ROW5 Pin=LED5_U_Column2-1
Added Pin To Net: NetName=NetLED1_U_Column2_2 Pin=LED5_U_Column2-2
Added Pin To Net: NetName=ROW5 Pin=LED5_U_Column3-1
Added Pin To Net: NetName=NetLED1_U_Column3_2 Pin=LED5_U_Column3-2
Added Pin To Net: NetName=ROW5 Pin=LED5_U_Column4-1
Added Pin To Net: NetName=NetLED1_U_Column4_2 Pin=LED5_U_Column4-2
Added Pin To Net: NetName=ROW5 Pin=LED5_U_Column5-1
Added Pin To Net: NetName=NetLED1_U_Column5_2 Pin=LED5_U_Column5-2
Added Pin To Net: NetName=ROW5 Pin=LED5_U_Column6-1
Added Pin To Net: NetName=NetLED1_U_Column6_2 Pin=LED5_U_Column6-2
Added Pin To Net: NetName=ROW5 Pin=LED5_U_Column7-1
Added Pin To Net: NetName=NetLED1_U_Column7_2 Pin=LED5_U_Column7-2
Added Pin To Net: NetName=ROW5 Pin=LED5_U_Column8-1
Added Pin To Net: NetName=NetLED1_U_Column8_2 Pin=LED5_U_Column8-2
Added Pin To Net: NetName=ROW5 Pin=LED5_U_Column9-1
Added Pin To Net: NetName=NetLED1_U_Column9_2 Pin=LED5_U_Column9-2
Added Pin To Net: NetName=ROW5 Pin=LED5_U_Column10-1
Added Pin To Net: NetName=NetLED1_U_Column10_2 Pin=LED5_U_Column10-2
Added Pin To Net: NetName=ROW5 Pin=LED5_U_Column11-1
Added Pin To Net: NetName=NetLED1_U_Column11_2 Pin=LED5_U_Column11-2
Added Pin To Net: NetName=ROW5 Pin=LED5_U_Column12-1
Added Pin To Net: NetName=NetLED1_U_Column12_2 Pin=LED5_U_Column12-2
Added Pin To Net: NetName=ROW5 Pin=LED5_U_Column13-1
Added Pin To Net: NetName=NetLED1_U_Column13_2 Pin=LED5_U_Column13-2
Added Pin To Net: NetName=ROW5 Pin=LED5_U_Column14-1
Added Pin To Net: NetName=NetLED1_U_Column14_2 Pin=LED5_U_Column14-2
Added Pin To Net: NetName=ROW5 Pin=LED5_U_Column15-1
Added Pin To Net: NetName=NetLED1_U_Column15_2 Pin=LED5_U_Column15-2
Added Pin To Net: NetName=ROW5 Pin=LED5_U_Column16-1
Added Pin To Net: NetName=NetLED1_U_Column16_2 Pin=LED5_U_Column16-2
Added Pin To Net: NetName=ROW6 Pin=LED6_U_Column1-1
Added Pin To Net: NetName=NetLED1_U_Column1_2 Pin=LED6_U_Column1-2
Added Pin To Net: NetName=ROW6 Pin=LED6_U_Column2-1
Added Pin To Net: NetName=NetLED1_U_Column2_2 Pin=LED6_U_Column2-2
Added Pin To Net: NetName=ROW6 Pin=LED6_U_Column3-1
Added Pin To Net: NetName=NetLED1_U_Column3_2 Pin=LED6_U_Column3-2
Added Pin To Net: NetName=ROW6 Pin=LED6_U_Column4-1
Added Pin To Net: NetName=NetLED1_U_Column4_2 Pin=LED6_U_Column4-2
Added Pin To Net: NetName=ROW6 Pin=LED6_U_Column5-1
Added Pin To Net: NetName=NetLED1_U_Column5_2 Pin=LED6_U_Column5-2
Added Pin To Net: NetName=ROW6 Pin=LED6_U_Column6-1
Added Pin To Net: NetName=NetLED1_U_Column6_2 Pin=LED6_U_Column6-2
Added Pin To Net: NetName=ROW6 Pin=LED6_U_Column7-1
Added Pin To Net: NetName=NetLED1_U_Column7_2 Pin=LED6_U_Column7-2
Added Pin To Net: NetName=ROW6 Pin=LED6_U_Column8-1
Added Pin To Net: NetName=NetLED1_U_Column8_2 Pin=LED6_U_Column8-2
Added Pin To Net: NetName=ROW6 Pin=LED6_U_Column9-1
Added Pin To Net: NetName=NetLED1_U_Column9_2 Pin=LED6_U_Column9-2
Added Pin To Net: NetName=ROW6 Pin=LED6_U_Column10-1
Added Pin To Net: NetName=NetLED1_U_Column10_2 Pin=LED6_U_Column10-2
Added Pin To Net: NetName=ROW6 Pin=LED6_U_Column11-1
Added Pin To Net: NetName=NetLED1_U_Column11_2 Pin=LED6_U_Column11-2
Added Pin To Net: NetName=ROW6 Pin=LED6_U_Column12-1
Added Pin To Net: NetName=NetLED1_U_Column12_2 Pin=LED6_U_Column12-2
Added Pin To Net: NetName=ROW6 Pin=LED6_U_Column13-1
Added Pin To Net: NetName=NetLED1_U_Column13_2 Pin=LED6_U_Column13-2
Added Pin To Net: NetName=ROW6 Pin=LED6_U_Column14-1
Added Pin To Net: NetName=NetLED1_U_Column14_2 Pin=LED6_U_Column14-2
Added Pin To Net: NetName=ROW6 Pin=LED6_U_Column15-1
Added Pin To Net: NetName=NetLED1_U_Column15_2 Pin=LED6_U_Column15-2
Added Pin To Net: NetName=ROW6 Pin=LED6_U_Column16-1
Added Pin To Net: NetName=NetLED1_U_Column16_2 Pin=LED6_U_Column16-2
Added Pin To Net: NetName=ROW7 Pin=LED7_U_Column1-1
Added Pin To Net: NetName=NetLED1_U_Column1_2 Pin=LED7_U_Column1-2
Added Pin To Net: NetName=ROW7 Pin=LED7_U_Column2-1
Added Pin To Net: NetName=NetLED1_U_Column2_2 Pin=LED7_U_Column2-2
Added Pin To Net: NetName=ROW7 Pin=LED7_U_Column3-1
Added Pin To Net: NetName=NetLED1_U_Column3_2 Pin=LED7_U_Column3-2
Added Pin To Net: NetName=ROW7 Pin=LED7_U_Column4-1
Added Pin To Net: NetName=NetLED1_U_Column4_2 Pin=LED7_U_Column4-2
Added Pin To Net: NetName=ROW7 Pin=LED7_U_Column5-1
Added Pin To Net: NetName=NetLED1_U_Column5_2 Pin=LED7_U_Column5-2
Added Pin To Net: NetName=ROW7 Pin=LED7_U_Column6-1
Added Pin To Net: NetName=NetLED1_U_Column6_2 Pin=LED7_U_Column6-2
Added Pin To Net: NetName=ROW7 Pin=LED7_U_Column7-1
Added Pin To Net: NetName=NetLED1_U_Column7_2 Pin=LED7_U_Column7-2
Added Pin To Net: NetName=ROW7 Pin=LED7_U_Column8-1
Added Pin To Net: NetName=NetLED1_U_Column8_2 Pin=LED7_U_Column8-2
Added Pin To Net: NetName=ROW7 Pin=LED7_U_Column9-1
Added Pin To Net: NetName=NetLED1_U_Column9_2 Pin=LED7_U_Column9-2
Added Pin To Net: NetName=ROW7 Pin=LED7_U_Column10-1
Added Pin To Net: NetName=NetLED1_U_Column10_2 Pin=LED7_U_Column10-2
Added Pin To Net: NetName=ROW7 Pin=LED7_U_Column11-1
Added Pin To Net: NetName=NetLED1_U_Column11_2 Pin=LED7_U_Column11-2
Added Pin To Net: NetName=ROW7 Pin=LED7_U_Column12-1
Added Pin To Net: NetName=NetLED1_U_Column12_2 Pin=LED7_U_Column12-2
Added Pin To Net: NetName=ROW7 Pin=LED7_U_Column13-1
Added Pin To Net: NetName=NetLED1_U_Column13_2 Pin=LED7_U_Column13-2
Added Pin To Net: NetName=ROW7 Pin=LED7_U_Column14-1
Added Pin To Net: NetName=NetLED1_U_Column14_2 Pin=LED7_U_Column14-2
Added Pin To Net: NetName=ROW7 Pin=LED7_U_Column15-1
Added Pin To Net: NetName=NetLED1_U_Column15_2 Pin=LED7_U_Column15-2
Added Pin To Net: NetName=ROW7 Pin=LED7_U_Column16-1
Added Pin To Net: NetName=NetLED1_U_Column16_2 Pin=LED7_U_Column16-2
Added Pin To Net: NetName=ROW8 Pin=LED8_U_Column1-1
Added Pin To Net: NetName=NetLED1_U_Column1_2 Pin=LED8_U_Column1-2
Added Pin To Net: NetName=ROW8 Pin=LED8_U_Column2-1
Added Pin To Net: NetName=NetLED1_U_Column2_2 Pin=LED8_U_Column2-2
Added Pin To Net: NetName=ROW8 Pin=LED8_U_Column3-1
Added Pin To Net: NetName=NetLED1_U_Column3_2 Pin=LED8_U_Column3-2
Added Pin To Net: NetName=ROW8 Pin=LED8_U_Column4-1
Added Pin To Net: NetName=NetLED1_U_Column4_2 Pin=LED8_U_Column4-2
Added Pin To Net: NetName=ROW8 Pin=LED8_U_Column5-1
Added Pin To Net: NetName=NetLED1_U_Column5_2 Pin=LED8_U_Column5-2
Added Pin To Net: NetName=ROW8 Pin=LED8_U_Column6-1
Added Pin To Net: NetName=NetLED1_U_Column6_2 Pin=LED8_U_Column6-2
Added Pin To Net: NetName=ROW8 Pin=LED8_U_Column7-1
Added Pin To Net: NetName=NetLED1_U_Column7_2 Pin=LED8_U_Column7-2
Added Pin To Net: NetName=ROW8 Pin=LED8_U_Column8-1
Added Pin To Net: NetName=NetLED1_U_Column8_2 Pin=LED8_U_Column8-2
Added Pin To Net: NetName=ROW8 Pin=LED8_U_Column9-1
Added Pin To Net: NetName=NetLED1_U_Column9_2 Pin=LED8_U_Column9-2
Added Pin To Net: NetName=ROW8 Pin=LED8_U_Column10-1
Added Pin To Net: NetName=NetLED1_U_Column10_2 Pin=LED8_U_Column10-2
Added Pin To Net: NetName=ROW8 Pin=LED8_U_Column11-1
Added Pin To Net: NetName=NetLED1_U_Column11_2 Pin=LED8_U_Column11-2
Added Pin To Net: NetName=ROW8 Pin=LED8_U_Column12-1
Added Pin To Net: NetName=NetLED1_U_Column12_2 Pin=LED8_U_Column12-2
Added Pin To Net: NetName=ROW8 Pin=LED8_U_Column13-1
Added Pin To Net: NetName=NetLED1_U_Column13_2 Pin=LED8_U_Column13-2
Added Pin To Net: NetName=ROW8 Pin=LED8_U_Column14-1
Added Pin To Net: NetName=NetLED1_U_Column14_2 Pin=LED8_U_Column14-2
Added Pin To Net: NetName=ROW8 Pin=LED8_U_Column15-1
Added Pin To Net: NetName=NetLED1_U_Column15_2 Pin=LED8_U_Column15-2
Added Pin To Net: NetName=ROW8 Pin=LED8_U_Column16-1
Added Pin To Net: NetName=NetLED1_U_Column16_2 Pin=LED8_U_Column16-2
Added Pin To Net: NetName=NetR1_0 Pin=R1-0
Added Pin To Net: NetName=NetR1_1 Pin=R1-1
Added Pin To Net: NetName=NetR1_2 Pin=R1-2
Added Pin To Net: NetName=NetR1_3 Pin=R1-3
Added Pin To Net: NetName=NetR1_4 Pin=R1-4
Added Pin To Net: NetName=NetR1_5 Pin=R1-5
Added Pin To Net: NetName=NetR1_6 Pin=R1-6
Added Pin To Net: NetName=NetR1_7 Pin=R1-7
Added Pin To Net: NetName=S1_BUS1 Pin=R1-8
Added Pin To Net: NetName=S1_BUS2 Pin=R1-9
Added Pin To Net: NetName=S1_BUS3 Pin=R1-10
Added Pin To Net: NetName=S1_BUS4 Pin=R1-11
Added Pin To Net: NetName=S1_BUS5 Pin=R1-12
Added Pin To Net: NetName=S1_BUS6 Pin=R1-13
Added Pin To Net: NetName=S1_BUS7 Pin=R1-14
Added Pin To Net: NetName=S1_BUS8 Pin=R1-15
Added Pin To Net: NetName=NetR2_0 Pin=R2-0
Added Pin To Net: NetName=NetR2_1 Pin=R2-1
Added Pin To Net: NetName=NetR2_2 Pin=R2-2
Added Pin To Net: NetName=NetR2_3 Pin=R2-3
Added Pin To Net: NetName=NetR2_4 Pin=R2-4
Added Pin To Net: NetName=NetR2_5 Pin=R2-5
Added Pin To Net: NetName=NetR2_6 Pin=R2-6
Added Pin To Net: NetName=NetR2_7 Pin=R2-7
Added Pin To Net: NetName=NetR1_1 Pin=Shift1-1
Added Pin To Net: NetName=NetR1_2 Pin=Shift1-2
Added Pin To Net: NetName=NetR1_3 Pin=Shift1-3
Added Pin To Net: NetName=NetR1_4 Pin=Shift1-4
Added Pin To Net: NetName=NetR1_5 Pin=Shift1-5
Added Pin To Net: NetName=NetR1_6 Pin=Shift1-6
Added Pin To Net: NetName=NetR1_7 Pin=Shift1-7
Added Pin To Net: NetName=GND Pin=Shift1-8
Added Pin To Net: NetName=NetShift1_9 Pin=Shift1-9
Added Pin To Net: NetName=VCC Pin=Shift1-10
Added Pin To Net: NetName=CLK Pin=Shift1-11
Added Pin To Net: NetName=LOAD Pin=Shift1-12
Added Pin To Net: NetName=OE_SHT Pin=Shift1-13
Added Pin To Net: NetName=MOSI Pin=Shift1-14
Added Pin To Net: NetName=NetR1_0 Pin=Shift1-15
Added Pin To Net: NetName=VCC Pin=Shift1-16
Added Pin To Net: NetName=NetR2_1 Pin=Shift2-1
Added Pin To Net: NetName=NetR2_2 Pin=Shift2-2
Added Pin To Net: NetName=NetR2_3 Pin=Shift2-3
Added Pin To Net: NetName=NetR2_4 Pin=Shift2-4
Added Pin To Net: NetName=NetR2_5 Pin=Shift2-5
Added Pin To Net: NetName=NetR2_6 Pin=Shift2-6
Added Pin To Net: NetName=NetR2_7 Pin=Shift2-7
Added Pin To Net: NetName=GND Pin=Shift2-8
Added Pin To Net: NetName=VCC Pin=Shift2-10
Added Pin To Net: NetName=CLK Pin=Shift2-11
Added Pin To Net: NetName=LOAD Pin=Shift2-12
Added Pin To Net: NetName=OE_SHT Pin=Shift2-13
Added Pin To Net: NetName=NetShift1_9 Pin=Shift2-14
Added Pin To Net: NetName=NetR2_0 Pin=Shift2-15
Added Pin To Net: NetName=VCC Pin=Shift2-16
Added Pin To Net: NetName=NetDEC_15 Pin=TRAN-1
Added Pin To Net: NetName=NetDEC_14 Pin=TRAN-2
Added Pin To Net: NetName=NetDEC_13 Pin=TRAN-3
Added Pin To Net: NetName=NetDEC_12 Pin=TRAN-4
Added Pin To Net: NetName=NetDEC_11 Pin=TRAN-5
Added Pin To Net: NetName=NetDEC_10 Pin=TRAN-6
Added Pin To Net: NetName=NetDEC_9 Pin=TRAN-7
Added Pin To Net: NetName=NetDEC_7 Pin=TRAN-8
Added Pin To Net: NetName=NetDEC_8 Pin=TRAN-9
Added Pin To Net: NetName=ROW8 Pin=TRAN-11
Added Pin To Net: NetName=ROW7 Pin=TRAN-12
Added Pin To Net: NetName=ROW6 Pin=TRAN-13
Added Pin To Net: NetName=ROW5 Pin=TRAN-14
Added Pin To Net: NetName=ROW4 Pin=TRAN-15
Added Pin To Net: NetName=ROW3 Pin=TRAN-16
Added Pin To Net: NetName=ROW2 Pin=TRAN-17
Added Pin To Net: NetName=ROW1 Pin=TRAN-18
Added Pin To Net: NetName=S2_BUS9 Pin=R2-8
Added Net: Name=S2_BUS9
Added Pin To Net: NetName=S2_BUS10 Pin=R2-9
Added Net: Name=S2_BUS10
Added Pin To Net: NetName=S2_BUS11 Pin=R2-10
Added Net: Name=S2_BUS11
Added Pin To Net: NetName=S2_BUS12 Pin=R2-11
Added Net: Name=S2_BUS12
Added Pin To Net: NetName=S2_BUS13 Pin=R2-12
Added Net: Name=S2_BUS13
Added Pin To Net: NetName=S2_BUS14 Pin=R2-13
Added Net: Name=S2_BUS14
Added Pin To Net: NetName=S2_BUS15 Pin=R2-14
Added Net: Name=S2_BUS15
Added Pin To Net: NetName=S2_BUS16 Pin=R2-15
Added Net: Name=S2_BUS16
Added Class: Name=S2_BUS[1..16]
Added Member To Class: ClassName=U_Matrix_Controller Member=Component DEC Decoder
Added Member To Class: ClassName=U_Column1 Member=Component LED1_U_Column1 (LED1) 150080SS75000
Added Member To Class: ClassName=U_Column2 Member=Component LED1_U_Column2 (LED1) 150080SS75000
Added Member To Class: ClassName=U_Column3 Member=Component LED1_U_Column3 (LED1) 150080SS75000
Added Member To Class: ClassName=U_Column4 Member=Component LED1_U_Column4 (LED1) 150080SS75000
Added Member To Class: ClassName=U_Column5 Member=Component LED1_U_Column5 (LED1) 150080SS75000
Added Member To Class: ClassName=U_Column6 Member=Component LED1_U_Column6 (LED1) 150080SS75000
Added Member To Class: ClassName=U_Column7 Member=Component LED1_U_Column7 (LED1) 150080SS75000
Added Member To Class: ClassName=U_Column8 Member=Component LED1_U_Column8 (LED1) 150080SS75000
Added Member To Class: ClassName=U_Column9 Member=Component LED1_U_Column9 (LED1) 150080SS75000
Added Member To Class: ClassName=U_Column10 Member=Component LED1_U_Column10 (LED1) 150080SS75000
Added Member To Class: ClassName=U_Column11 Member=Component LED1_U_Column11 (LED1) 150080SS75000
Added Member To Class: ClassName=U_Column12 Member=Component LED1_U_Column12 (LED1) 150080SS75000
Added Member To Class: ClassName=U_Column13 Member=Component LED1_U_Column13 (LED1) 150080SS75000
Added Member To Class: ClassName=U_Column14 Member=Component LED1_U_Column14 (LED1) 150080SS75000
Added Member To Class: ClassName=U_Column15 Member=Component LED1_U_Column15 (LED1) 150080SS75000
Added Member To Class: ClassName=U_Column16 Member=Component LED1_U_Column16 (LED1) 150080SS75000
Added Member To Class: ClassName=U_Column1 Member=Component LED2_U_Column1 (LED2) 150080SS75000
Added Member To Class: ClassName=U_Column2 Member=Component LED2_U_Column2 (LED2) 150080SS75000
Added Member To Class: ClassName=U_Column3 Member=Component LED2_U_Column3 (LED2) 150080SS75000
Added Member To Class: ClassName=U_Column4 Member=Component LED2_U_Column4 (LED2) 150080SS75000
Added Member To Class: ClassName=U_Column5 Member=Component LED2_U_Column5 (LED2) 150080SS75000
Added Member To Class: ClassName=U_Column6 Member=Component LED2_U_Column6 (LED2) 150080SS75000
Added Member To Class: ClassName=U_Column7 Member=Component LED2_U_Column7 (LED2) 150080SS75000
Added Member To Class: ClassName=U_Column8 Member=Component LED2_U_Column8 (LED2) 150080SS75000
Added Member To Class: ClassName=U_Column9 Member=Component LED2_U_Column9 (LED2) 150080SS75000
Added Member To Class: ClassName=U_Column10 Member=Component LED2_U_Column10 (LED2) 150080SS75000
Added Member To Class: ClassName=U_Column11 Member=Component LED2_U_Column11 (LED2) 150080SS75000
Added Member To Class: ClassName=U_Column12 Member=Component LED2_U_Column12 (LED2) 150080SS75000
Added Member To Class: ClassName=U_Column13 Member=Component LED2_U_Column13 (LED2) 150080SS75000
Added Member To Class: ClassName=U_Column14 Member=Component LED2_U_Column14 (LED2) 150080SS75000
Added Member To Class: ClassName=U_Column15 Member=Component LED2_U_Column15 (LED2) 150080SS75000
Added Member To Class: ClassName=U_Column16 Member=Component LED2_U_Column16 (LED2) 150080SS75000
Added Member To Class: ClassName=U_Column1 Member=Component LED3_U_Column1 (LED3) 150080SS75000
Added Member To Class: ClassName=U_Column2 Member=Component LED3_U_Column2 (LED3) 150080SS75000
Added Member To Class: ClassName=U_Column3 Member=Component LED3_U_Column3 (LED3) 150080SS75000
Added Member To Class: ClassName=U_Column4 Member=Component LED3_U_Column4 (LED3) 150080SS75000
Added Member To Class: ClassName=U_Column5 Member=Component LED3_U_Column5 (LED3) 150080SS75000
Added Member To Class: ClassName=U_Column6 Member=Component LED3_U_Column6 (LED3) 150080SS75000
Added Member To Class: ClassName=U_Column7 Member=Component LED3_U_Column7 (LED3) 150080SS75000
Added Member To Class: ClassName=U_Column8 Member=Component LED3_U_Column8 (LED3) 150080SS75000
Added Member To Class: ClassName=U_Column9 Member=Component LED3_U_Column9 (LED3) 150080SS75000
Added Member To Class: ClassName=U_Column10 Member=Component LED3_U_Column10 (LED3) 150080SS75000
Added Member To Class: ClassName=U_Column11 Member=Component LED3_U_Column11 (LED3) 150080SS75000
Added Member To Class: ClassName=U_Column12 Member=Component LED3_U_Column12 (LED3) 150080SS75000
Added Member To Class: ClassName=U_Column13 Member=Component LED3_U_Column13 (LED3) 150080SS75000
Added Member To Class: ClassName=U_Column14 Member=Component LED3_U_Column14 (LED3) 150080SS75000
Added Member To Class: ClassName=U_Column15 Member=Component LED3_U_Column15 (LED3) 150080SS75000
Added Member To Class: ClassName=U_Column16 Member=Component LED3_U_Column16 (LED3) 150080SS75000
Added Member To Class: ClassName=U_Column1 Member=Component LED4_U_Column1 (LED4) 150080SS75000
Added Member To Class: ClassName=U_Column2 Member=Component LED4_U_Column2 (LED4) 150080SS75000
Added Member To Class: ClassName=U_Column3 Member=Component LED4_U_Column3 (LED4) 150080SS75000
Added Member To Class: ClassName=U_Column4 Member=Component LED4_U_Column4 (LED4) 150080SS75000
Added Member To Class: ClassName=U_Column5 Member=Component LED4_U_Column5 (LED4) 150080SS75000
Added Member To Class: ClassName=U_Column6 Member=Component LED4_U_Column6 (LED4) 150080SS75000
Added Member To Class: ClassName=U_Column7 Member=Component LED4_U_Column7 (LED4) 150080SS75000
Added Member To Class: ClassName=U_Column8 Member=Component LED4_U_Column8 (LED4) 150080SS75000
Added Member To Class: ClassName=U_Column9 Member=Component LED4_U_Column9 (LED4) 150080SS75000
Added Member To Class: ClassName=U_Column10 Member=Component LED4_U_Column10 (LED4) 150080SS75000
Added Member To Class: ClassName=U_Column11 Member=Component LED4_U_Column11 (LED4) 150080SS75000
Added Member To Class: ClassName=U_Column12 Member=Component LED4_U_Column12 (LED4) 150080SS75000
Added Member To Class: ClassName=U_Column13 Member=Component LED4_U_Column13 (LED4) 150080SS75000
Added Member To Class: ClassName=U_Column14 Member=Component LED4_U_Column14 (LED4) 150080SS75000
Added Member To Class: ClassName=U_Column15 Member=Component LED4_U_Column15 (LED4) 150080SS75000
Added Member To Class: ClassName=U_Column16 Member=Component LED4_U_Column16 (LED4) 150080SS75000
Added Member To Class: ClassName=U_Column1 Member=Component LED5_U_Column1 (LED5) 150080SS75000
Added Member To Class: ClassName=U_Column2 Member=Component LED5_U_Column2 (LED5) 150080SS75000
Added Member To Class: ClassName=U_Column3 Member=Component LED5_U_Column3 (LED5) 150080SS75000
Added Member To Class: ClassName=U_Column4 Member=Component LED5_U_Column4 (LED5) 150080SS75000
Added Member To Class: ClassName=U_Column5 Member=Component LED5_U_Column5 (LED5) 150080SS75000
Added Member To Class: ClassName=U_Column6 Member=Component LED5_U_Column6 (LED5) 150080SS75000
Added Member To Class: ClassName=U_Column7 Member=Component LED5_U_Column7 (LED5) 150080SS75000
Added Member To Class: ClassName=U_Column8 Member=Component LED5_U_Column8 (LED5) 150080SS75000
Added Member To Class: ClassName=U_Column9 Member=Component LED5_U_Column9 (LED5) 150080SS75000
Added Member To Class: ClassName=U_Column10 Member=Component LED5_U_Column10 (LED5) 150080SS75000
Added Member To Class: ClassName=U_Column11 Member=Component LED5_U_Column11 (LED5) 150080SS75000
Added Member To Class: ClassName=U_Column12 Member=Component LED5_U_Column12 (LED5) 150080SS75000
Added Member To Class: ClassName=U_Column13 Member=Component LED5_U_Column13 (LED5) 150080SS75000
Added Member To Class: ClassName=U_Column14 Member=Component LED5_U_Column14 (LED5) 150080SS75000
Added Member To Class: ClassName=U_Column15 Member=Component LED5_U_Column15 (LED5) 150080SS75000
Added Member To Class: ClassName=U_Column16 Member=Component LED5_U_Column16 (LED5) 150080SS75000
Added Member To Class: ClassName=U_Column1 Member=Component LED6_U_Column1 (LED6) 150080SS75000
Added Member To Class: ClassName=U_Column2 Member=Component LED6_U_Column2 (LED6) 150080SS75000
Added Member To Class: ClassName=U_Column3 Member=Component LED6_U_Column3 (LED6) 150080SS75000
Added Member To Class: ClassName=U_Column4 Member=Component LED6_U_Column4 (LED6) 150080SS75000
Added Member To Class: ClassName=U_Column5 Member=Component LED6_U_Column5 (LED6) 150080SS75000
Added Member To Class: ClassName=U_Column6 Member=Component LED6_U_Column6 (LED6) 150080SS75000
Added Member To Class: ClassName=U_Column7 Member=Component LED6_U_Column7 (LED6) 150080SS75000
Added Member To Class: ClassName=U_Column8 Member=Component LED6_U_Column8 (LED6) 150080SS75000
Added Member To Class: ClassName=U_Column9 Member=Component LED6_U_Column9 (LED6) 150080SS75000
Added Member To Class: ClassName=U_Column10 Member=Component LED6_U_Column10 (LED6) 150080SS75000
Added Member To Class: ClassName=U_Column11 Member=Component LED6_U_Column11 (LED6) 150080SS75000
Added Member To Class: ClassName=U_Column12 Member=Component LED6_U_Column12 (LED6) 150080SS75000
Added Member To Class: ClassName=U_Column13 Member=Component LED6_U_Column13 (LED6) 150080SS75000
Added Member To Class: ClassName=U_Column14 Member=Component LED6_U_Column14 (LED6) 150080SS75000
Added Member To Class: ClassName=U_Column15 Member=Component LED6_U_Column15 (LED6) 150080SS75000
Added Member To Class: ClassName=U_Column16 Member=Component LED6_U_Column16 (LED6) 150080SS75000
Added Member To Class: ClassName=U_Column1 Member=Component LED7_U_Column1 (LED7) 150080SS75000
Added Member To Class: ClassName=U_Column2 Member=Component LED7_U_Column2 (LED7) 150080SS75000
Added Member To Class: ClassName=U_Column3 Member=Component LED7_U_Column3 (LED7) 150080SS75000
Added Member To Class: ClassName=U_Column4 Member=Component LED7_U_Column4 (LED7) 150080SS75000
Added Member To Class: ClassName=U_Column5 Member=Component LED7_U_Column5 (LED7) 150080SS75000
Added Member To Class: ClassName=U_Column6 Member=Component LED7_U_Column6 (LED7) 150080SS75000
Added Member To Class: ClassName=U_Column7 Member=Component LED7_U_Column7 (LED7) 150080SS75000
Added Member To Class: ClassName=U_Column8 Member=Component LED7_U_Column8 (LED7) 150080SS75000
Added Member To Class: ClassName=U_Column9 Member=Component LED7_U_Column9 (LED7) 150080SS75000
Added Member To Class: ClassName=U_Column10 Member=Component LED7_U_Column10 (LED7) 150080SS75000
Added Member To Class: ClassName=U_Column11 Member=Component LED7_U_Column11 (LED7) 150080SS75000
Added Member To Class: ClassName=U_Column12 Member=Component LED7_U_Column12 (LED7) 150080SS75000
Added Member To Class: ClassName=U_Column13 Member=Component LED7_U_Column13 (LED7) 150080SS75000
Added Member To Class: ClassName=U_Column14 Member=Component LED7_U_Column14 (LED7) 150080SS75000
Added Member To Class: ClassName=U_Column15 Member=Component LED7_U_Column15 (LED7) 150080SS75000
Added Member To Class: ClassName=U_Column16 Member=Component LED7_U_Column16 (LED7) 150080SS75000
Added Member To Class: ClassName=U_Column1 Member=Component LED8_U_Column1 (LED8) 150080SS75000
Added Member To Class: ClassName=U_Column2 Member=Component LED8_U_Column2 (LED8) 150080SS75000
Added Member To Class: ClassName=U_Column3 Member=Component LED8_U_Column3 (LED8) 150080SS75000
Added Member To Class: ClassName=U_Column4 Member=Component LED8_U_Column4 (LED8) 150080SS75000
Added Member To Class: ClassName=U_Column5 Member=Component LED8_U_Column5 (LED8) 150080SS75000
Added Member To Class: ClassName=U_Column6 Member=Component LED8_U_Column6 (LED8) 150080SS75000
Added Member To Class: ClassName=U_Column7 Member=Component LED8_U_Column7 (LED8) 150080SS75000
Added Member To Class: ClassName=U_Column8 Member=Component LED8_U_Column8 (LED8) 150080SS75000
Added Member To Class: ClassName=U_Column9 Member=Component LED8_U_Column9 (LED8) 150080SS75000
Added Member To Class: ClassName=U_Column10 Member=Component LED8_U_Column10 (LED8) 150080SS75000
Added Member To Class: ClassName=U_Column11 Member=Component LED8_U_Column11 (LED8) 150080SS75000
Added Member To Class: ClassName=U_Column12 Member=Component LED8_U_Column12 (LED8) 150080SS75000
Added Member To Class: ClassName=U_Column13 Member=Component LED8_U_Column13 (LED8) 150080SS75000
Added Member To Class: ClassName=U_Column14 Member=Component LED8_U_Column14 (LED8) 150080SS75000
Added Member To Class: ClassName=U_Column15 Member=Component LED8_U_Column15 (LED8) 150080SS75000
Added Member To Class: ClassName=U_Column16 Member=Component LED8_U_Column16 (LED8) 150080SS75000
Added Member To Class: ClassName=U_Matrix_Controller Member=Component R1 Rowresistor
Added Member To Class: ClassName=U_Matrix_Controller Member=Component R2 Rowresistor
Added Member To Class: ClassName=U_Matrix_Controller Member=Component Shift1 HD74HC595FP
Added Member To Class: ClassName=U_Matrix_Controller Member=Component Shift2 HD74HC595FP
Added Member To Class: ClassName=U_Matrix_Controller Member=Component TRAN Darlington NPN
Added Room: Name=U_Column1
Added Room: Name=U_Column2
Added Room: Name=U_Column3
Added Room: Name=U_Column4
Added Room: Name=U_Column5
Added Room: Name=U_Column6
Added Room: Name=U_Column7
Added Room: Name=U_Column8
Added Room: Name=U_Column9
Added Room: Name=U_Column10
Added Room: Name=U_Column11
Added Room: Name=U_Column12
Added Room: Name=U_Column13
Added Room: Name=U_Column14
Added Room: Name=U_Column15
Added Room: Name=U_Column16
Added Room: Name=U_Matrix_Controller
