Removed Pin From Net: NetName=C8 Pin=R1_U_Column1-1
Removed Pin From Net: NetName=C7 Pin=R1_U_Column2-1
Removed Pin From Net: NetName=C6 Pin=R1_U_Column3-1
Removed Pin From Net: NetName=C5 Pin=R1_U_Column4-1
Removed Pin From Net: NetName=C4 Pin=R1_U_Column5-1
Removed Pin From Net: NetName=C3 Pin=R1_U_Column6-1
Removed Pin From Net: NetName=C2 Pin=R1_U_Column7-1
Removed Pin From Net: NetName=C1 Pin=R1_U_Column8-1
Removed Pin From Net: NetName=C8 Pin=R2_U_Column1-1
Removed Pin From Net: NetName=C7 Pin=R2_U_Column2-1
Removed Pin From Net: NetName=C6 Pin=R2_U_Column3-1
Removed Pin From Net: NetName=C5 Pin=R2_U_Column4-1
Removed Pin From Net: NetName=C4 Pin=R2_U_Column5-1
Removed Pin From Net: NetName=C3 Pin=R2_U_Column6-1
Removed Pin From Net: NetName=C2 Pin=R2_U_Column7-1
Removed Pin From Net: NetName=C1 Pin=R2_U_Column8-1
Removed Pin From Net: NetName=C8 Pin=R3_U_Column1-1
Removed Pin From Net: NetName=C7 Pin=R3_U_Column2-1
Removed Pin From Net: NetName=C6 Pin=R3_U_Column3-1
Removed Pin From Net: NetName=C5 Pin=R3_U_Column4-1
Removed Pin From Net: NetName=C4 Pin=R3_U_Column5-1
Removed Pin From Net: NetName=C3 Pin=R3_U_Column6-1
Removed Pin From Net: NetName=C2 Pin=R3_U_Column7-1
Removed Pin From Net: NetName=C1 Pin=R3_U_Column8-1
Removed Pin From Net: NetName=C8 Pin=R4_U_Column1-1
Removed Pin From Net: NetName=C7 Pin=R4_U_Column2-1
Removed Pin From Net: NetName=C6 Pin=R4_U_Column3-1
Removed Pin From Net: NetName=C5 Pin=R4_U_Column4-1
Removed Pin From Net: NetName=C4 Pin=R4_U_Column5-1
Removed Pin From Net: NetName=C3 Pin=R4_U_Column6-1
Removed Pin From Net: NetName=C2 Pin=R4_U_Column7-1
Removed Pin From Net: NetName=C1 Pin=R4_U_Column8-1
Removed Pin From Net: NetName=C8 Pin=R5_U_Column1-1
Removed Pin From Net: NetName=C7 Pin=R5_U_Column2-1
Removed Pin From Net: NetName=C6 Pin=R5_U_Column3-1
Removed Pin From Net: NetName=C5 Pin=R5_U_Column4-1
Removed Pin From Net: NetName=C4 Pin=R5_U_Column5-1
Removed Pin From Net: NetName=C3 Pin=R5_U_Column6-1
Removed Pin From Net: NetName=C2 Pin=R5_U_Column7-1
Removed Pin From Net: NetName=C1 Pin=R5_U_Column8-1
Removed Pin From Net: NetName=C8 Pin=R6_U_Column1-1
Removed Pin From Net: NetName=C7 Pin=R6_U_Column2-1
Removed Pin From Net: NetName=C6 Pin=R6_U_Column3-1
Removed Pin From Net: NetName=C5 Pin=R6_U_Column4-1
Removed Pin From Net: NetName=C4 Pin=R6_U_Column5-1
Removed Pin From Net: NetName=C3 Pin=R6_U_Column6-1
Removed Pin From Net: NetName=C2 Pin=R6_U_Column7-1
Removed Pin From Net: NetName=C1 Pin=R6_U_Column8-1
Removed Pin From Net: NetName=C8 Pin=R7_U_Column1-1
Removed Pin From Net: NetName=C7 Pin=R7_U_Column2-1
Removed Pin From Net: NetName=C6 Pin=R7_U_Column3-1
Removed Pin From Net: NetName=C5 Pin=R7_U_Column4-1
Removed Pin From Net: NetName=C4 Pin=R7_U_Column5-1
Removed Pin From Net: NetName=C3 Pin=R7_U_Column6-1
Removed Pin From Net: NetName=C2 Pin=R7_U_Column7-1
Removed Pin From Net: NetName=C1 Pin=R7_U_Column8-1
Removed Pin From Net: NetName=C8 Pin=R8_U_Column1-1
Removed Pin From Net: NetName=C7 Pin=R8_U_Column2-1
Removed Pin From Net: NetName=C6 Pin=R8_U_Column3-1
Removed Pin From Net: NetName=C5 Pin=R8_U_Column4-1
Removed Pin From Net: NetName=C4 Pin=R8_U_Column5-1
Removed Pin From Net: NetName=C3 Pin=R8_U_Column6-1
Removed Pin From Net: NetName=C2 Pin=R8_U_Column7-1
Removed Pin From Net: NetName=C1 Pin=R8_U_Column8-1
Added Component: Designator=DEC(PRSP0016DH-B_N)
Added Component: Designator=R1(Rowres)
Added Component: Designator=R1(AXIAL-0.3)
Added Component: Designator=R2(Rowres)
Added Component: Designator=R2(AXIAL-0.3)
Added Component: Designator=R3(AXIAL-0.3)
Added Component: Designator=R4(AXIAL-0.3)
Added Component: Designator=R5(AXIAL-0.3)
Added Component: Designator=R6(AXIAL-0.3)
Added Component: Designator=R7(AXIAL-0.3)
Added Component: Designator=R8(AXIAL-0.3)
Added Component: Designator=Shift1(PRSP0016DH-B_N)
Added Component: Designator=Shift2(PRSP0016DH-B_N)
Added Component: Designator=TRAN(LW18_N)
Added Pin To Net: NetName=C1 Pin=R1-8
Added Pin To Net: NetName=C2 Pin=R1-9
Added Pin To Net: NetName=C3 Pin=R1-10
Added Pin To Net: NetName=C4 Pin=R1-11
Added Pin To Net: NetName=C5 Pin=R1-12
Added Pin To Net: NetName=C6 Pin=R1-13
Added Pin To Net: NetName=C7 Pin=R1-14
Added Pin To Net: NetName=C8 Pin=R1-15
Added Pin To Net: NetName=ADDR3 Pin=DEC-1
Added Pin To Net: NetName=ADDR3 Pin=DEC-2
Added Pin To Net: NetName=ADDR3 Pin=DEC-3
Added Net: Name=ADDR3
Added Pin To Net: NetName=C9 Pin=R2-8
Added Net: Name=C9
Added Pin To Net: NetName=C10 Pin=R2-9
Added Net: Name=C10
Added Pin To Net: NetName=C11 Pin=R2-10
Added Net: Name=C11
Added Pin To Net: NetName=C12 Pin=R2-11
Added Net: Name=C12
Added Pin To Net: NetName=C13 Pin=R2-12
Added Net: Name=C13
Added Pin To Net: NetName=C14 Pin=R2-13
Added Net: Name=C14
Added Pin To Net: NetName=C15 Pin=R2-14
Added Net: Name=C15
Added Pin To Net: NetName=C16 Pin=R2-15
Added Net: Name=C16
Added Pin To Net: NetName=CLK Pin=Shift1-11
Added Pin To Net: NetName=CLK Pin=Shift2-11
Added Net: Name=CLK
Added Pin To Net: NetName=C Pin=R1-1
Added Pin To Net: NetName=C Pin=R2-1
Added Pin To Net: NetName=C Pin=R3-1
Added Pin To Net: NetName=C Pin=R4-1
Added Pin To Net: NetName=C Pin=R5-1
Added Pin To Net: NetName=C Pin=R6-1
Added Pin To Net: NetName=C Pin=R7-1
Added Pin To Net: NetName=C Pin=R8-1
Added Net: Name=C
Added Pin To Net: NetName=GND Pin=DEC-4
Added Pin To Net: NetName=GND Pin=DEC-5
Added Pin To Net: NetName=GND Pin=Shift1-8
Added Pin To Net: NetName=GND Pin=Shift2-8
Added Net: Name=GND
Added Pin To Net: NetName=LOAD Pin=Shift1-12
Added Pin To Net: NetName=LOAD Pin=Shift2-12
Added Net: Name=LOAD
Added Pin To Net: NetName=MOSI Pin=Shift1-14
Added Net: Name=MOSI
Added Pin To Net: NetName=NetDEC_7 Pin=DEC-7
Added Pin To Net: NetName=NetDEC_7 Pin=TRAN-8
Added Net: Name=NetDEC_7
Added Pin To Net: NetName=NetDEC_8 Pin=DEC-8
Added Pin To Net: NetName=NetDEC_8 Pin=TRAN-9
Added Net: Name=NetDEC_8
Added Pin To Net: NetName=NetDEC_9 Pin=DEC-9
Added Pin To Net: NetName=NetDEC_9 Pin=TRAN-7
Added Net: Name=NetDEC_9
Added Pin To Net: NetName=NetDEC_10 Pin=DEC-10
Added Pin To Net: NetName=NetDEC_10 Pin=TRAN-6
Added Net: Name=NetDEC_10
Added Pin To Net: NetName=NetDEC_11 Pin=DEC-11
Added Pin To Net: NetName=NetDEC_11 Pin=TRAN-5
Added Net: Name=NetDEC_11
Added Pin To Net: NetName=NetDEC_12 Pin=DEC-12
Added Pin To Net: NetName=NetDEC_12 Pin=TRAN-4
Added Net: Name=NetDEC_12
Added Pin To Net: NetName=NetDEC_13 Pin=DEC-13
Added Pin To Net: NetName=NetDEC_13 Pin=TRAN-3
Added Net: Name=NetDEC_13
Added Pin To Net: NetName=NetDEC_14 Pin=DEC-14
Added Pin To Net: NetName=NetDEC_14 Pin=TRAN-2
Added Net: Name=NetDEC_14
Added Pin To Net: NetName=NetDEC_15 Pin=DEC-15
Added Pin To Net: NetName=NetDEC_15 Pin=TRAN-1
Added Net: Name=NetDEC_15
Added Pin To Net: NetName=NetR1_0 Pin=R1-0
Added Pin To Net: NetName=NetR1_0 Pin=Shift1-15
Added Net: Name=NetR1_0
Added Pin To Net: NetName=NetR1_1 Pin=R1-1
Added Pin To Net: NetName=NetR1_1 Pin=Shift1-1
Added Net: Name=NetR1_1
Added Pin To Net: NetName=NetR1_2 Pin=R1-2
Added Pin To Net: NetName=NetR1_2 Pin=Shift1-2
Added Net: Name=NetR1_2
Added Pin To Net: NetName=NetR1_3 Pin=R1-3
Added Pin To Net: NetName=NetR1_3 Pin=Shift1-3
Added Net: Name=NetR1_3
Added Pin To Net: NetName=NetR1_4 Pin=R1-4
Added Pin To Net: NetName=NetR1_4 Pin=Shift1-4
Added Net: Name=NetR1_4
Added Pin To Net: NetName=NetR1_5 Pin=R1-5
Added Pin To Net: NetName=NetR1_5 Pin=Shift1-5
Added Net: Name=NetR1_5
Added Pin To Net: NetName=NetR1_6 Pin=R1-6
Added Pin To Net: NetName=NetR1_6 Pin=Shift1-6
Added Net: Name=NetR1_6
Added Pin To Net: NetName=NetR1_7 Pin=R1-7
Added Pin To Net: NetName=NetR1_7 Pin=Shift1-7
Added Net: Name=NetR1_7
Added Pin To Net: NetName=NetR2_0 Pin=R2-0
Added Pin To Net: NetName=NetR2_0 Pin=Shift2-15
Added Net: Name=NetR2_0
Added Pin To Net: NetName=NetR2_1 Pin=R2-1
Added Pin To Net: NetName=NetR2_1 Pin=Shift2-1
Added Net: Name=NetR2_1
Added Pin To Net: NetName=NetR2_2 Pin=R2-2
Added Pin To Net: NetName=NetR2_2 Pin=Shift2-2
Added Net: Name=NetR2_2
Added Pin To Net: NetName=NetR2_3 Pin=R2-3
Added Pin To Net: NetName=NetR2_3 Pin=Shift2-3
Added Net: Name=NetR2_3
Added Pin To Net: NetName=NetR2_4 Pin=R2-4
Added Pin To Net: NetName=NetR2_4 Pin=Shift2-4
Added Net: Name=NetR2_4
Added Pin To Net: NetName=NetR2_5 Pin=R2-5
Added Pin To Net: NetName=NetR2_5 Pin=Shift2-5
Added Net: Name=NetR2_5
Added Pin To Net: NetName=NetR2_6 Pin=R2-6
Added Pin To Net: NetName=NetR2_6 Pin=Shift2-6
Added Net: Name=NetR2_6
Added Pin To Net: NetName=NetR2_7 Pin=R2-7
Added Pin To Net: NetName=NetR2_7 Pin=Shift2-7
Added Net: Name=NetR2_7
Added Pin To Net: NetName=NetShift1_9 Pin=Shift1-9
Added Pin To Net: NetName=NetShift1_9 Pin=Shift2-14
Added Net: Name=NetShift1_9
Added Pin To Net: NetName=OE_SHT Pin=Shift1-13
Added Pin To Net: NetName=OE_SHT Pin=Shift2-13
Added Net: Name=OE_SHT
Added Pin To Net: NetName=R1 Pin=TRAN-18
Added Net: Name=R1
Added Pin To Net: NetName=R2 Pin=TRAN-17
Added Net: Name=R2
Added Pin To Net: NetName=R3 Pin=TRAN-16
Added Net: Name=R3
Added Pin To Net: NetName=R4 Pin=TRAN-15
Added Net: Name=R4
Added Pin To Net: NetName=R5 Pin=TRAN-14
Added Net: Name=R5
Added Pin To Net: NetName=R6 Pin=TRAN-13
Added Net: Name=R6
Added Pin To Net: NetName=R7 Pin=TRAN-12
Added Net: Name=R7
Added Pin To Net: NetName=R8 Pin=TRAN-11
Added Net: Name=R8
Added Pin To Net: NetName=VCC Pin=DEC-6
Added Pin To Net: NetName=VCC Pin=DEC-16
Added Pin To Net: NetName=VCC Pin=Shift1-10
Added Pin To Net: NetName=VCC Pin=Shift1-16
Added Pin To Net: NetName=VCC Pin=Shift2-10
Added Pin To Net: NetName=VCC Pin=Shift2-16
Added Net: Name=VCC
Change Class Name : Old Net Name=C[1..8] New Net Name=C[1..16]
Added Class: Name=Repeat(U_Column)
Added Class: Name=U_Matrix_Controller
Added Class: Name=ADDR[1..3]
Added Member To Class: ClassName=C[1..16] Member=Element[9]: C
Added Member To Class: ClassName=C[1..16] Member=Element[10]: C
Added Member To Class: ClassName=C[1..16] Member=Element[11]: C
Added Member To Class: ClassName=C[1..16] Member=Element[12]: C
Added Member To Class: ClassName=C[1..16] Member=Element[13]: C
Added Member To Class: ClassName=C[1..16] Member=Element[14]: C
Added Member To Class: ClassName=C[1..16] Member=Element[15]: C
Added Member To Class: ClassName=C[1..16] Member=Element[16]: C
Added Member To Class: ClassName=R[-1..8] Member=Element[1]: R
Added Member To Class: ClassName=R[-1..8] Member=Element[2]: R
Added Member To Class: ClassName=R[-1..8] Member=Element[3]: R
Added Member To Class: ClassName=R[-1..8] Member=Element[4]: R
Added Member To Class: ClassName=R[-1..8] Member=Element[5]: R
Added Member To Class: ClassName=R[-1..8] Member=Element[6]: R
Added Member To Class: ClassName=R[-1..8] Member=Element[7]: R
Added Member To Class: ClassName=R[-1..8] Member=Element[8]: R
Change Room Name: Old Name=U_Column6 New Name=U_Matrix_Controller
Change Room Scope: Old Scope=InComponentClass('U_Column6') New Scope=InComponentClass('U_Matrix_Controller')
Added Room: Name=Repeat(U_Column)
