Removed Pin From Net: NetName=COL1 Pin=LED1-2
Removed Pin From Net: NetName=COL1 Pin=LED2-2
Removed Pin From Net: NetName=COL1 Pin=LED3-2
Removed Pin From Net: NetName=COL1 Pin=LED4-2
Removed Pin From Net: NetName=COL1 Pin=LED5-2
Removed Pin From Net: NetName=COL1 Pin=LED6-2
Removed Pin From Net: NetName=COL1 Pin=LED7-2
Removed Pin From Net: NetName=COL1 Pin=LED8-2
Added Component: Designator=LED1_Col1(0805_A)
Added Component: Designator=LED1_Col2(0805_A)
Added Component: Designator=LED1_Col3(0805_A)
Added Component: Designator=LED1_Col4(0805_A)
Added Component: Designator=LED1_Col5(0805_A)
Added Component: Designator=LED1_Col6(0805_A)
Added Component: Designator=LED1_Col7(0805_A)
Added Component: Designator=LED1_Col8(0805_A)
Added Component: Designator=LED1_Col9(0805_A)
Added Component: Designator=LED1_Col10(0805_A)
Added Component: Designator=LED1_Col11(0805_A)
Added Component: Designator=LED1_Col12(0805_A)
Added Component: Designator=LED1_Col13(0805_A)
Added Component: Designator=LED1_Col14(0805_A)
Added Component: Designator=LED1_Col15(0805_A)
Added Component: Designator=LED1_Col16(0805_A)
Added Component: Designator=LED2_Col1(0805_A)
Added Component: Designator=LED2_Col2(0805_A)
Added Component: Designator=LED2_Col3(0805_A)
Added Component: Designator=LED2_Col4(0805_A)
Added Component: Designator=LED2_Col5(0805_A)
Added Component: Designator=LED2_Col6(0805_A)
Added Component: Designator=LED2_Col7(0805_A)
Added Component: Designator=LED2_Col8(0805_A)
Added Component: Designator=LED2_Col9(0805_A)
Added Component: Designator=LED2_Col10(0805_A)
Added Component: Designator=LED2_Col11(0805_A)
Added Component: Designator=LED2_Col12(0805_A)
Added Component: Designator=LED2_Col13(0805_A)
Added Component: Designator=LED2_Col14(0805_A)
Added Component: Designator=LED2_Col15(0805_A)
Added Component: Designator=LED2_Col16(0805_A)
Added Component: Designator=LED3_Col1(0805_A)
Added Component: Designator=LED3_Col2(0805_A)
Added Component: Designator=LED3_Col3(0805_A)
Added Component: Designator=LED3_Col4(0805_A)
Added Component: Designator=LED3_Col5(0805_A)
Added Component: Designator=LED3_Col6(0805_A)
Added Component: Designator=LED3_Col7(0805_A)
Added Component: Designator=LED3_Col8(0805_A)
Added Component: Designator=LED3_Col9(0805_A)
Added Component: Designator=LED3_Col10(0805_A)
Added Component: Designator=LED3_Col11(0805_A)
Added Component: Designator=LED3_Col12(0805_A)
Added Component: Designator=LED3_Col13(0805_A)
Added Component: Designator=LED3_Col14(0805_A)
Added Component: Designator=LED3_Col15(0805_A)
Added Component: Designator=LED3_Col16(0805_A)
Added Component: Designator=LED4_Col1(0805_A)
Added Component: Designator=LED4_Col2(0805_A)
Added Component: Designator=LED4_Col3(0805_A)
Added Component: Designator=LED4_Col4(0805_A)
Added Component: Designator=LED4_Col5(0805_A)
Added Component: Designator=LED4_Col6(0805_A)
Added Component: Designator=LED4_Col7(0805_A)
Added Component: Designator=LED4_Col8(0805_A)
Added Component: Designator=LED4_Col9(0805_A)
Added Component: Designator=LED4_Col10(0805_A)
Added Component: Designator=LED4_Col11(0805_A)
Added Component: Designator=LED4_Col12(0805_A)
Added Component: Designator=LED4_Col13(0805_A)
Added Component: Designator=LED4_Col14(0805_A)
Added Component: Designator=LED4_Col15(0805_A)
Added Component: Designator=LED4_Col16(0805_A)
Added Component: Designator=LED5_Col1(0805_A)
Added Component: Designator=LED5_Col2(0805_A)
Added Component: Designator=LED5_Col3(0805_A)
Added Component: Designator=LED5_Col4(0805_A)
Added Component: Designator=LED5_Col5(0805_A)
Added Component: Designator=LED5_Col6(0805_A)
Added Component: Designator=LED5_Col7(0805_A)
Added Component: Designator=LED5_Col8(0805_A)
Added Component: Designator=LED5_Col9(0805_A)
Added Component: Designator=LED5_Col10(0805_A)
Added Component: Designator=LED5_Col11(0805_A)
Added Component: Designator=LED5_Col12(0805_A)
Added Component: Designator=LED5_Col13(0805_A)
Added Component: Designator=LED5_Col14(0805_A)
Added Component: Designator=LED5_Col15(0805_A)
Added Component: Designator=LED5_Col16(0805_A)
Added Component: Designator=LED6_Col1(0805_A)
Added Component: Designator=LED6_Col2(0805_A)
Added Component: Designator=LED6_Col3(0805_A)
Added Component: Designator=LED6_Col4(0805_A)
Added Component: Designator=LED6_Col5(0805_A)
Added Component: Designator=LED6_Col6(0805_A)
Added Component: Designator=LED6_Col7(0805_A)
Added Component: Designator=LED6_Col8(0805_A)
Added Component: Designator=LED6_Col9(0805_A)
Added Component: Designator=LED6_Col10(0805_A)
Added Component: Designator=LED6_Col11(0805_A)
Added Component: Designator=LED6_Col12(0805_A)
Added Component: Designator=LED6_Col13(0805_A)
Added Component: Designator=LED6_Col14(0805_A)
Added Component: Designator=LED6_Col15(0805_A)
Added Component: Designator=LED6_Col16(0805_A)
Added Component: Designator=LED7_Col1(0805_A)
Added Component: Designator=LED7_Col2(0805_A)
Added Component: Designator=LED7_Col3(0805_A)
Added Component: Designator=LED7_Col4(0805_A)
Added Component: Designator=LED7_Col5(0805_A)
Added Component: Designator=LED7_Col6(0805_A)
Added Component: Designator=LED7_Col7(0805_A)
Added Component: Designator=LED7_Col8(0805_A)
Added Component: Designator=LED7_Col9(0805_A)
Added Component: Designator=LED7_Col10(0805_A)
Added Component: Designator=LED7_Col11(0805_A)
Added Component: Designator=LED7_Col12(0805_A)
Added Component: Designator=LED7_Col13(0805_A)
Added Component: Designator=LED7_Col14(0805_A)
Added Component: Designator=LED7_Col15(0805_A)
Added Component: Designator=LED7_Col16(0805_A)
Added Component: Designator=LED8_Col1(0805_A)
Added Component: Designator=LED8_Col2(0805_A)
Added Component: Designator=LED8_Col3(0805_A)
Added Component: Designator=LED8_Col4(0805_A)
Added Component: Designator=LED8_Col5(0805_A)
Added Component: Designator=LED8_Col6(0805_A)
Added Component: Designator=LED8_Col7(0805_A)
Added Component: Designator=LED8_Col8(0805_A)
Added Component: Designator=LED8_Col9(0805_A)
Added Component: Designator=LED8_Col10(0805_A)
Added Component: Designator=LED8_Col11(0805_A)
Added Component: Designator=LED8_Col12(0805_A)
Added Component: Designator=LED8_Col13(0805_A)
Added Component: Designator=LED8_Col14(0805_A)
Added Component: Designator=LED8_Col15(0805_A)
Added Component: Designator=LED8_Col16(0805_A)
Added Pin To Net: NetName=COL11 Pin=LED1_Col1-2
Added Pin To Net: NetName=COL12 Pin=LED1_Col2-2
Added Pin To Net: NetName=COL13 Pin=LED1_Col3-2
Added Pin To Net: NetName=COL14 Pin=LED1_Col4-2
Added Pin To Net: NetName=COL15 Pin=LED1_Col5-2
Added Pin To Net: NetName=COL16 Pin=LED1_Col6-2
Added Pin To Net: NetName=COL11 Pin=LED2_Col1-2
Added Pin To Net: NetName=COL12 Pin=LED2_Col2-2
Added Pin To Net: NetName=COL13 Pin=LED2_Col3-2
Added Pin To Net: NetName=COL14 Pin=LED2_Col4-2
Added Pin To Net: NetName=COL15 Pin=LED2_Col5-2
Added Pin To Net: NetName=COL16 Pin=LED2_Col6-2
Added Pin To Net: NetName=COL11 Pin=LED3_Col1-2
Added Pin To Net: NetName=COL12 Pin=LED3_Col2-2
Added Pin To Net: NetName=COL13 Pin=LED3_Col3-2
Added Pin To Net: NetName=COL14 Pin=LED3_Col4-2
Added Pin To Net: NetName=COL15 Pin=LED3_Col5-2
Added Pin To Net: NetName=COL16 Pin=LED3_Col6-2
Added Pin To Net: NetName=COL11 Pin=LED4_Col1-2
Added Pin To Net: NetName=COL12 Pin=LED4_Col2-2
Added Pin To Net: NetName=COL13 Pin=LED4_Col3-2
Added Pin To Net: NetName=COL14 Pin=LED4_Col4-2
Added Pin To Net: NetName=COL15 Pin=LED4_Col5-2
Added Pin To Net: NetName=COL16 Pin=LED4_Col6-2
Added Pin To Net: NetName=COL11 Pin=LED5_Col1-2
Added Pin To Net: NetName=COL12 Pin=LED5_Col2-2
Added Pin To Net: NetName=COL13 Pin=LED5_Col3-2
Added Pin To Net: NetName=COL14 Pin=LED5_Col4-2
Added Pin To Net: NetName=COL15 Pin=LED5_Col5-2
Added Pin To Net: NetName=COL16 Pin=LED5_Col6-2
Added Pin To Net: NetName=COL11 Pin=LED6_Col1-2
Added Pin To Net: NetName=COL12 Pin=LED6_Col2-2
Added Pin To Net: NetName=COL13 Pin=LED6_Col3-2
Added Pin To Net: NetName=COL14 Pin=LED6_Col4-2
Added Pin To Net: NetName=COL15 Pin=LED6_Col5-2
Added Pin To Net: NetName=COL16 Pin=LED6_Col6-2
Added Pin To Net: NetName=COL11 Pin=LED7_Col1-2
Added Pin To Net: NetName=COL12 Pin=LED7_Col2-2
Added Pin To Net: NetName=COL13 Pin=LED7_Col3-2
Added Pin To Net: NetName=COL14 Pin=LED7_Col4-2
Added Pin To Net: NetName=COL15 Pin=LED7_Col5-2
Added Pin To Net: NetName=COL16 Pin=LED7_Col6-2
Added Pin To Net: NetName=COL11 Pin=LED8_Col1-2
Added Pin To Net: NetName=COL12 Pin=LED8_Col2-2
Added Pin To Net: NetName=COL13 Pin=LED8_Col3-2
Added Pin To Net: NetName=COL14 Pin=LED8_Col4-2
Added Pin To Net: NetName=COL15 Pin=LED8_Col5-2
Added Pin To Net: NetName=COL16 Pin=LED8_Col6-2
Added Pin To Net: NetName=R1_Col1 Pin=LED1_Col1-1
Added Net: Name=R1_Col1
Added Pin To Net: NetName=R1_Col2 Pin=LED1_Col2-1
Added Net: Name=R1_Col2
Added Pin To Net: NetName=R1_Col3 Pin=LED1_Col3-1
Added Net: Name=R1_Col3
Added Pin To Net: NetName=R1_Col4 Pin=LED1_Col4-1
Added Net: Name=R1_Col4
Added Pin To Net: NetName=R1_Col5 Pin=LED1_Col5-1
Added Net: Name=R1_Col5
Added Pin To Net: NetName=R1_Col6 Pin=LED1_Col6-1
Added Net: Name=R1_Col6
Added Pin To Net: NetName=R1_Col7 Pin=LED1_Col7-1
Added Net: Name=R1_Col7
Added Pin To Net: NetName=R1_Col8 Pin=LED1_Col8-1
Added Net: Name=R1_Col8
Added Pin To Net: NetName=R1_Col9 Pin=LED1_Col9-1
Added Net: Name=R1_Col9
Added Pin To Net: NetName=R1_Col10 Pin=LED1_Col10-1
Added Net: Name=R1_Col10
Added Pin To Net: NetName=R1_Col11 Pin=LED1_Col11-1
Added Net: Name=R1_Col11
Added Pin To Net: NetName=R1_Col12 Pin=LED1_Col12-1
Added Net: Name=R1_Col12
Added Pin To Net: NetName=R1_Col13 Pin=LED1_Col13-1
Added Net: Name=R1_Col13
Added Pin To Net: NetName=R1_Col14 Pin=LED1_Col14-1
Added Net: Name=R1_Col14
Added Pin To Net: NetName=R1_Col15 Pin=LED1_Col15-1
Added Net: Name=R1_Col15
Added Pin To Net: NetName=R1_Col16 Pin=LED1_Col16-1
Added Net: Name=R1_Col16
Added Pin To Net: NetName=R2_Col1 Pin=LED2_Col1-1
Added Net: Name=R2_Col1
Added Pin To Net: NetName=R2_Col2 Pin=LED2_Col2-1
Added Net: Name=R2_Col2
Added Pin To Net: NetName=R2_Col3 Pin=LED2_Col3-1
Added Net: Name=R2_Col3
Added Pin To Net: NetName=R2_Col4 Pin=LED2_Col4-1
Added Net: Name=R2_Col4
Added Pin To Net: NetName=R2_Col5 Pin=LED2_Col5-1
Added Net: Name=R2_Col5
Added Pin To Net: NetName=R2_Col6 Pin=LED2_Col6-1
Added Net: Name=R2_Col6
Added Pin To Net: NetName=R2_Col7 Pin=LED2_Col7-1
Added Net: Name=R2_Col7
Added Pin To Net: NetName=R2_Col8 Pin=LED2_Col8-1
Added Net: Name=R2_Col8
Added Pin To Net: NetName=R2_Col9 Pin=LED2_Col9-1
Added Net: Name=R2_Col9
Added Pin To Net: NetName=R2_Col10 Pin=LED2_Col10-1
Added Net: Name=R2_Col10
Added Pin To Net: NetName=R2_Col11 Pin=LED2_Col11-1
Added Net: Name=R2_Col11
Added Pin To Net: NetName=R2_Col12 Pin=LED2_Col12-1
Added Net: Name=R2_Col12
Added Pin To Net: NetName=R2_Col13 Pin=LED2_Col13-1
Added Net: Name=R2_Col13
Added Pin To Net: NetName=R2_Col14 Pin=LED2_Col14-1
Added Net: Name=R2_Col14
Added Pin To Net: NetName=R2_Col15 Pin=LED2_Col15-1
Added Net: Name=R2_Col15
Added Pin To Net: NetName=R2_Col16 Pin=LED2_Col16-1
Added Net: Name=R2_Col16
Added Pin To Net: NetName=R3_Col1 Pin=LED3_Col1-1
Added Net: Name=R3_Col1
Added Pin To Net: NetName=R3_Col2 Pin=LED3_Col2-1
Added Net: Name=R3_Col2
Added Pin To Net: NetName=R3_Col3 Pin=LED3_Col3-1
Added Net: Name=R3_Col3
Added Pin To Net: NetName=R3_Col4 Pin=LED3_Col4-1
Added Net: Name=R3_Col4
Added Pin To Net: NetName=R3_Col5 Pin=LED3_Col5-1
Added Net: Name=R3_Col5
Added Pin To Net: NetName=R3_Col6 Pin=LED3_Col6-1
Added Net: Name=R3_Col6
Added Pin To Net: NetName=R3_Col7 Pin=LED3_Col7-1
Added Net: Name=R3_Col7
Added Pin To Net: NetName=R3_Col8 Pin=LED3_Col8-1
Added Net: Name=R3_Col8
Added Pin To Net: NetName=R3_Col9 Pin=LED3_Col9-1
Added Net: Name=R3_Col9
Added Pin To Net: NetName=R3_Col10 Pin=LED3_Col10-1
Added Net: Name=R3_Col10
Added Pin To Net: NetName=R3_Col11 Pin=LED3_Col11-1
Added Net: Name=R3_Col11
Added Pin To Net: NetName=R3_Col12 Pin=LED3_Col12-1
Added Net: Name=R3_Col12
Added Pin To Net: NetName=R3_Col13 Pin=LED3_Col13-1
Added Net: Name=R3_Col13
Added Pin To Net: NetName=R3_Col14 Pin=LED3_Col14-1
Added Net: Name=R3_Col14
Added Pin To Net: NetName=R3_Col15 Pin=LED3_Col15-1
Added Net: Name=R3_Col15
Added Pin To Net: NetName=R3_Col16 Pin=LED3_Col16-1
Added Net: Name=R3_Col16
Added Pin To Net: NetName=R4_Col1 Pin=LED4_Col1-1
Added Net: Name=R4_Col1
Added Pin To Net: NetName=R4_Col2 Pin=LED4_Col2-1
Added Net: Name=R4_Col2
Added Pin To Net: NetName=R4_Col3 Pin=LED4_Col3-1
Added Net: Name=R4_Col3
Added Pin To Net: NetName=R4_Col4 Pin=LED4_Col4-1
Added Net: Name=R4_Col4
Added Pin To Net: NetName=R4_Col5 Pin=LED4_Col5-1
Added Net: Name=R4_Col5
Added Pin To Net: NetName=R4_Col6 Pin=LED4_Col6-1
Added Net: Name=R4_Col6
Added Pin To Net: NetName=R4_Col7 Pin=LED4_Col7-1
Added Net: Name=R4_Col7
Added Pin To Net: NetName=R4_Col8 Pin=LED4_Col8-1
Added Net: Name=R4_Col8
Added Pin To Net: NetName=R4_Col9 Pin=LED4_Col9-1
Added Net: Name=R4_Col9
Added Pin To Net: NetName=R4_Col10 Pin=LED4_Col10-1
Added Net: Name=R4_Col10
Added Pin To Net: NetName=R4_Col11 Pin=LED4_Col11-1
Added Net: Name=R4_Col11
Added Pin To Net: NetName=R4_Col12 Pin=LED4_Col12-1
Added Net: Name=R4_Col12
Added Pin To Net: NetName=R4_Col13 Pin=LED4_Col13-1
Added Net: Name=R4_Col13
Added Pin To Net: NetName=R4_Col14 Pin=LED4_Col14-1
Added Net: Name=R4_Col14
Added Pin To Net: NetName=R4_Col15 Pin=LED4_Col15-1
Added Net: Name=R4_Col15
Added Pin To Net: NetName=R4_Col16 Pin=LED4_Col16-1
Added Net: Name=R4_Col16
Added Pin To Net: NetName=R5_Col1 Pin=LED5_Col1-1
Added Net: Name=R5_Col1
Added Pin To Net: NetName=R5_Col2 Pin=LED5_Col2-1
Added Net: Name=R5_Col2
Added Pin To Net: NetName=R5_Col3 Pin=LED5_Col3-1
Added Net: Name=R5_Col3
Added Pin To Net: NetName=R5_Col4 Pin=LED5_Col4-1
Added Net: Name=R5_Col4
Added Pin To Net: NetName=R5_Col5 Pin=LED5_Col5-1
Added Net: Name=R5_Col5
Added Pin To Net: NetName=R5_Col6 Pin=LED5_Col6-1
Added Net: Name=R5_Col6
Added Pin To Net: NetName=R5_Col7 Pin=LED5_Col7-1
Added Net: Name=R5_Col7
Added Pin To Net: NetName=R5_Col8 Pin=LED5_Col8-1
Added Net: Name=R5_Col8
Added Pin To Net: NetName=R5_Col9 Pin=LED5_Col9-1
Added Net: Name=R5_Col9
Added Pin To Net: NetName=R5_Col10 Pin=LED5_Col10-1
Added Net: Name=R5_Col10
Added Pin To Net: NetName=R5_Col11 Pin=LED5_Col11-1
Added Net: Name=R5_Col11
Added Pin To Net: NetName=R5_Col12 Pin=LED5_Col12-1
Added Net: Name=R5_Col12
Added Pin To Net: NetName=R5_Col13 Pin=LED5_Col13-1
Added Net: Name=R5_Col13
Added Pin To Net: NetName=R5_Col14 Pin=LED5_Col14-1
Added Net: Name=R5_Col14
Added Pin To Net: NetName=R5_Col15 Pin=LED5_Col15-1
Added Net: Name=R5_Col15
Added Pin To Net: NetName=R5_Col16 Pin=LED5_Col16-1
Added Net: Name=R5_Col16
Added Pin To Net: NetName=R6_Col1 Pin=LED6_Col1-1
Added Net: Name=R6_Col1
Added Pin To Net: NetName=R6_Col2 Pin=LED6_Col2-1
Added Net: Name=R6_Col2
Added Pin To Net: NetName=R6_Col3 Pin=LED6_Col3-1
Added Net: Name=R6_Col3
Added Pin To Net: NetName=R6_Col4 Pin=LED6_Col4-1
Added Net: Name=R6_Col4
Added Pin To Net: NetName=R6_Col5 Pin=LED6_Col5-1
Added Net: Name=R6_Col5
Added Pin To Net: NetName=R6_Col6 Pin=LED6_Col6-1
Added Net: Name=R6_Col6
Added Pin To Net: NetName=R6_Col7 Pin=LED6_Col7-1
Added Net: Name=R6_Col7
Added Pin To Net: NetName=R6_Col8 Pin=LED6_Col8-1
Added Net: Name=R6_Col8
Added Pin To Net: NetName=R6_Col9 Pin=LED6_Col9-1
Added Net: Name=R6_Col9
Added Pin To Net: NetName=R6_Col10 Pin=LED6_Col10-1
Added Net: Name=R6_Col10
Added Pin To Net: NetName=R6_Col11 Pin=LED6_Col11-1
Added Net: Name=R6_Col11
Added Pin To Net: NetName=R6_Col12 Pin=LED6_Col12-1
Added Net: Name=R6_Col12
Added Pin To Net: NetName=R6_Col13 Pin=LED6_Col13-1
Added Net: Name=R6_Col13
Added Pin To Net: NetName=R6_Col14 Pin=LED6_Col14-1
Added Net: Name=R6_Col14
Added Pin To Net: NetName=R6_Col15 Pin=LED6_Col15-1
Added Net: Name=R6_Col15
Added Pin To Net: NetName=R6_Col16 Pin=LED6_Col16-1
Added Net: Name=R6_Col16
Added Pin To Net: NetName=R7_Col1 Pin=LED7_Col1-1
Added Net: Name=R7_Col1
Added Pin To Net: NetName=R7_Col2 Pin=LED7_Col2-1
Added Net: Name=R7_Col2
Added Pin To Net: NetName=R7_Col3 Pin=LED7_Col3-1
Added Net: Name=R7_Col3
Added Pin To Net: NetName=R7_Col4 Pin=LED7_Col4-1
Added Net: Name=R7_Col4
Added Pin To Net: NetName=R7_Col5 Pin=LED7_Col5-1
Added Net: Name=R7_Col5
Added Pin To Net: NetName=R7_Col6 Pin=LED7_Col6-1
Added Net: Name=R7_Col6
Added Pin To Net: NetName=R7_Col7 Pin=LED7_Col7-1
Added Net: Name=R7_Col7
Added Pin To Net: NetName=R7_Col8 Pin=LED7_Col8-1
Added Net: Name=R7_Col8
Added Pin To Net: NetName=R7_Col9 Pin=LED7_Col9-1
Added Net: Name=R7_Col9
Added Pin To Net: NetName=R7_Col10 Pin=LED7_Col10-1
Added Net: Name=R7_Col10
Added Pin To Net: NetName=R7_Col11 Pin=LED7_Col11-1
Added Net: Name=R7_Col11
Added Pin To Net: NetName=R7_Col12 Pin=LED7_Col12-1
Added Net: Name=R7_Col12
Added Pin To Net: NetName=R7_Col13 Pin=LED7_Col13-1
Added Net: Name=R7_Col13
Added Pin To Net: NetName=R7_Col14 Pin=LED7_Col14-1
Added Net: Name=R7_Col14
Added Pin To Net: NetName=R7_Col15 Pin=LED7_Col15-1
Added Net: Name=R7_Col15
Added Pin To Net: NetName=R7_Col16 Pin=LED7_Col16-1
Added Net: Name=R7_Col16
Added Pin To Net: NetName=R8_Col1 Pin=LED8_Col1-1
Added Net: Name=R8_Col1
Added Pin To Net: NetName=R8_Col2 Pin=LED8_Col2-1
Added Net: Name=R8_Col2
Added Pin To Net: NetName=R8_Col3 Pin=LED8_Col3-1
Added Net: Name=R8_Col3
Added Pin To Net: NetName=R8_Col4 Pin=LED8_Col4-1
Added Net: Name=R8_Col4
Added Pin To Net: NetName=R8_Col5 Pin=LED8_Col5-1
Added Net: Name=R8_Col5
Added Pin To Net: NetName=R8_Col6 Pin=LED8_Col6-1
Added Net: Name=R8_Col6
Added Pin To Net: NetName=R8_Col7 Pin=LED8_Col7-1
Added Net: Name=R8_Col7
Added Pin To Net: NetName=R8_Col8 Pin=LED8_Col8-1
Added Net: Name=R8_Col8
Added Pin To Net: NetName=R8_Col9 Pin=LED8_Col9-1
Added Net: Name=R8_Col9
Added Pin To Net: NetName=R8_Col10 Pin=LED8_Col10-1
Added Net: Name=R8_Col10
Added Pin To Net: NetName=R8_Col11 Pin=LED8_Col11-1
Added Net: Name=R8_Col11
Added Pin To Net: NetName=R8_Col12 Pin=LED8_Col12-1
Added Net: Name=R8_Col12
Added Pin To Net: NetName=R8_Col13 Pin=LED8_Col13-1
Added Net: Name=R8_Col13
Added Pin To Net: NetName=R8_Col14 Pin=LED8_Col14-1
Added Net: Name=R8_Col14
Added Pin To Net: NetName=R8_Col15 Pin=LED8_Col15-1
Added Net: Name=R8_Col15
Added Pin To Net: NetName=R8_Col16 Pin=LED8_Col16-1
Added Net: Name=R8_Col16
Added Pin To Net: NetName=TESTING17 Pin=LED1_Col7-2
Added Pin To Net: NetName=TESTING17 Pin=LED2_Col7-2
Added Pin To Net: NetName=TESTING17 Pin=LED3_Col7-2
Added Pin To Net: NetName=TESTING17 Pin=LED4_Col7-2
Added Pin To Net: NetName=TESTING17 Pin=LED5_Col7-2
Added Pin To Net: NetName=TESTING17 Pin=LED6_Col7-2
Added Pin To Net: NetName=TESTING17 Pin=LED7_Col7-2
Added Pin To Net: NetName=TESTING17 Pin=LED8_Col7-2
Added Net: Name=TESTING17
Added Pin To Net: NetName=TESTING18 Pin=LED1_Col8-2
Added Pin To Net: NetName=TESTING18 Pin=LED2_Col8-2
Added Pin To Net: NetName=TESTING18 Pin=LED3_Col8-2
Added Pin To Net: NetName=TESTING18 Pin=LED4_Col8-2
Added Pin To Net: NetName=TESTING18 Pin=LED5_Col8-2
Added Pin To Net: NetName=TESTING18 Pin=LED6_Col8-2
Added Pin To Net: NetName=TESTING18 Pin=LED7_Col8-2
Added Pin To Net: NetName=TESTING18 Pin=LED8_Col8-2
Added Net: Name=TESTING18
Added Pin To Net: NetName=TESTING19 Pin=LED1_Col9-2
Added Pin To Net: NetName=TESTING19 Pin=LED2_Col9-2
Added Pin To Net: NetName=TESTING19 Pin=LED3_Col9-2
Added Pin To Net: NetName=TESTING19 Pin=LED4_Col9-2
Added Pin To Net: NetName=TESTING19 Pin=LED5_Col9-2
Added Pin To Net: NetName=TESTING19 Pin=LED6_Col9-2
Added Pin To Net: NetName=TESTING19 Pin=LED7_Col9-2
Added Pin To Net: NetName=TESTING19 Pin=LED8_Col9-2
Added Net: Name=TESTING19
Added Pin To Net: NetName=TESTING110 Pin=LED1_Col10-2
Added Pin To Net: NetName=TESTING110 Pin=LED2_Col10-2
Added Pin To Net: NetName=TESTING110 Pin=LED3_Col10-2
Added Pin To Net: NetName=TESTING110 Pin=LED4_Col10-2
Added Pin To Net: NetName=TESTING110 Pin=LED5_Col10-2
Added Pin To Net: NetName=TESTING110 Pin=LED6_Col10-2
Added Pin To Net: NetName=TESTING110 Pin=LED7_Col10-2
Added Pin To Net: NetName=TESTING110 Pin=LED8_Col10-2
Added Net: Name=TESTING110
Added Pin To Net: NetName=TESTING111 Pin=LED1_Col11-2
Added Pin To Net: NetName=TESTING111 Pin=LED2_Col11-2
Added Pin To Net: NetName=TESTING111 Pin=LED3_Col11-2
Added Pin To Net: NetName=TESTING111 Pin=LED4_Col11-2
Added Pin To Net: NetName=TESTING111 Pin=LED5_Col11-2
Added Pin To Net: NetName=TESTING111 Pin=LED6_Col11-2
Added Pin To Net: NetName=TESTING111 Pin=LED7_Col11-2
Added Pin To Net: NetName=TESTING111 Pin=LED8_Col11-2
Added Net: Name=TESTING111
Added Pin To Net: NetName=TESTING112 Pin=LED1_Col12-2
Added Pin To Net: NetName=TESTING112 Pin=LED2_Col12-2
Added Pin To Net: NetName=TESTING112 Pin=LED3_Col12-2
Added Pin To Net: NetName=TESTING112 Pin=LED4_Col12-2
Added Pin To Net: NetName=TESTING112 Pin=LED5_Col12-2
Added Pin To Net: NetName=TESTING112 Pin=LED6_Col12-2
Added Pin To Net: NetName=TESTING112 Pin=LED7_Col12-2
Added Pin To Net: NetName=TESTING112 Pin=LED8_Col12-2
Added Net: Name=TESTING112
Added Pin To Net: NetName=TESTING113 Pin=LED1_Col13-2
Added Pin To Net: NetName=TESTING113 Pin=LED2_Col13-2
Added Pin To Net: NetName=TESTING113 Pin=LED3_Col13-2
Added Pin To Net: NetName=TESTING113 Pin=LED4_Col13-2
Added Pin To Net: NetName=TESTING113 Pin=LED5_Col13-2
Added Pin To Net: NetName=TESTING113 Pin=LED6_Col13-2
Added Pin To Net: NetName=TESTING113 Pin=LED7_Col13-2
Added Pin To Net: NetName=TESTING113 Pin=LED8_Col13-2
Added Net: Name=TESTING113
Added Pin To Net: NetName=TESTING114 Pin=LED1_Col14-2
Added Pin To Net: NetName=TESTING114 Pin=LED2_Col14-2
Added Pin To Net: NetName=TESTING114 Pin=LED3_Col14-2
Added Pin To Net: NetName=TESTING114 Pin=LED4_Col14-2
Added Pin To Net: NetName=TESTING114 Pin=LED5_Col14-2
Added Pin To Net: NetName=TESTING114 Pin=LED6_Col14-2
Added Pin To Net: NetName=TESTING114 Pin=LED7_Col14-2
Added Pin To Net: NetName=TESTING114 Pin=LED8_Col14-2
Added Net: Name=TESTING114
Added Pin To Net: NetName=TESTING115 Pin=LED1_Col15-2
Added Pin To Net: NetName=TESTING115 Pin=LED2_Col15-2
Added Pin To Net: NetName=TESTING115 Pin=LED3_Col15-2
Added Pin To Net: NetName=TESTING115 Pin=LED4_Col15-2
Added Pin To Net: NetName=TESTING115 Pin=LED5_Col15-2
Added Pin To Net: NetName=TESTING115 Pin=LED6_Col15-2
Added Pin To Net: NetName=TESTING115 Pin=LED7_Col15-2
Added Pin To Net: NetName=TESTING115 Pin=LED8_Col15-2
Added Net: Name=TESTING115
Added Pin To Net: NetName=TESTING116 Pin=LED1_Col16-2
Added Pin To Net: NetName=TESTING116 Pin=LED2_Col16-2
Added Pin To Net: NetName=TESTING116 Pin=LED3_Col16-2
Added Pin To Net: NetName=TESTING116 Pin=LED4_Col16-2
Added Pin To Net: NetName=TESTING116 Pin=LED5_Col16-2
Added Pin To Net: NetName=TESTING116 Pin=LED6_Col16-2
Added Pin To Net: NetName=TESTING116 Pin=LED7_Col16-2
Added Pin To Net: NetName=TESTING116 Pin=LED8_Col16-2
Added Net: Name=TESTING116
Added Class: Name=Col1
Added Class: Name=Col2
Added Class: Name=Col3
Added Class: Name=Col4
Added Class: Name=Col5
Added Class: Name=Col6
Added Class: Name=Col7
Added Class: Name=Col8
Added Class: Name=Col9
Added Class: Name=Col10
Added Class: Name=Col11
Added Class: Name=Col12
Added Class: Name=Col13
Added Class: Name=Col14
Added Class: Name=Col15
Added Class: Name=Col16
Added Class: Name=Column
Added Room: Name=Col1
Added Room: Name=Col2
Added Room: Name=Col3
Added Room: Name=Col4
Added Room: Name=Col5
Added Room: Name=Col6
Added Room: Name=Col7
Added Room: Name=Col8
Added Room: Name=Col9
Added Room: Name=Col10
Added Room: Name=Col11
Added Room: Name=Col12
Added Room: Name=Col13
Added Room: Name=Col14
Added Room: Name=Col15
Added Room: Name=Col16
