Added Component: Designator=DEC(PRSP0016DH-B_N)
Added Component: Designator=R1(Rowres)
Added Component: Designator=R2(Rowres)
Added Component: Designator=Shift1(PRSP0016DH-B_N)
Added Component: Designator=Shift2(PRSP0016DH-B_N)
Added Component: Designator=TRAN(LW18_N)
Added Pin To Net: NetName=C Pin=R1-8
Change Net Name : Old Net Name=C New Net Name=COL1
Added Pin To Net: NetName=A1 Pin=DEC-1
Added Net: Name=A1
Added Pin To Net: NetName=A2 Pin=DEC-2
Added Net: Name=A2
Added Pin To Net: NetName=A3 Pin=DEC-3
Added Net: Name=A3
Added Pin To Net: NetName=CLK Pin=Shift1-11
Added Pin To Net: NetName=CLK Pin=Shift2-11
Added Net: Name=CLK
Added Pin To Net: NetName=COL2 Pin=R1-9
Added Net: Name=COL2
Added Pin To Net: NetName=COL3 Pin=R1-10
Added Net: Name=COL3
Added Pin To Net: NetName=COL4 Pin=R1-11
Added Net: Name=COL4
Added Pin To Net: NetName=COL5 Pin=R1-12
Added Net: Name=COL5
Added Pin To Net: NetName=COL6 Pin=R1-13
Added Net: Name=COL6
Added Pin To Net: NetName=COL7 Pin=R1-14
Added Net: Name=COL7
Added Pin To Net: NetName=COL8 Pin=R1-15
Added Net: Name=COL8
Added Pin To Net: NetName=COL9 Pin=R2-8
Added Net: Name=COL9
Added Pin To Net: NetName=COL10 Pin=R2-9
Added Net: Name=COL10
Added Pin To Net: NetName=COL11 Pin=R2-10
Added Net: Name=COL11
Added Pin To Net: NetName=COL12 Pin=R2-11
Added Net: Name=COL12
Added Pin To Net: NetName=COL13 Pin=R2-12
Added Net: Name=COL13
Added Pin To Net: NetName=COL14 Pin=R2-13
Added Net: Name=COL14
Added Pin To Net: NetName=COL15 Pin=R2-14
Added Net: Name=COL15
Added Pin To Net: NetName=COL16 Pin=R2-15
Added Net: Name=COL16
Added Pin To Net: NetName=GND Pin=DEC-4
Added Pin To Net: NetName=GND Pin=DEC-5
Added Pin To Net: NetName=GND Pin=Shift1-8
Added Pin To Net: NetName=GND Pin=Shift2-8
Added Net: Name=GND
Added Pin To Net: NetName=LOAD Pin=Shift1-12
Added Pin To Net: NetName=LOAD Pin=Shift2-12
Added Net: Name=LOAD
Added Pin To Net: NetName=MOSI Pin=Shift1-14
Added Net: Name=MOSI
Added Pin To Net: NetName=NetDEC_7 Pin=DEC-7
Added Pin To Net: NetName=NetDEC_7 Pin=TRAN-8
Added Net: Name=NetDEC_7
Added Pin To Net: NetName=NetDEC_8 Pin=DEC-8
Added Pin To Net: NetName=NetDEC_8 Pin=TRAN-9
Added Net: Name=NetDEC_8
Added Pin To Net: NetName=NetDEC_9 Pin=DEC-9
Added Pin To Net: NetName=NetDEC_9 Pin=TRAN-7
Added Net: Name=NetDEC_9
Added Pin To Net: NetName=NetDEC_10 Pin=DEC-10
Added Pin To Net: NetName=NetDEC_10 Pin=TRAN-6
Added Net: Name=NetDEC_10
Added Pin To Net: NetName=NetDEC_11 Pin=DEC-11
Added Pin To Net: NetName=NetDEC_11 Pin=TRAN-5
Added Net: Name=NetDEC_11
Added Pin To Net: NetName=NetDEC_12 Pin=DEC-12
Added Pin To Net: NetName=NetDEC_12 Pin=TRAN-4
Added Net: Name=NetDEC_12
Added Pin To Net: NetName=NetDEC_13 Pin=DEC-13
Added Pin To Net: NetName=NetDEC_13 Pin=TRAN-3
Added Net: Name=NetDEC_13
Added Pin To Net: NetName=NetDEC_14 Pin=DEC-14
Added Pin To Net: NetName=NetDEC_14 Pin=TRAN-2
Added Net: Name=NetDEC_14
Added Pin To Net: NetName=NetDEC_15 Pin=DEC-15
Added Pin To Net: NetName=NetDEC_15 Pin=TRAN-1
Added Net: Name=NetDEC_15
Added Pin To Net: NetName=NetR1_0 Pin=R1-0
Added Pin To Net: NetName=NetR1_0 Pin=Shift1-15
Added Net: Name=NetR1_0
Added Pin To Net: NetName=NetR1_1 Pin=R1-1
Added Pin To Net: NetName=NetR1_1 Pin=Shift1-1
Added Net: Name=NetR1_1
Added Pin To Net: NetName=NetR1_2 Pin=R1-2
Added Pin To Net: NetName=NetR1_2 Pin=Shift1-2
Added Net: Name=NetR1_2
Added Pin To Net: NetName=NetR1_3 Pin=R1-3
Added Pin To Net: NetName=NetR1_3 Pin=Shift1-3
Added Net: Name=NetR1_3
Added Pin To Net: NetName=NetR1_4 Pin=R1-4
Added Pin To Net: NetName=NetR1_4 Pin=Shift1-4
Added Net: Name=NetR1_4
Added Pin To Net: NetName=NetR1_5 Pin=R1-5
Added Pin To Net: NetName=NetR1_5 Pin=Shift1-5
Added Net: Name=NetR1_5
Added Pin To Net: NetName=NetR1_6 Pin=R1-6
Added Pin To Net: NetName=NetR1_6 Pin=Shift1-6
Added Net: Name=NetR1_6
Added Pin To Net: NetName=NetR1_7 Pin=R1-7
Added Pin To Net: NetName=NetR1_7 Pin=Shift1-7
Added Net: Name=NetR1_7
Added Pin To Net: NetName=NetR2_0 Pin=R2-0
Added Pin To Net: NetName=NetR2_0 Pin=Shift2-15
Added Net: Name=NetR2_0
Added Pin To Net: NetName=NetR2_1 Pin=R2-1
Added Pin To Net: NetName=NetR2_1 Pin=Shift2-1
Added Net: Name=NetR2_1
Added Pin To Net: NetName=NetR2_2 Pin=R2-2
Added Pin To Net: NetName=NetR2_2 Pin=Shift2-2
Added Net: Name=NetR2_2
Added Pin To Net: NetName=NetR2_3 Pin=R2-3
Added Pin To Net: NetName=NetR2_3 Pin=Shift2-3
Added Net: Name=NetR2_3
Added Pin To Net: NetName=NetR2_4 Pin=R2-4
Added Pin To Net: NetName=NetR2_4 Pin=Shift2-4
Added Net: Name=NetR2_4
Added Pin To Net: NetName=NetR2_5 Pin=R2-5
Added Pin To Net: NetName=NetR2_5 Pin=Shift2-5
Added Net: Name=NetR2_5
Added Pin To Net: NetName=NetR2_6 Pin=R2-6
Added Pin To Net: NetName=NetR2_6 Pin=Shift2-6
Added Net: Name=NetR2_6
Added Pin To Net: NetName=NetR2_7 Pin=R2-7
Added Pin To Net: NetName=NetR2_7 Pin=Shift2-7
Added Net: Name=NetR2_7
Added Pin To Net: NetName=NetShift1_9 Pin=Shift1-9
Added Pin To Net: NetName=NetShift1_9 Pin=Shift2-14
Added Net: Name=NetShift1_9
Added Pin To Net: NetName=OE_SHT Pin=Shift1-13
Added Pin To Net: NetName=OE_SHT Pin=Shift2-13
Added Net: Name=OE_SHT
Added Pin To Net: NetName=ROW1 Pin=TRAN-18
Added Net: Name=ROW1
Added Pin To Net: NetName=ROW2 Pin=TRAN-17
Added Net: Name=ROW2
Added Pin To Net: NetName=ROW3 Pin=TRAN-16
Added Net: Name=ROW3
Added Pin To Net: NetName=ROW4 Pin=TRAN-15
Added Net: Name=ROW4
Added Pin To Net: NetName=ROW5 Pin=TRAN-14
Added Net: Name=ROW5
Added Pin To Net: NetName=ROW6 Pin=TRAN-13
Added Net: Name=ROW6
Added Pin To Net: NetName=ROW7 Pin=TRAN-12
Added Net: Name=ROW7
Added Pin To Net: NetName=ROW8 Pin=TRAN-11
Added Net: Name=ROW8
Added Pin To Net: NetName=VCC Pin=DEC-6
Added Pin To Net: NetName=VCC Pin=DEC-16
Added Pin To Net: NetName=VCC Pin=Shift1-10
Added Pin To Net: NetName=VCC Pin=Shift1-16
Added Pin To Net: NetName=VCC Pin=Shift2-10
Added Pin To Net: NetName=VCC Pin=Shift2-16
Added Net: Name=VCC
Change Class Name : Old Net Name=Column New Net Name=U_Column
Added Class: Name=U_Matrix_Controller
Added Class: Name=A[1..3]
Added Class: Name=COL[1..16]
Change Room Name: Old Name=Column New Name=U_Matrix_Controller
Change Room Scope: Old Scope=InComponentClass('Column') New Scope=InComponentClass('U_Matrix_Controller')
Added Room: Name=U_Column
