Removed Pin From Net: NetName=NetC5_2 Pin=R1-1
Removed Pin From Net: NetName=3.3V Pin=R1-2
Removed Pin From Net: NetName=NetIND1_2 Pin=R2-1
Removed Pin From Net: NetName=3.3V Pin=R2-2
Removed Pin From Net: NetName=GND Pin=R3-1
Removed Pin From Net: NetName=NetIND2_1 Pin=R3-2
Removed Member From Class: ClassName=U_MSP430G2553 Member=R1
Removed Member From Class: ClassName=U_MSP430G2553 Member=R2
Removed Member From Class: ClassName=U_MSP430G2553 Member=R3
Change Component DesignItemId : Designator=R1 Old DesignItemId=Res1 New DesignItemId=Rowres
Change Component DesignItemId : Designator=R2 Old DesignItemId=Res1 New DesignItemId=Rowres
Change Component DesignItemId : Designator=R3 Old DesignItemId=Res1 New DesignItemId=Rowres
Change Component Footprint: Designator=R1 Old Footprint=6-0805_M New Footprint=Rowres
Change Component Footprint: Designator=R2 Old Footprint=6-0805_M New Footprint=Rowres
Change Component Footprint: Designator=R3 Old Footprint=6-0805_M New Footprint=Rowres
Change Component Comment : Designator=R1 Old Comment=Res1 New Comment=Rowresistor
Change Component Comment : Designator=R2 Old Comment=Res1 New Comment=Rowresistor
Change Component Comment : Designator=R3 Old Comment=Res1 New Comment=Rowresistor
Added Component: Designator=R4(6-0805_M)
Added Component: Designator=R5(6-0805_M)
Added Component: Designator=R6(6-0805_M)
Added Pin To Net: NetName=GND Pin=C3-2
Added Pin To Net: NetName=GND Pin=C4-2
Added Pin To Net: NetName=GND Pin=C5-1
Added Pin To Net: NetName=NetR1_0 Pin=R1-0
Added Pin To Net: NetName=NetR1_3 Pin=R1-3
Added Pin To Net: NetName=NetR1_4 Pin=R1-4
Added Pin To Net: NetName=NetR1_5 Pin=R1-5
Added Pin To Net: NetName=NetR1_6 Pin=R1-6
Added Pin To Net: NetName=NetR1_7 Pin=R1-7
Added Pin To Net: NetName=C1 Pin=R1-8
Added Pin To Net: NetName=C2 Pin=R1-9
Added Pin To Net: NetName=C3 Pin=R1-10
Added Pin To Net: NetName=C4 Pin=R1-11
Added Pin To Net: NetName=C5 Pin=R1-12
Added Pin To Net: NetName=C6 Pin=R1-13
Added Pin To Net: NetName=C7 Pin=R1-14
Added Pin To Net: NetName=C8 Pin=R1-15
Added Pin To Net: NetName=NetR2_0 Pin=R2-0
Added Pin To Net: NetName=NetR2_3 Pin=R2-3
Added Pin To Net: NetName=NetR2_4 Pin=R2-4
Added Pin To Net: NetName=NetR2_5 Pin=R2-5
Added Pin To Net: NetName=NetR2_6 Pin=R2-6
Added Pin To Net: NetName=NetR2_7 Pin=R2-7
Added Pin To Net: NetName=C9 Pin=R2-8
Added Pin To Net: NetName=C10 Pin=R2-9
Added Pin To Net: NetName=C11 Pin=R2-10
Added Pin To Net: NetName=C12 Pin=R2-11
Added Pin To Net: NetName=C13 Pin=R2-12
Added Pin To Net: NetName=C14 Pin=R2-13
Added Pin To Net: NetName=C15 Pin=R2-14
Added Pin To Net: NetName=C16 Pin=R2-15
Added Pin To Net: NetName=NetEye_L_3 Pin=R3-3
Added Pin To Net: NetName=NetEye_L_2 Pin=R3-4
Added Pin To Net: NetName=NetEye_R_4 Pin=R3-5
Added Pin To Net: NetName=NetEye_R_3 Pin=R3-6
Added Pin To Net: NetName=NetEye_R_2 Pin=R3-7
Added Pin To Net: NetName=LEFT3 Pin=R3-10
Added Pin To Net: NetName=LEFT2 Pin=R3-11
Added Pin To Net: NetName=LEFT1 Pin=R3-12
Added Pin To Net: NetName=RIGHT3 Pin=R3-13
Added Pin To Net: NetName=RIGHT2 Pin=R3-14
Added Pin To Net: NetName=RIGHT1 Pin=R3-15
Added Pin To Net: NetName=NetC5_2 Pin=R4-1
Added Pin To Net: NetName=3.3V Pin=R4-2
Added Pin To Net: NetName=NetIND1_2 Pin=R5-1
Added Pin To Net: NetName=3.3V Pin=R5-2
Added Pin To Net: NetName=GND Pin=R6-1
Added Pin To Net: NetName=NetIND2_1 Pin=R6-2
Added Member To Class: ClassName=U_MSP430G2553 Member=Component R4 Res1
Added Member To Class: ClassName=U_MSP430G2553 Member=Component R5 Res1
Added Member To Class: ClassName=U_MSP430G2553 Member=Component R6 Res1
