Added Component: Designator=DEC(PRSP0016DH-B_N)
Added Component: Designator=LED1_U_Column1(0805_A)
Added Component: Designator=LED1_U_Column2(0805_A)
Added Component: Designator=LED1_U_Column3(0805_A)
Added Component: Designator=LED1_U_Column4(0805_A)
Added Component: Designator=LED1_U_Column5(0805_A)
Added Component: Designator=LED1_U_Column6(0805_A)
Added Component: Designator=LED1_U_Column7(0805_A)
Added Component: Designator=LED1_U_Column8(0805_A)
Added Component: Designator=LED1_U_Column9(0805_A)
Added Component: Designator=LED1_U_Column10(0805_A)
Added Component: Designator=LED1_U_Column11(0805_A)
Added Component: Designator=LED1_U_Column12(0805_A)
Added Component: Designator=LED1_U_Column13(0805_A)
Added Component: Designator=LED1_U_Column14(0805_A)
Added Component: Designator=LED1_U_Column15(0805_A)
Added Component: Designator=LED1_U_Column16(0805_A)
Added Component: Designator=LED9_U_Column1(0805_A)
Added Component: Designator=LED9_U_Column2(0805_A)
Added Component: Designator=LED9_U_Column3(0805_A)
Added Component: Designator=LED9_U_Column4(0805_A)
Added Component: Designator=LED9_U_Column5(0805_A)
Added Component: Designator=LED9_U_Column6(0805_A)
Added Component: Designator=LED9_U_Column7(0805_A)
Added Component: Designator=LED9_U_Column8(0805_A)
Added Component: Designator=LED9_U_Column9(0805_A)
Added Component: Designator=LED9_U_Column10(0805_A)
Added Component: Designator=LED9_U_Column11(0805_A)
Added Component: Designator=LED9_U_Column12(0805_A)
Added Component: Designator=LED9_U_Column13(0805_A)
Added Component: Designator=LED9_U_Column14(0805_A)
Added Component: Designator=LED9_U_Column15(0805_A)
Added Component: Designator=LED9_U_Column16(0805_A)
Added Component: Designator=LED17_U_Column1(0805_A)
Added Component: Designator=LED17_U_Column2(0805_A)
Added Component: Designator=LED17_U_Column3(0805_A)
Added Component: Designator=LED17_U_Column4(0805_A)
Added Component: Designator=LED17_U_Column5(0805_A)
Added Component: Designator=LED17_U_Column6(0805_A)
Added Component: Designator=LED17_U_Column7(0805_A)
Added Component: Designator=LED17_U_Column8(0805_A)
Added Component: Designator=LED17_U_Column9(0805_A)
Added Component: Designator=LED17_U_Column10(0805_A)
Added Component: Designator=LED17_U_Column11(0805_A)
Added Component: Designator=LED17_U_Column12(0805_A)
Added Component: Designator=LED17_U_Column13(0805_A)
Added Component: Designator=LED17_U_Column14(0805_A)
Added Component: Designator=LED17_U_Column15(0805_A)
Added Component: Designator=LED17_U_Column16(0805_A)
Added Component: Designator=LED25_U_Column1(0805_A)
Added Component: Designator=LED25_U_Column2(0805_A)
Added Component: Designator=LED25_U_Column3(0805_A)
Added Component: Designator=LED25_U_Column4(0805_A)
Added Component: Designator=LED25_U_Column5(0805_A)
Added Component: Designator=LED25_U_Column6(0805_A)
Added Component: Designator=LED25_U_Column7(0805_A)
Added Component: Designator=LED25_U_Column8(0805_A)
Added Component: Designator=LED25_U_Column9(0805_A)
Added Component: Designator=LED25_U_Column10(0805_A)
Added Component: Designator=LED25_U_Column11(0805_A)
Added Component: Designator=LED25_U_Column12(0805_A)
Added Component: Designator=LED25_U_Column13(0805_A)
Added Component: Designator=LED25_U_Column14(0805_A)
Added Component: Designator=LED25_U_Column15(0805_A)
Added Component: Designator=LED25_U_Column16(0805_A)
Added Component: Designator=LED33_U_Column1(0805_A)
Added Component: Designator=LED33_U_Column2(0805_A)
Added Component: Designator=LED33_U_Column3(0805_A)
Added Component: Designator=LED33_U_Column4(0805_A)
Added Component: Designator=LED33_U_Column5(0805_A)
Added Component: Designator=LED33_U_Column6(0805_A)
Added Component: Designator=LED33_U_Column7(0805_A)
Added Component: Designator=LED33_U_Column8(0805_A)
Added Component: Designator=LED33_U_Column9(0805_A)
Added Component: Designator=LED33_U_Column10(0805_A)
Added Component: Designator=LED33_U_Column11(0805_A)
Added Component: Designator=LED33_U_Column12(0805_A)
Added Component: Designator=LED33_U_Column13(0805_A)
Added Component: Designator=LED33_U_Column14(0805_A)
Added Component: Designator=LED33_U_Column15(0805_A)
Added Component: Designator=LED33_U_Column16(0805_A)
Added Component: Designator=LED41_U_Column1(0805_A)
Added Component: Designator=LED41_U_Column2(0805_A)
Added Component: Designator=LED41_U_Column3(0805_A)
Added Component: Designator=LED41_U_Column4(0805_A)
Added Component: Designator=LED41_U_Column5(0805_A)
Added Component: Designator=LED41_U_Column6(0805_A)
Added Component: Designator=LED41_U_Column7(0805_A)
Added Component: Designator=LED41_U_Column8(0805_A)
Added Component: Designator=LED41_U_Column9(0805_A)
Added Component: Designator=LED41_U_Column10(0805_A)
Added Component: Designator=LED41_U_Column11(0805_A)
Added Component: Designator=LED41_U_Column12(0805_A)
Added Component: Designator=LED41_U_Column13(0805_A)
Added Component: Designator=LED41_U_Column14(0805_A)
Added Component: Designator=LED41_U_Column15(0805_A)
Added Component: Designator=LED41_U_Column16(0805_A)
Added Component: Designator=LED49_U_Column1(0805_A)
Added Component: Designator=LED49_U_Column2(0805_A)
Added Component: Designator=LED49_U_Column3(0805_A)
Added Component: Designator=LED49_U_Column4(0805_A)
Added Component: Designator=LED49_U_Column5(0805_A)
Added Component: Designator=LED49_U_Column6(0805_A)
Added Component: Designator=LED49_U_Column7(0805_A)
Added Component: Designator=LED49_U_Column8(0805_A)
Added Component: Designator=LED49_U_Column9(0805_A)
Added Component: Designator=LED49_U_Column10(0805_A)
Added Component: Designator=LED49_U_Column11(0805_A)
Added Component: Designator=LED49_U_Column12(0805_A)
Added Component: Designator=LED49_U_Column13(0805_A)
Added Component: Designator=LED49_U_Column14(0805_A)
Added Component: Designator=LED49_U_Column15(0805_A)
Added Component: Designator=LED49_U_Column16(0805_A)
Added Component: Designator=LED57_U_Column1(0805_A)
Added Component: Designator=LED57_U_Column2(0805_A)
Added Component: Designator=LED57_U_Column3(0805_A)
Added Component: Designator=LED57_U_Column4(0805_A)
Added Component: Designator=LED57_U_Column5(0805_A)
Added Component: Designator=LED57_U_Column6(0805_A)
Added Component: Designator=LED57_U_Column7(0805_A)
Added Component: Designator=LED57_U_Column8(0805_A)
Added Component: Designator=LED57_U_Column9(0805_A)
Added Component: Designator=LED57_U_Column10(0805_A)
Added Component: Designator=LED57_U_Column11(0805_A)
Added Component: Designator=LED57_U_Column12(0805_A)
Added Component: Designator=LED57_U_Column13(0805_A)
Added Component: Designator=LED57_U_Column14(0805_A)
Added Component: Designator=LED57_U_Column15(0805_A)
Added Component: Designator=LED57_U_Column16(0805_A)
Added Component: Designator=R1(Rowres)
Added Component: Designator=R2(Rowres)
Added Component: Designator=Shift1(PRSP0016DH-B_N)
Added Component: Designator=Shift2(PRSP0016DH-B_N)
Added Component: Designator=TRAN(LW18_N)
Added Pin To Net: NetName=A1 Pin=DEC-1
Added Pin To Net: NetName=A2 Pin=DEC-2
Added Pin To Net: NetName=A3 Pin=DEC-3
Added Pin To Net: NetName=GND Pin=DEC-4
Added Pin To Net: NetName=GND Pin=DEC-5
Added Pin To Net: NetName=VCC Pin=DEC-6
Added Pin To Net: NetName=NetDEC_7 Pin=DEC-7
Added Pin To Net: NetName=NetDEC_8 Pin=DEC-8
Added Pin To Net: NetName=NetDEC_9 Pin=DEC-9
Added Pin To Net: NetName=NetDEC_10 Pin=DEC-10
Added Pin To Net: NetName=NetDEC_11 Pin=DEC-11
Added Pin To Net: NetName=NetDEC_12 Pin=DEC-12
Added Pin To Net: NetName=NetDEC_13 Pin=DEC-13
Added Pin To Net: NetName=NetDEC_14 Pin=DEC-14
Added Pin To Net: NetName=NetDEC_15 Pin=DEC-15
Added Pin To Net: NetName=VCC Pin=DEC-16
Added Pin To Net: NetName=NetLED1_U_Column1_1 Pin=LED1_U_Column1-1
Added Pin To Net: NetName=ROW1 Pin=LED1_U_Column1-2
Added Pin To Net: NetName=NetLED1_U_Column2_1 Pin=LED1_U_Column2-1
Added Pin To Net: NetName=ROW1 Pin=LED1_U_Column2-2
Added Pin To Net: NetName=NetLED1_U_Column3_1 Pin=LED1_U_Column3-1
Added Pin To Net: NetName=ROW1 Pin=LED1_U_Column3-2
Added Pin To Net: NetName=NetLED1_U_Column4_1 Pin=LED1_U_Column4-1
Added Pin To Net: NetName=ROW1 Pin=LED1_U_Column4-2
Added Pin To Net: NetName=NetLED1_U_Column5_1 Pin=LED1_U_Column5-1
Added Pin To Net: NetName=ROW1 Pin=LED1_U_Column5-2
Added Pin To Net: NetName=NetLED1_U_Column6_1 Pin=LED1_U_Column6-1
Added Pin To Net: NetName=ROW1 Pin=LED1_U_Column6-2
Added Pin To Net: NetName=NetLED1_U_Column7_1 Pin=LED1_U_Column7-1
Added Pin To Net: NetName=ROW1 Pin=LED1_U_Column7-2
Added Pin To Net: NetName=NetLED1_U_Column8_1 Pin=LED1_U_Column8-1
Added Pin To Net: NetName=ROW1 Pin=LED1_U_Column8-2
Added Pin To Net: NetName=NetLED1_U_Column9_1 Pin=LED1_U_Column9-1
Added Pin To Net: NetName=ROW1 Pin=LED1_U_Column9-2
Added Pin To Net: NetName=NetLED1_U_Column10_1 Pin=LED1_U_Column10-1
Added Pin To Net: NetName=ROW1 Pin=LED1_U_Column10-2
Added Pin To Net: NetName=NetLED1_U_Column11_1 Pin=LED1_U_Column11-1
Added Pin To Net: NetName=ROW1 Pin=LED1_U_Column11-2
Added Pin To Net: NetName=NetLED1_U_Column12_1 Pin=LED1_U_Column12-1
Added Pin To Net: NetName=ROW1 Pin=LED1_U_Column12-2
Added Pin To Net: NetName=NetLED1_U_Column13_1 Pin=LED1_U_Column13-1
Added Pin To Net: NetName=ROW1 Pin=LED1_U_Column13-2
Added Pin To Net: NetName=NetLED1_U_Column14_1 Pin=LED1_U_Column14-1
Added Pin To Net: NetName=ROW1 Pin=LED1_U_Column14-2
Added Pin To Net: NetName=NetLED1_U_Column15_1 Pin=LED1_U_Column15-1
Added Pin To Net: NetName=ROW1 Pin=LED1_U_Column15-2
Added Pin To Net: NetName=NetLED1_U_Column16_1 Pin=LED1_U_Column16-1
Added Pin To Net: NetName=ROW1 Pin=LED1_U_Column16-2
Added Pin To Net: NetName=NetLED1_U_Column1_1 Pin=LED9_U_Column1-1
Added Pin To Net: NetName=ROW2 Pin=LED9_U_Column1-2
Added Pin To Net: NetName=NetLED1_U_Column2_1 Pin=LED9_U_Column2-1
Added Pin To Net: NetName=ROW2 Pin=LED9_U_Column2-2
Added Pin To Net: NetName=NetLED1_U_Column3_1 Pin=LED9_U_Column3-1
Added Pin To Net: NetName=ROW2 Pin=LED9_U_Column3-2
Added Pin To Net: NetName=NetLED1_U_Column4_1 Pin=LED9_U_Column4-1
Added Pin To Net: NetName=ROW2 Pin=LED9_U_Column4-2
Added Pin To Net: NetName=NetLED1_U_Column5_1 Pin=LED9_U_Column5-1
Added Pin To Net: NetName=ROW2 Pin=LED9_U_Column5-2
Added Pin To Net: NetName=NetLED1_U_Column6_1 Pin=LED9_U_Column6-1
Added Pin To Net: NetName=ROW2 Pin=LED9_U_Column6-2
Added Pin To Net: NetName=NetLED1_U_Column7_1 Pin=LED9_U_Column7-1
Added Pin To Net: NetName=ROW2 Pin=LED9_U_Column7-2
Added Pin To Net: NetName=NetLED1_U_Column8_1 Pin=LED9_U_Column8-1
Added Pin To Net: NetName=ROW2 Pin=LED9_U_Column8-2
Added Pin To Net: NetName=NetLED1_U_Column9_1 Pin=LED9_U_Column9-1
Added Pin To Net: NetName=ROW2 Pin=LED9_U_Column9-2
Added Pin To Net: NetName=NetLED1_U_Column10_1 Pin=LED9_U_Column10-1
Added Pin To Net: NetName=ROW2 Pin=LED9_U_Column10-2
Added Pin To Net: NetName=NetLED1_U_Column11_1 Pin=LED9_U_Column11-1
Added Pin To Net: NetName=ROW2 Pin=LED9_U_Column11-2
Added Pin To Net: NetName=NetLED1_U_Column12_1 Pin=LED9_U_Column12-1
Added Pin To Net: NetName=ROW2 Pin=LED9_U_Column12-2
Added Pin To Net: NetName=NetLED1_U_Column13_1 Pin=LED9_U_Column13-1
Added Pin To Net: NetName=ROW2 Pin=LED9_U_Column13-2
Added Pin To Net: NetName=NetLED1_U_Column14_1 Pin=LED9_U_Column14-1
Added Pin To Net: NetName=ROW2 Pin=LED9_U_Column14-2
Added Pin To Net: NetName=NetLED1_U_Column15_1 Pin=LED9_U_Column15-1
Added Pin To Net: NetName=ROW2 Pin=LED9_U_Column15-2
Added Pin To Net: NetName=NetLED1_U_Column16_1 Pin=LED9_U_Column16-1
Added Pin To Net: NetName=ROW2 Pin=LED9_U_Column16-2
Added Pin To Net: NetName=NetLED1_U_Column1_1 Pin=LED17_U_Column1-1
Added Pin To Net: NetName=ROW3 Pin=LED17_U_Column1-2
Added Pin To Net: NetName=NetLED1_U_Column2_1 Pin=LED17_U_Column2-1
Added Pin To Net: NetName=ROW3 Pin=LED17_U_Column2-2
Added Pin To Net: NetName=NetLED1_U_Column3_1 Pin=LED17_U_Column3-1
Added Pin To Net: NetName=ROW3 Pin=LED17_U_Column3-2
Added Pin To Net: NetName=NetLED1_U_Column4_1 Pin=LED17_U_Column4-1
Added Pin To Net: NetName=ROW3 Pin=LED17_U_Column4-2
Added Pin To Net: NetName=NetLED1_U_Column5_1 Pin=LED17_U_Column5-1
Added Pin To Net: NetName=ROW3 Pin=LED17_U_Column5-2
Added Pin To Net: NetName=NetLED1_U_Column6_1 Pin=LED17_U_Column6-1
Added Pin To Net: NetName=ROW3 Pin=LED17_U_Column6-2
Added Pin To Net: NetName=NetLED1_U_Column7_1 Pin=LED17_U_Column7-1
Added Pin To Net: NetName=ROW3 Pin=LED17_U_Column7-2
Added Pin To Net: NetName=NetLED1_U_Column8_1 Pin=LED17_U_Column8-1
Added Pin To Net: NetName=ROW3 Pin=LED17_U_Column8-2
Added Pin To Net: NetName=NetLED1_U_Column9_1 Pin=LED17_U_Column9-1
Added Pin To Net: NetName=ROW3 Pin=LED17_U_Column9-2
Added Pin To Net: NetName=NetLED1_U_Column10_1 Pin=LED17_U_Column10-1
Added Pin To Net: NetName=ROW3 Pin=LED17_U_Column10-2
Added Pin To Net: NetName=NetLED1_U_Column11_1 Pin=LED17_U_Column11-1
Added Pin To Net: NetName=ROW3 Pin=LED17_U_Column11-2
Added Pin To Net: NetName=NetLED1_U_Column12_1 Pin=LED17_U_Column12-1
Added Pin To Net: NetName=ROW3 Pin=LED17_U_Column12-2
Added Pin To Net: NetName=NetLED1_U_Column13_1 Pin=LED17_U_Column13-1
Added Pin To Net: NetName=ROW3 Pin=LED17_U_Column13-2
Added Pin To Net: NetName=NetLED1_U_Column14_1 Pin=LED17_U_Column14-1
Added Pin To Net: NetName=ROW3 Pin=LED17_U_Column14-2
Added Pin To Net: NetName=NetLED1_U_Column15_1 Pin=LED17_U_Column15-1
Added Pin To Net: NetName=ROW3 Pin=LED17_U_Column15-2
Added Pin To Net: NetName=NetLED1_U_Column16_1 Pin=LED17_U_Column16-1
Added Pin To Net: NetName=ROW3 Pin=LED17_U_Column16-2
Added Pin To Net: NetName=NetLED1_U_Column1_1 Pin=LED25_U_Column1-1
Added Pin To Net: NetName=ROW4 Pin=LED25_U_Column1-2
Added Pin To Net: NetName=NetLED1_U_Column2_1 Pin=LED25_U_Column2-1
Added Pin To Net: NetName=ROW4 Pin=LED25_U_Column2-2
Added Pin To Net: NetName=NetLED1_U_Column3_1 Pin=LED25_U_Column3-1
Added Pin To Net: NetName=ROW4 Pin=LED25_U_Column3-2
Added Pin To Net: NetName=NetLED1_U_Column4_1 Pin=LED25_U_Column4-1
Added Pin To Net: NetName=ROW4 Pin=LED25_U_Column4-2
Added Pin To Net: NetName=NetLED1_U_Column5_1 Pin=LED25_U_Column5-1
Added Pin To Net: NetName=ROW4 Pin=LED25_U_Column5-2
Added Pin To Net: NetName=NetLED1_U_Column6_1 Pin=LED25_U_Column6-1
Added Pin To Net: NetName=ROW4 Pin=LED25_U_Column6-2
Added Pin To Net: NetName=NetLED1_U_Column7_1 Pin=LED25_U_Column7-1
Added Pin To Net: NetName=ROW4 Pin=LED25_U_Column7-2
Added Pin To Net: NetName=NetLED1_U_Column8_1 Pin=LED25_U_Column8-1
Added Pin To Net: NetName=ROW4 Pin=LED25_U_Column8-2
Added Pin To Net: NetName=NetLED1_U_Column9_1 Pin=LED25_U_Column9-1
Added Pin To Net: NetName=ROW4 Pin=LED25_U_Column9-2
Added Pin To Net: NetName=NetLED1_U_Column10_1 Pin=LED25_U_Column10-1
Added Pin To Net: NetName=ROW4 Pin=LED25_U_Column10-2
Added Pin To Net: NetName=NetLED1_U_Column11_1 Pin=LED25_U_Column11-1
Added Pin To Net: NetName=ROW4 Pin=LED25_U_Column11-2
Added Pin To Net: NetName=NetLED1_U_Column12_1 Pin=LED25_U_Column12-1
Added Pin To Net: NetName=ROW4 Pin=LED25_U_Column12-2
Added Pin To Net: NetName=NetLED1_U_Column13_1 Pin=LED25_U_Column13-1
Added Pin To Net: NetName=ROW4 Pin=LED25_U_Column13-2
Added Pin To Net: NetName=NetLED1_U_Column14_1 Pin=LED25_U_Column14-1
Added Pin To Net: NetName=ROW4 Pin=LED25_U_Column14-2
Added Pin To Net: NetName=NetLED1_U_Column15_1 Pin=LED25_U_Column15-1
Added Pin To Net: NetName=ROW4 Pin=LED25_U_Column15-2
Added Pin To Net: NetName=NetLED1_U_Column16_1 Pin=LED25_U_Column16-1
Added Pin To Net: NetName=ROW4 Pin=LED25_U_Column16-2
Added Pin To Net: NetName=NetLED1_U_Column1_1 Pin=LED33_U_Column1-1
Added Pin To Net: NetName=ROW5 Pin=LED33_U_Column1-2
Added Pin To Net: NetName=NetLED1_U_Column2_1 Pin=LED33_U_Column2-1
Added Pin To Net: NetName=ROW5 Pin=LED33_U_Column2-2
Added Pin To Net: NetName=NetLED1_U_Column3_1 Pin=LED33_U_Column3-1
Added Pin To Net: NetName=ROW5 Pin=LED33_U_Column3-2
Added Pin To Net: NetName=NetLED1_U_Column4_1 Pin=LED33_U_Column4-1
Added Pin To Net: NetName=ROW5 Pin=LED33_U_Column4-2
Added Pin To Net: NetName=NetLED1_U_Column5_1 Pin=LED33_U_Column5-1
Added Pin To Net: NetName=ROW5 Pin=LED33_U_Column5-2
Added Pin To Net: NetName=NetLED1_U_Column6_1 Pin=LED33_U_Column6-1
Added Pin To Net: NetName=ROW5 Pin=LED33_U_Column6-2
Added Pin To Net: NetName=NetLED1_U_Column7_1 Pin=LED33_U_Column7-1
Added Pin To Net: NetName=ROW5 Pin=LED33_U_Column7-2
Added Pin To Net: NetName=NetLED1_U_Column8_1 Pin=LED33_U_Column8-1
Added Pin To Net: NetName=ROW5 Pin=LED33_U_Column8-2
Added Pin To Net: NetName=NetLED1_U_Column9_1 Pin=LED33_U_Column9-1
Added Pin To Net: NetName=ROW5 Pin=LED33_U_Column9-2
Added Pin To Net: NetName=NetLED1_U_Column10_1 Pin=LED33_U_Column10-1
Added Pin To Net: NetName=ROW5 Pin=LED33_U_Column10-2
Added Pin To Net: NetName=NetLED1_U_Column11_1 Pin=LED33_U_Column11-1
Added Pin To Net: NetName=ROW5 Pin=LED33_U_Column11-2
Added Pin To Net: NetName=NetLED1_U_Column12_1 Pin=LED33_U_Column12-1
Added Pin To Net: NetName=ROW5 Pin=LED33_U_Column12-2
Added Pin To Net: NetName=NetLED1_U_Column13_1 Pin=LED33_U_Column13-1
Added Pin To Net: NetName=ROW5 Pin=LED33_U_Column13-2
Added Pin To Net: NetName=NetLED1_U_Column14_1 Pin=LED33_U_Column14-1
Added Pin To Net: NetName=ROW5 Pin=LED33_U_Column14-2
Added Pin To Net: NetName=NetLED1_U_Column15_1 Pin=LED33_U_Column15-1
Added Pin To Net: NetName=ROW5 Pin=LED33_U_Column15-2
Added Pin To Net: NetName=NetLED1_U_Column16_1 Pin=LED33_U_Column16-1
Added Pin To Net: NetName=ROW5 Pin=LED33_U_Column16-2
Added Pin To Net: NetName=NetLED1_U_Column1_1 Pin=LED41_U_Column1-1
Added Pin To Net: NetName=ROW6 Pin=LED41_U_Column1-2
Added Pin To Net: NetName=NetLED1_U_Column2_1 Pin=LED41_U_Column2-1
Added Pin To Net: NetName=ROW6 Pin=LED41_U_Column2-2
Added Pin To Net: NetName=NetLED1_U_Column3_1 Pin=LED41_U_Column3-1
Added Pin To Net: NetName=ROW6 Pin=LED41_U_Column3-2
Added Pin To Net: NetName=NetLED1_U_Column4_1 Pin=LED41_U_Column4-1
Added Pin To Net: NetName=ROW6 Pin=LED41_U_Column4-2
Added Pin To Net: NetName=NetLED1_U_Column5_1 Pin=LED41_U_Column5-1
Added Pin To Net: NetName=ROW6 Pin=LED41_U_Column5-2
Added Pin To Net: NetName=NetLED1_U_Column6_1 Pin=LED41_U_Column6-1
Added Pin To Net: NetName=ROW6 Pin=LED41_U_Column6-2
Added Pin To Net: NetName=NetLED1_U_Column7_1 Pin=LED41_U_Column7-1
Added Pin To Net: NetName=ROW6 Pin=LED41_U_Column7-2
Added Pin To Net: NetName=NetLED1_U_Column8_1 Pin=LED41_U_Column8-1
Added Pin To Net: NetName=ROW6 Pin=LED41_U_Column8-2
Added Pin To Net: NetName=NetLED1_U_Column9_1 Pin=LED41_U_Column9-1
Added Pin To Net: NetName=ROW6 Pin=LED41_U_Column9-2
Added Pin To Net: NetName=NetLED1_U_Column10_1 Pin=LED41_U_Column10-1
Added Pin To Net: NetName=ROW6 Pin=LED41_U_Column10-2
Added Pin To Net: NetName=NetLED1_U_Column11_1 Pin=LED41_U_Column11-1
Added Pin To Net: NetName=ROW6 Pin=LED41_U_Column11-2
Added Pin To Net: NetName=NetLED1_U_Column12_1 Pin=LED41_U_Column12-1
Added Pin To Net: NetName=ROW6 Pin=LED41_U_Column12-2
Added Pin To Net: NetName=NetLED1_U_Column13_1 Pin=LED41_U_Column13-1
Added Pin To Net: NetName=ROW6 Pin=LED41_U_Column13-2
Added Pin To Net: NetName=NetLED1_U_Column14_1 Pin=LED41_U_Column14-1
Added Pin To Net: NetName=ROW6 Pin=LED41_U_Column14-2
Added Pin To Net: NetName=NetLED1_U_Column15_1 Pin=LED41_U_Column15-1
Added Pin To Net: NetName=ROW6 Pin=LED41_U_Column15-2
Added Pin To Net: NetName=NetLED1_U_Column16_1 Pin=LED41_U_Column16-1
Added Pin To Net: NetName=ROW6 Pin=LED41_U_Column16-2
Added Pin To Net: NetName=NetLED1_U_Column1_1 Pin=LED49_U_Column1-1
Added Pin To Net: NetName=ROW7 Pin=LED49_U_Column1-2
Added Pin To Net: NetName=NetLED1_U_Column2_1 Pin=LED49_U_Column2-1
Added Pin To Net: NetName=ROW7 Pin=LED49_U_Column2-2
Added Pin To Net: NetName=NetLED1_U_Column3_1 Pin=LED49_U_Column3-1
Added Pin To Net: NetName=ROW7 Pin=LED49_U_Column3-2
Added Pin To Net: NetName=NetLED1_U_Column4_1 Pin=LED49_U_Column4-1
Added Pin To Net: NetName=ROW7 Pin=LED49_U_Column4-2
Added Pin To Net: NetName=NetLED1_U_Column5_1 Pin=LED49_U_Column5-1
Added Pin To Net: NetName=ROW7 Pin=LED49_U_Column5-2
Added Pin To Net: NetName=NetLED1_U_Column6_1 Pin=LED49_U_Column6-1
Added Pin To Net: NetName=ROW7 Pin=LED49_U_Column6-2
Added Pin To Net: NetName=NetLED1_U_Column7_1 Pin=LED49_U_Column7-1
Added Pin To Net: NetName=ROW7 Pin=LED49_U_Column7-2
Added Pin To Net: NetName=NetLED1_U_Column8_1 Pin=LED49_U_Column8-1
Added Pin To Net: NetName=ROW7 Pin=LED49_U_Column8-2
Added Pin To Net: NetName=NetLED1_U_Column9_1 Pin=LED49_U_Column9-1
Added Pin To Net: NetName=ROW7 Pin=LED49_U_Column9-2
Added Pin To Net: NetName=NetLED1_U_Column10_1 Pin=LED49_U_Column10-1
Added Pin To Net: NetName=ROW7 Pin=LED49_U_Column10-2
Added Pin To Net: NetName=NetLED1_U_Column11_1 Pin=LED49_U_Column11-1
Added Pin To Net: NetName=ROW7 Pin=LED49_U_Column11-2
Added Pin To Net: NetName=NetLED1_U_Column12_1 Pin=LED49_U_Column12-1
Added Pin To Net: NetName=ROW7 Pin=LED49_U_Column12-2
Added Pin To Net: NetName=NetLED1_U_Column13_1 Pin=LED49_U_Column13-1
Added Pin To Net: NetName=ROW7 Pin=LED49_U_Column13-2
Added Pin To Net: NetName=NetLED1_U_Column14_1 Pin=LED49_U_Column14-1
Added Pin To Net: NetName=ROW7 Pin=LED49_U_Column14-2
Added Pin To Net: NetName=NetLED1_U_Column15_1 Pin=LED49_U_Column15-1
Added Pin To Net: NetName=ROW7 Pin=LED49_U_Column15-2
Added Pin To Net: NetName=NetLED1_U_Column16_1 Pin=LED49_U_Column16-1
Added Pin To Net: NetName=ROW7 Pin=LED49_U_Column16-2
Added Pin To Net: NetName=NetLED1_U_Column1_1 Pin=LED57_U_Column1-1
Added Pin To Net: NetName=ROW8 Pin=LED57_U_Column1-2
Added Pin To Net: NetName=NetLED1_U_Column2_1 Pin=LED57_U_Column2-1
Added Pin To Net: NetName=ROW8 Pin=LED57_U_Column2-2
Added Pin To Net: NetName=NetLED1_U_Column3_1 Pin=LED57_U_Column3-1
Added Pin To Net: NetName=ROW8 Pin=LED57_U_Column3-2
Added Pin To Net: NetName=NetLED1_U_Column4_1 Pin=LED57_U_Column4-1
Added Pin To Net: NetName=ROW8 Pin=LED57_U_Column4-2
Added Pin To Net: NetName=NetLED1_U_Column5_1 Pin=LED57_U_Column5-1
Added Pin To Net: NetName=ROW8 Pin=LED57_U_Column5-2
Added Pin To Net: NetName=NetLED1_U_Column6_1 Pin=LED57_U_Column6-1
Added Pin To Net: NetName=ROW8 Pin=LED57_U_Column6-2
Added Pin To Net: NetName=NetLED1_U_Column7_1 Pin=LED57_U_Column7-1
Added Pin To Net: NetName=ROW8 Pin=LED57_U_Column7-2
Added Pin To Net: NetName=NetLED1_U_Column8_1 Pin=LED57_U_Column8-1
Added Pin To Net: NetName=ROW8 Pin=LED57_U_Column8-2
Added Pin To Net: NetName=NetLED1_U_Column9_1 Pin=LED57_U_Column9-1
Added Pin To Net: NetName=ROW8 Pin=LED57_U_Column9-2
Added Pin To Net: NetName=NetLED1_U_Column10_1 Pin=LED57_U_Column10-1
Added Pin To Net: NetName=ROW8 Pin=LED57_U_Column10-2
Added Pin To Net: NetName=NetLED1_U_Column11_1 Pin=LED57_U_Column11-1
Added Pin To Net: NetName=ROW8 Pin=LED57_U_Column11-2
Added Pin To Net: NetName=NetLED1_U_Column12_1 Pin=LED57_U_Column12-1
Added Pin To Net: NetName=ROW8 Pin=LED57_U_Column12-2
Added Pin To Net: NetName=NetLED1_U_Column13_1 Pin=LED57_U_Column13-1
Added Pin To Net: NetName=ROW8 Pin=LED57_U_Column13-2
Added Pin To Net: NetName=NetLED1_U_Column14_1 Pin=LED57_U_Column14-1
Added Pin To Net: NetName=ROW8 Pin=LED57_U_Column14-2
Added Pin To Net: NetName=NetLED1_U_Column15_1 Pin=LED57_U_Column15-1
Added Pin To Net: NetName=ROW8 Pin=LED57_U_Column15-2
Added Pin To Net: NetName=NetLED1_U_Column16_1 Pin=LED57_U_Column16-1
Added Pin To Net: NetName=ROW8 Pin=LED57_U_Column16-2
Added Pin To Net: NetName=NetR1_0 Pin=R1-0
Added Pin To Net: NetName=NetR1_1 Pin=R1-1
Added Pin To Net: NetName=NetR1_2 Pin=R1-2
Added Pin To Net: NetName=NetR1_3 Pin=R1-3
Added Pin To Net: NetName=NetR1_4 Pin=R1-4
Added Pin To Net: NetName=NetR1_5 Pin=R1-5
Added Pin To Net: NetName=NetR1_6 Pin=R1-6
Added Pin To Net: NetName=NetR1_7 Pin=R1-7
Added Pin To Net: NetName=S1_BUS1 Pin=R1-8
Added Pin To Net: NetName=S1_BUS2 Pin=R1-9
Added Pin To Net: NetName=S1_BUS3 Pin=R1-10
Added Pin To Net: NetName=S1_BUS4 Pin=R1-11
Added Pin To Net: NetName=S1_BUS5 Pin=R1-12
Added Pin To Net: NetName=S1_BUS6 Pin=R1-13
Added Pin To Net: NetName=S1_BUS7 Pin=R1-14
Added Pin To Net: NetName=S1_BUS8 Pin=R1-15
Added Pin To Net: NetName=NetR2_0 Pin=R2-0
Added Pin To Net: NetName=NetR2_1 Pin=R2-1
Added Pin To Net: NetName=NetR2_2 Pin=R2-2
Added Pin To Net: NetName=NetR2_3 Pin=R2-3
Added Pin To Net: NetName=NetR2_4 Pin=R2-4
Added Pin To Net: NetName=NetR2_5 Pin=R2-5
Added Pin To Net: NetName=NetR2_6 Pin=R2-6
Added Pin To Net: NetName=NetR2_7 Pin=R2-7
Added Pin To Net: NetName=COL1 Pin=R2-8
Added Pin To Net: NetName=COL2 Pin=R2-9
Added Pin To Net: NetName=COL3 Pin=R2-10
Added Pin To Net: NetName=COL4 Pin=R2-11
Added Pin To Net: NetName=COL5 Pin=R2-12
Added Pin To Net: NetName=COL6 Pin=R2-13
Added Pin To Net: NetName=COL7 Pin=R2-14
Added Pin To Net: NetName=COL8 Pin=R2-15
Added Pin To Net: NetName=NetR1_1 Pin=Shift1-1
Added Pin To Net: NetName=NetR1_2 Pin=Shift1-2
Added Pin To Net: NetName=NetR1_3 Pin=Shift1-3
Added Pin To Net: NetName=NetR1_4 Pin=Shift1-4
Added Pin To Net: NetName=NetR1_5 Pin=Shift1-5
Added Pin To Net: NetName=NetR1_6 Pin=Shift1-6
Added Pin To Net: NetName=NetR1_7 Pin=Shift1-7
Added Pin To Net: NetName=GND Pin=Shift1-8
Added Pin To Net: NetName=NetShift1_9 Pin=Shift1-9
Added Pin To Net: NetName=VCC Pin=Shift1-10
Added Pin To Net: NetName=CLK Pin=Shift1-11
Added Pin To Net: NetName=LOAD Pin=Shift1-12
Added Pin To Net: NetName=OE_SHT Pin=Shift1-13
Added Pin To Net: NetName=MOSI Pin=Shift1-14
Added Pin To Net: NetName=NetR1_0 Pin=Shift1-15
Added Pin To Net: NetName=VCC Pin=Shift1-16
Added Pin To Net: NetName=NetR2_1 Pin=Shift2-1
Added Pin To Net: NetName=NetR2_2 Pin=Shift2-2
Added Pin To Net: NetName=NetR2_3 Pin=Shift2-3
Added Pin To Net: NetName=NetR2_4 Pin=Shift2-4
Added Pin To Net: NetName=NetR2_5 Pin=Shift2-5
Added Pin To Net: NetName=NetR2_6 Pin=Shift2-6
Added Pin To Net: NetName=NetR2_7 Pin=Shift2-7
Added Pin To Net: NetName=GND Pin=Shift2-8
Added Pin To Net: NetName=VCC Pin=Shift2-10
Added Pin To Net: NetName=CLK Pin=Shift2-11
Added Pin To Net: NetName=LOAD Pin=Shift2-12
Added Pin To Net: NetName=OE_SHT Pin=Shift2-13
Added Pin To Net: NetName=NetShift1_9 Pin=Shift2-14
Added Pin To Net: NetName=NetR2_0 Pin=Shift2-15
Added Pin To Net: NetName=VCC Pin=Shift2-16
Added Pin To Net: NetName=NetDEC_15 Pin=TRAN-1
Added Pin To Net: NetName=NetDEC_14 Pin=TRAN-2
Added Pin To Net: NetName=NetDEC_13 Pin=TRAN-3
Added Pin To Net: NetName=NetDEC_12 Pin=TRAN-4
Added Pin To Net: NetName=NetDEC_11 Pin=TRAN-5
Added Pin To Net: NetName=NetDEC_10 Pin=TRAN-6
Added Pin To Net: NetName=NetDEC_9 Pin=TRAN-7
Added Pin To Net: NetName=NetDEC_7 Pin=TRAN-8
Added Pin To Net: NetName=NetDEC_8 Pin=TRAN-9
Added Pin To Net: NetName=ROW8 Pin=TRAN-11
Added Pin To Net: NetName=ROW7 Pin=TRAN-12
Added Pin To Net: NetName=ROW6 Pin=TRAN-13
Added Pin To Net: NetName=ROW5 Pin=TRAN-14
Added Pin To Net: NetName=ROW4 Pin=TRAN-15
Added Pin To Net: NetName=ROW3 Pin=TRAN-16
Added Pin To Net: NetName=ROW2 Pin=TRAN-17
Added Pin To Net: NetName=ROW1 Pin=TRAN-18
Added Member To Class: ClassName=U_Matrix_Controller Member=Component DEC Decoder
Added Member To Class: ClassName=U_Column1 Member=Component LED1_U_Column1 (LED1) 150080RS75000
Added Member To Class: ClassName=U_Column2 Member=Component LED1_U_Column2 (LED1) 150080RS75000
Added Member To Class: ClassName=U_Column3 Member=Component LED1_U_Column3 (LED1) 150080RS75000
Added Member To Class: ClassName=U_Column4 Member=Component LED1_U_Column4 (LED1) 150080RS75000
Added Member To Class: ClassName=U_Column5 Member=Component LED1_U_Column5 (LED1) 150080RS75000
Added Member To Class: ClassName=U_Column6 Member=Component LED1_U_Column6 (LED1) 150080RS75000
Added Member To Class: ClassName=U_Column7 Member=Component LED1_U_Column7 (LED1) 150080RS75000
Added Member To Class: ClassName=U_Column8 Member=Component LED1_U_Column8 (LED1) 150080RS75000
Added Member To Class: ClassName=U_Column9 Member=Component LED1_U_Column9 (LED1) 150080RS75000
Added Member To Class: ClassName=U_Column10 Member=Component LED1_U_Column10 (LED1) 150080RS75000
Added Member To Class: ClassName=U_Column11 Member=Component LED1_U_Column11 (LED1) 150080RS75000
Added Member To Class: ClassName=U_Column12 Member=Component LED1_U_Column12 (LED1) 150080RS75000
Added Member To Class: ClassName=U_Column13 Member=Component LED1_U_Column13 (LED1) 150080RS75000
Added Member To Class: ClassName=U_Column14 Member=Component LED1_U_Column14 (LED1) 150080RS75000
Added Member To Class: ClassName=U_Column15 Member=Component LED1_U_Column15 (LED1) 150080RS75000
Added Member To Class: ClassName=U_Column16 Member=Component LED1_U_Column16 (LED1) 150080RS75000
Added Member To Class: ClassName=U_Column1 Member=Component LED9_U_Column1 (LED9) 150080RS75000
Added Member To Class: ClassName=U_Column2 Member=Component LED9_U_Column2 (LED9) 150080RS75000
Added Member To Class: ClassName=U_Column3 Member=Component LED9_U_Column3 (LED9) 150080RS75000
Added Member To Class: ClassName=U_Column4 Member=Component LED9_U_Column4 (LED9) 150080RS75000
Added Member To Class: ClassName=U_Column5 Member=Component LED9_U_Column5 (LED9) 150080RS75000
Added Member To Class: ClassName=U_Column6 Member=Component LED9_U_Column6 (LED9) 150080RS75000
Added Member To Class: ClassName=U_Column7 Member=Component LED9_U_Column7 (LED9) 150080RS75000
Added Member To Class: ClassName=U_Column8 Member=Component LED9_U_Column8 (LED9) 150080RS75000
Added Member To Class: ClassName=U_Column9 Member=Component LED9_U_Column9 (LED9) 150080RS75000
Added Member To Class: ClassName=U_Column10 Member=Component LED9_U_Column10 (LED9) 150080RS75000
Added Member To Class: ClassName=U_Column11 Member=Component LED9_U_Column11 (LED9) 150080RS75000
Added Member To Class: ClassName=U_Column12 Member=Component LED9_U_Column12 (LED9) 150080RS75000
Added Member To Class: ClassName=U_Column13 Member=Component LED9_U_Column13 (LED9) 150080RS75000
Added Member To Class: ClassName=U_Column14 Member=Component LED9_U_Column14 (LED9) 150080RS75000
Added Member To Class: ClassName=U_Column15 Member=Component LED9_U_Column15 (LED9) 150080RS75000
Added Member To Class: ClassName=U_Column16 Member=Component LED9_U_Column16 (LED9) 150080RS75000
Added Member To Class: ClassName=U_Column1 Member=Component LED17_U_Column1 (LED17) 150080RS75000
Added Member To Class: ClassName=U_Column2 Member=Component LED17_U_Column2 (LED17) 150080RS75000
Added Member To Class: ClassName=U_Column3 Member=Component LED17_U_Column3 (LED17) 150080RS75000
Added Member To Class: ClassName=U_Column4 Member=Component LED17_U_Column4 (LED17) 150080RS75000
Added Member To Class: ClassName=U_Column5 Member=Component LED17_U_Column5 (LED17) 150080RS75000
Added Member To Class: ClassName=U_Column6 Member=Component LED17_U_Column6 (LED17) 150080RS75000
Added Member To Class: ClassName=U_Column7 Member=Component LED17_U_Column7 (LED17) 150080RS75000
Added Member To Class: ClassName=U_Column8 Member=Component LED17_U_Column8 (LED17) 150080RS75000
Added Member To Class: ClassName=U_Column9 Member=Component LED17_U_Column9 (LED17) 150080RS75000
Added Member To Class: ClassName=U_Column10 Member=Component LED17_U_Column10 (LED17) 150080RS75000
Added Member To Class: ClassName=U_Column11 Member=Component LED17_U_Column11 (LED17) 150080RS75000
Added Member To Class: ClassName=U_Column12 Member=Component LED17_U_Column12 (LED17) 150080RS75000
Added Member To Class: ClassName=U_Column13 Member=Component LED17_U_Column13 (LED17) 150080RS75000
Added Member To Class: ClassName=U_Column14 Member=Component LED17_U_Column14 (LED17) 150080RS75000
Added Member To Class: ClassName=U_Column15 Member=Component LED17_U_Column15 (LED17) 150080RS75000
Added Member To Class: ClassName=U_Column16 Member=Component LED17_U_Column16 (LED17) 150080RS75000
Added Member To Class: ClassName=U_Column1 Member=Component LED25_U_Column1 (LED25) 150080RS75000
Added Member To Class: ClassName=U_Column2 Member=Component LED25_U_Column2 (LED25) 150080RS75000
Added Member To Class: ClassName=U_Column3 Member=Component LED25_U_Column3 (LED25) 150080RS75000
Added Member To Class: ClassName=U_Column4 Member=Component LED25_U_Column4 (LED25) 150080RS75000
Added Member To Class: ClassName=U_Column5 Member=Component LED25_U_Column5 (LED25) 150080RS75000
Added Member To Class: ClassName=U_Column6 Member=Component LED25_U_Column6 (LED25) 150080RS75000
Added Member To Class: ClassName=U_Column7 Member=Component LED25_U_Column7 (LED25) 150080RS75000
Added Member To Class: ClassName=U_Column8 Member=Component LED25_U_Column8 (LED25) 150080RS75000
Added Member To Class: ClassName=U_Column9 Member=Component LED25_U_Column9 (LED25) 150080RS75000
Added Member To Class: ClassName=U_Column10 Member=Component LED25_U_Column10 (LED25) 150080RS75000
Added Member To Class: ClassName=U_Column11 Member=Component LED25_U_Column11 (LED25) 150080RS75000
Added Member To Class: ClassName=U_Column12 Member=Component LED25_U_Column12 (LED25) 150080RS75000
Added Member To Class: ClassName=U_Column13 Member=Component LED25_U_Column13 (LED25) 150080RS75000
Added Member To Class: ClassName=U_Column14 Member=Component LED25_U_Column14 (LED25) 150080RS75000
Added Member To Class: ClassName=U_Column15 Member=Component LED25_U_Column15 (LED25) 150080RS75000
Added Member To Class: ClassName=U_Column16 Member=Component LED25_U_Column16 (LED25) 150080RS75000
Added Member To Class: ClassName=U_Column1 Member=Component LED33_U_Column1 (LED33) 150080RS75000
Added Member To Class: ClassName=U_Column2 Member=Component LED33_U_Column2 (LED33) 150080RS75000
Added Member To Class: ClassName=U_Column3 Member=Component LED33_U_Column3 (LED33) 150080RS75000
Added Member To Class: ClassName=U_Column4 Member=Component LED33_U_Column4 (LED33) 150080RS75000
Added Member To Class: ClassName=U_Column5 Member=Component LED33_U_Column5 (LED33) 150080RS75000
Added Member To Class: ClassName=U_Column6 Member=Component LED33_U_Column6 (LED33) 150080RS75000
Added Member To Class: ClassName=U_Column7 Member=Component LED33_U_Column7 (LED33) 150080RS75000
Added Member To Class: ClassName=U_Column8 Member=Component LED33_U_Column8 (LED33) 150080RS75000
Added Member To Class: ClassName=U_Column9 Member=Component LED33_U_Column9 (LED33) 150080RS75000
Added Member To Class: ClassName=U_Column10 Member=Component LED33_U_Column10 (LED33) 150080RS75000
Added Member To Class: ClassName=U_Column11 Member=Component LED33_U_Column11 (LED33) 150080RS75000
Added Member To Class: ClassName=U_Column12 Member=Component LED33_U_Column12 (LED33) 150080RS75000
Added Member To Class: ClassName=U_Column13 Member=Component LED33_U_Column13 (LED33) 150080RS75000
Added Member To Class: ClassName=U_Column14 Member=Component LED33_U_Column14 (LED33) 150080RS75000
Added Member To Class: ClassName=U_Column15 Member=Component LED33_U_Column15 (LED33) 150080RS75000
Added Member To Class: ClassName=U_Column16 Member=Component LED33_U_Column16 (LED33) 150080RS75000
Added Member To Class: ClassName=U_Column1 Member=Component LED41_U_Column1 (LED41) 150080RS75000
Added Member To Class: ClassName=U_Column2 Member=Component LED41_U_Column2 (LED41) 150080RS75000
Added Member To Class: ClassName=U_Column3 Member=Component LED41_U_Column3 (LED41) 150080RS75000
Added Member To Class: ClassName=U_Column4 Member=Component LED41_U_Column4 (LED41) 150080RS75000
Added Member To Class: ClassName=U_Column5 Member=Component LED41_U_Column5 (LED41) 150080RS75000
Added Member To Class: ClassName=U_Column6 Member=Component LED41_U_Column6 (LED41) 150080RS75000
Added Member To Class: ClassName=U_Column7 Member=Component LED41_U_Column7 (LED41) 150080RS75000
Added Member To Class: ClassName=U_Column8 Member=Component LED41_U_Column8 (LED41) 150080RS75000
Added Member To Class: ClassName=U_Column9 Member=Component LED41_U_Column9 (LED41) 150080RS75000
Added Member To Class: ClassName=U_Column10 Member=Component LED41_U_Column10 (LED41) 150080RS75000
Added Member To Class: ClassName=U_Column11 Member=Component LED41_U_Column11 (LED41) 150080RS75000
Added Member To Class: ClassName=U_Column12 Member=Component LED41_U_Column12 (LED41) 150080RS75000
Added Member To Class: ClassName=U_Column13 Member=Component LED41_U_Column13 (LED41) 150080RS75000
Added Member To Class: ClassName=U_Column14 Member=Component LED41_U_Column14 (LED41) 150080RS75000
Added Member To Class: ClassName=U_Column15 Member=Component LED41_U_Column15 (LED41) 150080RS75000
Added Member To Class: ClassName=U_Column16 Member=Component LED41_U_Column16 (LED41) 150080RS75000
Added Member To Class: ClassName=U_Column1 Member=Component LED49_U_Column1 (LED49) 150080RS75000
Added Member To Class: ClassName=U_Column2 Member=Component LED49_U_Column2 (LED49) 150080RS75000
Added Member To Class: ClassName=U_Column3 Member=Component LED49_U_Column3 (LED49) 150080RS75000
Added Member To Class: ClassName=U_Column4 Member=Component LED49_U_Column4 (LED49) 150080RS75000
Added Member To Class: ClassName=U_Column5 Member=Component LED49_U_Column5 (LED49) 150080RS75000
Added Member To Class: ClassName=U_Column6 Member=Component LED49_U_Column6 (LED49) 150080RS75000
Added Member To Class: ClassName=U_Column7 Member=Component LED49_U_Column7 (LED49) 150080RS75000
Added Member To Class: ClassName=U_Column8 Member=Component LED49_U_Column8 (LED49) 150080RS75000
Added Member To Class: ClassName=U_Column9 Member=Component LED49_U_Column9 (LED49) 150080RS75000
Added Member To Class: ClassName=U_Column10 Member=Component LED49_U_Column10 (LED49) 150080RS75000
Added Member To Class: ClassName=U_Column11 Member=Component LED49_U_Column11 (LED49) 150080RS75000
Added Member To Class: ClassName=U_Column12 Member=Component LED49_U_Column12 (LED49) 150080RS75000
Added Member To Class: ClassName=U_Column13 Member=Component LED49_U_Column13 (LED49) 150080RS75000
Added Member To Class: ClassName=U_Column14 Member=Component LED49_U_Column14 (LED49) 150080RS75000
Added Member To Class: ClassName=U_Column15 Member=Component LED49_U_Column15 (LED49) 150080RS75000
Added Member To Class: ClassName=U_Column16 Member=Component LED49_U_Column16 (LED49) 150080RS75000
Added Member To Class: ClassName=U_Column1 Member=Component LED57_U_Column1 (LED57) 150080RS75000
Added Member To Class: ClassName=U_Column2 Member=Component LED57_U_Column2 (LED57) 150080RS75000
Added Member To Class: ClassName=U_Column3 Member=Component LED57_U_Column3 (LED57) 150080RS75000
Added Member To Class: ClassName=U_Column4 Member=Component LED57_U_Column4 (LED57) 150080RS75000
Added Member To Class: ClassName=U_Column5 Member=Component LED57_U_Column5 (LED57) 150080RS75000
Added Member To Class: ClassName=U_Column6 Member=Component LED57_U_Column6 (LED57) 150080RS75000
Added Member To Class: ClassName=U_Column7 Member=Component LED57_U_Column7 (LED57) 150080RS75000
Added Member To Class: ClassName=U_Column8 Member=Component LED57_U_Column8 (LED57) 150080RS75000
Added Member To Class: ClassName=U_Column9 Member=Component LED57_U_Column9 (LED57) 150080RS75000
Added Member To Class: ClassName=U_Column10 Member=Component LED57_U_Column10 (LED57) 150080RS75000
Added Member To Class: ClassName=U_Column11 Member=Component LED57_U_Column11 (LED57) 150080RS75000
Added Member To Class: ClassName=U_Column12 Member=Component LED57_U_Column12 (LED57) 150080RS75000
Added Member To Class: ClassName=U_Column13 Member=Component LED57_U_Column13 (LED57) 150080RS75000
Added Member To Class: ClassName=U_Column14 Member=Component LED57_U_Column14 (LED57) 150080RS75000
Added Member To Class: ClassName=U_Column15 Member=Component LED57_U_Column15 (LED57) 150080RS75000
Added Member To Class: ClassName=U_Column16 Member=Component LED57_U_Column16 (LED57) 150080RS75000
Added Member To Class: ClassName=U_Matrix_Controller Member=Component R1 Rowresistor
Added Member To Class: ClassName=U_Matrix_Controller Member=Component R2 Rowresistor
Added Member To Class: ClassName=U_Matrix_Controller Member=Component Shift1 HD74HC595FP
Added Member To Class: ClassName=U_Matrix_Controller Member=Component Shift2 HD74HC595FP
Added Member To Class: ClassName=U_Matrix_Controller Member=Component TRAN Darlington NPN
Added Room: Name=U_Column1
Added Room: Name=U_Column2
Added Room: Name=U_Column3
Added Room: Name=U_Column4
Added Room: Name=U_Column5
Added Room: Name=U_Column6
Added Room: Name=U_Column7
Added Room: Name=U_Column8
Added Room: Name=U_Column9
Added Room: Name=U_Column10
Added Room: Name=U_Column11
Added Room: Name=U_Column12
Added Room: Name=U_Column13
Added Room: Name=U_Column14
Added Room: Name=U_Column15
Added Room: Name=U_Column16
Added Room: Name=U_Matrix_Controller
