Removed Pin From Net: NetName=ROW1 Pin=LED1_Col1-2
Removed Pin From Net: NetName=ROW1 Pin=LED1_Col2-2
Removed Pin From Net: NetName=ROW1 Pin=LED1_Col3-2
Removed Pin From Net: NetName=ROW1 Pin=LED1_Col4-2
Removed Pin From Net: NetName=ROW1 Pin=LED1_Col5-2
Removed Pin From Net: NetName=ROW1 Pin=LED1_Col6-2
Removed Pin From Net: NetName=ROW1 Pin=LED1_Col7-2
Removed Pin From Net: NetName=ROW1 Pin=LED1_Col8-2
Removed Pin From Net: NetName=ROW1 Pin=LED1_Col9-2
Removed Pin From Net: NetName=ROW1 Pin=LED1_Col10-2
Removed Pin From Net: NetName=ROW1 Pin=LED1_Col11-2
Removed Pin From Net: NetName=ROW1 Pin=LED1_Col12-2
Removed Pin From Net: NetName=ROW1 Pin=LED1_Col13-2
Removed Pin From Net: NetName=ROW1 Pin=LED1_Col14-2
Removed Pin From Net: NetName=ROW1 Pin=LED1_Col15-2
Removed Pin From Net: NetName=ROW1 Pin=LED1_Col16-2
Removed Pin From Net: NetName=ROW2 Pin=LED9_Col1-2
Removed Pin From Net: NetName=ROW2 Pin=LED9_Col2-2
Removed Pin From Net: NetName=ROW2 Pin=LED9_Col3-2
Removed Pin From Net: NetName=ROW2 Pin=LED9_Col4-2
Removed Pin From Net: NetName=ROW2 Pin=LED9_Col5-2
Removed Pin From Net: NetName=ROW2 Pin=LED9_Col6-2
Removed Pin From Net: NetName=ROW2 Pin=LED9_Col7-2
Removed Pin From Net: NetName=ROW2 Pin=LED9_Col8-2
Removed Pin From Net: NetName=ROW2 Pin=LED9_Col9-2
Removed Pin From Net: NetName=ROW2 Pin=LED9_Col10-2
Removed Pin From Net: NetName=ROW2 Pin=LED9_Col11-2
Removed Pin From Net: NetName=ROW2 Pin=LED9_Col12-2
Removed Pin From Net: NetName=ROW2 Pin=LED9_Col13-2
Removed Pin From Net: NetName=ROW2 Pin=LED9_Col14-2
Removed Pin From Net: NetName=ROW2 Pin=LED9_Col15-2
Removed Pin From Net: NetName=ROW2 Pin=LED9_Col16-2
Removed Pin From Net: NetName=ROW3 Pin=LED17_Col1-2
Removed Pin From Net: NetName=ROW3 Pin=LED17_Col2-2
Removed Pin From Net: NetName=ROW3 Pin=LED17_Col3-2
Removed Pin From Net: NetName=ROW3 Pin=LED17_Col4-2
Removed Pin From Net: NetName=ROW3 Pin=LED17_Col5-2
Removed Pin From Net: NetName=ROW3 Pin=LED17_Col6-2
Removed Pin From Net: NetName=ROW3 Pin=LED17_Col7-2
Removed Pin From Net: NetName=ROW3 Pin=LED17_Col8-2
Removed Pin From Net: NetName=ROW3 Pin=LED17_Col9-2
Removed Pin From Net: NetName=ROW3 Pin=LED17_Col10-2
Removed Pin From Net: NetName=ROW3 Pin=LED17_Col11-2
Removed Pin From Net: NetName=ROW3 Pin=LED17_Col12-2
Removed Pin From Net: NetName=ROW3 Pin=LED17_Col13-2
Removed Pin From Net: NetName=ROW3 Pin=LED17_Col14-2
Removed Pin From Net: NetName=ROW3 Pin=LED17_Col15-2
Removed Pin From Net: NetName=ROW3 Pin=LED17_Col16-2
Removed Pin From Net: NetName=ROW4 Pin=LED25_Col1-2
Removed Pin From Net: NetName=ROW4 Pin=LED25_Col2-2
Removed Pin From Net: NetName=ROW4 Pin=LED25_Col3-2
Removed Pin From Net: NetName=ROW4 Pin=LED25_Col4-2
Removed Pin From Net: NetName=ROW4 Pin=LED25_Col5-2
Removed Pin From Net: NetName=ROW4 Pin=LED25_Col6-2
Removed Pin From Net: NetName=ROW4 Pin=LED25_Col7-2
Removed Pin From Net: NetName=ROW4 Pin=LED25_Col8-2
Removed Pin From Net: NetName=ROW4 Pin=LED25_Col9-2
Removed Pin From Net: NetName=ROW4 Pin=LED25_Col10-2
Removed Pin From Net: NetName=ROW4 Pin=LED25_Col11-2
Removed Pin From Net: NetName=ROW4 Pin=LED25_Col12-2
Removed Pin From Net: NetName=ROW4 Pin=LED25_Col13-2
Removed Pin From Net: NetName=ROW4 Pin=LED25_Col14-2
Removed Pin From Net: NetName=ROW4 Pin=LED25_Col15-2
Removed Pin From Net: NetName=ROW4 Pin=LED25_Col16-2
Removed Pin From Net: NetName=ROW5 Pin=LED33_Col1-2
Removed Pin From Net: NetName=ROW5 Pin=LED33_Col2-2
Removed Pin From Net: NetName=ROW5 Pin=LED33_Col3-2
Removed Pin From Net: NetName=ROW5 Pin=LED33_Col4-2
Removed Pin From Net: NetName=ROW5 Pin=LED33_Col5-2
Removed Pin From Net: NetName=ROW5 Pin=LED33_Col6-2
Removed Pin From Net: NetName=ROW5 Pin=LED33_Col7-2
Removed Pin From Net: NetName=ROW5 Pin=LED33_Col8-2
Removed Pin From Net: NetName=ROW5 Pin=LED33_Col9-2
Removed Pin From Net: NetName=ROW5 Pin=LED33_Col10-2
Removed Pin From Net: NetName=ROW5 Pin=LED33_Col11-2
Removed Pin From Net: NetName=ROW5 Pin=LED33_Col12-2
Removed Pin From Net: NetName=ROW5 Pin=LED33_Col13-2
Removed Pin From Net: NetName=ROW5 Pin=LED33_Col14-2
Removed Pin From Net: NetName=ROW5 Pin=LED33_Col15-2
Removed Pin From Net: NetName=ROW5 Pin=LED33_Col16-2
Removed Pin From Net: NetName=ROW6 Pin=LED41_Col1-2
Removed Pin From Net: NetName=ROW6 Pin=LED41_Col2-2
Removed Pin From Net: NetName=ROW6 Pin=LED41_Col3-2
Removed Pin From Net: NetName=ROW6 Pin=LED41_Col4-2
Removed Pin From Net: NetName=ROW6 Pin=LED41_Col5-2
Removed Pin From Net: NetName=ROW6 Pin=LED41_Col6-2
Removed Pin From Net: NetName=ROW6 Pin=LED41_Col7-2
Removed Pin From Net: NetName=ROW6 Pin=LED41_Col8-2
Removed Pin From Net: NetName=ROW6 Pin=LED41_Col9-2
Removed Pin From Net: NetName=ROW6 Pin=LED41_Col10-2
Removed Pin From Net: NetName=ROW6 Pin=LED41_Col11-2
Removed Pin From Net: NetName=ROW6 Pin=LED41_Col12-2
Removed Pin From Net: NetName=ROW6 Pin=LED41_Col13-2
Removed Pin From Net: NetName=ROW6 Pin=LED41_Col14-2
Removed Pin From Net: NetName=ROW6 Pin=LED41_Col15-2
Removed Pin From Net: NetName=ROW6 Pin=LED41_Col16-2
Removed Pin From Net: NetName=ROW7 Pin=LED49_Col1-2
Removed Pin From Net: NetName=ROW7 Pin=LED49_Col2-2
Removed Pin From Net: NetName=ROW7 Pin=LED49_Col3-2
Removed Pin From Net: NetName=ROW7 Pin=LED49_Col4-2
Removed Pin From Net: NetName=ROW7 Pin=LED49_Col5-2
Removed Pin From Net: NetName=ROW7 Pin=LED49_Col6-2
Removed Pin From Net: NetName=ROW7 Pin=LED49_Col7-2
Removed Pin From Net: NetName=ROW7 Pin=LED49_Col8-2
Removed Pin From Net: NetName=ROW7 Pin=LED49_Col9-2
Removed Pin From Net: NetName=ROW7 Pin=LED49_Col10-2
Removed Pin From Net: NetName=ROW7 Pin=LED49_Col11-2
Removed Pin From Net: NetName=ROW7 Pin=LED49_Col12-2
Removed Pin From Net: NetName=ROW7 Pin=LED49_Col13-2
Removed Pin From Net: NetName=ROW7 Pin=LED49_Col14-2
Removed Pin From Net: NetName=ROW7 Pin=LED49_Col15-2
Removed Pin From Net: NetName=ROW7 Pin=LED49_Col16-2
Removed Pin From Net: NetName=ROW8 Pin=LED57_Col1-2
Removed Pin From Net: NetName=ROW8 Pin=LED57_Col2-2
Removed Pin From Net: NetName=ROW8 Pin=LED57_Col3-2
Removed Pin From Net: NetName=ROW8 Pin=LED57_Col4-2
Removed Pin From Net: NetName=ROW8 Pin=LED57_Col5-2
Removed Pin From Net: NetName=ROW8 Pin=LED57_Col6-2
Removed Pin From Net: NetName=ROW8 Pin=LED57_Col7-2
Removed Pin From Net: NetName=ROW8 Pin=LED57_Col8-2
Removed Pin From Net: NetName=ROW8 Pin=LED57_Col9-2
Removed Pin From Net: NetName=ROW8 Pin=LED57_Col10-2
Removed Pin From Net: NetName=ROW8 Pin=LED57_Col11-2
Removed Pin From Net: NetName=ROW8 Pin=LED57_Col12-2
Removed Pin From Net: NetName=ROW8 Pin=LED57_Col13-2
Removed Pin From Net: NetName=ROW8 Pin=LED57_Col14-2
Removed Pin From Net: NetName=ROW8 Pin=LED57_Col15-2
Removed Pin From Net: NetName=ROW8 Pin=LED57_Col16-2
Added Component: Designator=LED1_U_Column1(0805_A)
Added Component: Designator=LED1_U_Column2(0805_A)
Added Component: Designator=LED1_U_Column3(0805_A)
Added Component: Designator=LED1_U_Column4(0805_A)
Added Component: Designator=LED1_U_Column5(0805_A)
Added Component: Designator=LED1_U_Column6(0805_A)
Added Component: Designator=LED1_U_Column7(0805_A)
Added Component: Designator=LED1_U_Column8(0805_A)
Added Component: Designator=LED1_U_Column9(0805_A)
Added Component: Designator=LED1_U_Column10(0805_A)
Added Component: Designator=LED1_U_Column11(0805_A)
Added Component: Designator=LED1_U_Column12(0805_A)
Added Component: Designator=LED1_U_Column13(0805_A)
Added Component: Designator=LED1_U_Column14(0805_A)
Added Component: Designator=LED1_U_Column15(0805_A)
Added Component: Designator=LED1_U_Column16(0805_A)
Added Component: Designator=LED9_U_Column1(0805_A)
Added Component: Designator=LED9_U_Column2(0805_A)
Added Component: Designator=LED9_U_Column3(0805_A)
Added Component: Designator=LED9_U_Column4(0805_A)
Added Component: Designator=LED9_U_Column5(0805_A)
Added Component: Designator=LED9_U_Column6(0805_A)
Added Component: Designator=LED9_U_Column7(0805_A)
Added Component: Designator=LED9_U_Column8(0805_A)
Added Component: Designator=LED9_U_Column9(0805_A)
Added Component: Designator=LED9_U_Column10(0805_A)
Added Component: Designator=LED9_U_Column11(0805_A)
Added Component: Designator=LED9_U_Column12(0805_A)
Added Component: Designator=LED9_U_Column13(0805_A)
Added Component: Designator=LED9_U_Column14(0805_A)
Added Component: Designator=LED9_U_Column15(0805_A)
Added Component: Designator=LED9_U_Column16(0805_A)
Added Component: Designator=LED17_U_Column1(0805_A)
Added Component: Designator=LED17_U_Column2(0805_A)
Added Component: Designator=LED17_U_Column3(0805_A)
Added Component: Designator=LED17_U_Column4(0805_A)
Added Component: Designator=LED17_U_Column5(0805_A)
Added Component: Designator=LED17_U_Column6(0805_A)
Added Component: Designator=LED17_U_Column7(0805_A)
Added Component: Designator=LED17_U_Column8(0805_A)
Added Component: Designator=LED17_U_Column9(0805_A)
Added Component: Designator=LED17_U_Column10(0805_A)
Added Component: Designator=LED17_U_Column11(0805_A)
Added Component: Designator=LED17_U_Column12(0805_A)
Added Component: Designator=LED17_U_Column13(0805_A)
Added Component: Designator=LED17_U_Column14(0805_A)
Added Component: Designator=LED17_U_Column15(0805_A)
Added Component: Designator=LED17_U_Column16(0805_A)
Added Component: Designator=LED25_U_Column1(0805_A)
Added Component: Designator=LED25_U_Column2(0805_A)
Added Component: Designator=LED25_U_Column3(0805_A)
Added Component: Designator=LED25_U_Column4(0805_A)
Added Component: Designator=LED25_U_Column5(0805_A)
Added Component: Designator=LED25_U_Column6(0805_A)
Added Component: Designator=LED25_U_Column7(0805_A)
Added Component: Designator=LED25_U_Column8(0805_A)
Added Component: Designator=LED25_U_Column9(0805_A)
Added Component: Designator=LED25_U_Column10(0805_A)
Added Component: Designator=LED25_U_Column11(0805_A)
Added Component: Designator=LED25_U_Column12(0805_A)
Added Component: Designator=LED25_U_Column13(0805_A)
Added Component: Designator=LED25_U_Column14(0805_A)
Added Component: Designator=LED25_U_Column15(0805_A)
Added Component: Designator=LED25_U_Column16(0805_A)
Added Component: Designator=LED33_U_Column1(0805_A)
Added Component: Designator=LED33_U_Column2(0805_A)
Added Component: Designator=LED33_U_Column3(0805_A)
Added Component: Designator=LED33_U_Column4(0805_A)
Added Component: Designator=LED33_U_Column5(0805_A)
Added Component: Designator=LED33_U_Column6(0805_A)
Added Component: Designator=LED33_U_Column7(0805_A)
Added Component: Designator=LED33_U_Column8(0805_A)
Added Component: Designator=LED33_U_Column9(0805_A)
Added Component: Designator=LED33_U_Column10(0805_A)
Added Component: Designator=LED33_U_Column11(0805_A)
Added Component: Designator=LED33_U_Column12(0805_A)
Added Component: Designator=LED33_U_Column13(0805_A)
Added Component: Designator=LED33_U_Column14(0805_A)
Added Component: Designator=LED33_U_Column15(0805_A)
Added Component: Designator=LED33_U_Column16(0805_A)
Added Component: Designator=LED41_U_Column1(0805_A)
Added Component: Designator=LED41_U_Column2(0805_A)
Added Component: Designator=LED41_U_Column3(0805_A)
Added Component: Designator=LED41_U_Column4(0805_A)
Added Component: Designator=LED41_U_Column5(0805_A)
Added Component: Designator=LED41_U_Column6(0805_A)
Added Component: Designator=LED41_U_Column7(0805_A)
Added Component: Designator=LED41_U_Column8(0805_A)
Added Component: Designator=LED41_U_Column9(0805_A)
Added Component: Designator=LED41_U_Column10(0805_A)
Added Component: Designator=LED41_U_Column11(0805_A)
Added Component: Designator=LED41_U_Column12(0805_A)
Added Component: Designator=LED41_U_Column13(0805_A)
Added Component: Designator=LED41_U_Column14(0805_A)
Added Component: Designator=LED41_U_Column15(0805_A)
Added Component: Designator=LED41_U_Column16(0805_A)
Added Component: Designator=LED49_U_Column1(0805_A)
Added Component: Designator=LED49_U_Column2(0805_A)
Added Component: Designator=LED49_U_Column3(0805_A)
Added Component: Designator=LED49_U_Column4(0805_A)
Added Component: Designator=LED49_U_Column5(0805_A)
Added Component: Designator=LED49_U_Column6(0805_A)
Added Component: Designator=LED49_U_Column7(0805_A)
Added Component: Designator=LED49_U_Column8(0805_A)
Added Component: Designator=LED49_U_Column9(0805_A)
Added Component: Designator=LED49_U_Column10(0805_A)
Added Component: Designator=LED49_U_Column11(0805_A)
Added Component: Designator=LED49_U_Column12(0805_A)
Added Component: Designator=LED49_U_Column13(0805_A)
Added Component: Designator=LED49_U_Column14(0805_A)
Added Component: Designator=LED49_U_Column15(0805_A)
Added Component: Designator=LED49_U_Column16(0805_A)
Added Component: Designator=LED57_U_Column1(0805_A)
Added Component: Designator=LED57_U_Column2(0805_A)
Added Component: Designator=LED57_U_Column3(0805_A)
Added Component: Designator=LED57_U_Column4(0805_A)
Added Component: Designator=LED57_U_Column5(0805_A)
Added Component: Designator=LED57_U_Column6(0805_A)
Added Component: Designator=LED57_U_Column7(0805_A)
Added Component: Designator=LED57_U_Column8(0805_A)
Added Component: Designator=LED57_U_Column9(0805_A)
Added Component: Designator=LED57_U_Column10(0805_A)
Added Component: Designator=LED57_U_Column11(0805_A)
Added Component: Designator=LED57_U_Column12(0805_A)
Added Component: Designator=LED57_U_Column13(0805_A)
Added Component: Designator=LED57_U_Column14(0805_A)
Added Component: Designator=LED57_U_Column15(0805_A)
Added Component: Designator=LED57_U_Column16(0805_A)
Added Pin To Net: NetName=ROW1 Pin=LED1_U_Column1-2
Added Pin To Net: NetName=ROW1 Pin=LED1_U_Column2-2
Added Pin To Net: NetName=ROW1 Pin=LED1_U_Column3-2
Added Pin To Net: NetName=ROW1 Pin=LED1_U_Column4-2
Added Pin To Net: NetName=ROW1 Pin=LED1_U_Column5-2
Added Pin To Net: NetName=ROW1 Pin=LED1_U_Column6-2
Added Pin To Net: NetName=ROW1 Pin=LED1_U_Column7-2
Added Pin To Net: NetName=ROW1 Pin=LED1_U_Column8-2
Added Pin To Net: NetName=ROW1 Pin=LED1_U_Column9-2
Added Pin To Net: NetName=ROW1 Pin=LED1_U_Column10-2
Added Pin To Net: NetName=ROW1 Pin=LED1_U_Column11-2
Added Pin To Net: NetName=ROW1 Pin=LED1_U_Column12-2
Added Pin To Net: NetName=ROW1 Pin=LED1_U_Column13-2
Added Pin To Net: NetName=ROW1 Pin=LED1_U_Column14-2
Added Pin To Net: NetName=ROW1 Pin=LED1_U_Column15-2
Added Pin To Net: NetName=ROW1 Pin=LED1_U_Column16-2
Added Pin To Net: NetName=ROW2 Pin=LED9_U_Column1-2
Added Pin To Net: NetName=ROW2 Pin=LED9_U_Column2-2
Added Pin To Net: NetName=ROW2 Pin=LED9_U_Column3-2
Added Pin To Net: NetName=ROW2 Pin=LED9_U_Column4-2
Added Pin To Net: NetName=ROW2 Pin=LED9_U_Column5-2
Added Pin To Net: NetName=ROW2 Pin=LED9_U_Column6-2
Added Pin To Net: NetName=ROW2 Pin=LED9_U_Column7-2
Added Pin To Net: NetName=ROW2 Pin=LED9_U_Column8-2
Added Pin To Net: NetName=ROW2 Pin=LED9_U_Column9-2
Added Pin To Net: NetName=ROW2 Pin=LED9_U_Column10-2
Added Pin To Net: NetName=ROW2 Pin=LED9_U_Column11-2
Added Pin To Net: NetName=ROW2 Pin=LED9_U_Column12-2
Added Pin To Net: NetName=ROW2 Pin=LED9_U_Column13-2
Added Pin To Net: NetName=ROW2 Pin=LED9_U_Column14-2
Added Pin To Net: NetName=ROW2 Pin=LED9_U_Column15-2
Added Pin To Net: NetName=ROW2 Pin=LED9_U_Column16-2
Added Pin To Net: NetName=ROW3 Pin=LED17_U_Column1-2
Added Pin To Net: NetName=ROW3 Pin=LED17_U_Column2-2
Added Pin To Net: NetName=ROW3 Pin=LED17_U_Column3-2
Added Pin To Net: NetName=ROW3 Pin=LED17_U_Column4-2
Added Pin To Net: NetName=ROW3 Pin=LED17_U_Column5-2
Added Pin To Net: NetName=ROW3 Pin=LED17_U_Column6-2
Added Pin To Net: NetName=ROW3 Pin=LED17_U_Column7-2
Added Pin To Net: NetName=ROW3 Pin=LED17_U_Column8-2
Added Pin To Net: NetName=ROW3 Pin=LED17_U_Column9-2
Added Pin To Net: NetName=ROW3 Pin=LED17_U_Column10-2
Added Pin To Net: NetName=ROW3 Pin=LED17_U_Column11-2
Added Pin To Net: NetName=ROW3 Pin=LED17_U_Column12-2
Added Pin To Net: NetName=ROW3 Pin=LED17_U_Column13-2
Added Pin To Net: NetName=ROW3 Pin=LED17_U_Column14-2
Added Pin To Net: NetName=ROW3 Pin=LED17_U_Column15-2
Added Pin To Net: NetName=ROW3 Pin=LED17_U_Column16-2
Added Pin To Net: NetName=ROW4 Pin=LED25_U_Column1-2
Added Pin To Net: NetName=ROW4 Pin=LED25_U_Column2-2
Added Pin To Net: NetName=ROW4 Pin=LED25_U_Column3-2
Added Pin To Net: NetName=ROW4 Pin=LED25_U_Column4-2
Added Pin To Net: NetName=ROW4 Pin=LED25_U_Column5-2
Added Pin To Net: NetName=ROW4 Pin=LED25_U_Column6-2
Added Pin To Net: NetName=ROW4 Pin=LED25_U_Column7-2
Added Pin To Net: NetName=ROW4 Pin=LED25_U_Column8-2
Added Pin To Net: NetName=ROW4 Pin=LED25_U_Column9-2
Added Pin To Net: NetName=ROW4 Pin=LED25_U_Column10-2
Added Pin To Net: NetName=ROW4 Pin=LED25_U_Column11-2
Added Pin To Net: NetName=ROW4 Pin=LED25_U_Column12-2
Added Pin To Net: NetName=ROW4 Pin=LED25_U_Column13-2
Added Pin To Net: NetName=ROW4 Pin=LED25_U_Column14-2
Added Pin To Net: NetName=ROW4 Pin=LED25_U_Column15-2
Added Pin To Net: NetName=ROW4 Pin=LED25_U_Column16-2
Added Pin To Net: NetName=ROW5 Pin=LED33_U_Column1-2
Added Pin To Net: NetName=ROW5 Pin=LED33_U_Column2-2
Added Pin To Net: NetName=ROW5 Pin=LED33_U_Column3-2
Added Pin To Net: NetName=ROW5 Pin=LED33_U_Column4-2
Added Pin To Net: NetName=ROW5 Pin=LED33_U_Column5-2
Added Pin To Net: NetName=ROW5 Pin=LED33_U_Column6-2
Added Pin To Net: NetName=ROW5 Pin=LED33_U_Column7-2
Added Pin To Net: NetName=ROW5 Pin=LED33_U_Column8-2
Added Pin To Net: NetName=ROW5 Pin=LED33_U_Column9-2
Added Pin To Net: NetName=ROW5 Pin=LED33_U_Column10-2
Added Pin To Net: NetName=ROW5 Pin=LED33_U_Column11-2
Added Pin To Net: NetName=ROW5 Pin=LED33_U_Column12-2
Added Pin To Net: NetName=ROW5 Pin=LED33_U_Column13-2
Added Pin To Net: NetName=ROW5 Pin=LED33_U_Column14-2
Added Pin To Net: NetName=ROW5 Pin=LED33_U_Column15-2
Added Pin To Net: NetName=ROW5 Pin=LED33_U_Column16-2
Added Pin To Net: NetName=ROW6 Pin=LED41_U_Column1-2
Added Pin To Net: NetName=ROW6 Pin=LED41_U_Column2-2
Added Pin To Net: NetName=ROW6 Pin=LED41_U_Column3-2
Added Pin To Net: NetName=ROW6 Pin=LED41_U_Column4-2
Added Pin To Net: NetName=ROW6 Pin=LED41_U_Column5-2
Added Pin To Net: NetName=ROW6 Pin=LED41_U_Column6-2
Added Pin To Net: NetName=ROW6 Pin=LED41_U_Column7-2
Added Pin To Net: NetName=ROW6 Pin=LED41_U_Column8-2
Added Pin To Net: NetName=ROW6 Pin=LED41_U_Column9-2
Added Pin To Net: NetName=ROW6 Pin=LED41_U_Column10-2
Added Pin To Net: NetName=ROW6 Pin=LED41_U_Column11-2
Added Pin To Net: NetName=ROW6 Pin=LED41_U_Column12-2
Added Pin To Net: NetName=ROW6 Pin=LED41_U_Column13-2
Added Pin To Net: NetName=ROW6 Pin=LED41_U_Column14-2
Added Pin To Net: NetName=ROW6 Pin=LED41_U_Column15-2
Added Pin To Net: NetName=ROW6 Pin=LED41_U_Column16-2
Added Pin To Net: NetName=ROW7 Pin=LED49_U_Column1-2
Added Pin To Net: NetName=ROW7 Pin=LED49_U_Column2-2
Added Pin To Net: NetName=ROW7 Pin=LED49_U_Column3-2
Added Pin To Net: NetName=ROW7 Pin=LED49_U_Column4-2
Added Pin To Net: NetName=ROW7 Pin=LED49_U_Column5-2
Added Pin To Net: NetName=ROW7 Pin=LED49_U_Column6-2
Added Pin To Net: NetName=ROW7 Pin=LED49_U_Column7-2
Added Pin To Net: NetName=ROW7 Pin=LED49_U_Column8-2
Added Pin To Net: NetName=ROW7 Pin=LED49_U_Column9-2
Added Pin To Net: NetName=ROW7 Pin=LED49_U_Column10-2
Added Pin To Net: NetName=ROW7 Pin=LED49_U_Column11-2
Added Pin To Net: NetName=ROW7 Pin=LED49_U_Column12-2
Added Pin To Net: NetName=ROW7 Pin=LED49_U_Column13-2
Added Pin To Net: NetName=ROW7 Pin=LED49_U_Column14-2
Added Pin To Net: NetName=ROW7 Pin=LED49_U_Column15-2
Added Pin To Net: NetName=ROW7 Pin=LED49_U_Column16-2
Added Pin To Net: NetName=ROW8 Pin=LED57_U_Column1-2
Added Pin To Net: NetName=ROW8 Pin=LED57_U_Column2-2
Added Pin To Net: NetName=ROW8 Pin=LED57_U_Column3-2
Added Pin To Net: NetName=ROW8 Pin=LED57_U_Column4-2
Added Pin To Net: NetName=ROW8 Pin=LED57_U_Column5-2
Added Pin To Net: NetName=ROW8 Pin=LED57_U_Column6-2
Added Pin To Net: NetName=ROW8 Pin=LED57_U_Column7-2
Added Pin To Net: NetName=ROW8 Pin=LED57_U_Column8-2
Added Pin To Net: NetName=ROW8 Pin=LED57_U_Column9-2
Added Pin To Net: NetName=ROW8 Pin=LED57_U_Column10-2
Added Pin To Net: NetName=ROW8 Pin=LED57_U_Column11-2
Added Pin To Net: NetName=ROW8 Pin=LED57_U_Column12-2
Added Pin To Net: NetName=ROW8 Pin=LED57_U_Column13-2
Added Pin To Net: NetName=ROW8 Pin=LED57_U_Column14-2
Added Pin To Net: NetName=ROW8 Pin=LED57_U_Column15-2
Added Pin To Net: NetName=ROW8 Pin=LED57_U_Column16-2
Change Net Name : Old Net Name=S1C1 New Net Name=S1_BUS1
Change Net Name : Old Net Name=S1C2 New Net Name=S1_BUS2
Change Net Name : Old Net Name=S1C3 New Net Name=S1_BUS3
Change Net Name : Old Net Name=S1C4 New Net Name=S1_BUS4
Change Net Name : Old Net Name=S1C5 New Net Name=S1_BUS5
Change Net Name : Old Net Name=S1C6 New Net Name=S1_BUS6
Change Net Name : Old Net Name=S1C7 New Net Name=S1_BUS7
Change Net Name : Old Net Name=S1C8 New Net Name=S1_BUS8
Change Net Name : Old Net Name=S2C1 New Net Name=S2_BUS9
Change Net Name : Old Net Name=S2C2 New Net Name=S2_BUS10
Change Net Name : Old Net Name=S2C3 New Net Name=S2_BUS11
Change Net Name : Old Net Name=S2C4 New Net Name=S2_BUS12
Change Net Name : Old Net Name=S2C5 New Net Name=S2_BUS13
Change Net Name : Old Net Name=S2C6 New Net Name=S2_BUS14
Change Net Name : Old Net Name=S2C7 New Net Name=S2_BUS15
Change Net Name : Old Net Name=S2C8 New Net Name=S2_BUS16
Added Pin To Net: NetName=NetLED1_U_Column1_1 Pin=LED1_U_Column1-1
Added Pin To Net: NetName=NetLED1_U_Column1_1 Pin=LED9_U_Column1-1
Added Pin To Net: NetName=NetLED1_U_Column1_1 Pin=LED17_U_Column1-1
Added Pin To Net: NetName=NetLED1_U_Column1_1 Pin=LED25_U_Column1-1
Added Pin To Net: NetName=NetLED1_U_Column1_1 Pin=LED33_U_Column1-1
Added Pin To Net: NetName=NetLED1_U_Column1_1 Pin=LED41_U_Column1-1
Added Pin To Net: NetName=NetLED1_U_Column1_1 Pin=LED49_U_Column1-1
Added Pin To Net: NetName=NetLED1_U_Column1_1 Pin=LED57_U_Column1-1
Added Net: Name=NetLED1_U_Column1_1
Added Pin To Net: NetName=NetLED1_U_Column2_1 Pin=LED1_U_Column2-1
Added Pin To Net: NetName=NetLED1_U_Column2_1 Pin=LED9_U_Column2-1
Added Pin To Net: NetName=NetLED1_U_Column2_1 Pin=LED17_U_Column2-1
Added Pin To Net: NetName=NetLED1_U_Column2_1 Pin=LED25_U_Column2-1
Added Pin To Net: NetName=NetLED1_U_Column2_1 Pin=LED33_U_Column2-1
Added Pin To Net: NetName=NetLED1_U_Column2_1 Pin=LED41_U_Column2-1
Added Pin To Net: NetName=NetLED1_U_Column2_1 Pin=LED49_U_Column2-1
Added Pin To Net: NetName=NetLED1_U_Column2_1 Pin=LED57_U_Column2-1
Added Net: Name=NetLED1_U_Column2_1
Added Pin To Net: NetName=NetLED1_U_Column3_1 Pin=LED1_U_Column3-1
Added Pin To Net: NetName=NetLED1_U_Column3_1 Pin=LED9_U_Column3-1
Added Pin To Net: NetName=NetLED1_U_Column3_1 Pin=LED17_U_Column3-1
Added Pin To Net: NetName=NetLED1_U_Column3_1 Pin=LED25_U_Column3-1
Added Pin To Net: NetName=NetLED1_U_Column3_1 Pin=LED33_U_Column3-1
Added Pin To Net: NetName=NetLED1_U_Column3_1 Pin=LED41_U_Column3-1
Added Pin To Net: NetName=NetLED1_U_Column3_1 Pin=LED49_U_Column3-1
Added Pin To Net: NetName=NetLED1_U_Column3_1 Pin=LED57_U_Column3-1
Added Net: Name=NetLED1_U_Column3_1
Added Pin To Net: NetName=NetLED1_U_Column4_1 Pin=LED1_U_Column4-1
Added Pin To Net: NetName=NetLED1_U_Column4_1 Pin=LED9_U_Column4-1
Added Pin To Net: NetName=NetLED1_U_Column4_1 Pin=LED17_U_Column4-1
Added Pin To Net: NetName=NetLED1_U_Column4_1 Pin=LED25_U_Column4-1
Added Pin To Net: NetName=NetLED1_U_Column4_1 Pin=LED33_U_Column4-1
Added Pin To Net: NetName=NetLED1_U_Column4_1 Pin=LED41_U_Column4-1
Added Pin To Net: NetName=NetLED1_U_Column4_1 Pin=LED49_U_Column4-1
Added Pin To Net: NetName=NetLED1_U_Column4_1 Pin=LED57_U_Column4-1
Added Net: Name=NetLED1_U_Column4_1
Added Pin To Net: NetName=NetLED1_U_Column5_1 Pin=LED1_U_Column5-1
Added Pin To Net: NetName=NetLED1_U_Column5_1 Pin=LED9_U_Column5-1
Added Pin To Net: NetName=NetLED1_U_Column5_1 Pin=LED17_U_Column5-1
Added Pin To Net: NetName=NetLED1_U_Column5_1 Pin=LED25_U_Column5-1
Added Pin To Net: NetName=NetLED1_U_Column5_1 Pin=LED33_U_Column5-1
Added Pin To Net: NetName=NetLED1_U_Column5_1 Pin=LED41_U_Column5-1
Added Pin To Net: NetName=NetLED1_U_Column5_1 Pin=LED49_U_Column5-1
Added Pin To Net: NetName=NetLED1_U_Column5_1 Pin=LED57_U_Column5-1
Added Net: Name=NetLED1_U_Column5_1
Added Pin To Net: NetName=NetLED1_U_Column6_1 Pin=LED1_U_Column6-1
Added Pin To Net: NetName=NetLED1_U_Column6_1 Pin=LED9_U_Column6-1
Added Pin To Net: NetName=NetLED1_U_Column6_1 Pin=LED17_U_Column6-1
Added Pin To Net: NetName=NetLED1_U_Column6_1 Pin=LED25_U_Column6-1
Added Pin To Net: NetName=NetLED1_U_Column6_1 Pin=LED33_U_Column6-1
Added Pin To Net: NetName=NetLED1_U_Column6_1 Pin=LED41_U_Column6-1
Added Pin To Net: NetName=NetLED1_U_Column6_1 Pin=LED49_U_Column6-1
Added Pin To Net: NetName=NetLED1_U_Column6_1 Pin=LED57_U_Column6-1
Added Net: Name=NetLED1_U_Column6_1
Added Pin To Net: NetName=NetLED1_U_Column7_1 Pin=LED1_U_Column7-1
Added Pin To Net: NetName=NetLED1_U_Column7_1 Pin=LED9_U_Column7-1
Added Pin To Net: NetName=NetLED1_U_Column7_1 Pin=LED17_U_Column7-1
Added Pin To Net: NetName=NetLED1_U_Column7_1 Pin=LED25_U_Column7-1
Added Pin To Net: NetName=NetLED1_U_Column7_1 Pin=LED33_U_Column7-1
Added Pin To Net: NetName=NetLED1_U_Column7_1 Pin=LED41_U_Column7-1
Added Pin To Net: NetName=NetLED1_U_Column7_1 Pin=LED49_U_Column7-1
Added Pin To Net: NetName=NetLED1_U_Column7_1 Pin=LED57_U_Column7-1
Added Net: Name=NetLED1_U_Column7_1
Added Pin To Net: NetName=NetLED1_U_Column8_1 Pin=LED1_U_Column8-1
Added Pin To Net: NetName=NetLED1_U_Column8_1 Pin=LED9_U_Column8-1
Added Pin To Net: NetName=NetLED1_U_Column8_1 Pin=LED17_U_Column8-1
Added Pin To Net: NetName=NetLED1_U_Column8_1 Pin=LED25_U_Column8-1
Added Pin To Net: NetName=NetLED1_U_Column8_1 Pin=LED33_U_Column8-1
Added Pin To Net: NetName=NetLED1_U_Column8_1 Pin=LED41_U_Column8-1
Added Pin To Net: NetName=NetLED1_U_Column8_1 Pin=LED49_U_Column8-1
Added Pin To Net: NetName=NetLED1_U_Column8_1 Pin=LED57_U_Column8-1
Added Net: Name=NetLED1_U_Column8_1
Added Pin To Net: NetName=NetLED1_U_Column9_1 Pin=LED1_U_Column9-1
Added Pin To Net: NetName=NetLED1_U_Column9_1 Pin=LED9_U_Column9-1
Added Pin To Net: NetName=NetLED1_U_Column9_1 Pin=LED17_U_Column9-1
Added Pin To Net: NetName=NetLED1_U_Column9_1 Pin=LED25_U_Column9-1
Added Pin To Net: NetName=NetLED1_U_Column9_1 Pin=LED33_U_Column9-1
Added Pin To Net: NetName=NetLED1_U_Column9_1 Pin=LED41_U_Column9-1
Added Pin To Net: NetName=NetLED1_U_Column9_1 Pin=LED49_U_Column9-1
Added Pin To Net: NetName=NetLED1_U_Column9_1 Pin=LED57_U_Column9-1
Added Net: Name=NetLED1_U_Column9_1
Added Pin To Net: NetName=NetLED1_U_Column10_1 Pin=LED1_U_Column10-1
Added Pin To Net: NetName=NetLED1_U_Column10_1 Pin=LED9_U_Column10-1
Added Pin To Net: NetName=NetLED1_U_Column10_1 Pin=LED17_U_Column10-1
Added Pin To Net: NetName=NetLED1_U_Column10_1 Pin=LED25_U_Column10-1
Added Pin To Net: NetName=NetLED1_U_Column10_1 Pin=LED33_U_Column10-1
Added Pin To Net: NetName=NetLED1_U_Column10_1 Pin=LED41_U_Column10-1
Added Pin To Net: NetName=NetLED1_U_Column10_1 Pin=LED49_U_Column10-1
Added Pin To Net: NetName=NetLED1_U_Column10_1 Pin=LED57_U_Column10-1
Added Net: Name=NetLED1_U_Column10_1
Added Pin To Net: NetName=NetLED1_U_Column11_1 Pin=LED1_U_Column11-1
Added Pin To Net: NetName=NetLED1_U_Column11_1 Pin=LED9_U_Column11-1
Added Pin To Net: NetName=NetLED1_U_Column11_1 Pin=LED17_U_Column11-1
Added Pin To Net: NetName=NetLED1_U_Column11_1 Pin=LED25_U_Column11-1
Added Pin To Net: NetName=NetLED1_U_Column11_1 Pin=LED33_U_Column11-1
Added Pin To Net: NetName=NetLED1_U_Column11_1 Pin=LED41_U_Column11-1
Added Pin To Net: NetName=NetLED1_U_Column11_1 Pin=LED49_U_Column11-1
Added Pin To Net: NetName=NetLED1_U_Column11_1 Pin=LED57_U_Column11-1
Added Net: Name=NetLED1_U_Column11_1
Added Pin To Net: NetName=NetLED1_U_Column12_1 Pin=LED1_U_Column12-1
Added Pin To Net: NetName=NetLED1_U_Column12_1 Pin=LED9_U_Column12-1
Added Pin To Net: NetName=NetLED1_U_Column12_1 Pin=LED17_U_Column12-1
Added Pin To Net: NetName=NetLED1_U_Column12_1 Pin=LED25_U_Column12-1
Added Pin To Net: NetName=NetLED1_U_Column12_1 Pin=LED33_U_Column12-1
Added Pin To Net: NetName=NetLED1_U_Column12_1 Pin=LED41_U_Column12-1
Added Pin To Net: NetName=NetLED1_U_Column12_1 Pin=LED49_U_Column12-1
Added Pin To Net: NetName=NetLED1_U_Column12_1 Pin=LED57_U_Column12-1
Added Net: Name=NetLED1_U_Column12_1
Added Pin To Net: NetName=NetLED1_U_Column13_1 Pin=LED1_U_Column13-1
Added Pin To Net: NetName=NetLED1_U_Column13_1 Pin=LED9_U_Column13-1
Added Pin To Net: NetName=NetLED1_U_Column13_1 Pin=LED17_U_Column13-1
Added Pin To Net: NetName=NetLED1_U_Column13_1 Pin=LED25_U_Column13-1
Added Pin To Net: NetName=NetLED1_U_Column13_1 Pin=LED33_U_Column13-1
Added Pin To Net: NetName=NetLED1_U_Column13_1 Pin=LED41_U_Column13-1
Added Pin To Net: NetName=NetLED1_U_Column13_1 Pin=LED49_U_Column13-1
Added Pin To Net: NetName=NetLED1_U_Column13_1 Pin=LED57_U_Column13-1
Added Net: Name=NetLED1_U_Column13_1
Added Pin To Net: NetName=NetLED1_U_Column14_1 Pin=LED1_U_Column14-1
Added Pin To Net: NetName=NetLED1_U_Column14_1 Pin=LED9_U_Column14-1
Added Pin To Net: NetName=NetLED1_U_Column14_1 Pin=LED17_U_Column14-1
Added Pin To Net: NetName=NetLED1_U_Column14_1 Pin=LED25_U_Column14-1
Added Pin To Net: NetName=NetLED1_U_Column14_1 Pin=LED33_U_Column14-1
Added Pin To Net: NetName=NetLED1_U_Column14_1 Pin=LED41_U_Column14-1
Added Pin To Net: NetName=NetLED1_U_Column14_1 Pin=LED49_U_Column14-1
Added Pin To Net: NetName=NetLED1_U_Column14_1 Pin=LED57_U_Column14-1
Added Net: Name=NetLED1_U_Column14_1
Added Pin To Net: NetName=NetLED1_U_Column15_1 Pin=LED1_U_Column15-1
Added Pin To Net: NetName=NetLED1_U_Column15_1 Pin=LED9_U_Column15-1
Added Pin To Net: NetName=NetLED1_U_Column15_1 Pin=LED17_U_Column15-1
Added Pin To Net: NetName=NetLED1_U_Column15_1 Pin=LED25_U_Column15-1
Added Pin To Net: NetName=NetLED1_U_Column15_1 Pin=LED33_U_Column15-1
Added Pin To Net: NetName=NetLED1_U_Column15_1 Pin=LED41_U_Column15-1
Added Pin To Net: NetName=NetLED1_U_Column15_1 Pin=LED49_U_Column15-1
Added Pin To Net: NetName=NetLED1_U_Column15_1 Pin=LED57_U_Column15-1
Added Net: Name=NetLED1_U_Column15_1
Added Pin To Net: NetName=NetLED1_U_Column16_1 Pin=LED1_U_Column16-1
Added Pin To Net: NetName=NetLED1_U_Column16_1 Pin=LED9_U_Column16-1
Added Pin To Net: NetName=NetLED1_U_Column16_1 Pin=LED17_U_Column16-1
Added Pin To Net: NetName=NetLED1_U_Column16_1 Pin=LED25_U_Column16-1
Added Pin To Net: NetName=NetLED1_U_Column16_1 Pin=LED33_U_Column16-1
Added Pin To Net: NetName=NetLED1_U_Column16_1 Pin=LED41_U_Column16-1
Added Pin To Net: NetName=NetLED1_U_Column16_1 Pin=LED49_U_Column16-1
Added Pin To Net: NetName=NetLED1_U_Column16_1 Pin=LED57_U_Column16-1
Added Net: Name=NetLED1_U_Column16_1
Change Class Name : Old Net Name=Controller New Net Name=U_Matrix_Controller
Added Class: Name=U_Column1
Added Class: Name=U_Column2
Added Class: Name=U_Column3
Added Class: Name=U_Column4
Added Class: Name=U_Column5
Added Class: Name=U_Column6
Added Class: Name=U_Column7
Added Class: Name=U_Column8
Added Class: Name=U_Column9
Added Class: Name=U_Column10
Added Class: Name=U_Column11
Added Class: Name=U_Column12
Added Class: Name=U_Column13
Added Class: Name=U_Column14
Added Class: Name=U_Column15
Added Class: Name=U_Column16
Added Class: Name=S1_BUS[1..8]
Added Class: Name=S2_BUS[1..16]
Added Member To Class: ClassName=ROW[1..8] Member=Element[8]: ROW
Change Room Name: Old Name=Col12 New Name=U_Column12
Change Room Scope: Old Scope=InComponentClass('Col12') New Scope=InComponentClass('U_Column12')
Change Room Name: Old Name=Col13 New Name=U_Column13
Change Room Scope: Old Scope=InComponentClass('Col13') New Scope=InComponentClass('U_Column13')
Added Room: Name=U_Column1
Added Room: Name=U_Column2
Added Room: Name=U_Column3
Added Room: Name=U_Column4
Added Room: Name=U_Column5
Added Room: Name=U_Column6
Added Room: Name=U_Column7
Added Room: Name=U_Column8
Added Room: Name=U_Column9
Added Room: Name=U_Column10
Added Room: Name=U_Column11
Added Room: Name=U_Column14
Added Room: Name=U_Column15
Added Room: Name=U_Column16
Added Room: Name=U_Matrix_Controller
