Removed Pin From Net: NetName=3.3V Pin=C5-2
Removed Pin From Net: NetName=3.3V Pin=C6-2
Added Component: Designator=C5(6-0805_M)
Added Component: Designator=C6(6-0805_M)
Added Component: Designator=C7(6-0805_M)
Added Component: Designator=C8(6-0805_M)
Added Component: Designator=Osc1(32kHz_osc)
Added Component: Designator=Osc2(24MHz_Osc)
Added Pin To Net: NetName=GND Pin=C5-1
Added Pin To Net: NetName=3.3V Pin=C5-2
Added Pin To Net: NetName=GND Pin=C6-1
Added Pin To Net: NetName=3.3V Pin=C6-2
Added Pin To Net: NetName=GND Pin=C7-2
Added Pin To Net: NetName=GND Pin=C8-1
Added Pin To Net: NetName=GND Pin=Osc2-2
Added Pin To Net: NetName=GND Pin=Osc2-3
Added Pin To Net: NetName=NetC5_2 Pin=C5-2
Added Pin To Net: NetName=NetC5_2 Pin=Osc1-1
Added Pin To Net: NetName=NetC5_2 Pin=U3-4
Added Net: Name=NetC5_2
Added Pin To Net: NetName=NetC6_2 Pin=C6-2
Added Pin To Net: NetName=NetC6_2 Pin=Osc1-0
Added Pin To Net: NetName=NetC6_2 Pin=U3-5
Added Net: Name=NetC6_2
Added Pin To Net: NetName=NetC7_1 Pin=C7-1
Added Pin To Net: NetName=NetC7_1 Pin=Osc2-0
Added Pin To Net: NetName=NetC7_1 Pin=U3-47
Added Net: Name=NetC7_1
Added Pin To Net: NetName=NetC8_2 Pin=C8-2
Added Pin To Net: NetName=NetC8_2 Pin=Osc2-1
Added Pin To Net: NetName=NetC8_2 Pin=U3-46
Added Net: Name=NetC8_2
Added Member To Class: ClassName=U_Processor Member=Component C5 Cap
Added Member To Class: ClassName=U_Processor Member=Component C6 Cap
Added Member To Class: ClassName=U_Processor Member=Component C7 Cap
Added Member To Class: ClassName=U_Processor Member=Component C8 Cap
Added Member To Class: ClassName=U_Processor Member=Component Osc1 32.768kHz crystal oscillator
Added Member To Class: ClassName=U_Processor Member=Component Osc2 24MHz oscillator
