Added Net: Name=COL0_M1
Added Net: Name=COL0_M2
Added Net: Name=COL1_M1
Added Net: Name=COL1_M2
Added Net: Name=COL2_M1
Added Net: Name=COL2_M2
Added Net: Name=COL3_M1
Added Net: Name=COL3_M2
Added Net: Name=COL4_M1
Added Net: Name=COL4_M2
Added Net: Name=COL5_M1
Added Net: Name=COL5_M2
Added Net: Name=COL6_M1
Added Net: Name=COL6_M2
Added Net: Name=COL7_M1
Added Net: Name=COL7_M2
Added Net: Name=ROW0_M1
Added Net: Name=ROW1_M1
Added Net: Name=ROW2_M1
Added Net: Name=ROW3_M1
Added Net: Name=ROW4_M1
Added Net: Name=ROW5_M1
Added Net: Name=ROW6_M1
Added Net: Name=ROW7_M1
Added Class: Name=M1
Added Class: Name=M2
Added Class: Name=matrix
Added Room: Name=M1
Added Room: Name=M2
