Added Component: Designator=DEC(PRSP0016DH-B_N)
Added Component: Designator=LED1_Col1(0805_A)
Added Component: Designator=LED1_Col2(0805_A)
Added Component: Designator=LED1_Col3(0805_A)
Added Component: Designator=LED1_Col4(0805_A)
Added Component: Designator=LED1_Col5(0805_A)
Added Component: Designator=LED1_Col6(0805_A)
Added Component: Designator=LED1_Col7(0805_A)
Added Component: Designator=LED1_Col8(0805_A)
Added Component: Designator=LED1_Col9(0805_A)
Added Component: Designator=LED1_Col10(0805_A)
Added Component: Designator=LED1_Col11(0805_A)
Added Component: Designator=LED1_Col12(0805_A)
Added Component: Designator=LED1_Col13(0805_A)
Added Component: Designator=LED1_Col14(0805_A)
Added Component: Designator=LED1_Col15(0805_A)
Added Component: Designator=LED1_Col16(0805_A)
Added Component: Designator=LED2_Col1(0805_A)
Added Component: Designator=LED2_Col2(0805_A)
Added Component: Designator=LED2_Col3(0805_A)
Added Component: Designator=LED2_Col4(0805_A)
Added Component: Designator=LED2_Col5(0805_A)
Added Component: Designator=LED2_Col6(0805_A)
Added Component: Designator=LED2_Col7(0805_A)
Added Component: Designator=LED2_Col8(0805_A)
Added Component: Designator=LED2_Col9(0805_A)
Added Component: Designator=LED2_Col10(0805_A)
Added Component: Designator=LED2_Col11(0805_A)
Added Component: Designator=LED2_Col12(0805_A)
Added Component: Designator=LED2_Col13(0805_A)
Added Component: Designator=LED2_Col14(0805_A)
Added Component: Designator=LED2_Col15(0805_A)
Added Component: Designator=LED2_Col16(0805_A)
Added Component: Designator=LED3_Col1(0805_A)
Added Component: Designator=LED3_Col2(0805_A)
Added Component: Designator=LED3_Col3(0805_A)
Added Component: Designator=LED3_Col4(0805_A)
Added Component: Designator=LED3_Col5(0805_A)
Added Component: Designator=LED3_Col6(0805_A)
Added Component: Designator=LED3_Col7(0805_A)
Added Component: Designator=LED3_Col8(0805_A)
Added Component: Designator=LED3_Col9(0805_A)
Added Component: Designator=LED3_Col10(0805_A)
Added Component: Designator=LED3_Col11(0805_A)
Added Component: Designator=LED3_Col12(0805_A)
Added Component: Designator=LED3_Col13(0805_A)
Added Component: Designator=LED3_Col14(0805_A)
Added Component: Designator=LED3_Col15(0805_A)
Added Component: Designator=LED3_Col16(0805_A)
Added Component: Designator=LED4_Col1(0805_A)
Added Component: Designator=LED4_Col2(0805_A)
Added Component: Designator=LED4_Col3(0805_A)
Added Component: Designator=LED4_Col4(0805_A)
Added Component: Designator=LED4_Col5(0805_A)
Added Component: Designator=LED4_Col6(0805_A)
Added Component: Designator=LED4_Col7(0805_A)
Added Component: Designator=LED4_Col8(0805_A)
Added Component: Designator=LED4_Col9(0805_A)
Added Component: Designator=LED4_Col10(0805_A)
Added Component: Designator=LED4_Col11(0805_A)
Added Component: Designator=LED4_Col12(0805_A)
Added Component: Designator=LED4_Col13(0805_A)
Added Component: Designator=LED4_Col14(0805_A)
Added Component: Designator=LED4_Col15(0805_A)
Added Component: Designator=LED4_Col16(0805_A)
Added Component: Designator=LED5_Col1(0805_A)
Added Component: Designator=LED5_Col2(0805_A)
Added Component: Designator=LED5_Col3(0805_A)
Added Component: Designator=LED5_Col4(0805_A)
Added Component: Designator=LED5_Col5(0805_A)
Added Component: Designator=LED5_Col6(0805_A)
Added Component: Designator=LED5_Col7(0805_A)
Added Component: Designator=LED5_Col8(0805_A)
Added Component: Designator=LED5_Col9(0805_A)
Added Component: Designator=LED5_Col10(0805_A)
Added Component: Designator=LED5_Col11(0805_A)
Added Component: Designator=LED5_Col12(0805_A)
Added Component: Designator=LED5_Col13(0805_A)
Added Component: Designator=LED5_Col14(0805_A)
Added Component: Designator=LED5_Col15(0805_A)
Added Component: Designator=LED5_Col16(0805_A)
Added Component: Designator=LED6_Col1(0805_A)
Added Component: Designator=LED6_Col2(0805_A)
Added Component: Designator=LED6_Col3(0805_A)
Added Component: Designator=LED6_Col4(0805_A)
Added Component: Designator=LED6_Col5(0805_A)
Added Component: Designator=LED6_Col6(0805_A)
Added Component: Designator=LED6_Col7(0805_A)
Added Component: Designator=LED6_Col8(0805_A)
Added Component: Designator=LED6_Col9(0805_A)
Added Component: Designator=LED6_Col10(0805_A)
Added Component: Designator=LED6_Col11(0805_A)
Added Component: Designator=LED6_Col12(0805_A)
Added Component: Designator=LED6_Col13(0805_A)
Added Component: Designator=LED6_Col14(0805_A)
Added Component: Designator=LED6_Col15(0805_A)
Added Component: Designator=LED6_Col16(0805_A)
Added Component: Designator=LED7_Col1(0805_A)
Added Component: Designator=LED7_Col2(0805_A)
Added Component: Designator=LED7_Col3(0805_A)
Added Component: Designator=LED7_Col4(0805_A)
Added Component: Designator=LED7_Col5(0805_A)
Added Component: Designator=LED7_Col6(0805_A)
Added Component: Designator=LED7_Col7(0805_A)
Added Component: Designator=LED7_Col8(0805_A)
Added Component: Designator=LED7_Col9(0805_A)
Added Component: Designator=LED7_Col10(0805_A)
Added Component: Designator=LED7_Col11(0805_A)
Added Component: Designator=LED7_Col12(0805_A)
Added Component: Designator=LED7_Col13(0805_A)
Added Component: Designator=LED7_Col14(0805_A)
Added Component: Designator=LED7_Col15(0805_A)
Added Component: Designator=LED7_Col16(0805_A)
Added Component: Designator=LED8_Col1(0805_A)
Added Component: Designator=LED8_Col2(0805_A)
Added Component: Designator=LED8_Col3(0805_A)
Added Component: Designator=LED8_Col4(0805_A)
Added Component: Designator=LED8_Col5(0805_A)
Added Component: Designator=LED8_Col6(0805_A)
Added Component: Designator=LED8_Col7(0805_A)
Added Component: Designator=LED8_Col8(0805_A)
Added Component: Designator=LED8_Col9(0805_A)
Added Component: Designator=LED8_Col10(0805_A)
Added Component: Designator=LED8_Col11(0805_A)
Added Component: Designator=LED8_Col12(0805_A)
Added Component: Designator=LED8_Col13(0805_A)
Added Component: Designator=LED8_Col14(0805_A)
Added Component: Designator=LED8_Col15(0805_A)
Added Component: Designator=LED8_Col16(0805_A)
Added Component: Designator=R1(Rowres)
Added Component: Designator=R2(Rowres)
Added Component: Designator=Shift1(PRSP0016DH-B_N)
Added Component: Designator=Shift2(PRSP0016DH-B_N)
Added Component: Designator=TRAN(LW18_N)
Added Pin To Net: NetName=A1 Pin=DEC-1
Added Pin To Net: NetName=A2 Pin=DEC-2
Added Pin To Net: NetName=A3 Pin=DEC-3
Added Pin To Net: NetName=GND Pin=DEC-4
Added Pin To Net: NetName=GND Pin=DEC-5
Added Pin To Net: NetName=VCC Pin=DEC-6
Added Pin To Net: NetName=NetDEC_7 Pin=DEC-7
Added Pin To Net: NetName=NetDEC_8 Pin=DEC-8
Added Pin To Net: NetName=NetDEC_9 Pin=DEC-9
Added Pin To Net: NetName=NetDEC_10 Pin=DEC-10
Added Pin To Net: NetName=NetDEC_11 Pin=DEC-11
Added Pin To Net: NetName=NetDEC_12 Pin=DEC-12
Added Pin To Net: NetName=NetDEC_13 Pin=DEC-13
Added Pin To Net: NetName=NetDEC_14 Pin=DEC-14
Added Pin To Net: NetName=NetDEC_15 Pin=DEC-15
Added Pin To Net: NetName=VCC Pin=DEC-16
Added Pin To Net: NetName=R1_Col1 Pin=LED1_Col1-1
Added Pin To Net: NetName=COL11 Pin=LED1_Col1-2
Added Pin To Net: NetName=R1_Col2 Pin=LED1_Col2-1
Added Pin To Net: NetName=COL12 Pin=LED1_Col2-2
Added Pin To Net: NetName=R1_Col3 Pin=LED1_Col3-1
Added Pin To Net: NetName=COL13 Pin=LED1_Col3-2
Added Pin To Net: NetName=R1_Col4 Pin=LED1_Col4-1
Added Pin To Net: NetName=COL14 Pin=LED1_Col4-2
Added Pin To Net: NetName=R1_Col5 Pin=LED1_Col5-1
Added Pin To Net: NetName=COL15 Pin=LED1_Col5-2
Added Pin To Net: NetName=R1_Col6 Pin=LED1_Col6-1
Added Pin To Net: NetName=COL16 Pin=LED1_Col6-2
Added Pin To Net: NetName=R1_Col7 Pin=LED1_Col7-1
Added Pin To Net: NetName=TESTING17 Pin=LED1_Col7-2
Added Pin To Net: NetName=R1_Col8 Pin=LED1_Col8-1
Added Pin To Net: NetName=TESTING18 Pin=LED1_Col8-2
Added Pin To Net: NetName=R1_Col9 Pin=LED1_Col9-1
Added Pin To Net: NetName=TESTING19 Pin=LED1_Col9-2
Added Pin To Net: NetName=R1_Col10 Pin=LED1_Col10-1
Added Pin To Net: NetName=TESTING110 Pin=LED1_Col10-2
Added Pin To Net: NetName=R1_Col11 Pin=LED1_Col11-1
Added Pin To Net: NetName=TESTING111 Pin=LED1_Col11-2
Added Pin To Net: NetName=R1_Col12 Pin=LED1_Col12-1
Added Pin To Net: NetName=TESTING112 Pin=LED1_Col12-2
Added Pin To Net: NetName=R1_Col13 Pin=LED1_Col13-1
Added Pin To Net: NetName=TESTING113 Pin=LED1_Col13-2
Added Pin To Net: NetName=R1_Col14 Pin=LED1_Col14-1
Added Pin To Net: NetName=TESTING114 Pin=LED1_Col14-2
Added Pin To Net: NetName=R1_Col15 Pin=LED1_Col15-1
Added Pin To Net: NetName=TESTING115 Pin=LED1_Col15-2
Added Pin To Net: NetName=R1_Col16 Pin=LED1_Col16-1
Added Pin To Net: NetName=TESTING116 Pin=LED1_Col16-2
Added Pin To Net: NetName=R2_Col1 Pin=LED2_Col1-1
Added Pin To Net: NetName=COL11 Pin=LED2_Col1-2
Added Pin To Net: NetName=R2_Col2 Pin=LED2_Col2-1
Added Pin To Net: NetName=COL12 Pin=LED2_Col2-2
Added Pin To Net: NetName=R2_Col3 Pin=LED2_Col3-1
Added Pin To Net: NetName=COL13 Pin=LED2_Col3-2
Added Pin To Net: NetName=R2_Col4 Pin=LED2_Col4-1
Added Pin To Net: NetName=COL14 Pin=LED2_Col4-2
Added Pin To Net: NetName=R2_Col5 Pin=LED2_Col5-1
Added Pin To Net: NetName=COL15 Pin=LED2_Col5-2
Added Pin To Net: NetName=R2_Col6 Pin=LED2_Col6-1
Added Pin To Net: NetName=COL16 Pin=LED2_Col6-2
Added Pin To Net: NetName=R2_Col7 Pin=LED2_Col7-1
Added Pin To Net: NetName=TESTING17 Pin=LED2_Col7-2
Added Pin To Net: NetName=R2_Col8 Pin=LED2_Col8-1
Added Pin To Net: NetName=TESTING18 Pin=LED2_Col8-2
Added Pin To Net: NetName=R2_Col9 Pin=LED2_Col9-1
Added Pin To Net: NetName=TESTING19 Pin=LED2_Col9-2
Added Pin To Net: NetName=R2_Col10 Pin=LED2_Col10-1
Added Pin To Net: NetName=TESTING110 Pin=LED2_Col10-2
Added Pin To Net: NetName=R2_Col11 Pin=LED2_Col11-1
Added Pin To Net: NetName=TESTING111 Pin=LED2_Col11-2
Added Pin To Net: NetName=R2_Col12 Pin=LED2_Col12-1
Added Pin To Net: NetName=TESTING112 Pin=LED2_Col12-2
Added Pin To Net: NetName=R2_Col13 Pin=LED2_Col13-1
Added Pin To Net: NetName=TESTING113 Pin=LED2_Col13-2
Added Pin To Net: NetName=R2_Col14 Pin=LED2_Col14-1
Added Pin To Net: NetName=TESTING114 Pin=LED2_Col14-2
Added Pin To Net: NetName=R2_Col15 Pin=LED2_Col15-1
Added Pin To Net: NetName=TESTING115 Pin=LED2_Col15-2
Added Pin To Net: NetName=R2_Col16 Pin=LED2_Col16-1
Added Pin To Net: NetName=TESTING116 Pin=LED2_Col16-2
Added Pin To Net: NetName=R3_Col1 Pin=LED3_Col1-1
Added Pin To Net: NetName=COL11 Pin=LED3_Col1-2
Added Pin To Net: NetName=R3_Col2 Pin=LED3_Col2-1
Added Pin To Net: NetName=COL12 Pin=LED3_Col2-2
Added Pin To Net: NetName=R3_Col3 Pin=LED3_Col3-1
Added Pin To Net: NetName=COL13 Pin=LED3_Col3-2
Added Pin To Net: NetName=R3_Col4 Pin=LED3_Col4-1
Added Pin To Net: NetName=COL14 Pin=LED3_Col4-2
Added Pin To Net: NetName=R3_Col5 Pin=LED3_Col5-1
Added Pin To Net: NetName=COL15 Pin=LED3_Col5-2
Added Pin To Net: NetName=R3_Col6 Pin=LED3_Col6-1
Added Pin To Net: NetName=COL16 Pin=LED3_Col6-2
Added Pin To Net: NetName=R3_Col7 Pin=LED3_Col7-1
Added Pin To Net: NetName=TESTING17 Pin=LED3_Col7-2
Added Pin To Net: NetName=R3_Col8 Pin=LED3_Col8-1
Added Pin To Net: NetName=TESTING18 Pin=LED3_Col8-2
Added Pin To Net: NetName=R3_Col9 Pin=LED3_Col9-1
Added Pin To Net: NetName=TESTING19 Pin=LED3_Col9-2
Added Pin To Net: NetName=R3_Col10 Pin=LED3_Col10-1
Added Pin To Net: NetName=TESTING110 Pin=LED3_Col10-2
Added Pin To Net: NetName=R3_Col11 Pin=LED3_Col11-1
Added Pin To Net: NetName=TESTING111 Pin=LED3_Col11-2
Added Pin To Net: NetName=R3_Col12 Pin=LED3_Col12-1
Added Pin To Net: NetName=TESTING112 Pin=LED3_Col12-2
Added Pin To Net: NetName=R3_Col13 Pin=LED3_Col13-1
Added Pin To Net: NetName=TESTING113 Pin=LED3_Col13-2
Added Pin To Net: NetName=R3_Col14 Pin=LED3_Col14-1
Added Pin To Net: NetName=TESTING114 Pin=LED3_Col14-2
Added Pin To Net: NetName=R3_Col15 Pin=LED3_Col15-1
Added Pin To Net: NetName=TESTING115 Pin=LED3_Col15-2
Added Pin To Net: NetName=R3_Col16 Pin=LED3_Col16-1
Added Pin To Net: NetName=TESTING116 Pin=LED3_Col16-2
Added Pin To Net: NetName=R4_Col1 Pin=LED4_Col1-1
Added Pin To Net: NetName=COL11 Pin=LED4_Col1-2
Added Pin To Net: NetName=R4_Col2 Pin=LED4_Col2-1
Added Pin To Net: NetName=COL12 Pin=LED4_Col2-2
Added Pin To Net: NetName=R4_Col3 Pin=LED4_Col3-1
Added Pin To Net: NetName=COL13 Pin=LED4_Col3-2
Added Pin To Net: NetName=R4_Col4 Pin=LED4_Col4-1
Added Pin To Net: NetName=COL14 Pin=LED4_Col4-2
Added Pin To Net: NetName=R4_Col5 Pin=LED4_Col5-1
Added Pin To Net: NetName=COL15 Pin=LED4_Col5-2
Added Pin To Net: NetName=R4_Col6 Pin=LED4_Col6-1
Added Pin To Net: NetName=COL16 Pin=LED4_Col6-2
Added Pin To Net: NetName=R4_Col7 Pin=LED4_Col7-1
Added Pin To Net: NetName=TESTING17 Pin=LED4_Col7-2
Added Pin To Net: NetName=R4_Col8 Pin=LED4_Col8-1
Added Pin To Net: NetName=TESTING18 Pin=LED4_Col8-2
Added Pin To Net: NetName=R4_Col9 Pin=LED4_Col9-1
Added Pin To Net: NetName=TESTING19 Pin=LED4_Col9-2
Added Pin To Net: NetName=R4_Col10 Pin=LED4_Col10-1
Added Pin To Net: NetName=TESTING110 Pin=LED4_Col10-2
Added Pin To Net: NetName=R4_Col11 Pin=LED4_Col11-1
Added Pin To Net: NetName=TESTING111 Pin=LED4_Col11-2
Added Pin To Net: NetName=R4_Col12 Pin=LED4_Col12-1
Added Pin To Net: NetName=TESTING112 Pin=LED4_Col12-2
Added Pin To Net: NetName=R4_Col13 Pin=LED4_Col13-1
Added Pin To Net: NetName=TESTING113 Pin=LED4_Col13-2
Added Pin To Net: NetName=R4_Col14 Pin=LED4_Col14-1
Added Pin To Net: NetName=TESTING114 Pin=LED4_Col14-2
Added Pin To Net: NetName=R4_Col15 Pin=LED4_Col15-1
Added Pin To Net: NetName=TESTING115 Pin=LED4_Col15-2
Added Pin To Net: NetName=R4_Col16 Pin=LED4_Col16-1
Added Pin To Net: NetName=TESTING116 Pin=LED4_Col16-2
Added Pin To Net: NetName=R5_Col1 Pin=LED5_Col1-1
Added Pin To Net: NetName=COL11 Pin=LED5_Col1-2
Added Pin To Net: NetName=R5_Col2 Pin=LED5_Col2-1
Added Pin To Net: NetName=COL12 Pin=LED5_Col2-2
Added Pin To Net: NetName=R5_Col3 Pin=LED5_Col3-1
Added Pin To Net: NetName=COL13 Pin=LED5_Col3-2
Added Pin To Net: NetName=R5_Col4 Pin=LED5_Col4-1
Added Pin To Net: NetName=COL14 Pin=LED5_Col4-2
Added Pin To Net: NetName=R5_Col5 Pin=LED5_Col5-1
Added Pin To Net: NetName=COL15 Pin=LED5_Col5-2
Added Pin To Net: NetName=R5_Col6 Pin=LED5_Col6-1
Added Pin To Net: NetName=COL16 Pin=LED5_Col6-2
Added Pin To Net: NetName=R5_Col7 Pin=LED5_Col7-1
Added Pin To Net: NetName=TESTING17 Pin=LED5_Col7-2
Added Pin To Net: NetName=R5_Col8 Pin=LED5_Col8-1
Added Pin To Net: NetName=TESTING18 Pin=LED5_Col8-2
Added Pin To Net: NetName=R5_Col9 Pin=LED5_Col9-1
Added Pin To Net: NetName=TESTING19 Pin=LED5_Col9-2
Added Pin To Net: NetName=R5_Col10 Pin=LED5_Col10-1
Added Pin To Net: NetName=TESTING110 Pin=LED5_Col10-2
Added Pin To Net: NetName=R5_Col11 Pin=LED5_Col11-1
Added Pin To Net: NetName=TESTING111 Pin=LED5_Col11-2
Added Pin To Net: NetName=R5_Col12 Pin=LED5_Col12-1
Added Pin To Net: NetName=TESTING112 Pin=LED5_Col12-2
Added Pin To Net: NetName=R5_Col13 Pin=LED5_Col13-1
Added Pin To Net: NetName=TESTING113 Pin=LED5_Col13-2
Added Pin To Net: NetName=R5_Col14 Pin=LED5_Col14-1
Added Pin To Net: NetName=TESTING114 Pin=LED5_Col14-2
Added Pin To Net: NetName=R5_Col15 Pin=LED5_Col15-1
Added Pin To Net: NetName=TESTING115 Pin=LED5_Col15-2
Added Pin To Net: NetName=R5_Col16 Pin=LED5_Col16-1
Added Pin To Net: NetName=TESTING116 Pin=LED5_Col16-2
Added Pin To Net: NetName=R6_Col1 Pin=LED6_Col1-1
Added Pin To Net: NetName=COL11 Pin=LED6_Col1-2
Added Pin To Net: NetName=R6_Col2 Pin=LED6_Col2-1
Added Pin To Net: NetName=COL12 Pin=LED6_Col2-2
Added Pin To Net: NetName=R6_Col3 Pin=LED6_Col3-1
Added Pin To Net: NetName=COL13 Pin=LED6_Col3-2
Added Pin To Net: NetName=R6_Col4 Pin=LED6_Col4-1
Added Pin To Net: NetName=COL14 Pin=LED6_Col4-2
Added Pin To Net: NetName=R6_Col5 Pin=LED6_Col5-1
Added Pin To Net: NetName=COL15 Pin=LED6_Col5-2
Added Pin To Net: NetName=R6_Col6 Pin=LED6_Col6-1
Added Pin To Net: NetName=COL16 Pin=LED6_Col6-2
Added Pin To Net: NetName=R6_Col7 Pin=LED6_Col7-1
Added Pin To Net: NetName=TESTING17 Pin=LED6_Col7-2
Added Pin To Net: NetName=R6_Col8 Pin=LED6_Col8-1
Added Pin To Net: NetName=TESTING18 Pin=LED6_Col8-2
Added Pin To Net: NetName=R6_Col9 Pin=LED6_Col9-1
Added Pin To Net: NetName=TESTING19 Pin=LED6_Col9-2
Added Pin To Net: NetName=R6_Col10 Pin=LED6_Col10-1
Added Pin To Net: NetName=TESTING110 Pin=LED6_Col10-2
Added Pin To Net: NetName=R6_Col11 Pin=LED6_Col11-1
Added Pin To Net: NetName=TESTING111 Pin=LED6_Col11-2
Added Pin To Net: NetName=R6_Col12 Pin=LED6_Col12-1
Added Pin To Net: NetName=TESTING112 Pin=LED6_Col12-2
Added Pin To Net: NetName=R6_Col13 Pin=LED6_Col13-1
Added Pin To Net: NetName=TESTING113 Pin=LED6_Col13-2
Added Pin To Net: NetName=R6_Col14 Pin=LED6_Col14-1
Added Pin To Net: NetName=TESTING114 Pin=LED6_Col14-2
Added Pin To Net: NetName=R6_Col15 Pin=LED6_Col15-1
Added Pin To Net: NetName=TESTING115 Pin=LED6_Col15-2
Added Pin To Net: NetName=R6_Col16 Pin=LED6_Col16-1
Added Pin To Net: NetName=TESTING116 Pin=LED6_Col16-2
Added Pin To Net: NetName=R7_Col1 Pin=LED7_Col1-1
Added Pin To Net: NetName=COL11 Pin=LED7_Col1-2
Added Pin To Net: NetName=R7_Col2 Pin=LED7_Col2-1
Added Pin To Net: NetName=COL12 Pin=LED7_Col2-2
Added Pin To Net: NetName=R7_Col3 Pin=LED7_Col3-1
Added Pin To Net: NetName=COL13 Pin=LED7_Col3-2
Added Pin To Net: NetName=R7_Col4 Pin=LED7_Col4-1
Added Pin To Net: NetName=COL14 Pin=LED7_Col4-2
Added Pin To Net: NetName=R7_Col5 Pin=LED7_Col5-1
Added Pin To Net: NetName=COL15 Pin=LED7_Col5-2
Added Pin To Net: NetName=R7_Col6 Pin=LED7_Col6-1
Added Pin To Net: NetName=COL16 Pin=LED7_Col6-2
Added Pin To Net: NetName=R7_Col7 Pin=LED7_Col7-1
Added Pin To Net: NetName=TESTING17 Pin=LED7_Col7-2
Added Pin To Net: NetName=R7_Col8 Pin=LED7_Col8-1
Added Pin To Net: NetName=TESTING18 Pin=LED7_Col8-2
Added Pin To Net: NetName=R7_Col9 Pin=LED7_Col9-1
Added Pin To Net: NetName=TESTING19 Pin=LED7_Col9-2
Added Pin To Net: NetName=R7_Col10 Pin=LED7_Col10-1
Added Pin To Net: NetName=TESTING110 Pin=LED7_Col10-2
Added Pin To Net: NetName=R7_Col11 Pin=LED7_Col11-1
Added Pin To Net: NetName=TESTING111 Pin=LED7_Col11-2
Added Pin To Net: NetName=R7_Col12 Pin=LED7_Col12-1
Added Pin To Net: NetName=TESTING112 Pin=LED7_Col12-2
Added Pin To Net: NetName=R7_Col13 Pin=LED7_Col13-1
Added Pin To Net: NetName=TESTING113 Pin=LED7_Col13-2
Added Pin To Net: NetName=R7_Col14 Pin=LED7_Col14-1
Added Pin To Net: NetName=TESTING114 Pin=LED7_Col14-2
Added Pin To Net: NetName=R7_Col15 Pin=LED7_Col15-1
Added Pin To Net: NetName=TESTING115 Pin=LED7_Col15-2
Added Pin To Net: NetName=R7_Col16 Pin=LED7_Col16-1
Added Pin To Net: NetName=TESTING116 Pin=LED7_Col16-2
Added Pin To Net: NetName=R8_Col1 Pin=LED8_Col1-1
Added Pin To Net: NetName=COL11 Pin=LED8_Col1-2
Added Pin To Net: NetName=R8_Col2 Pin=LED8_Col2-1
Added Pin To Net: NetName=COL12 Pin=LED8_Col2-2
Added Pin To Net: NetName=R8_Col3 Pin=LED8_Col3-1
Added Pin To Net: NetName=COL13 Pin=LED8_Col3-2
Added Pin To Net: NetName=R8_Col4 Pin=LED8_Col4-1
Added Pin To Net: NetName=COL14 Pin=LED8_Col4-2
Added Pin To Net: NetName=R8_Col5 Pin=LED8_Col5-1
Added Pin To Net: NetName=COL15 Pin=LED8_Col5-2
Added Pin To Net: NetName=R8_Col6 Pin=LED8_Col6-1
Added Pin To Net: NetName=COL16 Pin=LED8_Col6-2
Added Pin To Net: NetName=R8_Col7 Pin=LED8_Col7-1
Added Pin To Net: NetName=TESTING17 Pin=LED8_Col7-2
Added Pin To Net: NetName=R8_Col8 Pin=LED8_Col8-1
Added Pin To Net: NetName=TESTING18 Pin=LED8_Col8-2
Added Pin To Net: NetName=R8_Col9 Pin=LED8_Col9-1
Added Pin To Net: NetName=TESTING19 Pin=LED8_Col9-2
Added Pin To Net: NetName=R8_Col10 Pin=LED8_Col10-1
Added Pin To Net: NetName=TESTING110 Pin=LED8_Col10-2
Added Pin To Net: NetName=R8_Col11 Pin=LED8_Col11-1
Added Pin To Net: NetName=TESTING111 Pin=LED8_Col11-2
Added Pin To Net: NetName=R8_Col12 Pin=LED8_Col12-1
Added Pin To Net: NetName=TESTING112 Pin=LED8_Col12-2
Added Pin To Net: NetName=R8_Col13 Pin=LED8_Col13-1
Added Pin To Net: NetName=TESTING113 Pin=LED8_Col13-2
Added Pin To Net: NetName=R8_Col14 Pin=LED8_Col14-1
Added Pin To Net: NetName=TESTING114 Pin=LED8_Col14-2
Added Pin To Net: NetName=R8_Col15 Pin=LED8_Col15-1
Added Pin To Net: NetName=TESTING115 Pin=LED8_Col15-2
Added Pin To Net: NetName=R8_Col16 Pin=LED8_Col16-1
Added Pin To Net: NetName=TESTING116 Pin=LED8_Col16-2
Added Pin To Net: NetName=NetR1_0 Pin=R1-0
Added Pin To Net: NetName=NetR1_1 Pin=R1-1
Added Pin To Net: NetName=NetR1_2 Pin=R1-2
Added Pin To Net: NetName=NetR1_3 Pin=R1-3
Added Pin To Net: NetName=NetR1_4 Pin=R1-4
Added Pin To Net: NetName=NetR1_5 Pin=R1-5
Added Pin To Net: NetName=NetR1_6 Pin=R1-6
Added Pin To Net: NetName=NetR1_7 Pin=R1-7
Added Pin To Net: NetName=COL1 Pin=R1-8
Added Pin To Net: NetName=COL2 Pin=R1-9
Added Pin To Net: NetName=COL3 Pin=R1-10
Added Pin To Net: NetName=COL4 Pin=R1-11
Added Pin To Net: NetName=COL5 Pin=R1-12
Added Pin To Net: NetName=COL6 Pin=R1-13
Added Pin To Net: NetName=COL7 Pin=R1-14
Added Pin To Net: NetName=COL8 Pin=R1-15
Added Pin To Net: NetName=NetR2_0 Pin=R2-0
Added Pin To Net: NetName=NetR2_1 Pin=R2-1
Added Pin To Net: NetName=NetR2_2 Pin=R2-2
Added Pin To Net: NetName=NetR2_3 Pin=R2-3
Added Pin To Net: NetName=NetR2_4 Pin=R2-4
Added Pin To Net: NetName=NetR2_5 Pin=R2-5
Added Pin To Net: NetName=NetR2_6 Pin=R2-6
Added Pin To Net: NetName=NetR2_7 Pin=R2-7
Added Pin To Net: NetName=COL9 Pin=R2-8
Added Pin To Net: NetName=COL10 Pin=R2-9
Added Pin To Net: NetName=COL11 Pin=R2-10
Added Pin To Net: NetName=COL12 Pin=R2-11
Added Pin To Net: NetName=COL13 Pin=R2-12
Added Pin To Net: NetName=COL14 Pin=R2-13
Added Pin To Net: NetName=COL15 Pin=R2-14
Added Pin To Net: NetName=COL16 Pin=R2-15
Added Pin To Net: NetName=NetR1_1 Pin=Shift1-1
Added Pin To Net: NetName=NetR1_2 Pin=Shift1-2
Added Pin To Net: NetName=NetR1_3 Pin=Shift1-3
Added Pin To Net: NetName=NetR1_4 Pin=Shift1-4
Added Pin To Net: NetName=NetR1_5 Pin=Shift1-5
Added Pin To Net: NetName=NetR1_6 Pin=Shift1-6
Added Pin To Net: NetName=NetR1_7 Pin=Shift1-7
Added Pin To Net: NetName=GND Pin=Shift1-8
Added Pin To Net: NetName=NetShift1_9 Pin=Shift1-9
Added Pin To Net: NetName=VCC Pin=Shift1-10
Added Pin To Net: NetName=CLK Pin=Shift1-11
Added Pin To Net: NetName=LOAD Pin=Shift1-12
Added Pin To Net: NetName=OE_SHT Pin=Shift1-13
Added Pin To Net: NetName=MOSI Pin=Shift1-14
Added Pin To Net: NetName=NetR1_0 Pin=Shift1-15
Added Pin To Net: NetName=VCC Pin=Shift1-16
Added Pin To Net: NetName=NetR2_1 Pin=Shift2-1
Added Pin To Net: NetName=NetR2_2 Pin=Shift2-2
Added Pin To Net: NetName=NetR2_3 Pin=Shift2-3
Added Pin To Net: NetName=NetR2_4 Pin=Shift2-4
Added Pin To Net: NetName=NetR2_5 Pin=Shift2-5
Added Pin To Net: NetName=NetR2_6 Pin=Shift2-6
Added Pin To Net: NetName=NetR2_7 Pin=Shift2-7
Added Pin To Net: NetName=GND Pin=Shift2-8
Added Pin To Net: NetName=VCC Pin=Shift2-10
Added Pin To Net: NetName=CLK Pin=Shift2-11
Added Pin To Net: NetName=LOAD Pin=Shift2-12
Added Pin To Net: NetName=OE_SHT Pin=Shift2-13
Added Pin To Net: NetName=NetShift1_9 Pin=Shift2-14
Added Pin To Net: NetName=NetR2_0 Pin=Shift2-15
Added Pin To Net: NetName=VCC Pin=Shift2-16
Added Pin To Net: NetName=NetDEC_15 Pin=TRAN-1
Added Pin To Net: NetName=NetDEC_14 Pin=TRAN-2
Added Pin To Net: NetName=NetDEC_13 Pin=TRAN-3
Added Pin To Net: NetName=NetDEC_12 Pin=TRAN-4
Added Pin To Net: NetName=NetDEC_11 Pin=TRAN-5
Added Pin To Net: NetName=NetDEC_10 Pin=TRAN-6
Added Pin To Net: NetName=NetDEC_9 Pin=TRAN-7
Added Pin To Net: NetName=NetDEC_7 Pin=TRAN-8
Added Pin To Net: NetName=NetDEC_8 Pin=TRAN-9
Added Pin To Net: NetName=ROW8 Pin=TRAN-11
Added Pin To Net: NetName=ROW7 Pin=TRAN-12
Added Pin To Net: NetName=ROW6 Pin=TRAN-13
Added Pin To Net: NetName=ROW5 Pin=TRAN-14
Added Pin To Net: NetName=ROW4 Pin=TRAN-15
Added Pin To Net: NetName=ROW3 Pin=TRAN-16
Added Pin To Net: NetName=ROW2 Pin=TRAN-17
Added Pin To Net: NetName=ROW1 Pin=TRAN-18
Added Member To Class: ClassName=U_Matrix_Controller Member=Component DEC Decoder
Added Member To Class: ClassName=Col1 Member=Component LED1_Col1 (LED1) Red
Added Member To Class: ClassName=Col2 Member=Component LED1_Col2 (LED1) Red
Added Member To Class: ClassName=Col3 Member=Component LED1_Col3 (LED1) Red
Added Member To Class: ClassName=Col4 Member=Component LED1_Col4 (LED1) Red
Added Member To Class: ClassName=Col5 Member=Component LED1_Col5 (LED1) Red
Added Member To Class: ClassName=Col6 Member=Component LED1_Col6 (LED1) Red
Added Member To Class: ClassName=Col7 Member=Component LED1_Col7 (LED1) Red
Added Member To Class: ClassName=Col8 Member=Component LED1_Col8 (LED1) Red
Added Member To Class: ClassName=Col9 Member=Component LED1_Col9 (LED1) Red
Added Member To Class: ClassName=Col10 Member=Component LED1_Col10 (LED1) Red
Added Member To Class: ClassName=Col11 Member=Component LED1_Col11 (LED1) Red
Added Member To Class: ClassName=Col12 Member=Component LED1_Col12 (LED1) Red
Added Member To Class: ClassName=Col13 Member=Component LED1_Col13 (LED1) Red
Added Member To Class: ClassName=Col14 Member=Component LED1_Col14 (LED1) Red
Added Member To Class: ClassName=Col15 Member=Component LED1_Col15 (LED1) Red
Added Member To Class: ClassName=Col16 Member=Component LED1_Col16 (LED1) Red
Added Member To Class: ClassName=Col1 Member=Component LED2_Col1 (LED2) Red
Added Member To Class: ClassName=Col2 Member=Component LED2_Col2 (LED2) Red
Added Member To Class: ClassName=Col3 Member=Component LED2_Col3 (LED2) Red
Added Member To Class: ClassName=Col4 Member=Component LED2_Col4 (LED2) Red
Added Member To Class: ClassName=Col5 Member=Component LED2_Col5 (LED2) Red
Added Member To Class: ClassName=Col6 Member=Component LED2_Col6 (LED2) Red
Added Member To Class: ClassName=Col7 Member=Component LED2_Col7 (LED2) Red
Added Member To Class: ClassName=Col8 Member=Component LED2_Col8 (LED2) Red
Added Member To Class: ClassName=Col9 Member=Component LED2_Col9 (LED2) Red
Added Member To Class: ClassName=Col10 Member=Component LED2_Col10 (LED2) Red
Added Member To Class: ClassName=Col11 Member=Component LED2_Col11 (LED2) Red
Added Member To Class: ClassName=Col12 Member=Component LED2_Col12 (LED2) Red
Added Member To Class: ClassName=Col13 Member=Component LED2_Col13 (LED2) Red
Added Member To Class: ClassName=Col14 Member=Component LED2_Col14 (LED2) Red
Added Member To Class: ClassName=Col15 Member=Component LED2_Col15 (LED2) Red
Added Member To Class: ClassName=Col16 Member=Component LED2_Col16 (LED2) Red
Added Member To Class: ClassName=Col1 Member=Component LED3_Col1 (LED3) Red
Added Member To Class: ClassName=Col2 Member=Component LED3_Col2 (LED3) Red
Added Member To Class: ClassName=Col3 Member=Component LED3_Col3 (LED3) Red
Added Member To Class: ClassName=Col4 Member=Component LED3_Col4 (LED3) Red
Added Member To Class: ClassName=Col5 Member=Component LED3_Col5 (LED3) Red
Added Member To Class: ClassName=Col6 Member=Component LED3_Col6 (LED3) Red
Added Member To Class: ClassName=Col7 Member=Component LED3_Col7 (LED3) Red
Added Member To Class: ClassName=Col8 Member=Component LED3_Col8 (LED3) Red
Added Member To Class: ClassName=Col9 Member=Component LED3_Col9 (LED3) Red
Added Member To Class: ClassName=Col10 Member=Component LED3_Col10 (LED3) Red
Added Member To Class: ClassName=Col11 Member=Component LED3_Col11 (LED3) Red
Added Member To Class: ClassName=Col12 Member=Component LED3_Col12 (LED3) Red
Added Member To Class: ClassName=Col13 Member=Component LED3_Col13 (LED3) Red
Added Member To Class: ClassName=Col14 Member=Component LED3_Col14 (LED3) Red
Added Member To Class: ClassName=Col15 Member=Component LED3_Col15 (LED3) Red
Added Member To Class: ClassName=Col16 Member=Component LED3_Col16 (LED3) Red
Added Member To Class: ClassName=Col1 Member=Component LED4_Col1 (LED4) Red
Added Member To Class: ClassName=Col2 Member=Component LED4_Col2 (LED4) Red
Added Member To Class: ClassName=Col3 Member=Component LED4_Col3 (LED4) Red
Added Member To Class: ClassName=Col4 Member=Component LED4_Col4 (LED4) Red
Added Member To Class: ClassName=Col5 Member=Component LED4_Col5 (LED4) Red
Added Member To Class: ClassName=Col6 Member=Component LED4_Col6 (LED4) Red
Added Member To Class: ClassName=Col7 Member=Component LED4_Col7 (LED4) Red
Added Member To Class: ClassName=Col8 Member=Component LED4_Col8 (LED4) Red
Added Member To Class: ClassName=Col9 Member=Component LED4_Col9 (LED4) Red
Added Member To Class: ClassName=Col10 Member=Component LED4_Col10 (LED4) Red
Added Member To Class: ClassName=Col11 Member=Component LED4_Col11 (LED4) Red
Added Member To Class: ClassName=Col12 Member=Component LED4_Col12 (LED4) Red
Added Member To Class: ClassName=Col13 Member=Component LED4_Col13 (LED4) Red
Added Member To Class: ClassName=Col14 Member=Component LED4_Col14 (LED4) Red
Added Member To Class: ClassName=Col15 Member=Component LED4_Col15 (LED4) Red
Added Member To Class: ClassName=Col16 Member=Component LED4_Col16 (LED4) Red
Added Member To Class: ClassName=Col1 Member=Component LED5_Col1 (LED5) Red
Added Member To Class: ClassName=Col2 Member=Component LED5_Col2 (LED5) Red
Added Member To Class: ClassName=Col3 Member=Component LED5_Col3 (LED5) Red
Added Member To Class: ClassName=Col4 Member=Component LED5_Col4 (LED5) Red
Added Member To Class: ClassName=Col5 Member=Component LED5_Col5 (LED5) Red
Added Member To Class: ClassName=Col6 Member=Component LED5_Col6 (LED5) Red
Added Member To Class: ClassName=Col7 Member=Component LED5_Col7 (LED5) Red
Added Member To Class: ClassName=Col8 Member=Component LED5_Col8 (LED5) Red
Added Member To Class: ClassName=Col9 Member=Component LED5_Col9 (LED5) Red
Added Member To Class: ClassName=Col10 Member=Component LED5_Col10 (LED5) Red
Added Member To Class: ClassName=Col11 Member=Component LED5_Col11 (LED5) Red
Added Member To Class: ClassName=Col12 Member=Component LED5_Col12 (LED5) Red
Added Member To Class: ClassName=Col13 Member=Component LED5_Col13 (LED5) Red
Added Member To Class: ClassName=Col14 Member=Component LED5_Col14 (LED5) Red
Added Member To Class: ClassName=Col15 Member=Component LED5_Col15 (LED5) Red
Added Member To Class: ClassName=Col16 Member=Component LED5_Col16 (LED5) Red
Added Member To Class: ClassName=Col1 Member=Component LED6_Col1 (LED6) Red
Added Member To Class: ClassName=Col2 Member=Component LED6_Col2 (LED6) Red
Added Member To Class: ClassName=Col3 Member=Component LED6_Col3 (LED6) Red
Added Member To Class: ClassName=Col4 Member=Component LED6_Col4 (LED6) Red
Added Member To Class: ClassName=Col5 Member=Component LED6_Col5 (LED6) Red
Added Member To Class: ClassName=Col6 Member=Component LED6_Col6 (LED6) Red
Added Member To Class: ClassName=Col7 Member=Component LED6_Col7 (LED6) Red
Added Member To Class: ClassName=Col8 Member=Component LED6_Col8 (LED6) Red
Added Member To Class: ClassName=Col9 Member=Component LED6_Col9 (LED6) Red
Added Member To Class: ClassName=Col10 Member=Component LED6_Col10 (LED6) Red
Added Member To Class: ClassName=Col11 Member=Component LED6_Col11 (LED6) Red
Added Member To Class: ClassName=Col12 Member=Component LED6_Col12 (LED6) Red
Added Member To Class: ClassName=Col13 Member=Component LED6_Col13 (LED6) Red
Added Member To Class: ClassName=Col14 Member=Component LED6_Col14 (LED6) Red
Added Member To Class: ClassName=Col15 Member=Component LED6_Col15 (LED6) Red
Added Member To Class: ClassName=Col16 Member=Component LED6_Col16 (LED6) Red
Added Member To Class: ClassName=Col1 Member=Component LED7_Col1 (LED7) Red
Added Member To Class: ClassName=Col2 Member=Component LED7_Col2 (LED7) Red
Added Member To Class: ClassName=Col3 Member=Component LED7_Col3 (LED7) Red
Added Member To Class: ClassName=Col4 Member=Component LED7_Col4 (LED7) Red
Added Member To Class: ClassName=Col5 Member=Component LED7_Col5 (LED7) Red
Added Member To Class: ClassName=Col6 Member=Component LED7_Col6 (LED7) Red
Added Member To Class: ClassName=Col7 Member=Component LED7_Col7 (LED7) Red
Added Member To Class: ClassName=Col8 Member=Component LED7_Col8 (LED7) Red
Added Member To Class: ClassName=Col9 Member=Component LED7_Col9 (LED7) Red
Added Member To Class: ClassName=Col10 Member=Component LED7_Col10 (LED7) Red
Added Member To Class: ClassName=Col11 Member=Component LED7_Col11 (LED7) Red
Added Member To Class: ClassName=Col12 Member=Component LED7_Col12 (LED7) Red
Added Member To Class: ClassName=Col13 Member=Component LED7_Col13 (LED7) Red
Added Member To Class: ClassName=Col14 Member=Component LED7_Col14 (LED7) Red
Added Member To Class: ClassName=Col15 Member=Component LED7_Col15 (LED7) Red
Added Member To Class: ClassName=Col16 Member=Component LED7_Col16 (LED7) Red
Added Member To Class: ClassName=Col1 Member=Component LED8_Col1 (LED8) Red
Added Member To Class: ClassName=Col2 Member=Component LED8_Col2 (LED8) Red
Added Member To Class: ClassName=Col3 Member=Component LED8_Col3 (LED8) Red
Added Member To Class: ClassName=Col4 Member=Component LED8_Col4 (LED8) Red
Added Member To Class: ClassName=Col5 Member=Component LED8_Col5 (LED8) Red
Added Member To Class: ClassName=Col6 Member=Component LED8_Col6 (LED8) Red
Added Member To Class: ClassName=Col7 Member=Component LED8_Col7 (LED8) Red
Added Member To Class: ClassName=Col8 Member=Component LED8_Col8 (LED8) Red
Added Member To Class: ClassName=Col9 Member=Component LED8_Col9 (LED8) Red
Added Member To Class: ClassName=Col10 Member=Component LED8_Col10 (LED8) Red
Added Member To Class: ClassName=Col11 Member=Component LED8_Col11 (LED8) Red
Added Member To Class: ClassName=Col12 Member=Component LED8_Col12 (LED8) Red
Added Member To Class: ClassName=Col13 Member=Component LED8_Col13 (LED8) Red
Added Member To Class: ClassName=Col14 Member=Component LED8_Col14 (LED8) Red
Added Member To Class: ClassName=Col15 Member=Component LED8_Col15 (LED8) Red
Added Member To Class: ClassName=Col16 Member=Component LED8_Col16 (LED8) Red
Added Member To Class: ClassName=U_Matrix_Controller Member=Component R1 Rowresistor
Added Member To Class: ClassName=U_Matrix_Controller Member=Component R2 Rowresistor
Added Member To Class: ClassName=U_Matrix_Controller Member=Component Shift1 HD74HC595FP
Added Member To Class: ClassName=U_Matrix_Controller Member=Component Shift2 HD74HC595FP
Added Member To Class: ClassName=U_Matrix_Controller Member=Component TRAN Darlington NPN
Added Room: Name=Col1
Added Room: Name=Col2
Added Room: Name=Col3
Added Room: Name=Col4
Added Room: Name=Col5
Added Room: Name=Col6
Added Room: Name=Col7
Added Room: Name=Col8
Added Room: Name=Col9
Added Room: Name=Col10
Added Room: Name=Col11
Added Room: Name=Col12
Added Room: Name=Col13
Added Room: Name=Col14
Added Room: Name=Col15
Added Room: Name=Col16
Added Room: Name=U_Matrix_Controller
