Removed Pin From Net: NetName=VCC Pin=DEC-6
Removed Pin From Net: NetName=VCC Pin=Eye_L-1
Removed Pin From Net: NetName=LEFT3 Pin=Eye_L-2
Removed Pin From Net: NetName=LEFT2 Pin=Eye_L-3
Removed Pin From Net: NetName=LEFT1 Pin=Eye_L-4
Removed Pin From Net: NetName=VCC Pin=Eye_R-1
Removed Pin From Net: NetName=RIGHT3 Pin=Eye_R-2
Removed Pin From Net: NetName=RIGHT2 Pin=Eye_R-3
Removed Pin From Net: NetName=RIGHT1 Pin=Eye_R-4
Added Component: Designator=Indicator(3528_A)
Added Component: Designator=Res_Indicator(6-0805_M)
Added Component: Designator=Res_RGB(Rowres)
Added Pin To Net: NetName=3.3V Pin=Eye_L-1
Added Pin To Net: NetName=3.3V Pin=Eye_R-1
Added Pin To Net: NetName=VCC Pin=J1-2
Added Pin To Net: NetName=3.3V Pin=Res_Indicator-1
Added Pin To Net: NetName=LEFT1 Pin=Res_RGB-10
Added Pin To Net: NetName=LEFT2 Pin=Res_RGB-11
Added Pin To Net: NetName=LEFT3 Pin=Res_RGB-12
Added Pin To Net: NetName=RIGHT1 Pin=Res_RGB-13
Added Pin To Net: NetName=RIGHT2 Pin=Res_RGB-14
Added Pin To Net: NetName=RIGHT3 Pin=Res_RGB-15
Change Net Name : Old Net Name=VCC New Net Name=5V
Added Pin To Net: NetName=IND1 Pin=Indicator-4
Added Net: Name=IND1
Added Pin To Net: NetName=IND2 Pin=Indicator-3
Added Net: Name=IND2
Added Pin To Net: NetName=IND3 Pin=Indicator-2
Added Net: Name=IND3
Added Pin To Net: NetName=NetEye_L_2 Pin=Eye_L-2
Added Pin To Net: NetName=NetEye_L_2 Pin=Res_RGB-4
Added Net: Name=NetEye_L_2
Added Pin To Net: NetName=NetEye_L_3 Pin=Eye_L-3
Added Pin To Net: NetName=NetEye_L_3 Pin=Res_RGB-3
Added Net: Name=NetEye_L_3
Added Pin To Net: NetName=NetEye_L_4 Pin=Eye_L-4
Added Pin To Net: NetName=NetEye_L_4 Pin=Res_RGB-2
Added Net: Name=NetEye_L_4
Added Pin To Net: NetName=NetEye_R_2 Pin=Eye_R-2
Added Pin To Net: NetName=NetEye_R_2 Pin=Res_RGB-7
Added Net: Name=NetEye_R_2
Added Pin To Net: NetName=NetEye_R_3 Pin=Eye_R-3
Added Pin To Net: NetName=NetEye_R_3 Pin=Res_RGB-6
Added Net: Name=NetEye_R_3
Added Pin To Net: NetName=NetEye_R_4 Pin=Eye_R-4
Added Pin To Net: NetName=NetEye_R_4 Pin=Res_RGB-5
Added Net: Name=NetEye_R_4
Added Pin To Net: NetName=NetIndicator_1 Pin=Indicator-1
Added Pin To Net: NetName=NetIndicator_1 Pin=Res_Indicator-2
Added Net: Name=NetIndicator_1
Added Pin To Net: NetName=VCC Pin=DEC-6
Added Net: Name=VCC
Added Class: Name=IND[1..3]
Added Member To Class: ClassName=main Member=Component Indicator 150141M173100
Added Member To Class: ClassName=main Member=Component Res_Indicator Res1
Added Member To Class: ClassName=main Member=Component Res_RGB Rowresistor
