Added Component: Designator=LED1_Matr1(0805_A)
Added Component: Designator=LED1_Matr2(0805_A)
Added Component: Designator=LED2_Matr1(0805_A)
Added Component: Designator=LED2_Matr2(0805_A)
Added Component: Designator=LED3_Matr1(0805_A)
Added Component: Designator=LED3_Matr2(0805_A)
Added Component: Designator=LED4_Matr1(0805_A)
Added Component: Designator=LED4_Matr2(0805_A)
Added Component: Designator=LED5_Matr1(0805_A)
Added Component: Designator=LED5_Matr2(0805_A)
Added Component: Designator=LED6_Matr1(0805_A)
Added Component: Designator=LED6_Matr2(0805_A)
Added Component: Designator=LED7_Matr1(0805_A)
Added Component: Designator=LED7_Matr2(0805_A)
Added Component: Designator=LED8_Matr1(0805_A)
Added Component: Designator=LED8_Matr2(0805_A)
Added Component: Designator=LED9_Matr1(0805_A)
Added Component: Designator=LED9_Matr2(0805_A)
Added Component: Designator=LED10_Matr1(0805_A)
Added Component: Designator=LED10_Matr2(0805_A)
Added Component: Designator=LED11_Matr1(0805_A)
Added Component: Designator=LED11_Matr2(0805_A)
Added Component: Designator=LED12_Matr1(0805_A)
Added Component: Designator=LED12_Matr2(0805_A)
Added Component: Designator=LED13_Matr1(0805_A)
Added Component: Designator=LED13_Matr2(0805_A)
Added Component: Designator=LED14_Matr1(0805_A)
Added Component: Designator=LED14_Matr2(0805_A)
Added Component: Designator=LED15_Matr1(0805_A)
Added Component: Designator=LED15_Matr2(0805_A)
Added Component: Designator=LED16_Matr1(0805_A)
Added Component: Designator=LED16_Matr2(0805_A)
Added Component: Designator=LED17_Matr1(0805_A)
Added Component: Designator=LED17_Matr2(0805_A)
Added Component: Designator=LED18_Matr1(0805_A)
Added Component: Designator=LED18_Matr2(0805_A)
Added Component: Designator=LED19_Matr1(0805_A)
Added Component: Designator=LED19_Matr2(0805_A)
Added Component: Designator=LED20_Matr1(0805_A)
Added Component: Designator=LED20_Matr2(0805_A)
Added Component: Designator=LED21_Matr1(0805_A)
Added Component: Designator=LED21_Matr2(0805_A)
Added Component: Designator=LED22_Matr1(0805_A)
Added Component: Designator=LED22_Matr2(0805_A)
Added Component: Designator=LED23_Matr1(0805_A)
Added Component: Designator=LED23_Matr2(0805_A)
Added Component: Designator=LED24_Matr1(0805_A)
Added Component: Designator=LED24_Matr2(0805_A)
Added Component: Designator=LED25_Matr1(0805_A)
Added Component: Designator=LED25_Matr2(0805_A)
Added Component: Designator=LED26_Matr1(0805_A)
Added Component: Designator=LED26_Matr2(0805_A)
Added Component: Designator=LED27_Matr1(0805_A)
Added Component: Designator=LED27_Matr2(0805_A)
Added Component: Designator=LED28_Matr1(0805_A)
Added Component: Designator=LED28_Matr2(0805_A)
Added Component: Designator=LED29_Matr1(0805_A)
Added Component: Designator=LED29_Matr2(0805_A)
Added Component: Designator=LED30_Matr1(0805_A)
Added Component: Designator=LED30_Matr2(0805_A)
Added Component: Designator=LED31_Matr1(0805_A)
Added Component: Designator=LED31_Matr2(0805_A)
Added Component: Designator=LED32_Matr1(0805_A)
Added Component: Designator=LED32_Matr2(0805_A)
Added Component: Designator=LED33_Matr1(0805_A)
Added Component: Designator=LED33_Matr2(0805_A)
Added Component: Designator=LED34_Matr1(0805_A)
Added Component: Designator=LED34_Matr2(0805_A)
Added Component: Designator=LED35_Matr1(0805_A)
Added Component: Designator=LED35_Matr2(0805_A)
Added Component: Designator=LED36_Matr1(0805_A)
Added Component: Designator=LED36_Matr2(0805_A)
Added Component: Designator=LED37_Matr1(0805_A)
Added Component: Designator=LED37_Matr2(0805_A)
Added Component: Designator=LED38_Matr1(0805_A)
Added Component: Designator=LED38_Matr2(0805_A)
Added Component: Designator=LED39_Matr1(0805_A)
Added Component: Designator=LED39_Matr2(0805_A)
Added Component: Designator=LED40_Matr1(0805_A)
Added Component: Designator=LED40_Matr2(0805_A)
Added Component: Designator=LED41_Matr1(0805_A)
Added Component: Designator=LED41_Matr2(0805_A)
Added Component: Designator=LED42_Matr1(0805_A)
Added Component: Designator=LED42_Matr2(0805_A)
Added Component: Designator=LED43_Matr1(0805_A)
Added Component: Designator=LED43_Matr2(0805_A)
Added Component: Designator=LED44_Matr1(0805_A)
Added Component: Designator=LED44_Matr2(0805_A)
Added Component: Designator=LED45_Matr1(0805_A)
Added Component: Designator=LED45_Matr2(0805_A)
Added Component: Designator=LED46_Matr1(0805_A)
Added Component: Designator=LED46_Matr2(0805_A)
Added Component: Designator=LED47_Matr1(0805_A)
Added Component: Designator=LED47_Matr2(0805_A)
Added Component: Designator=LED48_Matr1(0805_A)
Added Component: Designator=LED48_Matr2(0805_A)
Added Component: Designator=LED49_Matr1(0805_A)
Added Component: Designator=LED49_Matr2(0805_A)
Added Component: Designator=LED50_Matr1(0805_A)
Added Component: Designator=LED50_Matr2(0805_A)
Added Component: Designator=LED51_Matr1(0805_A)
Added Component: Designator=LED51_Matr2(0805_A)
Added Component: Designator=LED52_Matr1(0805_A)
Added Component: Designator=LED52_Matr2(0805_A)
Added Component: Designator=LED53_Matr1(0805_A)
Added Component: Designator=LED53_Matr2(0805_A)
Added Component: Designator=LED54_Matr1(0805_A)
Added Component: Designator=LED54_Matr2(0805_A)
Added Component: Designator=LED55_Matr1(0805_A)
Added Component: Designator=LED55_Matr2(0805_A)
Added Component: Designator=LED56_Matr1(0805_A)
Added Component: Designator=LED56_Matr2(0805_A)
Added Component: Designator=LED57_Matr1(0805_A)
Added Component: Designator=LED57_Matr2(0805_A)
Added Component: Designator=LED58_Matr1(0805_A)
Added Component: Designator=LED58_Matr2(0805_A)
Added Component: Designator=LED59_Matr1(0805_A)
Added Component: Designator=LED59_Matr2(0805_A)
Added Component: Designator=LED60_Matr1(0805_A)
Added Component: Designator=LED60_Matr2(0805_A)
Added Component: Designator=LED61_Matr1(0805_A)
Added Component: Designator=LED61_Matr2(0805_A)
Added Component: Designator=LED62_Matr1(0805_A)
Added Component: Designator=LED62_Matr2(0805_A)
Added Component: Designator=LED63_Matr1(0805_A)
Added Component: Designator=LED63_Matr2(0805_A)
Added Component: Designator=LED64_Matr1(0805_A)
Added Component: Designator=LED64_Matr2(0805_A)
Added Pin To Net: NetName=COL0_Matr1 Pin=LED1_Matr1-1
Added Pin To Net: NetName=COL0_Matr1 Pin=LED1_Matr2-1
Added Pin To Net: NetName=COL0_Matr1 Pin=LED9_Matr1-1
Added Pin To Net: NetName=COL0_Matr1 Pin=LED9_Matr2-1
Added Pin To Net: NetName=COL0_Matr1 Pin=LED17_Matr1-1
Added Pin To Net: NetName=COL0_Matr1 Pin=LED17_Matr2-1
Added Pin To Net: NetName=COL0_Matr1 Pin=LED25_Matr1-1
Added Pin To Net: NetName=COL0_Matr1 Pin=LED25_Matr2-1
Added Pin To Net: NetName=COL0_Matr1 Pin=LED33_Matr1-1
Added Pin To Net: NetName=COL0_Matr1 Pin=LED33_Matr2-1
Added Pin To Net: NetName=COL0_Matr1 Pin=LED41_Matr1-1
Added Pin To Net: NetName=COL0_Matr1 Pin=LED41_Matr2-1
Added Pin To Net: NetName=COL0_Matr1 Pin=LED49_Matr1-1
Added Pin To Net: NetName=COL0_Matr1 Pin=LED49_Matr2-1
Added Pin To Net: NetName=COL0_Matr1 Pin=LED57_Matr1-1
Added Pin To Net: NetName=COL0_Matr1 Pin=LED57_Matr2-1
Added Net: Name=COL0_Matr1
Added Pin To Net: NetName=COL1_Matr1 Pin=LED2_Matr1-1
Added Pin To Net: NetName=COL1_Matr1 Pin=LED2_Matr2-1
Added Pin To Net: NetName=COL1_Matr1 Pin=LED10_Matr1-1
Added Pin To Net: NetName=COL1_Matr1 Pin=LED10_Matr2-1
Added Pin To Net: NetName=COL1_Matr1 Pin=LED18_Matr1-1
Added Pin To Net: NetName=COL1_Matr1 Pin=LED18_Matr2-1
Added Pin To Net: NetName=COL1_Matr1 Pin=LED26_Matr1-1
Added Pin To Net: NetName=COL1_Matr1 Pin=LED26_Matr2-1
Added Pin To Net: NetName=COL1_Matr1 Pin=LED34_Matr1-1
Added Pin To Net: NetName=COL1_Matr1 Pin=LED34_Matr2-1
Added Pin To Net: NetName=COL1_Matr1 Pin=LED42_Matr1-1
Added Pin To Net: NetName=COL1_Matr1 Pin=LED42_Matr2-1
Added Pin To Net: NetName=COL1_Matr1 Pin=LED50_Matr1-1
Added Pin To Net: NetName=COL1_Matr1 Pin=LED50_Matr2-1
Added Pin To Net: NetName=COL1_Matr1 Pin=LED58_Matr1-1
Added Pin To Net: NetName=COL1_Matr1 Pin=LED58_Matr2-1
Added Net: Name=COL1_Matr1
Added Pin To Net: NetName=COL2_Matr1 Pin=LED3_Matr1-1
Added Pin To Net: NetName=COL2_Matr1 Pin=LED3_Matr2-1
Added Pin To Net: NetName=COL2_Matr1 Pin=LED11_Matr1-1
Added Pin To Net: NetName=COL2_Matr1 Pin=LED11_Matr2-1
Added Pin To Net: NetName=COL2_Matr1 Pin=LED19_Matr1-1
Added Pin To Net: NetName=COL2_Matr1 Pin=LED19_Matr2-1
Added Pin To Net: NetName=COL2_Matr1 Pin=LED27_Matr1-1
Added Pin To Net: NetName=COL2_Matr1 Pin=LED27_Matr2-1
Added Pin To Net: NetName=COL2_Matr1 Pin=LED35_Matr1-1
Added Pin To Net: NetName=COL2_Matr1 Pin=LED35_Matr2-1
Added Pin To Net: NetName=COL2_Matr1 Pin=LED43_Matr1-1
Added Pin To Net: NetName=COL2_Matr1 Pin=LED43_Matr2-1
Added Pin To Net: NetName=COL2_Matr1 Pin=LED51_Matr1-1
Added Pin To Net: NetName=COL2_Matr1 Pin=LED51_Matr2-1
Added Pin To Net: NetName=COL2_Matr1 Pin=LED59_Matr1-1
Added Pin To Net: NetName=COL2_Matr1 Pin=LED59_Matr2-1
Added Net: Name=COL2_Matr1
Added Pin To Net: NetName=COL3_Matr1 Pin=LED4_Matr1-1
Added Pin To Net: NetName=COL3_Matr1 Pin=LED4_Matr2-1
Added Pin To Net: NetName=COL3_Matr1 Pin=LED12_Matr1-1
Added Pin To Net: NetName=COL3_Matr1 Pin=LED12_Matr2-1
Added Pin To Net: NetName=COL3_Matr1 Pin=LED20_Matr1-1
Added Pin To Net: NetName=COL3_Matr1 Pin=LED20_Matr2-1
Added Pin To Net: NetName=COL3_Matr1 Pin=LED28_Matr1-1
Added Pin To Net: NetName=COL3_Matr1 Pin=LED28_Matr2-1
Added Pin To Net: NetName=COL3_Matr1 Pin=LED36_Matr1-1
Added Pin To Net: NetName=COL3_Matr1 Pin=LED36_Matr2-1
Added Pin To Net: NetName=COL3_Matr1 Pin=LED44_Matr1-1
Added Pin To Net: NetName=COL3_Matr1 Pin=LED44_Matr2-1
Added Pin To Net: NetName=COL3_Matr1 Pin=LED52_Matr1-1
Added Pin To Net: NetName=COL3_Matr1 Pin=LED52_Matr2-1
Added Pin To Net: NetName=COL3_Matr1 Pin=LED60_Matr1-1
Added Pin To Net: NetName=COL3_Matr1 Pin=LED60_Matr2-1
Added Net: Name=COL3_Matr1
Added Pin To Net: NetName=COL4_Matr1 Pin=LED5_Matr1-1
Added Pin To Net: NetName=COL4_Matr1 Pin=LED5_Matr2-1
Added Pin To Net: NetName=COL4_Matr1 Pin=LED13_Matr1-1
Added Pin To Net: NetName=COL4_Matr1 Pin=LED13_Matr2-1
Added Pin To Net: NetName=COL4_Matr1 Pin=LED21_Matr1-1
Added Pin To Net: NetName=COL4_Matr1 Pin=LED21_Matr2-1
Added Pin To Net: NetName=COL4_Matr1 Pin=LED29_Matr1-1
Added Pin To Net: NetName=COL4_Matr1 Pin=LED29_Matr2-1
Added Pin To Net: NetName=COL4_Matr1 Pin=LED37_Matr1-1
Added Pin To Net: NetName=COL4_Matr1 Pin=LED37_Matr2-1
Added Pin To Net: NetName=COL4_Matr1 Pin=LED45_Matr1-1
Added Pin To Net: NetName=COL4_Matr1 Pin=LED45_Matr2-1
Added Pin To Net: NetName=COL4_Matr1 Pin=LED53_Matr1-1
Added Pin To Net: NetName=COL4_Matr1 Pin=LED53_Matr2-1
Added Pin To Net: NetName=COL4_Matr1 Pin=LED61_Matr1-1
Added Pin To Net: NetName=COL4_Matr1 Pin=LED61_Matr2-1
Added Net: Name=COL4_Matr1
Added Pin To Net: NetName=COL5_Matr1 Pin=LED6_Matr1-1
Added Pin To Net: NetName=COL5_Matr1 Pin=LED6_Matr2-1
Added Pin To Net: NetName=COL5_Matr1 Pin=LED14_Matr1-1
Added Pin To Net: NetName=COL5_Matr1 Pin=LED14_Matr2-1
Added Pin To Net: NetName=COL5_Matr1 Pin=LED22_Matr1-1
Added Pin To Net: NetName=COL5_Matr1 Pin=LED22_Matr2-1
Added Pin To Net: NetName=COL5_Matr1 Pin=LED30_Matr1-1
Added Pin To Net: NetName=COL5_Matr1 Pin=LED30_Matr2-1
Added Pin To Net: NetName=COL5_Matr1 Pin=LED38_Matr1-1
Added Pin To Net: NetName=COL5_Matr1 Pin=LED38_Matr2-1
Added Pin To Net: NetName=COL5_Matr1 Pin=LED46_Matr1-1
Added Pin To Net: NetName=COL5_Matr1 Pin=LED46_Matr2-1
Added Pin To Net: NetName=COL5_Matr1 Pin=LED54_Matr1-1
Added Pin To Net: NetName=COL5_Matr1 Pin=LED54_Matr2-1
Added Pin To Net: NetName=COL5_Matr1 Pin=LED62_Matr1-1
Added Pin To Net: NetName=COL5_Matr1 Pin=LED62_Matr2-1
Added Net: Name=COL5_Matr1
Added Pin To Net: NetName=COL6_Matr1 Pin=LED7_Matr1-1
Added Pin To Net: NetName=COL6_Matr1 Pin=LED7_Matr2-1
Added Pin To Net: NetName=COL6_Matr1 Pin=LED15_Matr1-1
Added Pin To Net: NetName=COL6_Matr1 Pin=LED15_Matr2-1
Added Pin To Net: NetName=COL6_Matr1 Pin=LED23_Matr1-1
Added Pin To Net: NetName=COL6_Matr1 Pin=LED23_Matr2-1
Added Pin To Net: NetName=COL6_Matr1 Pin=LED31_Matr1-1
Added Pin To Net: NetName=COL6_Matr1 Pin=LED31_Matr2-1
Added Pin To Net: NetName=COL6_Matr1 Pin=LED39_Matr1-1
Added Pin To Net: NetName=COL6_Matr1 Pin=LED39_Matr2-1
Added Pin To Net: NetName=COL6_Matr1 Pin=LED47_Matr1-1
Added Pin To Net: NetName=COL6_Matr1 Pin=LED47_Matr2-1
Added Pin To Net: NetName=COL6_Matr1 Pin=LED55_Matr1-1
Added Pin To Net: NetName=COL6_Matr1 Pin=LED55_Matr2-1
Added Pin To Net: NetName=COL6_Matr1 Pin=LED63_Matr1-1
Added Pin To Net: NetName=COL6_Matr1 Pin=LED63_Matr2-1
Added Net: Name=COL6_Matr1
Added Pin To Net: NetName=COL7_Matr1 Pin=LED8_Matr1-1
Added Pin To Net: NetName=COL7_Matr1 Pin=LED8_Matr2-1
Added Pin To Net: NetName=COL7_Matr1 Pin=LED16_Matr1-1
Added Pin To Net: NetName=COL7_Matr1 Pin=LED16_Matr2-1
Added Pin To Net: NetName=COL7_Matr1 Pin=LED24_Matr1-1
Added Pin To Net: NetName=COL7_Matr1 Pin=LED24_Matr2-1
Added Pin To Net: NetName=COL7_Matr1 Pin=LED32_Matr1-1
Added Pin To Net: NetName=COL7_Matr1 Pin=LED32_Matr2-1
Added Pin To Net: NetName=COL7_Matr1 Pin=LED40_Matr1-1
Added Pin To Net: NetName=COL7_Matr1 Pin=LED40_Matr2-1
Added Pin To Net: NetName=COL7_Matr1 Pin=LED48_Matr1-1
Added Pin To Net: NetName=COL7_Matr1 Pin=LED48_Matr2-1
Added Pin To Net: NetName=COL7_Matr1 Pin=LED56_Matr1-1
Added Pin To Net: NetName=COL7_Matr1 Pin=LED56_Matr2-1
Added Pin To Net: NetName=COL7_Matr1 Pin=LED64_Matr1-1
Added Pin To Net: NetName=COL7_Matr1 Pin=LED64_Matr2-1
Added Net: Name=COL7_Matr1
Added Pin To Net: NetName=ROW0_Matr1 Pin=LED1_Matr1-2
Added Pin To Net: NetName=ROW0_Matr1 Pin=LED1_Matr2-2
Added Pin To Net: NetName=ROW0_Matr1 Pin=LED2_Matr1-2
Added Pin To Net: NetName=ROW0_Matr1 Pin=LED2_Matr2-2
Added Pin To Net: NetName=ROW0_Matr1 Pin=LED3_Matr1-2
Added Pin To Net: NetName=ROW0_Matr1 Pin=LED3_Matr2-2
Added Pin To Net: NetName=ROW0_Matr1 Pin=LED4_Matr1-2
Added Pin To Net: NetName=ROW0_Matr1 Pin=LED4_Matr2-2
Added Pin To Net: NetName=ROW0_Matr1 Pin=LED5_Matr1-2
Added Pin To Net: NetName=ROW0_Matr1 Pin=LED5_Matr2-2
Added Pin To Net: NetName=ROW0_Matr1 Pin=LED6_Matr1-2
Added Pin To Net: NetName=ROW0_Matr1 Pin=LED6_Matr2-2
Added Pin To Net: NetName=ROW0_Matr1 Pin=LED7_Matr1-2
Added Pin To Net: NetName=ROW0_Matr1 Pin=LED7_Matr2-2
Added Pin To Net: NetName=ROW0_Matr1 Pin=LED8_Matr1-2
Added Pin To Net: NetName=ROW0_Matr1 Pin=LED8_Matr2-2
Added Net: Name=ROW0_Matr1
Added Pin To Net: NetName=ROW1_Matr1 Pin=LED9_Matr1-2
Added Pin To Net: NetName=ROW1_Matr1 Pin=LED9_Matr2-2
Added Pin To Net: NetName=ROW1_Matr1 Pin=LED10_Matr1-2
Added Pin To Net: NetName=ROW1_Matr1 Pin=LED10_Matr2-2
Added Pin To Net: NetName=ROW1_Matr1 Pin=LED11_Matr1-2
Added Pin To Net: NetName=ROW1_Matr1 Pin=LED11_Matr2-2
Added Pin To Net: NetName=ROW1_Matr1 Pin=LED12_Matr1-2
Added Pin To Net: NetName=ROW1_Matr1 Pin=LED12_Matr2-2
Added Pin To Net: NetName=ROW1_Matr1 Pin=LED13_Matr1-2
Added Pin To Net: NetName=ROW1_Matr1 Pin=LED13_Matr2-2
Added Pin To Net: NetName=ROW1_Matr1 Pin=LED14_Matr1-2
Added Pin To Net: NetName=ROW1_Matr1 Pin=LED14_Matr2-2
Added Pin To Net: NetName=ROW1_Matr1 Pin=LED15_Matr1-2
Added Pin To Net: NetName=ROW1_Matr1 Pin=LED15_Matr2-2
Added Pin To Net: NetName=ROW1_Matr1 Pin=LED16_Matr1-2
Added Pin To Net: NetName=ROW1_Matr1 Pin=LED16_Matr2-2
Added Net: Name=ROW1_Matr1
Added Pin To Net: NetName=ROW2_Matr1 Pin=LED17_Matr1-2
Added Pin To Net: NetName=ROW2_Matr1 Pin=LED17_Matr2-2
Added Pin To Net: NetName=ROW2_Matr1 Pin=LED18_Matr1-2
Added Pin To Net: NetName=ROW2_Matr1 Pin=LED18_Matr2-2
Added Pin To Net: NetName=ROW2_Matr1 Pin=LED19_Matr1-2
Added Pin To Net: NetName=ROW2_Matr1 Pin=LED19_Matr2-2
Added Pin To Net: NetName=ROW2_Matr1 Pin=LED20_Matr1-2
Added Pin To Net: NetName=ROW2_Matr1 Pin=LED20_Matr2-2
Added Pin To Net: NetName=ROW2_Matr1 Pin=LED21_Matr1-2
Added Pin To Net: NetName=ROW2_Matr1 Pin=LED21_Matr2-2
Added Pin To Net: NetName=ROW2_Matr1 Pin=LED22_Matr1-2
Added Pin To Net: NetName=ROW2_Matr1 Pin=LED22_Matr2-2
Added Pin To Net: NetName=ROW2_Matr1 Pin=LED23_Matr1-2
Added Pin To Net: NetName=ROW2_Matr1 Pin=LED23_Matr2-2
Added Pin To Net: NetName=ROW2_Matr1 Pin=LED24_Matr1-2
Added Pin To Net: NetName=ROW2_Matr1 Pin=LED24_Matr2-2
Added Net: Name=ROW2_Matr1
Added Pin To Net: NetName=ROW3_Matr1 Pin=LED25_Matr1-2
Added Pin To Net: NetName=ROW3_Matr1 Pin=LED25_Matr2-2
Added Pin To Net: NetName=ROW3_Matr1 Pin=LED26_Matr1-2
Added Pin To Net: NetName=ROW3_Matr1 Pin=LED26_Matr2-2
Added Pin To Net: NetName=ROW3_Matr1 Pin=LED27_Matr1-2
Added Pin To Net: NetName=ROW3_Matr1 Pin=LED27_Matr2-2
Added Pin To Net: NetName=ROW3_Matr1 Pin=LED28_Matr1-2
Added Pin To Net: NetName=ROW3_Matr1 Pin=LED28_Matr2-2
Added Pin To Net: NetName=ROW3_Matr1 Pin=LED29_Matr1-2
Added Pin To Net: NetName=ROW3_Matr1 Pin=LED29_Matr2-2
Added Pin To Net: NetName=ROW3_Matr1 Pin=LED30_Matr1-2
Added Pin To Net: NetName=ROW3_Matr1 Pin=LED30_Matr2-2
Added Pin To Net: NetName=ROW3_Matr1 Pin=LED31_Matr1-2
Added Pin To Net: NetName=ROW3_Matr1 Pin=LED31_Matr2-2
Added Pin To Net: NetName=ROW3_Matr1 Pin=LED32_Matr1-2
Added Pin To Net: NetName=ROW3_Matr1 Pin=LED32_Matr2-2
Added Net: Name=ROW3_Matr1
Added Pin To Net: NetName=ROW4_Matr1 Pin=LED33_Matr1-2
Added Pin To Net: NetName=ROW4_Matr1 Pin=LED33_Matr2-2
Added Pin To Net: NetName=ROW4_Matr1 Pin=LED34_Matr1-2
Added Pin To Net: NetName=ROW4_Matr1 Pin=LED34_Matr2-2
Added Pin To Net: NetName=ROW4_Matr1 Pin=LED35_Matr1-2
Added Pin To Net: NetName=ROW4_Matr1 Pin=LED35_Matr2-2
Added Pin To Net: NetName=ROW4_Matr1 Pin=LED36_Matr1-2
Added Pin To Net: NetName=ROW4_Matr1 Pin=LED36_Matr2-2
Added Pin To Net: NetName=ROW4_Matr1 Pin=LED37_Matr1-2
Added Pin To Net: NetName=ROW4_Matr1 Pin=LED37_Matr2-2
Added Pin To Net: NetName=ROW4_Matr1 Pin=LED38_Matr1-2
Added Pin To Net: NetName=ROW4_Matr1 Pin=LED38_Matr2-2
Added Pin To Net: NetName=ROW4_Matr1 Pin=LED39_Matr1-2
Added Pin To Net: NetName=ROW4_Matr1 Pin=LED39_Matr2-2
Added Pin To Net: NetName=ROW4_Matr1 Pin=LED40_Matr1-2
Added Pin To Net: NetName=ROW4_Matr1 Pin=LED40_Matr2-2
Added Net: Name=ROW4_Matr1
Added Pin To Net: NetName=ROW5_Matr1 Pin=LED41_Matr1-2
Added Pin To Net: NetName=ROW5_Matr1 Pin=LED41_Matr2-2
Added Pin To Net: NetName=ROW5_Matr1 Pin=LED42_Matr1-2
Added Pin To Net: NetName=ROW5_Matr1 Pin=LED42_Matr2-2
Added Pin To Net: NetName=ROW5_Matr1 Pin=LED43_Matr1-2
Added Pin To Net: NetName=ROW5_Matr1 Pin=LED43_Matr2-2
Added Pin To Net: NetName=ROW5_Matr1 Pin=LED44_Matr1-2
Added Pin To Net: NetName=ROW5_Matr1 Pin=LED44_Matr2-2
Added Pin To Net: NetName=ROW5_Matr1 Pin=LED45_Matr1-2
Added Pin To Net: NetName=ROW5_Matr1 Pin=LED45_Matr2-2
Added Pin To Net: NetName=ROW5_Matr1 Pin=LED46_Matr1-2
Added Pin To Net: NetName=ROW5_Matr1 Pin=LED46_Matr2-2
Added Pin To Net: NetName=ROW5_Matr1 Pin=LED47_Matr1-2
Added Pin To Net: NetName=ROW5_Matr1 Pin=LED47_Matr2-2
Added Pin To Net: NetName=ROW5_Matr1 Pin=LED48_Matr1-2
Added Pin To Net: NetName=ROW5_Matr1 Pin=LED48_Matr2-2
Added Net: Name=ROW5_Matr1
Added Pin To Net: NetName=ROW6_Matr1 Pin=LED49_Matr1-2
Added Pin To Net: NetName=ROW6_Matr1 Pin=LED49_Matr2-2
Added Pin To Net: NetName=ROW6_Matr1 Pin=LED50_Matr1-2
Added Pin To Net: NetName=ROW6_Matr1 Pin=LED50_Matr2-2
Added Pin To Net: NetName=ROW6_Matr1 Pin=LED51_Matr1-2
Added Pin To Net: NetName=ROW6_Matr1 Pin=LED51_Matr2-2
Added Pin To Net: NetName=ROW6_Matr1 Pin=LED52_Matr1-2
Added Pin To Net: NetName=ROW6_Matr1 Pin=LED52_Matr2-2
Added Pin To Net: NetName=ROW6_Matr1 Pin=LED53_Matr1-2
Added Pin To Net: NetName=ROW6_Matr1 Pin=LED53_Matr2-2
Added Pin To Net: NetName=ROW6_Matr1 Pin=LED54_Matr1-2
Added Pin To Net: NetName=ROW6_Matr1 Pin=LED54_Matr2-2
Added Pin To Net: NetName=ROW6_Matr1 Pin=LED55_Matr1-2
Added Pin To Net: NetName=ROW6_Matr1 Pin=LED55_Matr2-2
Added Pin To Net: NetName=ROW6_Matr1 Pin=LED56_Matr1-2
Added Pin To Net: NetName=ROW6_Matr1 Pin=LED56_Matr2-2
Added Net: Name=ROW6_Matr1
Added Pin To Net: NetName=ROW7_Matr1 Pin=LED57_Matr1-2
Added Pin To Net: NetName=ROW7_Matr1 Pin=LED57_Matr2-2
Added Pin To Net: NetName=ROW7_Matr1 Pin=LED58_Matr1-2
Added Pin To Net: NetName=ROW7_Matr1 Pin=LED58_Matr2-2
Added Pin To Net: NetName=ROW7_Matr1 Pin=LED59_Matr1-2
Added Pin To Net: NetName=ROW7_Matr1 Pin=LED59_Matr2-2
Added Pin To Net: NetName=ROW7_Matr1 Pin=LED60_Matr1-2
Added Pin To Net: NetName=ROW7_Matr1 Pin=LED60_Matr2-2
Added Pin To Net: NetName=ROW7_Matr1 Pin=LED61_Matr1-2
Added Pin To Net: NetName=ROW7_Matr1 Pin=LED61_Matr2-2
Added Pin To Net: NetName=ROW7_Matr1 Pin=LED62_Matr1-2
Added Pin To Net: NetName=ROW7_Matr1 Pin=LED62_Matr2-2
Added Pin To Net: NetName=ROW7_Matr1 Pin=LED63_Matr1-2
Added Pin To Net: NetName=ROW7_Matr1 Pin=LED63_Matr2-2
Added Pin To Net: NetName=ROW7_Matr1 Pin=LED64_Matr1-2
Added Pin To Net: NetName=ROW7_Matr1 Pin=LED64_Matr2-2
Added Net: Name=ROW7_Matr1
Added Class: Name=Matr1
Added Class: Name=Matr2
Change Room Name: Old Name=M2 New Name=Matr2
Change Room Scope: Old Scope=InComponentClass('M2') New Scope=InComponentClass('Matr2')
Added Room: Name=Matr1
