Removed Pin From Net: NetName=Net1_1 Pin=2-1
Removed Pin From Net: NetName=Net1_1 Pin=3-1
Removed Pin From Net: NetName=Net1_1 Pin=4-1
Removed Pin From Net: NetName=Net1_1 Pin=5-1
Removed Pin From Net: NetName=Net1_1 Pin=6-1
Removed Pin From Net: NetName=Net1_1 Pin=7-2
Removed Pin From Net: NetName=Net1_1 Pin=J2-3
Removed Pin From Net: NetName=BAT+ Pin=SW1-1
Removed Pin From Net: NetName=BAT+ Pin=SW2-1
Removed Pin From Net: NetName=BAT+ Pin=SW3-0
Removed Pin From Net: NetName=BAT+ Pin=SW4-1
Removed Pin From Net: NetName=BAT+ Pin=SW5-1
Removed Pin From Net: NetName=BAT+ Pin=SW6-1
Removed Pin From Net: NetName=Net6_2 Pin=SW6-3
Added Component: Designator=8(6-0805_M)
Added Component: Designator=P2(HDR1X2H)
Added Pin To Net: NetName=BAT+ Pin=1-2
Added Pin To Net: NetName=Net1_1 Pin=2-2
Added Pin To Net: NetName=Net6_2 Pin=7-2
Added Pin To Net: NetName=BAT- Pin=8-2
Added Pin To Net: NetName=BAT- Pin=P2-1
Added Pin To Net: NetName=Net1_1 Pin=SW1-1
Added Pin To Net: NetName=Net6_2 Pin=SW6-2
Added Pin To Net: NetName=Net2_1 Pin=2-1
Added Pin To Net: NetName=Net2_1 Pin=3-2
Added Pin To Net: NetName=Net2_1 Pin=SW2-1
Added Net: Name=Net2_1
Added Pin To Net: NetName=Net3_1 Pin=3-1
Added Pin To Net: NetName=Net3_1 Pin=4-2
Added Pin To Net: NetName=Net3_1 Pin=SW3-1
Added Net: Name=Net3_1
Added Pin To Net: NetName=Net4_1 Pin=4-1
Added Pin To Net: NetName=Net4_1 Pin=5-2
Added Pin To Net: NetName=Net4_1 Pin=SW4-2
Added Net: Name=Net4_1
Added Pin To Net: NetName=Net5_1 Pin=5-1
Added Pin To Net: NetName=Net5_1 Pin=6-1
Added Pin To Net: NetName=Net5_1 Pin=SW5-2
Added Net: Name=Net5_1
Added Pin To Net: NetName=SIGNAL Pin=8-1
Added Pin To Net: NetName=SIGNAL Pin=J2-3
Added Pin To Net: NetName=SIGNAL Pin=P2-2
Added Pin To Net: NetName=SIGNAL Pin=SW1-0
Added Pin To Net: NetName=SIGNAL Pin=SW2-0
Added Pin To Net: NetName=SIGNAL Pin=SW3-0
Added Pin To Net: NetName=SIGNAL Pin=SW4-4
Added Pin To Net: NetName=SIGNAL Pin=SW5-4
Added Pin To Net: NetName=SIGNAL Pin=SW6-4
Added Net: Name=SIGNAL
Added Member To Class: ClassName=U_Controller Member=Component 8 Res1
Added Member To Class: ClassName=U_Controller Member=Component P2 Header 2H
