Removed Pin From Net: NetName=COL1 Pin=R1-8
Removed Pin From Net: NetName=COL2 Pin=R1-9
Removed Pin From Net: NetName=COL3 Pin=R1-10
Removed Pin From Net: NetName=COL4 Pin=R1-11
Removed Pin From Net: NetName=COL5 Pin=R1-12
Removed Pin From Net: NetName=COL6 Pin=R1-13
Removed Pin From Net: NetName=COL7 Pin=R1-14
Removed Pin From Net: NetName=COL8 Pin=R1-15
Added Pin To Net: NetName=COL8 Pin=R1-8
Added Pin To Net: NetName=COL7 Pin=R1-9
Added Pin To Net: NetName=COL6 Pin=R1-10
Added Pin To Net: NetName=COL5 Pin=R1-11
Added Pin To Net: NetName=COL4 Pin=R1-12
Added Pin To Net: NetName=COL3 Pin=R1-13
Added Pin To Net: NetName=COL2 Pin=R1-14
Added Pin To Net: NetName=COL1 Pin=R1-15
Change Net Name : Old Net Name=COL1 New Net Name=C8
Change Net Name : Old Net Name=COL2 New Net Name=C7
Change Net Name : Old Net Name=COL3 New Net Name=C6
Change Net Name : Old Net Name=COL4 New Net Name=C5
Change Net Name : Old Net Name=COL5 New Net Name=C4
Change Net Name : Old Net Name=COL6 New Net Name=C3
Change Net Name : Old Net Name=COL7 New Net Name=C2
Change Net Name : Old Net Name=COL8 New Net Name=C1
Change Net Name : Old Net Name=ROW1 New Net Name=R1
Change Net Name : Old Net Name=ROW2 New Net Name=R2
Change Net Name : Old Net Name=ROW3 New Net Name=R3
Change Net Name : Old Net Name=ROW4 New Net Name=R4
Change Net Name : Old Net Name=ROW5 New Net Name=R5
Change Net Name : Old Net Name=ROW6 New Net Name=R6
Change Net Name : Old Net Name=ROW7 New Net Name=R7
Change Net Name : Old Net Name=ROW8 New Net Name=R8
Added Pin To Net: NetName=TESTING9 Pin=R2-8
Added Net: Name=TESTING9
Added Pin To Net: NetName=TESTING10 Pin=R2-9
Added Net: Name=TESTING10
Added Pin To Net: NetName=TESTING11 Pin=R2-10
Added Net: Name=TESTING11
Added Pin To Net: NetName=TESTING12 Pin=R2-11
Added Net: Name=TESTING12
Added Pin To Net: NetName=TESTING13 Pin=R2-12
Added Net: Name=TESTING13
Added Pin To Net: NetName=TESTING14 Pin=R2-13
Added Net: Name=TESTING14
Added Pin To Net: NetName=TESTING15 Pin=R2-14
Added Net: Name=TESTING15
Added Pin To Net: NetName=TESTING16 Pin=R2-15
Added Net: Name=TESTING16
Added Class: Name=C[1..16]
Added Class: Name=R[-1..8]
