Removed Member From Class: ClassName=ROW[1..8] Member=ROW1
Removed Member From Class: ClassName=ROW[1..8] Member=ROW2
Removed Member From Class: ClassName=ROW[1..8] Member=ROW3
Removed Member From Class: ClassName=ROW[1..8] Member=ROW4
Removed Member From Class: ClassName=ROW[1..8] Member=ROW5
Removed Member From Class: ClassName=ROW[1..8] Member=ROW6
Removed Member From Class: ClassName=ROW[1..8] Member=ROW7
Removed Member From Class: ClassName=ROW[1..8] Member=ROW8
Added Component: Designator=LED1(0805_A)
Added Component: Designator=LED2(0805_A)
Added Component: Designator=LED3(0805_A)
Added Component: Designator=LED4(0805_A)
Added Component: Designator=LED5(0805_A)
Added Component: Designator=LED6(0805_A)
Added Component: Designator=LED7(0805_A)
Added Component: Designator=LED8(0805_A)
Added Pin To Net: NetName=C Pin=LED1-2
Added Pin To Net: NetName=C Pin=LED2-2
Added Pin To Net: NetName=C Pin=LED3-2
Added Pin To Net: NetName=C Pin=LED4-2
Added Pin To Net: NetName=C Pin=LED5-2
Added Pin To Net: NetName=C Pin=LED6-2
Added Pin To Net: NetName=C Pin=LED7-2
Added Pin To Net: NetName=C Pin=LED8-2
Added Net: Name=C
Added Pin To Net: NetName=R1 Pin=LED1-1
Added Net: Name=R1
Added Pin To Net: NetName=R2 Pin=LED2-1
Added Net: Name=R2
Added Pin To Net: NetName=R3 Pin=LED3-1
Added Net: Name=R3
Added Pin To Net: NetName=R4 Pin=LED4-1
Added Net: Name=R4
Added Pin To Net: NetName=R5 Pin=LED5-1
Added Net: Name=R5
Added Pin To Net: NetName=R6 Pin=LED6-1
Added Net: Name=R6
Added Pin To Net: NetName=R7 Pin=LED7-1
Added Net: Name=R7
Added Pin To Net: NetName=R8 Pin=LED8-1
Added Net: Name=R8
Change Class Name : Old Net Name=ROW[1..8] New Net Name=R[8..-1]
Added Class: Name=Column
Added Member To Class: ClassName=R[8..-1] Member=Element[1]: R
Added Member To Class: ClassName=R[8..-1] Member=Element[2]: R
Added Member To Class: ClassName=R[8..-1] Member=Element[3]: R
Added Member To Class: ClassName=R[8..-1] Member=Element[4]: R
Added Member To Class: ClassName=R[8..-1] Member=Element[5]: R
Added Member To Class: ClassName=R[8..-1] Member=Element[6]: R
Added Member To Class: ClassName=R[8..-1] Member=Element[7]: R
Added Member To Class: ClassName=R[8..-1] Member=Element[8]: R
Change Room Name: Old Name=U_Matrix_Controller New Name=Column
Change Room Scope: Old Scope=InComponentClass('U_Matrix_Controller') New Scope=InComponentClass('Column')
