Change Component Designator: OldDesignator=LED1_U_Col1 NewDesignator=LED1_Col1
Change Component Designator: OldDesignator=LED1_U_Col2 NewDesignator=LED1_Col2
Change Component Designator: OldDesignator=LED1_U_Col3 NewDesignator=LED1_Col3
Change Component Designator: OldDesignator=LED1_U_Col4 NewDesignator=LED1_Col4
Change Component Designator: OldDesignator=LED1_U_Col5 NewDesignator=LED1_Col5
Change Component Designator: OldDesignator=LED1_U_Col6 NewDesignator=LED1_Col6
Change Component Designator: OldDesignator=LED1_U_Col7 NewDesignator=LED1_Col7
Change Component Designator: OldDesignator=LED1_U_Col8 NewDesignator=LED1_Col8
Change Component Designator: OldDesignator=LED1_U_Col9 NewDesignator=LED1_Col9
Change Component Designator: OldDesignator=LED1_U_Col10 NewDesignator=LED1_Col10
Change Component Designator: OldDesignator=LED1_U_Col11 NewDesignator=LED1_Col11
Change Component Designator: OldDesignator=LED1_U_Col12 NewDesignator=LED1_Col12
Change Component Designator: OldDesignator=LED1_U_Col13 NewDesignator=LED1_Col13
Change Component Designator: OldDesignator=LED1_U_Col14 NewDesignator=LED1_Col14
Change Component Designator: OldDesignator=LED1_U_Col15 NewDesignator=LED1_Col15
Change Component Designator: OldDesignator=LED1_U_Col16 NewDesignator=LED1_Col16
Change Component Designator: OldDesignator=LED2_U_Col1 NewDesignator=LED2_Col1
Change Component Designator: OldDesignator=LED2_U_Col2 NewDesignator=LED2_Col2
Change Component Designator: OldDesignator=LED2_U_Col3 NewDesignator=LED2_Col3
Change Component Designator: OldDesignator=LED2_U_Col4 NewDesignator=LED2_Col4
Change Component Designator: OldDesignator=LED2_U_Col5 NewDesignator=LED2_Col5
Change Component Designator: OldDesignator=LED2_U_Col6 NewDesignator=LED2_Col6
Change Component Designator: OldDesignator=LED2_U_Col7 NewDesignator=LED2_Col7
Change Component Designator: OldDesignator=LED2_U_Col8 NewDesignator=LED2_Col8
Change Component Designator: OldDesignator=LED2_U_Col9 NewDesignator=LED2_Col9
Change Component Designator: OldDesignator=LED2_U_Col10 NewDesignator=LED2_Col10
Change Component Designator: OldDesignator=LED2_U_Col11 NewDesignator=LED2_Col11
Change Component Designator: OldDesignator=LED2_U_Col12 NewDesignator=LED2_Col12
Change Component Designator: OldDesignator=LED2_U_Col13 NewDesignator=LED2_Col13
Change Component Designator: OldDesignator=LED2_U_Col14 NewDesignator=LED2_Col14
Change Component Designator: OldDesignator=LED2_U_Col15 NewDesignator=LED2_Col15
Change Component Designator: OldDesignator=LED2_U_Col16 NewDesignator=LED2_Col16
Change Component Designator: OldDesignator=LED3_U_Col1 NewDesignator=LED3_Col1
Change Component Designator: OldDesignator=LED3_U_Col2 NewDesignator=LED3_Col2
Change Component Designator: OldDesignator=LED3_U_Col3 NewDesignator=LED3_Col3
Change Component Designator: OldDesignator=LED3_U_Col4 NewDesignator=LED3_Col4
Change Component Designator: OldDesignator=LED3_U_Col5 NewDesignator=LED3_Col5
Change Component Designator: OldDesignator=LED3_U_Col6 NewDesignator=LED3_Col6
Change Component Designator: OldDesignator=LED3_U_Col7 NewDesignator=LED3_Col7
Change Component Designator: OldDesignator=LED3_U_Col8 NewDesignator=LED3_Col8
Change Component Designator: OldDesignator=LED3_U_Col9 NewDesignator=LED3_Col9
Change Component Designator: OldDesignator=LED3_U_Col10 NewDesignator=LED3_Col10
Change Component Designator: OldDesignator=LED3_U_Col11 NewDesignator=LED3_Col11
Change Component Designator: OldDesignator=LED3_U_Col12 NewDesignator=LED3_Col12
Change Component Designator: OldDesignator=LED3_U_Col13 NewDesignator=LED3_Col13
Change Component Designator: OldDesignator=LED3_U_Col14 NewDesignator=LED3_Col14
Change Component Designator: OldDesignator=LED3_U_Col15 NewDesignator=LED3_Col15
Change Component Designator: OldDesignator=LED3_U_Col16 NewDesignator=LED3_Col16
Change Component Designator: OldDesignator=LED4_U_Col1 NewDesignator=LED4_Col1
Change Component Designator: OldDesignator=LED4_U_Col2 NewDesignator=LED4_Col2
Change Component Designator: OldDesignator=LED4_U_Col3 NewDesignator=LED4_Col3
Change Component Designator: OldDesignator=LED4_U_Col4 NewDesignator=LED4_Col4
Change Component Designator: OldDesignator=LED4_U_Col5 NewDesignator=LED4_Col5
Change Component Designator: OldDesignator=LED4_U_Col6 NewDesignator=LED4_Col6
Change Component Designator: OldDesignator=LED4_U_Col7 NewDesignator=LED4_Col7
Change Component Designator: OldDesignator=LED4_U_Col8 NewDesignator=LED4_Col8
Change Component Designator: OldDesignator=LED4_U_Col9 NewDesignator=LED4_Col9
Change Component Designator: OldDesignator=LED4_U_Col10 NewDesignator=LED4_Col10
Change Component Designator: OldDesignator=LED4_U_Col11 NewDesignator=LED4_Col11
Change Component Designator: OldDesignator=LED4_U_Col12 NewDesignator=LED4_Col12
Change Component Designator: OldDesignator=LED4_U_Col13 NewDesignator=LED4_Col13
Change Component Designator: OldDesignator=LED4_U_Col14 NewDesignator=LED4_Col14
Change Component Designator: OldDesignator=LED4_U_Col15 NewDesignator=LED4_Col15
Change Component Designator: OldDesignator=LED4_U_Col16 NewDesignator=LED4_Col16
Change Component Designator: OldDesignator=LED5_U_Col1 NewDesignator=LED5_Col1
Change Component Designator: OldDesignator=LED5_U_Col2 NewDesignator=LED5_Col2
Change Component Designator: OldDesignator=LED5_U_Col3 NewDesignator=LED5_Col3
Change Component Designator: OldDesignator=LED5_U_Col4 NewDesignator=LED5_Col4
Change Component Designator: OldDesignator=LED5_U_Col5 NewDesignator=LED5_Col5
Change Component Designator: OldDesignator=LED5_U_Col6 NewDesignator=LED5_Col6
Change Component Designator: OldDesignator=LED5_U_Col7 NewDesignator=LED5_Col7
Change Component Designator: OldDesignator=LED5_U_Col8 NewDesignator=LED5_Col8
Change Component Designator: OldDesignator=LED5_U_Col9 NewDesignator=LED5_Col9
Change Component Designator: OldDesignator=LED5_U_Col10 NewDesignator=LED5_Col10
Change Component Designator: OldDesignator=LED5_U_Col11 NewDesignator=LED5_Col11
Change Component Designator: OldDesignator=LED5_U_Col12 NewDesignator=LED5_Col12
Change Component Designator: OldDesignator=LED5_U_Col13 NewDesignator=LED5_Col13
Change Component Designator: OldDesignator=LED5_U_Col14 NewDesignator=LED5_Col14
Change Component Designator: OldDesignator=LED5_U_Col15 NewDesignator=LED5_Col15
Change Component Designator: OldDesignator=LED5_U_Col16 NewDesignator=LED5_Col16
Change Component Designator: OldDesignator=LED6_U_Col1 NewDesignator=LED6_Col1
Change Component Designator: OldDesignator=LED6_U_Col2 NewDesignator=LED6_Col2
Change Component Designator: OldDesignator=LED6_U_Col3 NewDesignator=LED6_Col3
Change Component Designator: OldDesignator=LED6_U_Col4 NewDesignator=LED6_Col4
Change Component Designator: OldDesignator=LED6_U_Col5 NewDesignator=LED6_Col5
Change Component Designator: OldDesignator=LED6_U_Col6 NewDesignator=LED6_Col6
Change Component Designator: OldDesignator=LED6_U_Col7 NewDesignator=LED6_Col7
Change Component Designator: OldDesignator=LED6_U_Col8 NewDesignator=LED6_Col8
Change Component Designator: OldDesignator=LED6_U_Col9 NewDesignator=LED6_Col9
Change Component Designator: OldDesignator=LED6_U_Col10 NewDesignator=LED6_Col10
Change Component Designator: OldDesignator=LED6_U_Col11 NewDesignator=LED6_Col11
Change Component Designator: OldDesignator=LED6_U_Col12 NewDesignator=LED6_Col12
Change Component Designator: OldDesignator=LED6_U_Col13 NewDesignator=LED6_Col13
Change Component Designator: OldDesignator=LED6_U_Col14 NewDesignator=LED6_Col14
Change Component Designator: OldDesignator=LED6_U_Col15 NewDesignator=LED6_Col15
Change Component Designator: OldDesignator=LED6_U_Col16 NewDesignator=LED6_Col16
Change Component Designator: OldDesignator=LED7_U_Col1 NewDesignator=LED7_Col1
Change Component Designator: OldDesignator=LED7_U_Col2 NewDesignator=LED7_Col2
Change Component Designator: OldDesignator=LED7_U_Col3 NewDesignator=LED7_Col3
Change Component Designator: OldDesignator=LED7_U_Col4 NewDesignator=LED7_Col4
Change Component Designator: OldDesignator=LED7_U_Col5 NewDesignator=LED7_Col5
Change Component Designator: OldDesignator=LED7_U_Col6 NewDesignator=LED7_Col6
Change Component Designator: OldDesignator=LED7_U_Col7 NewDesignator=LED7_Col7
Change Component Designator: OldDesignator=LED7_U_Col8 NewDesignator=LED7_Col8
Change Component Designator: OldDesignator=LED7_U_Col9 NewDesignator=LED7_Col9
Change Component Designator: OldDesignator=LED7_U_Col10 NewDesignator=LED7_Col10
Change Component Designator: OldDesignator=LED7_U_Col11 NewDesignator=LED7_Col11
Change Component Designator: OldDesignator=LED7_U_Col12 NewDesignator=LED7_Col12
Change Component Designator: OldDesignator=LED7_U_Col13 NewDesignator=LED7_Col13
Change Component Designator: OldDesignator=LED7_U_Col14 NewDesignator=LED7_Col14
Change Component Designator: OldDesignator=LED7_U_Col15 NewDesignator=LED7_Col15
Change Component Designator: OldDesignator=LED7_U_Col16 NewDesignator=LED7_Col16
Change Component Designator: OldDesignator=LED8_U_Col1 NewDesignator=LED8_Col1
Change Component Designator: OldDesignator=LED8_U_Col2 NewDesignator=LED8_Col2
Change Component Designator: OldDesignator=LED8_U_Col3 NewDesignator=LED8_Col3
Change Component Designator: OldDesignator=LED8_U_Col4 NewDesignator=LED8_Col4
Change Component Designator: OldDesignator=LED8_U_Col5 NewDesignator=LED8_Col5
Change Component Designator: OldDesignator=LED8_U_Col6 NewDesignator=LED8_Col6
Change Component Designator: OldDesignator=LED8_U_Col7 NewDesignator=LED8_Col7
Change Component Designator: OldDesignator=LED8_U_Col8 NewDesignator=LED8_Col8
Change Component Designator: OldDesignator=LED8_U_Col9 NewDesignator=LED8_Col9
Change Component Designator: OldDesignator=LED8_U_Col10 NewDesignator=LED8_Col10
Change Component Designator: OldDesignator=LED8_U_Col11 NewDesignator=LED8_Col11
Change Component Designator: OldDesignator=LED8_U_Col12 NewDesignator=LED8_Col12
Change Component Designator: OldDesignator=LED8_U_Col13 NewDesignator=LED8_Col13
Change Component Designator: OldDesignator=LED8_U_Col14 NewDesignator=LED8_Col14
Change Component Designator: OldDesignator=LED8_U_Col15 NewDesignator=LED8_Col15
Change Component Designator: OldDesignator=LED8_U_Col16 NewDesignator=LED8_Col16
Change Net Name : Old Net Name=R1_U_Col1 New Net Name=R1_Col1
Change Net Name : Old Net Name=R1_U_Col2 New Net Name=R1_Col2
Change Net Name : Old Net Name=R1_U_Col3 New Net Name=R1_Col3
Change Net Name : Old Net Name=R1_U_Col4 New Net Name=R1_Col4
Change Net Name : Old Net Name=R1_U_Col5 New Net Name=R1_Col5
Change Net Name : Old Net Name=R1_U_Col6 New Net Name=R1_Col6
Change Net Name : Old Net Name=R1_U_Col7 New Net Name=R1_Col7
Change Net Name : Old Net Name=R1_U_Col8 New Net Name=R1_Col8
Change Net Name : Old Net Name=R1_U_Col9 New Net Name=R1_Col9
Change Net Name : Old Net Name=R1_U_Col10 New Net Name=R1_Col10
Change Net Name : Old Net Name=R1_U_Col11 New Net Name=R1_Col11
Change Net Name : Old Net Name=R1_U_Col12 New Net Name=R1_Col12
Change Net Name : Old Net Name=R1_U_Col13 New Net Name=R1_Col13
Change Net Name : Old Net Name=R1_U_Col14 New Net Name=R1_Col14
Change Net Name : Old Net Name=R1_U_Col15 New Net Name=R1_Col15
Change Net Name : Old Net Name=R1_U_Col16 New Net Name=R1_Col16
Change Net Name : Old Net Name=R2_U_Col1 New Net Name=R2_Col1
Change Net Name : Old Net Name=R2_U_Col2 New Net Name=R2_Col2
Change Net Name : Old Net Name=R2_U_Col3 New Net Name=R2_Col3
Change Net Name : Old Net Name=R2_U_Col4 New Net Name=R2_Col4
Change Net Name : Old Net Name=R2_U_Col5 New Net Name=R2_Col5
Change Net Name : Old Net Name=R2_U_Col6 New Net Name=R2_Col6
Change Net Name : Old Net Name=R2_U_Col7 New Net Name=R2_Col7
Change Net Name : Old Net Name=R2_U_Col8 New Net Name=R2_Col8
Change Net Name : Old Net Name=R2_U_Col9 New Net Name=R2_Col9
Change Net Name : Old Net Name=R2_U_Col10 New Net Name=R2_Col10
Change Net Name : Old Net Name=R2_U_Col11 New Net Name=R2_Col11
Change Net Name : Old Net Name=R2_U_Col12 New Net Name=R2_Col12
Change Net Name : Old Net Name=R2_U_Col13 New Net Name=R2_Col13
Change Net Name : Old Net Name=R2_U_Col14 New Net Name=R2_Col14
Change Net Name : Old Net Name=R2_U_Col15 New Net Name=R2_Col15
Change Net Name : Old Net Name=R2_U_Col16 New Net Name=R2_Col16
Change Net Name : Old Net Name=R3_U_Col1 New Net Name=R3_Col1
Change Net Name : Old Net Name=R3_U_Col2 New Net Name=R3_Col2
Change Net Name : Old Net Name=R3_U_Col3 New Net Name=R3_Col3
Change Net Name : Old Net Name=R3_U_Col4 New Net Name=R3_Col4
Change Net Name : Old Net Name=R3_U_Col5 New Net Name=R3_Col5
Change Net Name : Old Net Name=R3_U_Col6 New Net Name=R3_Col6
Change Net Name : Old Net Name=R3_U_Col7 New Net Name=R3_Col7
Change Net Name : Old Net Name=R3_U_Col8 New Net Name=R3_Col8
Change Net Name : Old Net Name=R3_U_Col9 New Net Name=R3_Col9
Change Net Name : Old Net Name=R3_U_Col10 New Net Name=R3_Col10
Change Net Name : Old Net Name=R3_U_Col11 New Net Name=R3_Col11
Change Net Name : Old Net Name=R3_U_Col12 New Net Name=R3_Col12
Change Net Name : Old Net Name=R3_U_Col13 New Net Name=R3_Col13
Change Net Name : Old Net Name=R3_U_Col14 New Net Name=R3_Col14
Change Net Name : Old Net Name=R3_U_Col15 New Net Name=R3_Col15
Change Net Name : Old Net Name=R3_U_Col16 New Net Name=R3_Col16
Change Net Name : Old Net Name=R4_U_Col1 New Net Name=R4_Col1
Change Net Name : Old Net Name=R4_U_Col2 New Net Name=R4_Col2
Change Net Name : Old Net Name=R4_U_Col3 New Net Name=R4_Col3
Change Net Name : Old Net Name=R4_U_Col4 New Net Name=R4_Col4
Change Net Name : Old Net Name=R4_U_Col5 New Net Name=R4_Col5
Change Net Name : Old Net Name=R4_U_Col6 New Net Name=R4_Col6
Change Net Name : Old Net Name=R4_U_Col7 New Net Name=R4_Col7
Change Net Name : Old Net Name=R4_U_Col8 New Net Name=R4_Col8
Change Net Name : Old Net Name=R4_U_Col9 New Net Name=R4_Col9
Change Net Name : Old Net Name=R4_U_Col10 New Net Name=R4_Col10
Change Net Name : Old Net Name=R4_U_Col11 New Net Name=R4_Col11
Change Net Name : Old Net Name=R4_U_Col12 New Net Name=R4_Col12
Change Net Name : Old Net Name=R4_U_Col13 New Net Name=R4_Col13
Change Net Name : Old Net Name=R4_U_Col14 New Net Name=R4_Col14
Change Net Name : Old Net Name=R4_U_Col15 New Net Name=R4_Col15
Change Net Name : Old Net Name=R4_U_Col16 New Net Name=R4_Col16
Change Net Name : Old Net Name=R5_U_Col1 New Net Name=R5_Col1
Change Net Name : Old Net Name=R5_U_Col2 New Net Name=R5_Col2
Change Net Name : Old Net Name=R5_U_Col3 New Net Name=R5_Col3
Change Net Name : Old Net Name=R5_U_Col4 New Net Name=R5_Col4
Change Net Name : Old Net Name=R5_U_Col5 New Net Name=R5_Col5
Change Net Name : Old Net Name=R5_U_Col6 New Net Name=R5_Col6
Change Net Name : Old Net Name=R5_U_Col7 New Net Name=R5_Col7
Change Net Name : Old Net Name=R5_U_Col8 New Net Name=R5_Col8
Change Net Name : Old Net Name=R5_U_Col9 New Net Name=R5_Col9
Change Net Name : Old Net Name=R5_U_Col10 New Net Name=R5_Col10
Change Net Name : Old Net Name=R5_U_Col11 New Net Name=R5_Col11
Change Net Name : Old Net Name=R5_U_Col12 New Net Name=R5_Col12
Change Net Name : Old Net Name=R5_U_Col13 New Net Name=R5_Col13
Change Net Name : Old Net Name=R5_U_Col14 New Net Name=R5_Col14
Change Net Name : Old Net Name=R5_U_Col15 New Net Name=R5_Col15
Change Net Name : Old Net Name=R5_U_Col16 New Net Name=R5_Col16
Change Net Name : Old Net Name=R6_U_Col1 New Net Name=R6_Col1
Change Net Name : Old Net Name=R6_U_Col2 New Net Name=R6_Col2
Change Net Name : Old Net Name=R6_U_Col3 New Net Name=R6_Col3
Change Net Name : Old Net Name=R6_U_Col4 New Net Name=R6_Col4
Change Net Name : Old Net Name=R6_U_Col5 New Net Name=R6_Col5
Change Net Name : Old Net Name=R6_U_Col6 New Net Name=R6_Col6
Change Net Name : Old Net Name=R6_U_Col7 New Net Name=R6_Col7
Change Net Name : Old Net Name=R6_U_Col8 New Net Name=R6_Col8
Change Net Name : Old Net Name=R6_U_Col9 New Net Name=R6_Col9
Change Net Name : Old Net Name=R6_U_Col10 New Net Name=R6_Col10
Change Net Name : Old Net Name=R6_U_Col11 New Net Name=R6_Col11
Change Net Name : Old Net Name=R6_U_Col12 New Net Name=R6_Col12
Change Net Name : Old Net Name=R6_U_Col13 New Net Name=R6_Col13
Change Net Name : Old Net Name=R6_U_Col14 New Net Name=R6_Col14
Change Net Name : Old Net Name=R6_U_Col15 New Net Name=R6_Col15
Change Net Name : Old Net Name=R6_U_Col16 New Net Name=R6_Col16
Change Net Name : Old Net Name=R7_U_Col1 New Net Name=R7_Col1
Change Net Name : Old Net Name=R7_U_Col2 New Net Name=R7_Col2
Change Net Name : Old Net Name=R7_U_Col3 New Net Name=R7_Col3
Change Net Name : Old Net Name=R7_U_Col4 New Net Name=R7_Col4
Change Net Name : Old Net Name=R7_U_Col5 New Net Name=R7_Col5
Change Net Name : Old Net Name=R7_U_Col6 New Net Name=R7_Col6
Change Net Name : Old Net Name=R7_U_Col7 New Net Name=R7_Col7
Change Net Name : Old Net Name=R7_U_Col8 New Net Name=R7_Col8
Change Net Name : Old Net Name=R7_U_Col9 New Net Name=R7_Col9
Change Net Name : Old Net Name=R7_U_Col10 New Net Name=R7_Col10
Change Net Name : Old Net Name=R7_U_Col11 New Net Name=R7_Col11
Change Net Name : Old Net Name=R7_U_Col12 New Net Name=R7_Col12
Change Net Name : Old Net Name=R7_U_Col13 New Net Name=R7_Col13
Change Net Name : Old Net Name=R7_U_Col14 New Net Name=R7_Col14
Change Net Name : Old Net Name=R7_U_Col15 New Net Name=R7_Col15
Change Net Name : Old Net Name=R7_U_Col16 New Net Name=R7_Col16
Change Net Name : Old Net Name=R8_U_Col1 New Net Name=R8_Col1
Change Net Name : Old Net Name=R8_U_Col2 New Net Name=R8_Col2
Change Net Name : Old Net Name=R8_U_Col3 New Net Name=R8_Col3
Change Net Name : Old Net Name=R8_U_Col4 New Net Name=R8_Col4
Change Net Name : Old Net Name=R8_U_Col5 New Net Name=R8_Col5
Change Net Name : Old Net Name=R8_U_Col6 New Net Name=R8_Col6
Change Net Name : Old Net Name=R8_U_Col7 New Net Name=R8_Col7
Change Net Name : Old Net Name=R8_U_Col8 New Net Name=R8_Col8
Change Net Name : Old Net Name=R8_U_Col9 New Net Name=R8_Col9
Change Net Name : Old Net Name=R8_U_Col10 New Net Name=R8_Col10
Change Net Name : Old Net Name=R8_U_Col11 New Net Name=R8_Col11
Change Net Name : Old Net Name=R8_U_Col12 New Net Name=R8_Col12
Change Net Name : Old Net Name=R8_U_Col13 New Net Name=R8_Col13
Change Net Name : Old Net Name=R8_U_Col14 New Net Name=R8_Col14
Change Net Name : Old Net Name=R8_U_Col15 New Net Name=R8_Col15
Change Net Name : Old Net Name=R8_U_Col16 New Net Name=R8_Col16
Change Class Name : Old Net Name=U_Col1 New Net Name=Col1
Change Class Name : Old Net Name=U_Col2 New Net Name=Col2
Change Class Name : Old Net Name=U_Col3 New Net Name=Col3
Change Class Name : Old Net Name=U_Col4 New Net Name=Col4
Change Class Name : Old Net Name=U_Col5 New Net Name=Col5
Change Class Name : Old Net Name=U_Col6 New Net Name=Col6
Change Class Name : Old Net Name=U_Col7 New Net Name=Col7
Change Class Name : Old Net Name=U_Col8 New Net Name=Col8
Change Class Name : Old Net Name=U_Col9 New Net Name=Col9
Change Class Name : Old Net Name=U_Col10 New Net Name=Col10
Change Class Name : Old Net Name=U_Col11 New Net Name=Col11
Change Class Name : Old Net Name=U_Col12 New Net Name=Col12
Change Class Name : Old Net Name=U_Col13 New Net Name=Col13
Change Class Name : Old Net Name=U_Col14 New Net Name=Col14
Change Class Name : Old Net Name=U_Col15 New Net Name=Col15
Change Class Name : Old Net Name=U_Col16 New Net Name=Col16
Change Class Name : Old Net Name=U_Matrix_Controller New Net Name=Controller
Change Room Name: Old Name=U_Col12 New Name=Col12
Change Room Scope: Old Scope=InComponentClass('U_Col12') New Scope=InComponentClass('Col12')
Change Room Name: Old Name=U_Col13 New Name=Col13
Change Room Scope: Old Scope=InComponentClass('U_Col13') New Scope=InComponentClass('Col13')
Added Room: Name=Col1
Added Room: Name=Col2
Added Room: Name=Col3
Added Room: Name=Col4
Added Room: Name=Col5
Added Room: Name=Col6
Added Room: Name=Col7
Added Room: Name=Col8
Added Room: Name=Col9
Added Room: Name=Col10
Added Room: Name=Col11
Added Room: Name=Col14
Added Room: Name=Col15
Added Room: Name=Col16
Added Room: Name=Controller
