Removed Pin From Net: NetName=R1_U_Column1 Pin=LED1_U_Column1-1
Removed Pin From Net: NetName=C8 Pin=LED1_U_Column1-2
Removed Pin From Net: NetName=R1_U_Column2 Pin=LED1_U_Column2-1
Removed Pin From Net: NetName=C7 Pin=LED1_U_Column2-2
Removed Pin From Net: NetName=R1_U_Column3 Pin=LED1_U_Column3-1
Removed Pin From Net: NetName=C6 Pin=LED1_U_Column3-2
Removed Pin From Net: NetName=R1_U_Column4 Pin=LED1_U_Column4-1
Removed Pin From Net: NetName=C5 Pin=LED1_U_Column4-2
Removed Pin From Net: NetName=R1_U_Column5 Pin=LED1_U_Column5-1
Removed Pin From Net: NetName=C4 Pin=LED1_U_Column5-2
Removed Pin From Net: NetName=R1_U_Column6 Pin=LED1_U_Column6-1
Removed Pin From Net: NetName=C3 Pin=LED1_U_Column6-2
Removed Pin From Net: NetName=R1_U_Column7 Pin=LED1_U_Column7-1
Removed Pin From Net: NetName=C2 Pin=LED1_U_Column7-2
Removed Pin From Net: NetName=R1_U_Column8 Pin=LED1_U_Column8-1
Removed Pin From Net: NetName=C1 Pin=LED1_U_Column8-2
Removed Pin From Net: NetName=R2_U_Column1 Pin=LED2_U_Column1-1
Removed Pin From Net: NetName=C8 Pin=LED2_U_Column1-2
Removed Pin From Net: NetName=R2_U_Column2 Pin=LED2_U_Column2-1
Removed Pin From Net: NetName=C7 Pin=LED2_U_Column2-2
Removed Pin From Net: NetName=R2_U_Column3 Pin=LED2_U_Column3-1
Removed Pin From Net: NetName=C6 Pin=LED2_U_Column3-2
Removed Pin From Net: NetName=R2_U_Column4 Pin=LED2_U_Column4-1
Removed Pin From Net: NetName=C5 Pin=LED2_U_Column4-2
Removed Pin From Net: NetName=R2_U_Column5 Pin=LED2_U_Column5-1
Removed Pin From Net: NetName=C4 Pin=LED2_U_Column5-2
Removed Pin From Net: NetName=R2_U_Column6 Pin=LED2_U_Column6-1
Removed Pin From Net: NetName=C3 Pin=LED2_U_Column6-2
Removed Pin From Net: NetName=R2_U_Column7 Pin=LED2_U_Column7-1
Removed Pin From Net: NetName=C2 Pin=LED2_U_Column7-2
Removed Pin From Net: NetName=R2_U_Column8 Pin=LED2_U_Column8-1
Removed Pin From Net: NetName=C1 Pin=LED2_U_Column8-2
Removed Pin From Net: NetName=R3_U_Column1 Pin=LED3_U_Column1-1
Removed Pin From Net: NetName=C8 Pin=LED3_U_Column1-2
Removed Pin From Net: NetName=R3_U_Column2 Pin=LED3_U_Column2-1
Removed Pin From Net: NetName=C7 Pin=LED3_U_Column2-2
Removed Pin From Net: NetName=R3_U_Column3 Pin=LED3_U_Column3-1
Removed Pin From Net: NetName=C6 Pin=LED3_U_Column3-2
Removed Pin From Net: NetName=R3_U_Column4 Pin=LED3_U_Column4-1
Removed Pin From Net: NetName=C5 Pin=LED3_U_Column4-2
Removed Pin From Net: NetName=R3_U_Column5 Pin=LED3_U_Column5-1
Removed Pin From Net: NetName=C4 Pin=LED3_U_Column5-2
Removed Pin From Net: NetName=R3_U_Column6 Pin=LED3_U_Column6-1
Removed Pin From Net: NetName=C3 Pin=LED3_U_Column6-2
Removed Pin From Net: NetName=R3_U_Column7 Pin=LED3_U_Column7-1
Removed Pin From Net: NetName=C2 Pin=LED3_U_Column7-2
Removed Pin From Net: NetName=R3_U_Column8 Pin=LED3_U_Column8-1
Removed Pin From Net: NetName=C1 Pin=LED3_U_Column8-2
Removed Pin From Net: NetName=R4_U_Column1 Pin=LED4_U_Column1-1
Removed Pin From Net: NetName=C8 Pin=LED4_U_Column1-2
Removed Pin From Net: NetName=R4_U_Column2 Pin=LED4_U_Column2-1
Removed Pin From Net: NetName=C7 Pin=LED4_U_Column2-2
Removed Pin From Net: NetName=R4_U_Column3 Pin=LED4_U_Column3-1
Removed Pin From Net: NetName=C6 Pin=LED4_U_Column3-2
Removed Pin From Net: NetName=R4_U_Column4 Pin=LED4_U_Column4-1
Removed Pin From Net: NetName=C5 Pin=LED4_U_Column4-2
Removed Pin From Net: NetName=R4_U_Column5 Pin=LED4_U_Column5-1
Removed Pin From Net: NetName=C4 Pin=LED4_U_Column5-2
Removed Pin From Net: NetName=R4_U_Column6 Pin=LED4_U_Column6-1
Removed Pin From Net: NetName=C3 Pin=LED4_U_Column6-2
Removed Pin From Net: NetName=R4_U_Column7 Pin=LED4_U_Column7-1
Removed Pin From Net: NetName=C2 Pin=LED4_U_Column7-2
Removed Pin From Net: NetName=R4_U_Column8 Pin=LED4_U_Column8-1
Removed Pin From Net: NetName=C1 Pin=LED4_U_Column8-2
Removed Pin From Net: NetName=R5_U_Column1 Pin=LED5_U_Column1-1
Removed Pin From Net: NetName=C8 Pin=LED5_U_Column1-2
Removed Pin From Net: NetName=R5_U_Column2 Pin=LED5_U_Column2-1
Removed Pin From Net: NetName=C7 Pin=LED5_U_Column2-2
Removed Pin From Net: NetName=R5_U_Column3 Pin=LED5_U_Column3-1
Removed Pin From Net: NetName=C6 Pin=LED5_U_Column3-2
Removed Pin From Net: NetName=R5_U_Column4 Pin=LED5_U_Column4-1
Removed Pin From Net: NetName=C5 Pin=LED5_U_Column4-2
Removed Pin From Net: NetName=R5_U_Column5 Pin=LED5_U_Column5-1
Removed Pin From Net: NetName=C4 Pin=LED5_U_Column5-2
Removed Pin From Net: NetName=R5_U_Column6 Pin=LED5_U_Column6-1
Removed Pin From Net: NetName=C3 Pin=LED5_U_Column6-2
Removed Pin From Net: NetName=R5_U_Column7 Pin=LED5_U_Column7-1
Removed Pin From Net: NetName=C2 Pin=LED5_U_Column7-2
Removed Pin From Net: NetName=R5_U_Column8 Pin=LED5_U_Column8-1
Removed Pin From Net: NetName=C1 Pin=LED5_U_Column8-2
Removed Pin From Net: NetName=R6_U_Column1 Pin=LED6_U_Column1-1
Removed Pin From Net: NetName=C8 Pin=LED6_U_Column1-2
Removed Pin From Net: NetName=R6_U_Column2 Pin=LED6_U_Column2-1
Removed Pin From Net: NetName=C7 Pin=LED6_U_Column2-2
Removed Pin From Net: NetName=R6_U_Column3 Pin=LED6_U_Column3-1
Removed Pin From Net: NetName=C6 Pin=LED6_U_Column3-2
Removed Pin From Net: NetName=R6_U_Column4 Pin=LED6_U_Column4-1
Removed Pin From Net: NetName=C5 Pin=LED6_U_Column4-2
Removed Pin From Net: NetName=R6_U_Column5 Pin=LED6_U_Column5-1
Removed Pin From Net: NetName=C4 Pin=LED6_U_Column5-2
Removed Pin From Net: NetName=R6_U_Column6 Pin=LED6_U_Column6-1
Removed Pin From Net: NetName=C3 Pin=LED6_U_Column6-2
Removed Pin From Net: NetName=R6_U_Column7 Pin=LED6_U_Column7-1
Removed Pin From Net: NetName=C2 Pin=LED6_U_Column7-2
Removed Pin From Net: NetName=R6_U_Column8 Pin=LED6_U_Column8-1
Removed Pin From Net: NetName=C1 Pin=LED6_U_Column8-2
Removed Pin From Net: NetName=R7_U_Column1 Pin=LED7_U_Column1-1
Removed Pin From Net: NetName=C8 Pin=LED7_U_Column1-2
Removed Pin From Net: NetName=R7_U_Column2 Pin=LED7_U_Column2-1
Removed Pin From Net: NetName=C7 Pin=LED7_U_Column2-2
Removed Pin From Net: NetName=R7_U_Column3 Pin=LED7_U_Column3-1
Removed Pin From Net: NetName=C6 Pin=LED7_U_Column3-2
Removed Pin From Net: NetName=R7_U_Column4 Pin=LED7_U_Column4-1
Removed Pin From Net: NetName=C5 Pin=LED7_U_Column4-2
Removed Pin From Net: NetName=R7_U_Column5 Pin=LED7_U_Column5-1
Removed Pin From Net: NetName=C4 Pin=LED7_U_Column5-2
Removed Pin From Net: NetName=R7_U_Column6 Pin=LED7_U_Column6-1
Removed Pin From Net: NetName=C3 Pin=LED7_U_Column6-2
Removed Pin From Net: NetName=R7_U_Column7 Pin=LED7_U_Column7-1
Removed Pin From Net: NetName=C2 Pin=LED7_U_Column7-2
Removed Pin From Net: NetName=R7_U_Column8 Pin=LED7_U_Column8-1
Removed Pin From Net: NetName=C1 Pin=LED7_U_Column8-2
Removed Pin From Net: NetName=R8_U_Column1 Pin=LED8_U_Column1-1
Removed Pin From Net: NetName=C8 Pin=LED8_U_Column1-2
Removed Pin From Net: NetName=R8_U_Column2 Pin=LED8_U_Column2-1
Removed Pin From Net: NetName=C7 Pin=LED8_U_Column2-2
Removed Pin From Net: NetName=R8_U_Column3 Pin=LED8_U_Column3-1
Removed Pin From Net: NetName=C6 Pin=LED8_U_Column3-2
Removed Pin From Net: NetName=R8_U_Column4 Pin=LED8_U_Column4-1
Removed Pin From Net: NetName=C5 Pin=LED8_U_Column4-2
Removed Pin From Net: NetName=R8_U_Column5 Pin=LED8_U_Column5-1
Removed Pin From Net: NetName=C4 Pin=LED8_U_Column5-2
Removed Pin From Net: NetName=R8_U_Column6 Pin=LED8_U_Column6-1
Removed Pin From Net: NetName=C3 Pin=LED8_U_Column6-2
Removed Pin From Net: NetName=R8_U_Column7 Pin=LED8_U_Column7-1
Removed Pin From Net: NetName=C2 Pin=LED8_U_Column7-2
Removed Pin From Net: NetName=R8_U_Column8 Pin=LED8_U_Column8-1
Removed Pin From Net: NetName=C1 Pin=LED8_U_Column8-2
Removed Member From Class: ClassName=U_Column1 Member=LED1_U_Column1
Removed Member From Class: ClassName=U_Column2 Member=LED1_U_Column2
Removed Member From Class: ClassName=U_Column3 Member=LED1_U_Column3
Removed Member From Class: ClassName=U_Column4 Member=LED1_U_Column4
Removed Member From Class: ClassName=U_Column5 Member=LED1_U_Column5
Removed Member From Class: ClassName=U_Column6 Member=LED1_U_Column6
Removed Member From Class: ClassName=U_Column7 Member=LED1_U_Column7
Removed Member From Class: ClassName=U_Column8 Member=LED1_U_Column8
Removed Member From Class: ClassName=U_Column1 Member=LED2_U_Column1
Removed Member From Class: ClassName=U_Column2 Member=LED2_U_Column2
Removed Member From Class: ClassName=U_Column3 Member=LED2_U_Column3
Removed Member From Class: ClassName=U_Column4 Member=LED2_U_Column4
Removed Member From Class: ClassName=U_Column5 Member=LED2_U_Column5
Removed Member From Class: ClassName=U_Column6 Member=LED2_U_Column6
Removed Member From Class: ClassName=U_Column7 Member=LED2_U_Column7
Removed Member From Class: ClassName=U_Column8 Member=LED2_U_Column8
Removed Member From Class: ClassName=U_Column1 Member=LED3_U_Column1
Removed Member From Class: ClassName=U_Column2 Member=LED3_U_Column2
Removed Member From Class: ClassName=U_Column3 Member=LED3_U_Column3
Removed Member From Class: ClassName=U_Column4 Member=LED3_U_Column4
Removed Member From Class: ClassName=U_Column5 Member=LED3_U_Column5
Removed Member From Class: ClassName=U_Column6 Member=LED3_U_Column6
Removed Member From Class: ClassName=U_Column7 Member=LED3_U_Column7
Removed Member From Class: ClassName=U_Column8 Member=LED3_U_Column8
Removed Member From Class: ClassName=U_Column1 Member=LED4_U_Column1
Removed Member From Class: ClassName=U_Column2 Member=LED4_U_Column2
Removed Member From Class: ClassName=U_Column3 Member=LED4_U_Column3
Removed Member From Class: ClassName=U_Column4 Member=LED4_U_Column4
Removed Member From Class: ClassName=U_Column5 Member=LED4_U_Column5
Removed Member From Class: ClassName=U_Column6 Member=LED4_U_Column6
Removed Member From Class: ClassName=U_Column7 Member=LED4_U_Column7
Removed Member From Class: ClassName=U_Column8 Member=LED4_U_Column8
Removed Member From Class: ClassName=U_Column1 Member=LED5_U_Column1
Removed Member From Class: ClassName=U_Column2 Member=LED5_U_Column2
Removed Member From Class: ClassName=U_Column3 Member=LED5_U_Column3
Removed Member From Class: ClassName=U_Column4 Member=LED5_U_Column4
Removed Member From Class: ClassName=U_Column5 Member=LED5_U_Column5
Removed Member From Class: ClassName=U_Column6 Member=LED5_U_Column6
Removed Member From Class: ClassName=U_Column7 Member=LED5_U_Column7
Removed Member From Class: ClassName=U_Column8 Member=LED5_U_Column8
Removed Member From Class: ClassName=U_Column1 Member=LED6_U_Column1
Removed Member From Class: ClassName=U_Column2 Member=LED6_U_Column2
Removed Member From Class: ClassName=U_Column3 Member=LED6_U_Column3
Removed Member From Class: ClassName=U_Column4 Member=LED6_U_Column4
Removed Member From Class: ClassName=U_Column5 Member=LED6_U_Column5
Removed Member From Class: ClassName=U_Column6 Member=LED6_U_Column6
Removed Member From Class: ClassName=U_Column7 Member=LED6_U_Column7
Removed Member From Class: ClassName=U_Column8 Member=LED6_U_Column8
Removed Member From Class: ClassName=U_Column1 Member=LED7_U_Column1
Removed Member From Class: ClassName=U_Column2 Member=LED7_U_Column2
Removed Member From Class: ClassName=U_Column3 Member=LED7_U_Column3
Removed Member From Class: ClassName=U_Column4 Member=LED7_U_Column4
Removed Member From Class: ClassName=U_Column5 Member=LED7_U_Column5
Removed Member From Class: ClassName=U_Column6 Member=LED7_U_Column6
Removed Member From Class: ClassName=U_Column7 Member=LED7_U_Column7
Removed Member From Class: ClassName=U_Column8 Member=LED7_U_Column8
Removed Member From Class: ClassName=U_Column1 Member=LED8_U_Column1
Removed Member From Class: ClassName=U_Column2 Member=LED8_U_Column2
Removed Member From Class: ClassName=U_Column3 Member=LED8_U_Column3
Removed Member From Class: ClassName=U_Column4 Member=LED8_U_Column4
Removed Member From Class: ClassName=U_Column5 Member=LED8_U_Column5
Removed Member From Class: ClassName=U_Column6 Member=LED8_U_Column6
Removed Member From Class: ClassName=U_Column7 Member=LED8_U_Column7
Removed Member From Class: ClassName=U_Column8 Member=LED8_U_Column8
Added Component: Designator=R1_U_Column1(AXIAL-0.3)
Added Component: Designator=R1_U_Column2(AXIAL-0.3)
Added Component: Designator=R1_U_Column3(AXIAL-0.3)
Added Component: Designator=R1_U_Column4(AXIAL-0.3)
Added Component: Designator=R1_U_Column5(AXIAL-0.3)
Added Component: Designator=R1_U_Column6(AXIAL-0.3)
Added Component: Designator=R1_U_Column7(AXIAL-0.3)
Added Component: Designator=R1_U_Column8(AXIAL-0.3)
Added Component: Designator=R2_U_Column1(AXIAL-0.3)
Added Component: Designator=R2_U_Column2(AXIAL-0.3)
Added Component: Designator=R2_U_Column3(AXIAL-0.3)
Added Component: Designator=R2_U_Column4(AXIAL-0.3)
Added Component: Designator=R2_U_Column5(AXIAL-0.3)
Added Component: Designator=R2_U_Column6(AXIAL-0.3)
Added Component: Designator=R2_U_Column7(AXIAL-0.3)
Added Component: Designator=R2_U_Column8(AXIAL-0.3)
Added Component: Designator=R3_U_Column1(AXIAL-0.3)
Added Component: Designator=R3_U_Column2(AXIAL-0.3)
Added Component: Designator=R3_U_Column3(AXIAL-0.3)
Added Component: Designator=R3_U_Column4(AXIAL-0.3)
Added Component: Designator=R3_U_Column5(AXIAL-0.3)
Added Component: Designator=R3_U_Column6(AXIAL-0.3)
Added Component: Designator=R3_U_Column7(AXIAL-0.3)
Added Component: Designator=R3_U_Column8(AXIAL-0.3)
Added Component: Designator=R4_U_Column1(AXIAL-0.3)
Added Component: Designator=R4_U_Column2(AXIAL-0.3)
Added Component: Designator=R4_U_Column3(AXIAL-0.3)
Added Component: Designator=R4_U_Column4(AXIAL-0.3)
Added Component: Designator=R4_U_Column5(AXIAL-0.3)
Added Component: Designator=R4_U_Column6(AXIAL-0.3)
Added Component: Designator=R4_U_Column7(AXIAL-0.3)
Added Component: Designator=R4_U_Column8(AXIAL-0.3)
Added Component: Designator=R5_U_Column1(AXIAL-0.3)
Added Component: Designator=R5_U_Column2(AXIAL-0.3)
Added Component: Designator=R5_U_Column3(AXIAL-0.3)
Added Component: Designator=R5_U_Column4(AXIAL-0.3)
Added Component: Designator=R5_U_Column5(AXIAL-0.3)
Added Component: Designator=R5_U_Column6(AXIAL-0.3)
Added Component: Designator=R5_U_Column7(AXIAL-0.3)
Added Component: Designator=R5_U_Column8(AXIAL-0.3)
Added Component: Designator=R6_U_Column1(AXIAL-0.3)
Added Component: Designator=R6_U_Column2(AXIAL-0.3)
Added Component: Designator=R6_U_Column3(AXIAL-0.3)
Added Component: Designator=R6_U_Column4(AXIAL-0.3)
Added Component: Designator=R6_U_Column5(AXIAL-0.3)
Added Component: Designator=R6_U_Column6(AXIAL-0.3)
Added Component: Designator=R6_U_Column7(AXIAL-0.3)
Added Component: Designator=R6_U_Column8(AXIAL-0.3)
Added Component: Designator=R7_U_Column1(AXIAL-0.3)
Added Component: Designator=R7_U_Column2(AXIAL-0.3)
Added Component: Designator=R7_U_Column3(AXIAL-0.3)
Added Component: Designator=R7_U_Column4(AXIAL-0.3)
Added Component: Designator=R7_U_Column5(AXIAL-0.3)
Added Component: Designator=R7_U_Column6(AXIAL-0.3)
Added Component: Designator=R7_U_Column7(AXIAL-0.3)
Added Component: Designator=R7_U_Column8(AXIAL-0.3)
Added Component: Designator=R8_U_Column1(AXIAL-0.3)
Added Component: Designator=R8_U_Column2(AXIAL-0.3)
Added Component: Designator=R8_U_Column3(AXIAL-0.3)
Added Component: Designator=R8_U_Column4(AXIAL-0.3)
Added Component: Designator=R8_U_Column5(AXIAL-0.3)
Added Component: Designator=R8_U_Column6(AXIAL-0.3)
Added Component: Designator=R8_U_Column7(AXIAL-0.3)
Added Component: Designator=R8_U_Column8(AXIAL-0.3)
Added Pin To Net: NetName=C8 Pin=R1_U_Column1-1
Added Pin To Net: NetName=R1_U_Column1 Pin=R1_U_Column1-2
Added Pin To Net: NetName=C7 Pin=R1_U_Column2-1
Added Pin To Net: NetName=R1_U_Column2 Pin=R1_U_Column2-2
Added Pin To Net: NetName=C6 Pin=R1_U_Column3-1
Added Pin To Net: NetName=R1_U_Column3 Pin=R1_U_Column3-2
Added Pin To Net: NetName=C5 Pin=R1_U_Column4-1
Added Pin To Net: NetName=R1_U_Column4 Pin=R1_U_Column4-2
Added Pin To Net: NetName=C4 Pin=R1_U_Column5-1
Added Pin To Net: NetName=R1_U_Column5 Pin=R1_U_Column5-2
Added Pin To Net: NetName=C3 Pin=R1_U_Column6-1
Added Pin To Net: NetName=R1_U_Column6 Pin=R1_U_Column6-2
Added Pin To Net: NetName=C2 Pin=R1_U_Column7-1
Added Pin To Net: NetName=R1_U_Column7 Pin=R1_U_Column7-2
Added Pin To Net: NetName=C1 Pin=R1_U_Column8-1
Added Pin To Net: NetName=R1_U_Column8 Pin=R1_U_Column8-2
Added Pin To Net: NetName=C8 Pin=R2_U_Column1-1
Added Pin To Net: NetName=R2_U_Column1 Pin=R2_U_Column1-2
Added Pin To Net: NetName=C7 Pin=R2_U_Column2-1
Added Pin To Net: NetName=R2_U_Column2 Pin=R2_U_Column2-2
Added Pin To Net: NetName=C6 Pin=R2_U_Column3-1
Added Pin To Net: NetName=R2_U_Column3 Pin=R2_U_Column3-2
Added Pin To Net: NetName=C5 Pin=R2_U_Column4-1
Added Pin To Net: NetName=R2_U_Column4 Pin=R2_U_Column4-2
Added Pin To Net: NetName=C4 Pin=R2_U_Column5-1
Added Pin To Net: NetName=R2_U_Column5 Pin=R2_U_Column5-2
Added Pin To Net: NetName=C3 Pin=R2_U_Column6-1
Added Pin To Net: NetName=R2_U_Column6 Pin=R2_U_Column6-2
Added Pin To Net: NetName=C2 Pin=R2_U_Column7-1
Added Pin To Net: NetName=R2_U_Column7 Pin=R2_U_Column7-2
Added Pin To Net: NetName=C1 Pin=R2_U_Column8-1
Added Pin To Net: NetName=R2_U_Column8 Pin=R2_U_Column8-2
Added Pin To Net: NetName=C8 Pin=R3_U_Column1-1
Added Pin To Net: NetName=R3_U_Column1 Pin=R3_U_Column1-2
Added Pin To Net: NetName=C7 Pin=R3_U_Column2-1
Added Pin To Net: NetName=R3_U_Column2 Pin=R3_U_Column2-2
Added Pin To Net: NetName=C6 Pin=R3_U_Column3-1
Added Pin To Net: NetName=R3_U_Column3 Pin=R3_U_Column3-2
Added Pin To Net: NetName=C5 Pin=R3_U_Column4-1
Added Pin To Net: NetName=R3_U_Column4 Pin=R3_U_Column4-2
Added Pin To Net: NetName=C4 Pin=R3_U_Column5-1
Added Pin To Net: NetName=R3_U_Column5 Pin=R3_U_Column5-2
Added Pin To Net: NetName=C3 Pin=R3_U_Column6-1
Added Pin To Net: NetName=R3_U_Column6 Pin=R3_U_Column6-2
Added Pin To Net: NetName=C2 Pin=R3_U_Column7-1
Added Pin To Net: NetName=R3_U_Column7 Pin=R3_U_Column7-2
Added Pin To Net: NetName=C1 Pin=R3_U_Column8-1
Added Pin To Net: NetName=R3_U_Column8 Pin=R3_U_Column8-2
Added Pin To Net: NetName=C8 Pin=R4_U_Column1-1
Added Pin To Net: NetName=R4_U_Column1 Pin=R4_U_Column1-2
Added Pin To Net: NetName=C7 Pin=R4_U_Column2-1
Added Pin To Net: NetName=R4_U_Column2 Pin=R4_U_Column2-2
Added Pin To Net: NetName=C6 Pin=R4_U_Column3-1
Added Pin To Net: NetName=R4_U_Column3 Pin=R4_U_Column3-2
Added Pin To Net: NetName=C5 Pin=R4_U_Column4-1
Added Pin To Net: NetName=R4_U_Column4 Pin=R4_U_Column4-2
Added Pin To Net: NetName=C4 Pin=R4_U_Column5-1
Added Pin To Net: NetName=R4_U_Column5 Pin=R4_U_Column5-2
Added Pin To Net: NetName=C3 Pin=R4_U_Column6-1
Added Pin To Net: NetName=R4_U_Column6 Pin=R4_U_Column6-2
Added Pin To Net: NetName=C2 Pin=R4_U_Column7-1
Added Pin To Net: NetName=R4_U_Column7 Pin=R4_U_Column7-2
Added Pin To Net: NetName=C1 Pin=R4_U_Column8-1
Added Pin To Net: NetName=R4_U_Column8 Pin=R4_U_Column8-2
Added Pin To Net: NetName=C8 Pin=R5_U_Column1-1
Added Pin To Net: NetName=R5_U_Column1 Pin=R5_U_Column1-2
Added Pin To Net: NetName=C7 Pin=R5_U_Column2-1
Added Pin To Net: NetName=R5_U_Column2 Pin=R5_U_Column2-2
Added Pin To Net: NetName=C6 Pin=R5_U_Column3-1
Added Pin To Net: NetName=R5_U_Column3 Pin=R5_U_Column3-2
Added Pin To Net: NetName=C5 Pin=R5_U_Column4-1
Added Pin To Net: NetName=R5_U_Column4 Pin=R5_U_Column4-2
Added Pin To Net: NetName=C4 Pin=R5_U_Column5-1
Added Pin To Net: NetName=R5_U_Column5 Pin=R5_U_Column5-2
Added Pin To Net: NetName=C3 Pin=R5_U_Column6-1
Added Pin To Net: NetName=R5_U_Column6 Pin=R5_U_Column6-2
Added Pin To Net: NetName=C2 Pin=R5_U_Column7-1
Added Pin To Net: NetName=R5_U_Column7 Pin=R5_U_Column7-2
Added Pin To Net: NetName=C1 Pin=R5_U_Column8-1
Added Pin To Net: NetName=R5_U_Column8 Pin=R5_U_Column8-2
Added Pin To Net: NetName=C8 Pin=R6_U_Column1-1
Added Pin To Net: NetName=R6_U_Column1 Pin=R6_U_Column1-2
Added Pin To Net: NetName=C7 Pin=R6_U_Column2-1
Added Pin To Net: NetName=R6_U_Column2 Pin=R6_U_Column2-2
Added Pin To Net: NetName=C6 Pin=R6_U_Column3-1
Added Pin To Net: NetName=R6_U_Column3 Pin=R6_U_Column3-2
Added Pin To Net: NetName=C5 Pin=R6_U_Column4-1
Added Pin To Net: NetName=R6_U_Column4 Pin=R6_U_Column4-2
Added Pin To Net: NetName=C4 Pin=R6_U_Column5-1
Added Pin To Net: NetName=R6_U_Column5 Pin=R6_U_Column5-2
Added Pin To Net: NetName=C3 Pin=R6_U_Column6-1
Added Pin To Net: NetName=R6_U_Column6 Pin=R6_U_Column6-2
Added Pin To Net: NetName=C2 Pin=R6_U_Column7-1
Added Pin To Net: NetName=R6_U_Column7 Pin=R6_U_Column7-2
Added Pin To Net: NetName=C1 Pin=R6_U_Column8-1
Added Pin To Net: NetName=R6_U_Column8 Pin=R6_U_Column8-2
Added Pin To Net: NetName=C8 Pin=R7_U_Column1-1
Added Pin To Net: NetName=R7_U_Column1 Pin=R7_U_Column1-2
Added Pin To Net: NetName=C7 Pin=R7_U_Column2-1
Added Pin To Net: NetName=R7_U_Column2 Pin=R7_U_Column2-2
Added Pin To Net: NetName=C6 Pin=R7_U_Column3-1
Added Pin To Net: NetName=R7_U_Column3 Pin=R7_U_Column3-2
Added Pin To Net: NetName=C5 Pin=R7_U_Column4-1
Added Pin To Net: NetName=R7_U_Column4 Pin=R7_U_Column4-2
Added Pin To Net: NetName=C4 Pin=R7_U_Column5-1
Added Pin To Net: NetName=R7_U_Column5 Pin=R7_U_Column5-2
Added Pin To Net: NetName=C3 Pin=R7_U_Column6-1
Added Pin To Net: NetName=R7_U_Column6 Pin=R7_U_Column6-2
Added Pin To Net: NetName=C2 Pin=R7_U_Column7-1
Added Pin To Net: NetName=R7_U_Column7 Pin=R7_U_Column7-2
Added Pin To Net: NetName=C1 Pin=R7_U_Column8-1
Added Pin To Net: NetName=R7_U_Column8 Pin=R7_U_Column8-2
Added Pin To Net: NetName=C8 Pin=R8_U_Column1-1
Added Pin To Net: NetName=R8_U_Column1 Pin=R8_U_Column1-2
Added Pin To Net: NetName=C7 Pin=R8_U_Column2-1
Added Pin To Net: NetName=R8_U_Column2 Pin=R8_U_Column2-2
Added Pin To Net: NetName=C6 Pin=R8_U_Column3-1
Added Pin To Net: NetName=R8_U_Column3 Pin=R8_U_Column3-2
Added Pin To Net: NetName=C5 Pin=R8_U_Column4-1
Added Pin To Net: NetName=R8_U_Column4 Pin=R8_U_Column4-2
Added Pin To Net: NetName=C4 Pin=R8_U_Column5-1
Added Pin To Net: NetName=R8_U_Column5 Pin=R8_U_Column5-2
Added Pin To Net: NetName=C3 Pin=R8_U_Column6-1
Added Pin To Net: NetName=R8_U_Column6 Pin=R8_U_Column6-2
Added Pin To Net: NetName=C2 Pin=R8_U_Column7-1
Added Pin To Net: NetName=R8_U_Column7 Pin=R8_U_Column7-2
Added Pin To Net: NetName=C1 Pin=R8_U_Column8-1
Added Pin To Net: NetName=R8_U_Column8 Pin=R8_U_Column8-2
Added Member To Class: ClassName=U_Column1 Member=Component R1_U_Column1 (R1) Res1
Added Member To Class: ClassName=U_Column2 Member=Component R1_U_Column2 (R1) Res1
Added Member To Class: ClassName=U_Column3 Member=Component R1_U_Column3 (R1) Res1
Added Member To Class: ClassName=U_Column4 Member=Component R1_U_Column4 (R1) Res1
Added Member To Class: ClassName=U_Column5 Member=Component R1_U_Column5 (R1) Res1
Added Member To Class: ClassName=U_Column6 Member=Component R1_U_Column6 (R1) Res1
Added Member To Class: ClassName=U_Column7 Member=Component R1_U_Column7 (R1) Res1
Added Member To Class: ClassName=U_Column8 Member=Component R1_U_Column8 (R1) Res1
Added Member To Class: ClassName=U_Column1 Member=Component R2_U_Column1 (R2) Res1
Added Member To Class: ClassName=U_Column2 Member=Component R2_U_Column2 (R2) Res1
Added Member To Class: ClassName=U_Column3 Member=Component R2_U_Column3 (R2) Res1
Added Member To Class: ClassName=U_Column4 Member=Component R2_U_Column4 (R2) Res1
Added Member To Class: ClassName=U_Column5 Member=Component R2_U_Column5 (R2) Res1
Added Member To Class: ClassName=U_Column6 Member=Component R2_U_Column6 (R2) Res1
Added Member To Class: ClassName=U_Column7 Member=Component R2_U_Column7 (R2) Res1
Added Member To Class: ClassName=U_Column8 Member=Component R2_U_Column8 (R2) Res1
Added Member To Class: ClassName=U_Column1 Member=Component R3_U_Column1 (R3) Res1
Added Member To Class: ClassName=U_Column2 Member=Component R3_U_Column2 (R3) Res1
Added Member To Class: ClassName=U_Column3 Member=Component R3_U_Column3 (R3) Res1
Added Member To Class: ClassName=U_Column4 Member=Component R3_U_Column4 (R3) Res1
Added Member To Class: ClassName=U_Column5 Member=Component R3_U_Column5 (R3) Res1
Added Member To Class: ClassName=U_Column6 Member=Component R3_U_Column6 (R3) Res1
Added Member To Class: ClassName=U_Column7 Member=Component R3_U_Column7 (R3) Res1
Added Member To Class: ClassName=U_Column8 Member=Component R3_U_Column8 (R3) Res1
Added Member To Class: ClassName=U_Column1 Member=Component R4_U_Column1 (R4) Res1
Added Member To Class: ClassName=U_Column2 Member=Component R4_U_Column2 (R4) Res1
Added Member To Class: ClassName=U_Column3 Member=Component R4_U_Column3 (R4) Res1
Added Member To Class: ClassName=U_Column4 Member=Component R4_U_Column4 (R4) Res1
Added Member To Class: ClassName=U_Column5 Member=Component R4_U_Column5 (R4) Res1
Added Member To Class: ClassName=U_Column6 Member=Component R4_U_Column6 (R4) Res1
Added Member To Class: ClassName=U_Column7 Member=Component R4_U_Column7 (R4) Res1
Added Member To Class: ClassName=U_Column8 Member=Component R4_U_Column8 (R4) Res1
Added Member To Class: ClassName=U_Column1 Member=Component R5_U_Column1 (R5) Res1
Added Member To Class: ClassName=U_Column2 Member=Component R5_U_Column2 (R5) Res1
Added Member To Class: ClassName=U_Column3 Member=Component R5_U_Column3 (R5) Res1
Added Member To Class: ClassName=U_Column4 Member=Component R5_U_Column4 (R5) Res1
Added Member To Class: ClassName=U_Column5 Member=Component R5_U_Column5 (R5) Res1
Added Member To Class: ClassName=U_Column6 Member=Component R5_U_Column6 (R5) Res1
Added Member To Class: ClassName=U_Column7 Member=Component R5_U_Column7 (R5) Res1
Added Member To Class: ClassName=U_Column8 Member=Component R5_U_Column8 (R5) Res1
Added Member To Class: ClassName=U_Column1 Member=Component R6_U_Column1 (R6) Res1
Added Member To Class: ClassName=U_Column2 Member=Component R6_U_Column2 (R6) Res1
Added Member To Class: ClassName=U_Column3 Member=Component R6_U_Column3 (R6) Res1
Added Member To Class: ClassName=U_Column4 Member=Component R6_U_Column4 (R6) Res1
Added Member To Class: ClassName=U_Column5 Member=Component R6_U_Column5 (R6) Res1
Added Member To Class: ClassName=U_Column6 Member=Component R6_U_Column6 (R6) Res1
Added Member To Class: ClassName=U_Column7 Member=Component R6_U_Column7 (R6) Res1
Added Member To Class: ClassName=U_Column8 Member=Component R6_U_Column8 (R6) Res1
Added Member To Class: ClassName=U_Column1 Member=Component R7_U_Column1 (R7) Res1
Added Member To Class: ClassName=U_Column2 Member=Component R7_U_Column2 (R7) Res1
Added Member To Class: ClassName=U_Column3 Member=Component R7_U_Column3 (R7) Res1
Added Member To Class: ClassName=U_Column4 Member=Component R7_U_Column4 (R7) Res1
Added Member To Class: ClassName=U_Column5 Member=Component R7_U_Column5 (R7) Res1
Added Member To Class: ClassName=U_Column6 Member=Component R7_U_Column6 (R7) Res1
Added Member To Class: ClassName=U_Column7 Member=Component R7_U_Column7 (R7) Res1
Added Member To Class: ClassName=U_Column8 Member=Component R7_U_Column8 (R7) Res1
Added Member To Class: ClassName=U_Column1 Member=Component R8_U_Column1 (R8) Res1
Added Member To Class: ClassName=U_Column2 Member=Component R8_U_Column2 (R8) Res1
Added Member To Class: ClassName=U_Column3 Member=Component R8_U_Column3 (R8) Res1
Added Member To Class: ClassName=U_Column4 Member=Component R8_U_Column4 (R8) Res1
Added Member To Class: ClassName=U_Column5 Member=Component R8_U_Column5 (R8) Res1
Added Member To Class: ClassName=U_Column6 Member=Component R8_U_Column6 (R8) Res1
Added Member To Class: ClassName=U_Column7 Member=Component R8_U_Column7 (R8) Res1
Added Member To Class: ClassName=U_Column8 Member=Component R8_U_Column8 (R8) Res1
Added Member To Class: ClassName=R[-1..8] Member=Element[1]: R
Added Member To Class: ClassName=R[-1..8] Member=Element[2]: R
Added Member To Class: ClassName=R[-1..8] Member=Element[3]: R
Added Member To Class: ClassName=R[-1..8] Member=Element[4]: R
Added Member To Class: ClassName=R[-1..8] Member=Element[5]: R
Added Member To Class: ClassName=R[-1..8] Member=Element[6]: R
Added Member To Class: ClassName=R[-1..8] Member=Element[7]: R
Added Member To Class: ClassName=R[-1..8] Member=Element[8]: R
