Removed Pin From Net: NetName=COL1 Pin=LED1-2
Removed Pin From Net: NetName=COL1 Pin=LED2-2
Removed Pin From Net: NetName=COL1 Pin=LED3-2
Removed Pin From Net: NetName=COL1 Pin=LED4-2
Removed Pin From Net: NetName=COL1 Pin=LED5-2
Removed Pin From Net: NetName=COL1 Pin=LED6-2
Removed Pin From Net: NetName=COL1 Pin=LED7-2
Removed Pin From Net: NetName=COL1 Pin=LED8-2
Removed Member From Class: ClassName=U_Column Member=LED1
Removed Member From Class: ClassName=U_Column Member=LED2
Removed Member From Class: ClassName=U_Column Member=LED3
Removed Member From Class: ClassName=U_Column Member=LED4
Removed Member From Class: ClassName=U_Column Member=LED5
Removed Member From Class: ClassName=U_Column Member=LED6
Removed Member From Class: ClassName=U_Column Member=LED7
Removed Member From Class: ClassName=U_Column Member=LED8
Added Component: Designator=LED1_U_Column1(0805_A)
Added Component: Designator=LED1_U_Column2(0805_A)
Added Component: Designator=LED1_U_Column3(0805_A)
Added Component: Designator=LED1_U_Column4(0805_A)
Added Component: Designator=LED1_U_Column5(0805_A)
Added Component: Designator=LED1_U_Column6(0805_A)
Added Component: Designator=LED1_U_Column7(0805_A)
Added Component: Designator=LED1_U_Column8(0805_A)
Added Component: Designator=LED1_U_Column9(0805_A)
Added Component: Designator=LED1_U_Column10(0805_A)
Added Component: Designator=LED1_U_Column11(0805_A)
Added Component: Designator=LED1_U_Column12(0805_A)
Added Component: Designator=LED1_U_Column13(0805_A)
Added Component: Designator=LED1_U_Column14(0805_A)
Added Component: Designator=LED1_U_Column15(0805_A)
Added Component: Designator=LED1_U_Column16(0805_A)
Added Component: Designator=LED2_U_Column1(0805_A)
Added Component: Designator=LED2_U_Column2(0805_A)
Added Component: Designator=LED2_U_Column3(0805_A)
Added Component: Designator=LED2_U_Column4(0805_A)
Added Component: Designator=LED2_U_Column5(0805_A)
Added Component: Designator=LED2_U_Column6(0805_A)
Added Component: Designator=LED2_U_Column7(0805_A)
Added Component: Designator=LED2_U_Column8(0805_A)
Added Component: Designator=LED2_U_Column9(0805_A)
Added Component: Designator=LED2_U_Column10(0805_A)
Added Component: Designator=LED2_U_Column11(0805_A)
Added Component: Designator=LED2_U_Column12(0805_A)
Added Component: Designator=LED2_U_Column13(0805_A)
Added Component: Designator=LED2_U_Column14(0805_A)
Added Component: Designator=LED2_U_Column15(0805_A)
Added Component: Designator=LED2_U_Column16(0805_A)
Added Component: Designator=LED3_U_Column1(0805_A)
Added Component: Designator=LED3_U_Column2(0805_A)
Added Component: Designator=LED3_U_Column3(0805_A)
Added Component: Designator=LED3_U_Column4(0805_A)
Added Component: Designator=LED3_U_Column5(0805_A)
Added Component: Designator=LED3_U_Column6(0805_A)
Added Component: Designator=LED3_U_Column7(0805_A)
Added Component: Designator=LED3_U_Column8(0805_A)
Added Component: Designator=LED3_U_Column9(0805_A)
Added Component: Designator=LED3_U_Column10(0805_A)
Added Component: Designator=LED3_U_Column11(0805_A)
Added Component: Designator=LED3_U_Column12(0805_A)
Added Component: Designator=LED3_U_Column13(0805_A)
Added Component: Designator=LED3_U_Column14(0805_A)
Added Component: Designator=LED3_U_Column15(0805_A)
Added Component: Designator=LED3_U_Column16(0805_A)
Added Component: Designator=LED4_U_Column1(0805_A)
Added Component: Designator=LED4_U_Column2(0805_A)
Added Component: Designator=LED4_U_Column3(0805_A)
Added Component: Designator=LED4_U_Column4(0805_A)
Added Component: Designator=LED4_U_Column5(0805_A)
Added Component: Designator=LED4_U_Column6(0805_A)
Added Component: Designator=LED4_U_Column7(0805_A)
Added Component: Designator=LED4_U_Column8(0805_A)
Added Component: Designator=LED4_U_Column9(0805_A)
Added Component: Designator=LED4_U_Column10(0805_A)
Added Component: Designator=LED4_U_Column11(0805_A)
Added Component: Designator=LED4_U_Column12(0805_A)
Added Component: Designator=LED4_U_Column13(0805_A)
Added Component: Designator=LED4_U_Column14(0805_A)
Added Component: Designator=LED4_U_Column15(0805_A)
Added Component: Designator=LED4_U_Column16(0805_A)
Added Component: Designator=LED5_U_Column1(0805_A)
Added Component: Designator=LED5_U_Column2(0805_A)
Added Component: Designator=LED5_U_Column3(0805_A)
Added Component: Designator=LED5_U_Column4(0805_A)
Added Component: Designator=LED5_U_Column5(0805_A)
Added Component: Designator=LED5_U_Column6(0805_A)
Added Component: Designator=LED5_U_Column7(0805_A)
Added Component: Designator=LED5_U_Column8(0805_A)
Added Component: Designator=LED5_U_Column9(0805_A)
Added Component: Designator=LED5_U_Column10(0805_A)
Added Component: Designator=LED5_U_Column11(0805_A)
Added Component: Designator=LED5_U_Column12(0805_A)
Added Component: Designator=LED5_U_Column13(0805_A)
Added Component: Designator=LED5_U_Column14(0805_A)
Added Component: Designator=LED5_U_Column15(0805_A)
Added Component: Designator=LED5_U_Column16(0805_A)
Added Component: Designator=LED6_U_Column1(0805_A)
Added Component: Designator=LED6_U_Column2(0805_A)
Added Component: Designator=LED6_U_Column3(0805_A)
Added Component: Designator=LED6_U_Column4(0805_A)
Added Component: Designator=LED6_U_Column5(0805_A)
Added Component: Designator=LED6_U_Column6(0805_A)
Added Component: Designator=LED6_U_Column7(0805_A)
Added Component: Designator=LED6_U_Column8(0805_A)
Added Component: Designator=LED6_U_Column9(0805_A)
Added Component: Designator=LED6_U_Column10(0805_A)
Added Component: Designator=LED6_U_Column11(0805_A)
Added Component: Designator=LED6_U_Column12(0805_A)
Added Component: Designator=LED6_U_Column13(0805_A)
Added Component: Designator=LED6_U_Column14(0805_A)
Added Component: Designator=LED6_U_Column15(0805_A)
Added Component: Designator=LED6_U_Column16(0805_A)
Added Component: Designator=LED7_U_Column1(0805_A)
Added Component: Designator=LED7_U_Column2(0805_A)
Added Component: Designator=LED7_U_Column3(0805_A)
Added Component: Designator=LED7_U_Column4(0805_A)
Added Component: Designator=LED7_U_Column5(0805_A)
Added Component: Designator=LED7_U_Column6(0805_A)
Added Component: Designator=LED7_U_Column7(0805_A)
Added Component: Designator=LED7_U_Column8(0805_A)
Added Component: Designator=LED7_U_Column9(0805_A)
Added Component: Designator=LED7_U_Column10(0805_A)
Added Component: Designator=LED7_U_Column11(0805_A)
Added Component: Designator=LED7_U_Column12(0805_A)
Added Component: Designator=LED7_U_Column13(0805_A)
Added Component: Designator=LED7_U_Column14(0805_A)
Added Component: Designator=LED7_U_Column15(0805_A)
Added Component: Designator=LED7_U_Column16(0805_A)
Added Component: Designator=LED8_U_Column1(0805_A)
Added Component: Designator=LED8_U_Column2(0805_A)
Added Component: Designator=LED8_U_Column3(0805_A)
Added Component: Designator=LED8_U_Column4(0805_A)
Added Component: Designator=LED8_U_Column5(0805_A)
Added Component: Designator=LED8_U_Column6(0805_A)
Added Component: Designator=LED8_U_Column7(0805_A)
Added Component: Designator=LED8_U_Column8(0805_A)
Added Component: Designator=LED8_U_Column9(0805_A)
Added Component: Designator=LED8_U_Column10(0805_A)
Added Component: Designator=LED8_U_Column11(0805_A)
Added Component: Designator=LED8_U_Column12(0805_A)
Added Component: Designator=LED8_U_Column13(0805_A)
Added Component: Designator=LED8_U_Column14(0805_A)
Added Component: Designator=LED8_U_Column15(0805_A)
Added Component: Designator=LED8_U_Column16(0805_A)
Added Pin To Net: NetName=COL1 Pin=LED1_U_Column1-2
Added Pin To Net: NetName=COL2 Pin=LED1_U_Column2-2
Added Pin To Net: NetName=COL3 Pin=LED1_U_Column3-2
Added Pin To Net: NetName=COL4 Pin=LED1_U_Column4-2
Added Pin To Net: NetName=COL5 Pin=LED1_U_Column5-2
Added Pin To Net: NetName=COL6 Pin=LED1_U_Column6-2
Added Pin To Net: NetName=COL7 Pin=LED1_U_Column7-2
Added Pin To Net: NetName=COL8 Pin=LED1_U_Column8-2
Added Pin To Net: NetName=COL9 Pin=LED1_U_Column9-2
Added Pin To Net: NetName=COL10 Pin=LED1_U_Column10-2
Added Pin To Net: NetName=COL11 Pin=LED1_U_Column11-2
Added Pin To Net: NetName=COL12 Pin=LED1_U_Column12-2
Added Pin To Net: NetName=COL13 Pin=LED1_U_Column13-2
Added Pin To Net: NetName=COL14 Pin=LED1_U_Column14-2
Added Pin To Net: NetName=COL15 Pin=LED1_U_Column15-2
Added Pin To Net: NetName=COL16 Pin=LED1_U_Column16-2
Added Pin To Net: NetName=COL1 Pin=LED2_U_Column1-2
Added Pin To Net: NetName=COL2 Pin=LED2_U_Column2-2
Added Pin To Net: NetName=COL3 Pin=LED2_U_Column3-2
Added Pin To Net: NetName=COL4 Pin=LED2_U_Column4-2
Added Pin To Net: NetName=COL5 Pin=LED2_U_Column5-2
Added Pin To Net: NetName=COL6 Pin=LED2_U_Column6-2
Added Pin To Net: NetName=COL7 Pin=LED2_U_Column7-2
Added Pin To Net: NetName=COL8 Pin=LED2_U_Column8-2
Added Pin To Net: NetName=COL9 Pin=LED2_U_Column9-2
Added Pin To Net: NetName=COL10 Pin=LED2_U_Column10-2
Added Pin To Net: NetName=COL11 Pin=LED2_U_Column11-2
Added Pin To Net: NetName=COL12 Pin=LED2_U_Column12-2
Added Pin To Net: NetName=COL13 Pin=LED2_U_Column13-2
Added Pin To Net: NetName=COL14 Pin=LED2_U_Column14-2
Added Pin To Net: NetName=COL15 Pin=LED2_U_Column15-2
Added Pin To Net: NetName=COL16 Pin=LED2_U_Column16-2
Added Pin To Net: NetName=COL1 Pin=LED3_U_Column1-2
Added Pin To Net: NetName=COL2 Pin=LED3_U_Column2-2
Added Pin To Net: NetName=COL3 Pin=LED3_U_Column3-2
Added Pin To Net: NetName=COL4 Pin=LED3_U_Column4-2
Added Pin To Net: NetName=COL5 Pin=LED3_U_Column5-2
Added Pin To Net: NetName=COL6 Pin=LED3_U_Column6-2
Added Pin To Net: NetName=COL7 Pin=LED3_U_Column7-2
Added Pin To Net: NetName=COL8 Pin=LED3_U_Column8-2
Added Pin To Net: NetName=COL9 Pin=LED3_U_Column9-2
Added Pin To Net: NetName=COL10 Pin=LED3_U_Column10-2
Added Pin To Net: NetName=COL11 Pin=LED3_U_Column11-2
Added Pin To Net: NetName=COL12 Pin=LED3_U_Column12-2
Added Pin To Net: NetName=COL13 Pin=LED3_U_Column13-2
Added Pin To Net: NetName=COL14 Pin=LED3_U_Column14-2
Added Pin To Net: NetName=COL15 Pin=LED3_U_Column15-2
Added Pin To Net: NetName=COL16 Pin=LED3_U_Column16-2
Added Pin To Net: NetName=COL1 Pin=LED4_U_Column1-2
Added Pin To Net: NetName=COL2 Pin=LED4_U_Column2-2
Added Pin To Net: NetName=COL3 Pin=LED4_U_Column3-2
Added Pin To Net: NetName=COL4 Pin=LED4_U_Column4-2
Added Pin To Net: NetName=COL5 Pin=LED4_U_Column5-2
Added Pin To Net: NetName=COL6 Pin=LED4_U_Column6-2
Added Pin To Net: NetName=COL7 Pin=LED4_U_Column7-2
Added Pin To Net: NetName=COL8 Pin=LED4_U_Column8-2
Added Pin To Net: NetName=COL9 Pin=LED4_U_Column9-2
Added Pin To Net: NetName=COL10 Pin=LED4_U_Column10-2
Added Pin To Net: NetName=COL11 Pin=LED4_U_Column11-2
Added Pin To Net: NetName=COL12 Pin=LED4_U_Column12-2
Added Pin To Net: NetName=COL13 Pin=LED4_U_Column13-2
Added Pin To Net: NetName=COL14 Pin=LED4_U_Column14-2
Added Pin To Net: NetName=COL15 Pin=LED4_U_Column15-2
Added Pin To Net: NetName=COL16 Pin=LED4_U_Column16-2
Added Pin To Net: NetName=COL1 Pin=LED5_U_Column1-2
Added Pin To Net: NetName=COL2 Pin=LED5_U_Column2-2
Added Pin To Net: NetName=COL3 Pin=LED5_U_Column3-2
Added Pin To Net: NetName=COL4 Pin=LED5_U_Column4-2
Added Pin To Net: NetName=COL5 Pin=LED5_U_Column5-2
Added Pin To Net: NetName=COL6 Pin=LED5_U_Column6-2
Added Pin To Net: NetName=COL7 Pin=LED5_U_Column7-2
Added Pin To Net: NetName=COL8 Pin=LED5_U_Column8-2
Added Pin To Net: NetName=COL9 Pin=LED5_U_Column9-2
Added Pin To Net: NetName=COL10 Pin=LED5_U_Column10-2
Added Pin To Net: NetName=COL11 Pin=LED5_U_Column11-2
Added Pin To Net: NetName=COL12 Pin=LED5_U_Column12-2
Added Pin To Net: NetName=COL13 Pin=LED5_U_Column13-2
Added Pin To Net: NetName=COL14 Pin=LED5_U_Column14-2
Added Pin To Net: NetName=COL15 Pin=LED5_U_Column15-2
Added Pin To Net: NetName=COL16 Pin=LED5_U_Column16-2
Added Pin To Net: NetName=COL1 Pin=LED6_U_Column1-2
Added Pin To Net: NetName=COL2 Pin=LED6_U_Column2-2
Added Pin To Net: NetName=COL3 Pin=LED6_U_Column3-2
Added Pin To Net: NetName=COL4 Pin=LED6_U_Column4-2
Added Pin To Net: NetName=COL5 Pin=LED6_U_Column5-2
Added Pin To Net: NetName=COL6 Pin=LED6_U_Column6-2
Added Pin To Net: NetName=COL7 Pin=LED6_U_Column7-2
Added Pin To Net: NetName=COL8 Pin=LED6_U_Column8-2
Added Pin To Net: NetName=COL9 Pin=LED6_U_Column9-2
Added Pin To Net: NetName=COL10 Pin=LED6_U_Column10-2
Added Pin To Net: NetName=COL11 Pin=LED6_U_Column11-2
Added Pin To Net: NetName=COL12 Pin=LED6_U_Column12-2
Added Pin To Net: NetName=COL13 Pin=LED6_U_Column13-2
Added Pin To Net: NetName=COL14 Pin=LED6_U_Column14-2
Added Pin To Net: NetName=COL15 Pin=LED6_U_Column15-2
Added Pin To Net: NetName=COL16 Pin=LED6_U_Column16-2
Added Pin To Net: NetName=COL1 Pin=LED7_U_Column1-2
Added Pin To Net: NetName=COL2 Pin=LED7_U_Column2-2
Added Pin To Net: NetName=COL3 Pin=LED7_U_Column3-2
Added Pin To Net: NetName=COL4 Pin=LED7_U_Column4-2
Added Pin To Net: NetName=COL5 Pin=LED7_U_Column5-2
Added Pin To Net: NetName=COL6 Pin=LED7_U_Column6-2
Added Pin To Net: NetName=COL7 Pin=LED7_U_Column7-2
Added Pin To Net: NetName=COL8 Pin=LED7_U_Column8-2
Added Pin To Net: NetName=COL9 Pin=LED7_U_Column9-2
Added Pin To Net: NetName=COL10 Pin=LED7_U_Column10-2
Added Pin To Net: NetName=COL11 Pin=LED7_U_Column11-2
Added Pin To Net: NetName=COL12 Pin=LED7_U_Column12-2
Added Pin To Net: NetName=COL13 Pin=LED7_U_Column13-2
Added Pin To Net: NetName=COL14 Pin=LED7_U_Column14-2
Added Pin To Net: NetName=COL15 Pin=LED7_U_Column15-2
Added Pin To Net: NetName=COL16 Pin=LED7_U_Column16-2
Added Pin To Net: NetName=COL1 Pin=LED8_U_Column1-2
Added Pin To Net: NetName=COL2 Pin=LED8_U_Column2-2
Added Pin To Net: NetName=COL3 Pin=LED8_U_Column3-2
Added Pin To Net: NetName=COL4 Pin=LED8_U_Column4-2
Added Pin To Net: NetName=COL5 Pin=LED8_U_Column5-2
Added Pin To Net: NetName=COL6 Pin=LED8_U_Column6-2
Added Pin To Net: NetName=COL7 Pin=LED8_U_Column7-2
Added Pin To Net: NetName=COL8 Pin=LED8_U_Column8-2
Added Pin To Net: NetName=COL9 Pin=LED8_U_Column9-2
Added Pin To Net: NetName=COL10 Pin=LED8_U_Column10-2
Added Pin To Net: NetName=COL11 Pin=LED8_U_Column11-2
Added Pin To Net: NetName=COL12 Pin=LED8_U_Column12-2
Added Pin To Net: NetName=COL13 Pin=LED8_U_Column13-2
Added Pin To Net: NetName=COL14 Pin=LED8_U_Column14-2
Added Pin To Net: NetName=COL15 Pin=LED8_U_Column15-2
Added Pin To Net: NetName=COL16 Pin=LED8_U_Column16-2
Added Pin To Net: NetName=R1_U_Column1 Pin=LED1_U_Column1-1
Added Net: Name=R1_U_Column1
Added Pin To Net: NetName=R1_U_Column2 Pin=LED1_U_Column2-1
Added Net: Name=R1_U_Column2
Added Pin To Net: NetName=R1_U_Column3 Pin=LED1_U_Column3-1
Added Net: Name=R1_U_Column3
Added Pin To Net: NetName=R1_U_Column4 Pin=LED1_U_Column4-1
Added Net: Name=R1_U_Column4
Added Pin To Net: NetName=R1_U_Column5 Pin=LED1_U_Column5-1
Added Net: Name=R1_U_Column5
Added Pin To Net: NetName=R1_U_Column6 Pin=LED1_U_Column6-1
Added Net: Name=R1_U_Column6
Added Pin To Net: NetName=R1_U_Column7 Pin=LED1_U_Column7-1
Added Net: Name=R1_U_Column7
Added Pin To Net: NetName=R1_U_Column8 Pin=LED1_U_Column8-1
Added Net: Name=R1_U_Column8
Added Pin To Net: NetName=R1_U_Column9 Pin=LED1_U_Column9-1
Added Net: Name=R1_U_Column9
Added Pin To Net: NetName=R1_U_Column10 Pin=LED1_U_Column10-1
Added Net: Name=R1_U_Column10
Added Pin To Net: NetName=R1_U_Column11 Pin=LED1_U_Column11-1
Added Net: Name=R1_U_Column11
Added Pin To Net: NetName=R1_U_Column12 Pin=LED1_U_Column12-1
Added Net: Name=R1_U_Column12
Added Pin To Net: NetName=R1_U_Column13 Pin=LED1_U_Column13-1
Added Net: Name=R1_U_Column13
Added Pin To Net: NetName=R1_U_Column14 Pin=LED1_U_Column14-1
Added Net: Name=R1_U_Column14
Added Pin To Net: NetName=R1_U_Column15 Pin=LED1_U_Column15-1
Added Net: Name=R1_U_Column15
Added Pin To Net: NetName=R1_U_Column16 Pin=LED1_U_Column16-1
Added Net: Name=R1_U_Column16
Added Pin To Net: NetName=R2_U_Column1 Pin=LED2_U_Column1-1
Added Net: Name=R2_U_Column1
Added Pin To Net: NetName=R2_U_Column2 Pin=LED2_U_Column2-1
Added Net: Name=R2_U_Column2
Added Pin To Net: NetName=R2_U_Column3 Pin=LED2_U_Column3-1
Added Net: Name=R2_U_Column3
Added Pin To Net: NetName=R2_U_Column4 Pin=LED2_U_Column4-1
Added Net: Name=R2_U_Column4
Added Pin To Net: NetName=R2_U_Column5 Pin=LED2_U_Column5-1
Added Net: Name=R2_U_Column5
Added Pin To Net: NetName=R2_U_Column6 Pin=LED2_U_Column6-1
Added Net: Name=R2_U_Column6
Added Pin To Net: NetName=R2_U_Column7 Pin=LED2_U_Column7-1
Added Net: Name=R2_U_Column7
Added Pin To Net: NetName=R2_U_Column8 Pin=LED2_U_Column8-1
Added Net: Name=R2_U_Column8
Added Pin To Net: NetName=R2_U_Column9 Pin=LED2_U_Column9-1
Added Net: Name=R2_U_Column9
Added Pin To Net: NetName=R2_U_Column10 Pin=LED2_U_Column10-1
Added Net: Name=R2_U_Column10
Added Pin To Net: NetName=R2_U_Column11 Pin=LED2_U_Column11-1
Added Net: Name=R2_U_Column11
Added Pin To Net: NetName=R2_U_Column12 Pin=LED2_U_Column12-1
Added Net: Name=R2_U_Column12
Added Pin To Net: NetName=R2_U_Column13 Pin=LED2_U_Column13-1
Added Net: Name=R2_U_Column13
Added Pin To Net: NetName=R2_U_Column14 Pin=LED2_U_Column14-1
Added Net: Name=R2_U_Column14
Added Pin To Net: NetName=R2_U_Column15 Pin=LED2_U_Column15-1
Added Net: Name=R2_U_Column15
Added Pin To Net: NetName=R2_U_Column16 Pin=LED2_U_Column16-1
Added Net: Name=R2_U_Column16
Added Pin To Net: NetName=R3_U_Column1 Pin=LED3_U_Column1-1
Added Net: Name=R3_U_Column1
Added Pin To Net: NetName=R3_U_Column2 Pin=LED3_U_Column2-1
Added Net: Name=R3_U_Column2
Added Pin To Net: NetName=R3_U_Column3 Pin=LED3_U_Column3-1
Added Net: Name=R3_U_Column3
Added Pin To Net: NetName=R3_U_Column4 Pin=LED3_U_Column4-1
Added Net: Name=R3_U_Column4
Added Pin To Net: NetName=R3_U_Column5 Pin=LED3_U_Column5-1
Added Net: Name=R3_U_Column5
Added Pin To Net: NetName=R3_U_Column6 Pin=LED3_U_Column6-1
Added Net: Name=R3_U_Column6
Added Pin To Net: NetName=R3_U_Column7 Pin=LED3_U_Column7-1
Added Net: Name=R3_U_Column7
Added Pin To Net: NetName=R3_U_Column8 Pin=LED3_U_Column8-1
Added Net: Name=R3_U_Column8
Added Pin To Net: NetName=R3_U_Column9 Pin=LED3_U_Column9-1
Added Net: Name=R3_U_Column9
Added Pin To Net: NetName=R3_U_Column10 Pin=LED3_U_Column10-1
Added Net: Name=R3_U_Column10
Added Pin To Net: NetName=R3_U_Column11 Pin=LED3_U_Column11-1
Added Net: Name=R3_U_Column11
Added Pin To Net: NetName=R3_U_Column12 Pin=LED3_U_Column12-1
Added Net: Name=R3_U_Column12
Added Pin To Net: NetName=R3_U_Column13 Pin=LED3_U_Column13-1
Added Net: Name=R3_U_Column13
Added Pin To Net: NetName=R3_U_Column14 Pin=LED3_U_Column14-1
Added Net: Name=R3_U_Column14
Added Pin To Net: NetName=R3_U_Column15 Pin=LED3_U_Column15-1
Added Net: Name=R3_U_Column15
Added Pin To Net: NetName=R3_U_Column16 Pin=LED3_U_Column16-1
Added Net: Name=R3_U_Column16
Added Pin To Net: NetName=R4_U_Column1 Pin=LED4_U_Column1-1
Added Net: Name=R4_U_Column1
Added Pin To Net: NetName=R4_U_Column2 Pin=LED4_U_Column2-1
Added Net: Name=R4_U_Column2
Added Pin To Net: NetName=R4_U_Column3 Pin=LED4_U_Column3-1
Added Net: Name=R4_U_Column3
Added Pin To Net: NetName=R4_U_Column4 Pin=LED4_U_Column4-1
Added Net: Name=R4_U_Column4
Added Pin To Net: NetName=R4_U_Column5 Pin=LED4_U_Column5-1
Added Net: Name=R4_U_Column5
Added Pin To Net: NetName=R4_U_Column6 Pin=LED4_U_Column6-1
Added Net: Name=R4_U_Column6
Added Pin To Net: NetName=R4_U_Column7 Pin=LED4_U_Column7-1
Added Net: Name=R4_U_Column7
Added Pin To Net: NetName=R4_U_Column8 Pin=LED4_U_Column8-1
Added Net: Name=R4_U_Column8
Added Pin To Net: NetName=R4_U_Column9 Pin=LED4_U_Column9-1
Added Net: Name=R4_U_Column9
Added Pin To Net: NetName=R4_U_Column10 Pin=LED4_U_Column10-1
Added Net: Name=R4_U_Column10
Added Pin To Net: NetName=R4_U_Column11 Pin=LED4_U_Column11-1
Added Net: Name=R4_U_Column11
Added Pin To Net: NetName=R4_U_Column12 Pin=LED4_U_Column12-1
Added Net: Name=R4_U_Column12
Added Pin To Net: NetName=R4_U_Column13 Pin=LED4_U_Column13-1
Added Net: Name=R4_U_Column13
Added Pin To Net: NetName=R4_U_Column14 Pin=LED4_U_Column14-1
Added Net: Name=R4_U_Column14
Added Pin To Net: NetName=R4_U_Column15 Pin=LED4_U_Column15-1
Added Net: Name=R4_U_Column15
Added Pin To Net: NetName=R4_U_Column16 Pin=LED4_U_Column16-1
Added Net: Name=R4_U_Column16
Added Pin To Net: NetName=R5_U_Column1 Pin=LED5_U_Column1-1
Added Net: Name=R5_U_Column1
Added Pin To Net: NetName=R5_U_Column2 Pin=LED5_U_Column2-1
Added Net: Name=R5_U_Column2
Added Pin To Net: NetName=R5_U_Column3 Pin=LED5_U_Column3-1
Added Net: Name=R5_U_Column3
Added Pin To Net: NetName=R5_U_Column4 Pin=LED5_U_Column4-1
Added Net: Name=R5_U_Column4
Added Pin To Net: NetName=R5_U_Column5 Pin=LED5_U_Column5-1
Added Net: Name=R5_U_Column5
Added Pin To Net: NetName=R5_U_Column6 Pin=LED5_U_Column6-1
Added Net: Name=R5_U_Column6
Added Pin To Net: NetName=R5_U_Column7 Pin=LED5_U_Column7-1
Added Net: Name=R5_U_Column7
Added Pin To Net: NetName=R5_U_Column8 Pin=LED5_U_Column8-1
Added Net: Name=R5_U_Column8
Added Pin To Net: NetName=R5_U_Column9 Pin=LED5_U_Column9-1
Added Net: Name=R5_U_Column9
Added Pin To Net: NetName=R5_U_Column10 Pin=LED5_U_Column10-1
Added Net: Name=R5_U_Column10
Added Pin To Net: NetName=R5_U_Column11 Pin=LED5_U_Column11-1
Added Net: Name=R5_U_Column11
Added Pin To Net: NetName=R5_U_Column12 Pin=LED5_U_Column12-1
Added Net: Name=R5_U_Column12
Added Pin To Net: NetName=R5_U_Column13 Pin=LED5_U_Column13-1
Added Net: Name=R5_U_Column13
Added Pin To Net: NetName=R5_U_Column14 Pin=LED5_U_Column14-1
Added Net: Name=R5_U_Column14
Added Pin To Net: NetName=R5_U_Column15 Pin=LED5_U_Column15-1
Added Net: Name=R5_U_Column15
Added Pin To Net: NetName=R5_U_Column16 Pin=LED5_U_Column16-1
Added Net: Name=R5_U_Column16
Added Pin To Net: NetName=R6_U_Column1 Pin=LED6_U_Column1-1
Added Net: Name=R6_U_Column1
Added Pin To Net: NetName=R6_U_Column2 Pin=LED6_U_Column2-1
Added Net: Name=R6_U_Column2
Added Pin To Net: NetName=R6_U_Column3 Pin=LED6_U_Column3-1
Added Net: Name=R6_U_Column3
Added Pin To Net: NetName=R6_U_Column4 Pin=LED6_U_Column4-1
Added Net: Name=R6_U_Column4
Added Pin To Net: NetName=R6_U_Column5 Pin=LED6_U_Column5-1
Added Net: Name=R6_U_Column5
Added Pin To Net: NetName=R6_U_Column6 Pin=LED6_U_Column6-1
Added Net: Name=R6_U_Column6
Added Pin To Net: NetName=R6_U_Column7 Pin=LED6_U_Column7-1
Added Net: Name=R6_U_Column7
Added Pin To Net: NetName=R6_U_Column8 Pin=LED6_U_Column8-1
Added Net: Name=R6_U_Column8
Added Pin To Net: NetName=R6_U_Column9 Pin=LED6_U_Column9-1
Added Net: Name=R6_U_Column9
Added Pin To Net: NetName=R6_U_Column10 Pin=LED6_U_Column10-1
Added Net: Name=R6_U_Column10
Added Pin To Net: NetName=R6_U_Column11 Pin=LED6_U_Column11-1
Added Net: Name=R6_U_Column11
Added Pin To Net: NetName=R6_U_Column12 Pin=LED6_U_Column12-1
Added Net: Name=R6_U_Column12
Added Pin To Net: NetName=R6_U_Column13 Pin=LED6_U_Column13-1
Added Net: Name=R6_U_Column13
Added Pin To Net: NetName=R6_U_Column14 Pin=LED6_U_Column14-1
Added Net: Name=R6_U_Column14
Added Pin To Net: NetName=R6_U_Column15 Pin=LED6_U_Column15-1
Added Net: Name=R6_U_Column15
Added Pin To Net: NetName=R6_U_Column16 Pin=LED6_U_Column16-1
Added Net: Name=R6_U_Column16
Added Pin To Net: NetName=R7_U_Column1 Pin=LED7_U_Column1-1
Added Net: Name=R7_U_Column1
Added Pin To Net: NetName=R7_U_Column2 Pin=LED7_U_Column2-1
Added Net: Name=R7_U_Column2
Added Pin To Net: NetName=R7_U_Column3 Pin=LED7_U_Column3-1
Added Net: Name=R7_U_Column3
Added Pin To Net: NetName=R7_U_Column4 Pin=LED7_U_Column4-1
Added Net: Name=R7_U_Column4
Added Pin To Net: NetName=R7_U_Column5 Pin=LED7_U_Column5-1
Added Net: Name=R7_U_Column5
Added Pin To Net: NetName=R7_U_Column6 Pin=LED7_U_Column6-1
Added Net: Name=R7_U_Column6
Added Pin To Net: NetName=R7_U_Column7 Pin=LED7_U_Column7-1
Added Net: Name=R7_U_Column7
Added Pin To Net: NetName=R7_U_Column8 Pin=LED7_U_Column8-1
Added Net: Name=R7_U_Column8
Added Pin To Net: NetName=R7_U_Column9 Pin=LED7_U_Column9-1
Added Net: Name=R7_U_Column9
Added Pin To Net: NetName=R7_U_Column10 Pin=LED7_U_Column10-1
Added Net: Name=R7_U_Column10
Added Pin To Net: NetName=R7_U_Column11 Pin=LED7_U_Column11-1
Added Net: Name=R7_U_Column11
Added Pin To Net: NetName=R7_U_Column12 Pin=LED7_U_Column12-1
Added Net: Name=R7_U_Column12
Added Pin To Net: NetName=R7_U_Column13 Pin=LED7_U_Column13-1
Added Net: Name=R7_U_Column13
Added Pin To Net: NetName=R7_U_Column14 Pin=LED7_U_Column14-1
Added Net: Name=R7_U_Column14
Added Pin To Net: NetName=R7_U_Column15 Pin=LED7_U_Column15-1
Added Net: Name=R7_U_Column15
Added Pin To Net: NetName=R7_U_Column16 Pin=LED7_U_Column16-1
Added Net: Name=R7_U_Column16
Added Pin To Net: NetName=R8_U_Column1 Pin=LED8_U_Column1-1
Added Net: Name=R8_U_Column1
Added Pin To Net: NetName=R8_U_Column2 Pin=LED8_U_Column2-1
Added Net: Name=R8_U_Column2
Added Pin To Net: NetName=R8_U_Column3 Pin=LED8_U_Column3-1
Added Net: Name=R8_U_Column3
Added Pin To Net: NetName=R8_U_Column4 Pin=LED8_U_Column4-1
Added Net: Name=R8_U_Column4
Added Pin To Net: NetName=R8_U_Column5 Pin=LED8_U_Column5-1
Added Net: Name=R8_U_Column5
Added Pin To Net: NetName=R8_U_Column6 Pin=LED8_U_Column6-1
Added Net: Name=R8_U_Column6
Added Pin To Net: NetName=R8_U_Column7 Pin=LED8_U_Column7-1
Added Net: Name=R8_U_Column7
Added Pin To Net: NetName=R8_U_Column8 Pin=LED8_U_Column8-1
Added Net: Name=R8_U_Column8
Added Pin To Net: NetName=R8_U_Column9 Pin=LED8_U_Column9-1
Added Net: Name=R8_U_Column9
Added Pin To Net: NetName=R8_U_Column10 Pin=LED8_U_Column10-1
Added Net: Name=R8_U_Column10
Added Pin To Net: NetName=R8_U_Column11 Pin=LED8_U_Column11-1
Added Net: Name=R8_U_Column11
Added Pin To Net: NetName=R8_U_Column12 Pin=LED8_U_Column12-1
Added Net: Name=R8_U_Column12
Added Pin To Net: NetName=R8_U_Column13 Pin=LED8_U_Column13-1
Added Net: Name=R8_U_Column13
Added Pin To Net: NetName=R8_U_Column14 Pin=LED8_U_Column14-1
Added Net: Name=R8_U_Column14
Added Pin To Net: NetName=R8_U_Column15 Pin=LED8_U_Column15-1
Added Net: Name=R8_U_Column15
Added Pin To Net: NetName=R8_U_Column16 Pin=LED8_U_Column16-1
Added Net: Name=R8_U_Column16
Change Class Name : Old Net Name=U_Column New Net Name=U_Column1
Added Class: Name=U_Column2
Added Class: Name=U_Column3
Added Class: Name=U_Column4
Added Class: Name=U_Column5
Added Class: Name=U_Column6
Added Class: Name=U_Column7
Added Class: Name=U_Column8
Added Class: Name=U_Column9
Added Class: Name=U_Column10
Added Class: Name=U_Column11
Added Class: Name=U_Column12
Added Class: Name=U_Column13
Added Class: Name=U_Column14
Added Class: Name=U_Column15
Added Class: Name=U_Column16
Added Class: Name=Column
Added Member To Class: ClassName=U_Matrix_Controller Member=Component DEC Decoder
Added Member To Class: ClassName=U_Column1 Member=Component LED1_U_Column1 (LED1) Red
Added Member To Class: ClassName=U_Column1 Member=Component LED2_U_Column1 (LED2) Red
Added Member To Class: ClassName=U_Column1 Member=Component LED3_U_Column1 (LED3) Red
Added Member To Class: ClassName=U_Column1 Member=Component LED4_U_Column1 (LED4) Red
Added Member To Class: ClassName=U_Column1 Member=Component LED5_U_Column1 (LED5) Red
Added Member To Class: ClassName=U_Column1 Member=Component LED6_U_Column1 (LED6) Red
Added Member To Class: ClassName=U_Column1 Member=Component LED7_U_Column1 (LED7) Red
Added Member To Class: ClassName=U_Column1 Member=Component LED8_U_Column1 (LED8) Red
Added Member To Class: ClassName=U_Matrix_Controller Member=Component R1 Rowresistor
Added Member To Class: ClassName=U_Matrix_Controller Member=Component R2 Rowresistor
Added Member To Class: ClassName=U_Matrix_Controller Member=Component Shift1 HD74HC595FP
Added Member To Class: ClassName=U_Matrix_Controller Member=Component Shift2 HD74HC595FP
Added Member To Class: ClassName=U_Matrix_Controller Member=Component TRAN Darlington NPN
Added Member To Class: ClassName=A[1..3] Member=Element[1]: A
Added Member To Class: ClassName=A[1..3] Member=Element[2]: A
Added Member To Class: ClassName=A[1..3] Member=Element[3]: A
Added Member To Class: ClassName=COL[1..16] Member=Element[1]: C_U_Column1
Added Member To Class: ClassName=COL[1..16] Member=Element[2]: C_U_Column2
Added Member To Class: ClassName=COL[1..16] Member=Element[3]: C_U_Column3
Added Member To Class: ClassName=COL[1..16] Member=Element[4]: C_U_Column4
Added Member To Class: ClassName=COL[1..16] Member=Element[5]: C_U_Column5
Added Member To Class: ClassName=COL[1..16] Member=Element[6]: C_U_Column6
Added Member To Class: ClassName=COL[1..16] Member=Element[7]: C_U_Column7
Added Member To Class: ClassName=COL[1..16] Member=Element[8]: C_U_Column8
Added Member To Class: ClassName=COL[1..16] Member=Element[9]: C_U_Column9
Added Member To Class: ClassName=COL[1..16] Member=Element[10]: C_U_Column10
Added Member To Class: ClassName=COL[1..16] Member=Element[11]: C_U_Column11
Added Member To Class: ClassName=COL[1..16] Member=Element[12]: C_U_Column12
Added Member To Class: ClassName=COL[1..16] Member=Element[13]: C_U_Column13
Added Member To Class: ClassName=COL[1..16] Member=Element[14]: C_U_Column14
Added Member To Class: ClassName=COL[1..16] Member=Element[15]: C_U_Column15
Added Member To Class: ClassName=COL[1..16] Member=Element[16]: C_U_Column16
Added Room: Name=U_Column1
Added Room: Name=U_Column2
Added Room: Name=U_Column3
Added Room: Name=U_Column4
Added Room: Name=U_Column5
Added Room: Name=U_Column6
Added Room: Name=U_Column7
Added Room: Name=U_Column8
Added Room: Name=U_Column9
Added Room: Name=U_Column10
Added Room: Name=U_Column11
Added Room: Name=U_Column12
Added Room: Name=U_Column13
Added Room: Name=U_Column14
Added Room: Name=U_Column15
Added Room: Name=U_Column16
