Added Component: Designator=R1_U_Column1(AXIAL-0.3)
Added Component: Designator=R1_U_Column2(AXIAL-0.3)
Added Component: Designator=R1_U_Column3(AXIAL-0.3)
Added Component: Designator=R1_U_Column4(AXIAL-0.3)
Added Component: Designator=R1_U_Column5(AXIAL-0.3)
Added Component: Designator=R1_U_Column6(AXIAL-0.3)
Added Component: Designator=R1_U_Column7(AXIAL-0.3)
Added Component: Designator=R1_U_Column8(AXIAL-0.3)
Added Component: Designator=R2_U_Column1(AXIAL-0.3)
Added Component: Designator=R2_U_Column2(AXIAL-0.3)
Added Component: Designator=R2_U_Column3(AXIAL-0.3)
Added Component: Designator=R2_U_Column4(AXIAL-0.3)
Added Component: Designator=R2_U_Column5(AXIAL-0.3)
Added Component: Designator=R2_U_Column6(AXIAL-0.3)
Added Component: Designator=R2_U_Column7(AXIAL-0.3)
Added Component: Designator=R2_U_Column8(AXIAL-0.3)
Added Component: Designator=R3_U_Column1(AXIAL-0.3)
Added Component: Designator=R3_U_Column2(AXIAL-0.3)
Added Component: Designator=R3_U_Column3(AXIAL-0.3)
Added Component: Designator=R3_U_Column4(AXIAL-0.3)
Added Component: Designator=R3_U_Column5(AXIAL-0.3)
Added Component: Designator=R3_U_Column6(AXIAL-0.3)
Added Component: Designator=R3_U_Column7(AXIAL-0.3)
Added Component: Designator=R3_U_Column8(AXIAL-0.3)
Added Component: Designator=R4_U_Column1(AXIAL-0.3)
Added Component: Designator=R4_U_Column2(AXIAL-0.3)
Added Component: Designator=R4_U_Column3(AXIAL-0.3)
Added Component: Designator=R4_U_Column4(AXIAL-0.3)
Added Component: Designator=R4_U_Column5(AXIAL-0.3)
Added Component: Designator=R4_U_Column6(AXIAL-0.3)
Added Component: Designator=R4_U_Column7(AXIAL-0.3)
Added Component: Designator=R4_U_Column8(AXIAL-0.3)
Added Component: Designator=R5_U_Column1(AXIAL-0.3)
Added Component: Designator=R5_U_Column2(AXIAL-0.3)
Added Component: Designator=R5_U_Column3(AXIAL-0.3)
Added Component: Designator=R5_U_Column4(AXIAL-0.3)
Added Component: Designator=R5_U_Column5(AXIAL-0.3)
Added Component: Designator=R5_U_Column6(AXIAL-0.3)
Added Component: Designator=R5_U_Column7(AXIAL-0.3)
Added Component: Designator=R5_U_Column8(AXIAL-0.3)
Added Component: Designator=R6_U_Column1(AXIAL-0.3)
Added Component: Designator=R6_U_Column2(AXIAL-0.3)
Added Component: Designator=R6_U_Column3(AXIAL-0.3)
Added Component: Designator=R6_U_Column4(AXIAL-0.3)
Added Component: Designator=R6_U_Column5(AXIAL-0.3)
Added Component: Designator=R6_U_Column6(AXIAL-0.3)
Added Component: Designator=R6_U_Column7(AXIAL-0.3)
Added Component: Designator=R6_U_Column8(AXIAL-0.3)
Added Component: Designator=R7_U_Column1(AXIAL-0.3)
Added Component: Designator=R7_U_Column2(AXIAL-0.3)
Added Component: Designator=R7_U_Column3(AXIAL-0.3)
Added Component: Designator=R7_U_Column4(AXIAL-0.3)
Added Component: Designator=R7_U_Column5(AXIAL-0.3)
Added Component: Designator=R7_U_Column6(AXIAL-0.3)
Added Component: Designator=R7_U_Column7(AXIAL-0.3)
Added Component: Designator=R7_U_Column8(AXIAL-0.3)
Added Component: Designator=R8_U_Column1(AXIAL-0.3)
Added Component: Designator=R8_U_Column2(AXIAL-0.3)
Added Component: Designator=R8_U_Column3(AXIAL-0.3)
Added Component: Designator=R8_U_Column4(AXIAL-0.3)
Added Component: Designator=R8_U_Column5(AXIAL-0.3)
Added Component: Designator=R8_U_Column6(AXIAL-0.3)
Added Component: Designator=R8_U_Column7(AXIAL-0.3)
Added Component: Designator=R8_U_Column8(AXIAL-0.3)
Added Pin To Net: NetName=C8 Pin=R1_U_Column1-1
Added Pin To Net: NetName=R1_U_Column1 Pin=R1_U_Column1-2
Added Pin To Net: NetName=C7 Pin=R1_U_Column2-1
Added Pin To Net: NetName=R1_U_Column2 Pin=R1_U_Column2-2
Added Pin To Net: NetName=C6 Pin=R1_U_Column3-1
Added Pin To Net: NetName=R1_U_Column3 Pin=R1_U_Column3-2
Added Pin To Net: NetName=C5 Pin=R1_U_Column4-1
Added Pin To Net: NetName=R1_U_Column4 Pin=R1_U_Column4-2
Added Pin To Net: NetName=C4 Pin=R1_U_Column5-1
Added Pin To Net: NetName=R1_U_Column5 Pin=R1_U_Column5-2
Added Pin To Net: NetName=C3 Pin=R1_U_Column6-1
Added Pin To Net: NetName=R1_U_Column6 Pin=R1_U_Column6-2
Added Pin To Net: NetName=C2 Pin=R1_U_Column7-1
Added Pin To Net: NetName=R1_U_Column7 Pin=R1_U_Column7-2
Added Pin To Net: NetName=C1 Pin=R1_U_Column8-1
Added Pin To Net: NetName=R1_U_Column8 Pin=R1_U_Column8-2
Added Pin To Net: NetName=C8 Pin=R2_U_Column1-1
Added Pin To Net: NetName=R2_U_Column1 Pin=R2_U_Column1-2
Added Pin To Net: NetName=C7 Pin=R2_U_Column2-1
Added Pin To Net: NetName=R2_U_Column2 Pin=R2_U_Column2-2
Added Pin To Net: NetName=C6 Pin=R2_U_Column3-1
Added Pin To Net: NetName=R2_U_Column3 Pin=R2_U_Column3-2
Added Pin To Net: NetName=C5 Pin=R2_U_Column4-1
Added Pin To Net: NetName=R2_U_Column4 Pin=R2_U_Column4-2
Added Pin To Net: NetName=C4 Pin=R2_U_Column5-1
Added Pin To Net: NetName=R2_U_Column5 Pin=R2_U_Column5-2
Added Pin To Net: NetName=C3 Pin=R2_U_Column6-1
Added Pin To Net: NetName=R2_U_Column6 Pin=R2_U_Column6-2
Added Pin To Net: NetName=C2 Pin=R2_U_Column7-1
Added Pin To Net: NetName=R2_U_Column7 Pin=R2_U_Column7-2
Added Pin To Net: NetName=C1 Pin=R2_U_Column8-1
Added Pin To Net: NetName=R2_U_Column8 Pin=R2_U_Column8-2
Added Pin To Net: NetName=C8 Pin=R3_U_Column1-1
Added Pin To Net: NetName=R3_U_Column1 Pin=R3_U_Column1-2
Added Pin To Net: NetName=C7 Pin=R3_U_Column2-1
Added Pin To Net: NetName=R3_U_Column2 Pin=R3_U_Column2-2
Added Pin To Net: NetName=C6 Pin=R3_U_Column3-1
Added Pin To Net: NetName=R3_U_Column3 Pin=R3_U_Column3-2
Added Pin To Net: NetName=C5 Pin=R3_U_Column4-1
Added Pin To Net: NetName=R3_U_Column4 Pin=R3_U_Column4-2
Added Pin To Net: NetName=C4 Pin=R3_U_Column5-1
Added Pin To Net: NetName=R3_U_Column5 Pin=R3_U_Column5-2
Added Pin To Net: NetName=C3 Pin=R3_U_Column6-1
Added Pin To Net: NetName=R3_U_Column6 Pin=R3_U_Column6-2
Added Pin To Net: NetName=C2 Pin=R3_U_Column7-1
Added Pin To Net: NetName=R3_U_Column7 Pin=R3_U_Column7-2
Added Pin To Net: NetName=C1 Pin=R3_U_Column8-1
Added Pin To Net: NetName=R3_U_Column8 Pin=R3_U_Column8-2
Added Pin To Net: NetName=C8 Pin=R4_U_Column1-1
Added Pin To Net: NetName=R4_U_Column1 Pin=R4_U_Column1-2
Added Pin To Net: NetName=C7 Pin=R4_U_Column2-1
Added Pin To Net: NetName=R4_U_Column2 Pin=R4_U_Column2-2
Added Pin To Net: NetName=C6 Pin=R4_U_Column3-1
Added Pin To Net: NetName=R4_U_Column3 Pin=R4_U_Column3-2
Added Pin To Net: NetName=C5 Pin=R4_U_Column4-1
Added Pin To Net: NetName=R4_U_Column4 Pin=R4_U_Column4-2
Added Pin To Net: NetName=C4 Pin=R4_U_Column5-1
Added Pin To Net: NetName=R4_U_Column5 Pin=R4_U_Column5-2
Added Pin To Net: NetName=C3 Pin=R4_U_Column6-1
Added Pin To Net: NetName=R4_U_Column6 Pin=R4_U_Column6-2
Added Pin To Net: NetName=C2 Pin=R4_U_Column7-1
Added Pin To Net: NetName=R4_U_Column7 Pin=R4_U_Column7-2
Added Pin To Net: NetName=C1 Pin=R4_U_Column8-1
Added Pin To Net: NetName=R4_U_Column8 Pin=R4_U_Column8-2
Added Pin To Net: NetName=C8 Pin=R5_U_Column1-1
Added Pin To Net: NetName=R5_U_Column1 Pin=R5_U_Column1-2
Added Pin To Net: NetName=C7 Pin=R5_U_Column2-1
Added Pin To Net: NetName=R5_U_Column2 Pin=R5_U_Column2-2
Added Pin To Net: NetName=C6 Pin=R5_U_Column3-1
Added Pin To Net: NetName=R5_U_Column3 Pin=R5_U_Column3-2
Added Pin To Net: NetName=C5 Pin=R5_U_Column4-1
Added Pin To Net: NetName=R5_U_Column4 Pin=R5_U_Column4-2
Added Pin To Net: NetName=C4 Pin=R5_U_Column5-1
Added Pin To Net: NetName=R5_U_Column5 Pin=R5_U_Column5-2
Added Pin To Net: NetName=C3 Pin=R5_U_Column6-1
Added Pin To Net: NetName=R5_U_Column6 Pin=R5_U_Column6-2
Added Pin To Net: NetName=C2 Pin=R5_U_Column7-1
Added Pin To Net: NetName=R5_U_Column7 Pin=R5_U_Column7-2
Added Pin To Net: NetName=C1 Pin=R5_U_Column8-1
Added Pin To Net: NetName=R5_U_Column8 Pin=R5_U_Column8-2
Added Pin To Net: NetName=C8 Pin=R6_U_Column1-1
Added Pin To Net: NetName=R6_U_Column1 Pin=R6_U_Column1-2
Added Pin To Net: NetName=C7 Pin=R6_U_Column2-1
Added Pin To Net: NetName=R6_U_Column2 Pin=R6_U_Column2-2
Added Pin To Net: NetName=C6 Pin=R6_U_Column3-1
Added Pin To Net: NetName=R6_U_Column3 Pin=R6_U_Column3-2
Added Pin To Net: NetName=C5 Pin=R6_U_Column4-1
Added Pin To Net: NetName=R6_U_Column4 Pin=R6_U_Column4-2
Added Pin To Net: NetName=C4 Pin=R6_U_Column5-1
Added Pin To Net: NetName=R6_U_Column5 Pin=R6_U_Column5-2
Added Pin To Net: NetName=C3 Pin=R6_U_Column6-1
Added Pin To Net: NetName=R6_U_Column6 Pin=R6_U_Column6-2
Added Pin To Net: NetName=C2 Pin=R6_U_Column7-1
Added Pin To Net: NetName=R6_U_Column7 Pin=R6_U_Column7-2
Added Pin To Net: NetName=C1 Pin=R6_U_Column8-1
Added Pin To Net: NetName=R6_U_Column8 Pin=R6_U_Column8-2
Added Pin To Net: NetName=C8 Pin=R7_U_Column1-1
Added Pin To Net: NetName=R7_U_Column1 Pin=R7_U_Column1-2
Added Pin To Net: NetName=C7 Pin=R7_U_Column2-1
Added Pin To Net: NetName=R7_U_Column2 Pin=R7_U_Column2-2
Added Pin To Net: NetName=C6 Pin=R7_U_Column3-1
Added Pin To Net: NetName=R7_U_Column3 Pin=R7_U_Column3-2
Added Pin To Net: NetName=C5 Pin=R7_U_Column4-1
Added Pin To Net: NetName=R7_U_Column4 Pin=R7_U_Column4-2
Added Pin To Net: NetName=C4 Pin=R7_U_Column5-1
Added Pin To Net: NetName=R7_U_Column5 Pin=R7_U_Column5-2
Added Pin To Net: NetName=C3 Pin=R7_U_Column6-1
Added Pin To Net: NetName=R7_U_Column6 Pin=R7_U_Column6-2
Added Pin To Net: NetName=C2 Pin=R7_U_Column7-1
Added Pin To Net: NetName=R7_U_Column7 Pin=R7_U_Column7-2
Added Pin To Net: NetName=C1 Pin=R7_U_Column8-1
Added Pin To Net: NetName=R7_U_Column8 Pin=R7_U_Column8-2
Added Pin To Net: NetName=C8 Pin=R8_U_Column1-1
Added Pin To Net: NetName=R8_U_Column1 Pin=R8_U_Column1-2
Added Pin To Net: NetName=C7 Pin=R8_U_Column2-1
Added Pin To Net: NetName=R8_U_Column2 Pin=R8_U_Column2-2
Added Pin To Net: NetName=C6 Pin=R8_U_Column3-1
Added Pin To Net: NetName=R8_U_Column3 Pin=R8_U_Column3-2
Added Pin To Net: NetName=C5 Pin=R8_U_Column4-1
Added Pin To Net: NetName=R8_U_Column4 Pin=R8_U_Column4-2
Added Pin To Net: NetName=C4 Pin=R8_U_Column5-1
Added Pin To Net: NetName=R8_U_Column5 Pin=R8_U_Column5-2
Added Pin To Net: NetName=C3 Pin=R8_U_Column6-1
Added Pin To Net: NetName=R8_U_Column6 Pin=R8_U_Column6-2
Added Pin To Net: NetName=C2 Pin=R8_U_Column7-1
Added Pin To Net: NetName=R8_U_Column7 Pin=R8_U_Column7-2
Added Pin To Net: NetName=C1 Pin=R8_U_Column8-1
Added Pin To Net: NetName=R8_U_Column8 Pin=R8_U_Column8-2
Change Class Name : Old Net Name=C[1..16] New Net Name=C[1..8]
Added Member To Class: ClassName=U_Column1 Member=Component R1_U_Column1 (R1) Res1
Added Member To Class: ClassName=U_Column2 Member=Component R1_U_Column2 (R1) Res1
Added Member To Class: ClassName=U_Column3 Member=Component R1_U_Column3 (R1) Res1
Added Member To Class: ClassName=U_Column4 Member=Component R1_U_Column4 (R1) Res1
Added Member To Class: ClassName=U_Column5 Member=Component R1_U_Column5 (R1) Res1
Added Member To Class: ClassName=U_Column6 Member=Component R1_U_Column6 (R1) Res1
Added Member To Class: ClassName=U_Column7 Member=Component R1_U_Column7 (R1) Res1
Added Member To Class: ClassName=U_Column8 Member=Component R1_U_Column8 (R1) Res1
Added Member To Class: ClassName=U_Column1 Member=Component R2_U_Column1 (R2) Res1
Added Member To Class: ClassName=U_Column2 Member=Component R2_U_Column2 (R2) Res1
Added Member To Class: ClassName=U_Column3 Member=Component R2_U_Column3 (R2) Res1
Added Member To Class: ClassName=U_Column4 Member=Component R2_U_Column4 (R2) Res1
Added Member To Class: ClassName=U_Column5 Member=Component R2_U_Column5 (R2) Res1
Added Member To Class: ClassName=U_Column6 Member=Component R2_U_Column6 (R2) Res1
Added Member To Class: ClassName=U_Column7 Member=Component R2_U_Column7 (R2) Res1
Added Member To Class: ClassName=U_Column8 Member=Component R2_U_Column8 (R2) Res1
Added Member To Class: ClassName=U_Column1 Member=Component R3_U_Column1 (R3) Res1
Added Member To Class: ClassName=U_Column2 Member=Component R3_U_Column2 (R3) Res1
Added Member To Class: ClassName=U_Column3 Member=Component R3_U_Column3 (R3) Res1
Added Member To Class: ClassName=U_Column4 Member=Component R3_U_Column4 (R3) Res1
Added Member To Class: ClassName=U_Column5 Member=Component R3_U_Column5 (R3) Res1
Added Member To Class: ClassName=U_Column6 Member=Component R3_U_Column6 (R3) Res1
Added Member To Class: ClassName=U_Column7 Member=Component R3_U_Column7 (R3) Res1
Added Member To Class: ClassName=U_Column8 Member=Component R3_U_Column8 (R3) Res1
Added Member To Class: ClassName=U_Column1 Member=Component R4_U_Column1 (R4) Res1
Added Member To Class: ClassName=U_Column2 Member=Component R4_U_Column2 (R4) Res1
Added Member To Class: ClassName=U_Column3 Member=Component R4_U_Column3 (R4) Res1
Added Member To Class: ClassName=U_Column4 Member=Component R4_U_Column4 (R4) Res1
Added Member To Class: ClassName=U_Column5 Member=Component R4_U_Column5 (R4) Res1
Added Member To Class: ClassName=U_Column6 Member=Component R4_U_Column6 (R4) Res1
Added Member To Class: ClassName=U_Column7 Member=Component R4_U_Column7 (R4) Res1
Added Member To Class: ClassName=U_Column8 Member=Component R4_U_Column8 (R4) Res1
Added Member To Class: ClassName=U_Column1 Member=Component R5_U_Column1 (R5) Res1
Added Member To Class: ClassName=U_Column2 Member=Component R5_U_Column2 (R5) Res1
Added Member To Class: ClassName=U_Column3 Member=Component R5_U_Column3 (R5) Res1
Added Member To Class: ClassName=U_Column4 Member=Component R5_U_Column4 (R5) Res1
Added Member To Class: ClassName=U_Column5 Member=Component R5_U_Column5 (R5) Res1
Added Member To Class: ClassName=U_Column6 Member=Component R5_U_Column6 (R5) Res1
Added Member To Class: ClassName=U_Column7 Member=Component R5_U_Column7 (R5) Res1
Added Member To Class: ClassName=U_Column8 Member=Component R5_U_Column8 (R5) Res1
Added Member To Class: ClassName=U_Column1 Member=Component R6_U_Column1 (R6) Res1
Added Member To Class: ClassName=U_Column2 Member=Component R6_U_Column2 (R6) Res1
Added Member To Class: ClassName=U_Column3 Member=Component R6_U_Column3 (R6) Res1
Added Member To Class: ClassName=U_Column4 Member=Component R6_U_Column4 (R6) Res1
Added Member To Class: ClassName=U_Column5 Member=Component R6_U_Column5 (R6) Res1
Added Member To Class: ClassName=U_Column6 Member=Component R6_U_Column6 (R6) Res1
Added Member To Class: ClassName=U_Column7 Member=Component R6_U_Column7 (R6) Res1
Added Member To Class: ClassName=U_Column8 Member=Component R6_U_Column8 (R6) Res1
Added Member To Class: ClassName=U_Column1 Member=Component R7_U_Column1 (R7) Res1
Added Member To Class: ClassName=U_Column2 Member=Component R7_U_Column2 (R7) Res1
Added Member To Class: ClassName=U_Column3 Member=Component R7_U_Column3 (R7) Res1
Added Member To Class: ClassName=U_Column4 Member=Component R7_U_Column4 (R7) Res1
Added Member To Class: ClassName=U_Column5 Member=Component R7_U_Column5 (R7) Res1
Added Member To Class: ClassName=U_Column6 Member=Component R7_U_Column6 (R7) Res1
Added Member To Class: ClassName=U_Column7 Member=Component R7_U_Column7 (R7) Res1
Added Member To Class: ClassName=U_Column8 Member=Component R7_U_Column8 (R7) Res1
Added Member To Class: ClassName=U_Column1 Member=Component R8_U_Column1 (R8) Res1
Added Member To Class: ClassName=U_Column2 Member=Component R8_U_Column2 (R8) Res1
Added Member To Class: ClassName=U_Column3 Member=Component R8_U_Column3 (R8) Res1
Added Member To Class: ClassName=U_Column4 Member=Component R8_U_Column4 (R8) Res1
Added Member To Class: ClassName=U_Column5 Member=Component R8_U_Column5 (R8) Res1
Added Member To Class: ClassName=U_Column6 Member=Component R8_U_Column6 (R8) Res1
Added Member To Class: ClassName=U_Column7 Member=Component R8_U_Column7 (R8) Res1
Added Member To Class: ClassName=U_Column8 Member=Component R8_U_Column8 (R8) Res1
Added Room: Name=U_Column1
Added Room: Name=U_Column2
Added Room: Name=U_Column3
Added Room: Name=U_Column4
Added Room: Name=U_Column5
Added Room: Name=U_Column6
Added Room: Name=U_Column7
Added Room: Name=U_Column8
