Removed Pin From Net: NetName=3.3V Pin=R1-1
Removed Member From Class: ClassName=U_Processor Member=R1
Change Component DesignItemId : Designator=R1 Old DesignItemId=Res1 New DesignItemId=Rowres
Change Component Footprint: Designator=R1 Old Footprint=6-0805_M New Footprint=Rowres
Change Component Comment : Designator=R1 Old Comment=Res1 New Comment=Rowresistor
Added Component: Designator=R_RST(6-0805_M)
Added Pin To Net: NetName=NetR1_0 Pin=R1-0
Added Pin To Net: NetName=NetR1_3 Pin=R1-3
Added Pin To Net: NetName=NetR1_4 Pin=R1-4
Added Pin To Net: NetName=NetR1_5 Pin=R1-5
Added Pin To Net: NetName=NetR1_6 Pin=R1-6
Added Pin To Net: NetName=NetR1_7 Pin=R1-7
Added Pin To Net: NetName=C1 Pin=R1-8
Added Pin To Net: NetName=C2 Pin=R1-9
Added Pin To Net: NetName=C3 Pin=R1-10
Added Pin To Net: NetName=C4 Pin=R1-11
Added Pin To Net: NetName=C5 Pin=R1-12
Added Pin To Net: NetName=C6 Pin=R1-13
Added Pin To Net: NetName=C7 Pin=R1-14
Added Pin To Net: NetName=C8 Pin=R1-15
Added Pin To Net: NetName=3.3V Pin=R_RST-1
Added Pin To Net: NetName=NetR_RST_2 Pin=R_RST-2
Added Pin To Net: NetName=NetR_RST_2 Pin=U2-35
Added Net: Name=NetR_RST_2
Added Member To Class: ClassName=U_Processor Member=Component R_RST Res1
