Added Component: Designator=DEC(PRSP0016DH-B_N)
Added Component: Designator=R1(Rowres)
Added Component: Designator=R2(Rowres)
Added Component: Designator=Shift1(PRSP0016DH-B_N)
Added Component: Designator=Shift2(PRSP0016DH-B_N)
Added Component: Designator=TRAN(LW18_N)
Added Net: Name=R1_U_Col1
Added Net: Name=R1_U_Col2
Added Net: Name=R1_U_Col3
Added Net: Name=R1_U_Col4
Added Net: Name=R1_U_Col5
Added Net: Name=R1_U_Col6
Added Net: Name=R1_U_Col7
Added Net: Name=R1_U_Col8
Added Net: Name=R1_U_Col9
Added Net: Name=R1_U_Col10
Added Net: Name=R1_U_Col11
Added Net: Name=R1_U_Col12
Added Net: Name=R1_U_Col13
Added Net: Name=R1_U_Col14
Added Net: Name=R1_U_Col15
Added Net: Name=R1_U_Col16
Added Net: Name=R2_U_Col1
Added Net: Name=R2_U_Col2
Added Net: Name=R2_U_Col3
Added Net: Name=R2_U_Col4
Added Net: Name=R2_U_Col5
Added Net: Name=R2_U_Col6
Added Net: Name=R2_U_Col7
Added Net: Name=R2_U_Col8
Added Net: Name=R2_U_Col9
Added Net: Name=R2_U_Col10
Added Net: Name=R2_U_Col11
Added Net: Name=R2_U_Col12
Added Net: Name=R2_U_Col13
Added Net: Name=R2_U_Col14
Added Net: Name=R2_U_Col15
Added Net: Name=R2_U_Col16
Added Net: Name=R3_U_Col1
Added Net: Name=R3_U_Col2
Added Net: Name=R3_U_Col3
Added Net: Name=R3_U_Col4
Added Net: Name=R3_U_Col5
Added Net: Name=R3_U_Col6
Added Net: Name=R3_U_Col7
Added Net: Name=R3_U_Col8
Added Net: Name=R3_U_Col9
Added Net: Name=R3_U_Col10
Added Net: Name=R3_U_Col11
Added Net: Name=R3_U_Col12
Added Net: Name=R3_U_Col13
Added Net: Name=R3_U_Col14
Added Net: Name=R3_U_Col15
Added Net: Name=R3_U_Col16
Added Net: Name=R4_U_Col1
Added Net: Name=R4_U_Col2
Added Net: Name=R4_U_Col3
Added Net: Name=R4_U_Col4
Added Net: Name=R4_U_Col5
Added Net: Name=R4_U_Col6
Added Net: Name=R4_U_Col7
Added Net: Name=R4_U_Col8
Added Net: Name=R4_U_Col9
Added Net: Name=R4_U_Col10
Added Net: Name=R4_U_Col11
Added Net: Name=R4_U_Col12
Added Net: Name=R4_U_Col13
Added Net: Name=R4_U_Col14
Added Net: Name=R4_U_Col15
Added Net: Name=R4_U_Col16
Added Net: Name=R5_U_Col1
Added Net: Name=R5_U_Col2
Added Net: Name=R5_U_Col3
Added Net: Name=R5_U_Col4
Added Net: Name=R5_U_Col5
Added Net: Name=R5_U_Col6
Added Net: Name=R5_U_Col7
Added Net: Name=R5_U_Col8
Added Net: Name=R5_U_Col9
Added Net: Name=R5_U_Col10
Added Net: Name=R5_U_Col11
Added Net: Name=R5_U_Col12
Added Net: Name=R5_U_Col13
Added Net: Name=R5_U_Col14
Added Net: Name=R5_U_Col15
Added Net: Name=R5_U_Col16
Added Net: Name=R6_U_Col1
Added Net: Name=R6_U_Col2
Added Net: Name=R6_U_Col3
Added Net: Name=R6_U_Col4
Added Net: Name=R6_U_Col5
Added Net: Name=R6_U_Col6
Added Net: Name=R6_U_Col7
Added Net: Name=R6_U_Col8
Added Net: Name=R6_U_Col9
Added Net: Name=R6_U_Col10
Added Net: Name=R6_U_Col11
Added Net: Name=R6_U_Col12
Added Net: Name=R6_U_Col13
Added Net: Name=R6_U_Col14
Added Net: Name=R6_U_Col15
Added Net: Name=R6_U_Col16
Added Net: Name=R7_U_Col1
Added Net: Name=R7_U_Col2
Added Net: Name=R7_U_Col3
Added Net: Name=R7_U_Col4
Added Net: Name=R7_U_Col5
Added Net: Name=R7_U_Col6
Added Net: Name=R7_U_Col7
Added Net: Name=R7_U_Col8
Added Net: Name=R7_U_Col9
Added Net: Name=R7_U_Col10
Added Net: Name=R7_U_Col11
Added Net: Name=R7_U_Col12
Added Net: Name=R7_U_Col13
Added Net: Name=R7_U_Col14
Added Net: Name=R7_U_Col15
Added Net: Name=R7_U_Col16
Added Net: Name=R8_U_Col1
Added Net: Name=R8_U_Col2
Added Net: Name=R8_U_Col3
Added Net: Name=R8_U_Col4
Added Net: Name=R8_U_Col5
Added Net: Name=R8_U_Col6
Added Net: Name=R8_U_Col7
Added Net: Name=R8_U_Col8
Added Net: Name=R8_U_Col9
Added Net: Name=R8_U_Col10
Added Net: Name=R8_U_Col11
Added Net: Name=R8_U_Col12
Added Net: Name=R8_U_Col13
Added Net: Name=R8_U_Col14
Added Net: Name=R8_U_Col15
Added Net: Name=R8_U_Col16
Added Class: Name=U_Col1
Added Class: Name=U_Col2
Added Class: Name=U_Col3
Added Class: Name=U_Col4
Added Class: Name=U_Col5
Added Class: Name=U_Col6
Added Class: Name=U_Col7
Added Class: Name=U_Col8
Added Class: Name=U_Col9
Added Class: Name=U_Col10
Added Class: Name=U_Col11
Added Class: Name=U_Col12
Added Class: Name=U_Col13
Added Class: Name=U_Col14
Added Class: Name=U_Col15
Added Class: Name=U_Col16
Added Class: Name=Column
Added Room: Name=U_Col1
Added Room: Name=U_Col2
Added Room: Name=U_Col3
Added Room: Name=U_Col4
Added Room: Name=U_Col5
Added Room: Name=U_Col6
Added Room: Name=U_Col7
Added Room: Name=U_Col8
Added Room: Name=U_Col9
Added Room: Name=U_Col10
Added Room: Name=U_Col11
Added Room: Name=U_Col12
Added Room: Name=U_Col13
Added Room: Name=U_Col14
Added Room: Name=U_Col15
Added Room: Name=U_Col16
Added Room: Name=U_Matrix_Controller
