Removed Pin From Net: NetName=NetEye_L_4 Pin=R3-2
Removed Pin From Net: NetName=NetEye_L_3 Pin=R3-3
Removed Pin From Net: NetName=NetEye_L_2 Pin=R3-4
Removed Pin From Net: NetName=NetEye_R_4 Pin=R3-5
Removed Pin From Net: NetName=NetEye_R_3 Pin=R3-6
Removed Pin From Net: NetName=NetEye_R_2 Pin=R3-7
Removed Pin From Net: NetName=LEFT3 Pin=R3-10
Removed Pin From Net: NetName=LEFT2 Pin=R3-11
Removed Pin From Net: NetName=LEFT1 Pin=R3-12
Removed Pin From Net: NetName=RIGHT3 Pin=R3-13
Removed Pin From Net: NetName=RIGHT2 Pin=R3-14
Removed Pin From Net: NetName=RIGHT1 Pin=R3-15
Added Pin To Net: NetName=NetEye_L_4 Pin=R3-1
Added Pin To Net: NetName=NetEye_L_3 Pin=R3-2
Added Pin To Net: NetName=NetEye_L_2 Pin=R3-3
Added Pin To Net: NetName=NetEye_R_4 Pin=R3-4
Added Pin To Net: NetName=NetEye_R_3 Pin=R3-5
Added Pin To Net: NetName=NetEye_R_2 Pin=R3-6
Added Pin To Net: NetName=LEFT3 Pin=R3-9
Added Pin To Net: NetName=LEFT2 Pin=R3-10
Added Pin To Net: NetName=LEFT1 Pin=R3-11
Added Pin To Net: NetName=RIGHT3 Pin=R3-12
Added Pin To Net: NetName=RIGHT2 Pin=R3-13
Added Pin To Net: NetName=RIGHT1 Pin=R3-14
