Removed Pin From Net: NetName=ROW1 Pin=LED1_Column1-1
Removed Pin From Net: NetName=ROW1 Pin=LED1_Column2-1
Removed Pin From Net: NetName=ROW1 Pin=LED1_Column3-1
Removed Pin From Net: NetName=ROW1 Pin=LED1_Column4-1
Removed Pin From Net: NetName=ROW1 Pin=LED1_Column5-1
Removed Pin From Net: NetName=ROW1 Pin=LED1_Column6-1
Removed Pin From Net: NetName=ROW1 Pin=LED1_Column7-1
Removed Pin From Net: NetName=ROW1 Pin=LED1_Column8-1
Removed Pin From Net: NetName=ROW1 Pin=LED1_Column9-1
Removed Pin From Net: NetName=ROW1 Pin=LED1_Column10-1
Removed Pin From Net: NetName=ROW1 Pin=LED1_Column11-1
Removed Pin From Net: NetName=ROW1 Pin=LED1_Column12-1
Removed Pin From Net: NetName=ROW1 Pin=LED1_Column13-1
Removed Pin From Net: NetName=ROW1 Pin=LED1_Column14-1
Removed Pin From Net: NetName=ROW1 Pin=LED1_Column15-1
Removed Pin From Net: NetName=ROW1 Pin=LED1_Column16-1
Removed Pin From Net: NetName=ROW2 Pin=LED2_Column1-1
Removed Pin From Net: NetName=ROW2 Pin=LED2_Column2-1
Removed Pin From Net: NetName=ROW2 Pin=LED2_Column3-1
Removed Pin From Net: NetName=ROW2 Pin=LED2_Column4-1
Removed Pin From Net: NetName=ROW2 Pin=LED2_Column5-1
Removed Pin From Net: NetName=ROW2 Pin=LED2_Column6-1
Removed Pin From Net: NetName=ROW2 Pin=LED2_Column7-1
Removed Pin From Net: NetName=ROW2 Pin=LED2_Column8-1
Removed Pin From Net: NetName=ROW2 Pin=LED2_Column9-1
Removed Pin From Net: NetName=ROW2 Pin=LED2_Column10-1
Removed Pin From Net: NetName=ROW2 Pin=LED2_Column11-1
Removed Pin From Net: NetName=ROW2 Pin=LED2_Column12-1
Removed Pin From Net: NetName=ROW2 Pin=LED2_Column13-1
Removed Pin From Net: NetName=ROW2 Pin=LED2_Column14-1
Removed Pin From Net: NetName=ROW2 Pin=LED2_Column15-1
Removed Pin From Net: NetName=ROW2 Pin=LED2_Column16-1
Removed Pin From Net: NetName=ROW3 Pin=LED3_Column1-1
Removed Pin From Net: NetName=ROW3 Pin=LED3_Column2-1
Removed Pin From Net: NetName=ROW3 Pin=LED3_Column3-1
Removed Pin From Net: NetName=ROW3 Pin=LED3_Column4-1
Removed Pin From Net: NetName=ROW3 Pin=LED3_Column5-1
Removed Pin From Net: NetName=ROW3 Pin=LED3_Column6-1
Removed Pin From Net: NetName=ROW3 Pin=LED3_Column7-1
Removed Pin From Net: NetName=ROW3 Pin=LED3_Column8-1
Removed Pin From Net: NetName=ROW3 Pin=LED3_Column9-1
Removed Pin From Net: NetName=ROW3 Pin=LED3_Column10-1
Removed Pin From Net: NetName=ROW3 Pin=LED3_Column11-1
Removed Pin From Net: NetName=ROW3 Pin=LED3_Column12-1
Removed Pin From Net: NetName=ROW3 Pin=LED3_Column13-1
Removed Pin From Net: NetName=ROW3 Pin=LED3_Column14-1
Removed Pin From Net: NetName=ROW3 Pin=LED3_Column15-1
Removed Pin From Net: NetName=ROW3 Pin=LED3_Column16-1
Removed Pin From Net: NetName=ROW4 Pin=LED4_Column1-1
Removed Pin From Net: NetName=ROW4 Pin=LED4_Column2-1
Removed Pin From Net: NetName=ROW4 Pin=LED4_Column3-1
Removed Pin From Net: NetName=ROW4 Pin=LED4_Column4-1
Removed Pin From Net: NetName=ROW4 Pin=LED4_Column5-1
Removed Pin From Net: NetName=ROW4 Pin=LED4_Column6-1
Removed Pin From Net: NetName=ROW4 Pin=LED4_Column7-1
Removed Pin From Net: NetName=ROW4 Pin=LED4_Column8-1
Removed Pin From Net: NetName=ROW4 Pin=LED4_Column9-1
Removed Pin From Net: NetName=ROW4 Pin=LED4_Column10-1
Removed Pin From Net: NetName=ROW4 Pin=LED4_Column11-1
Removed Pin From Net: NetName=ROW4 Pin=LED4_Column12-1
Removed Pin From Net: NetName=ROW4 Pin=LED4_Column13-1
Removed Pin From Net: NetName=ROW4 Pin=LED4_Column14-1
Removed Pin From Net: NetName=ROW4 Pin=LED4_Column15-1
Removed Pin From Net: NetName=ROW4 Pin=LED4_Column16-1
Removed Pin From Net: NetName=ROW5 Pin=LED5_Column1-1
Removed Pin From Net: NetName=ROW5 Pin=LED5_Column2-1
Removed Pin From Net: NetName=ROW5 Pin=LED5_Column3-1
Removed Pin From Net: NetName=ROW5 Pin=LED5_Column4-1
Removed Pin From Net: NetName=ROW5 Pin=LED5_Column5-1
Removed Pin From Net: NetName=ROW5 Pin=LED5_Column6-1
Removed Pin From Net: NetName=ROW5 Pin=LED5_Column7-1
Removed Pin From Net: NetName=ROW5 Pin=LED5_Column8-1
Removed Pin From Net: NetName=ROW5 Pin=LED5_Column9-1
Removed Pin From Net: NetName=ROW5 Pin=LED5_Column10-1
Removed Pin From Net: NetName=ROW5 Pin=LED5_Column11-1
Removed Pin From Net: NetName=ROW5 Pin=LED5_Column12-1
Removed Pin From Net: NetName=ROW5 Pin=LED5_Column13-1
Removed Pin From Net: NetName=ROW5 Pin=LED5_Column14-1
Removed Pin From Net: NetName=ROW5 Pin=LED5_Column15-1
Removed Pin From Net: NetName=ROW5 Pin=LED5_Column16-1
Removed Pin From Net: NetName=ROW6 Pin=LED6_Column1-1
Removed Pin From Net: NetName=ROW6 Pin=LED6_Column2-1
Removed Pin From Net: NetName=ROW6 Pin=LED6_Column3-1
Removed Pin From Net: NetName=ROW6 Pin=LED6_Column4-1
Removed Pin From Net: NetName=ROW6 Pin=LED6_Column5-1
Removed Pin From Net: NetName=ROW6 Pin=LED6_Column6-1
Removed Pin From Net: NetName=ROW6 Pin=LED6_Column7-1
Removed Pin From Net: NetName=ROW6 Pin=LED6_Column8-1
Removed Pin From Net: NetName=ROW6 Pin=LED6_Column9-1
Removed Pin From Net: NetName=ROW6 Pin=LED6_Column10-1
Removed Pin From Net: NetName=ROW6 Pin=LED6_Column11-1
Removed Pin From Net: NetName=ROW6 Pin=LED6_Column12-1
Removed Pin From Net: NetName=ROW6 Pin=LED6_Column13-1
Removed Pin From Net: NetName=ROW6 Pin=LED6_Column14-1
Removed Pin From Net: NetName=ROW6 Pin=LED6_Column15-1
Removed Pin From Net: NetName=ROW6 Pin=LED6_Column16-1
Removed Pin From Net: NetName=ROW7 Pin=LED7_Column1-1
Removed Pin From Net: NetName=ROW7 Pin=LED7_Column2-1
Removed Pin From Net: NetName=ROW7 Pin=LED7_Column3-1
Removed Pin From Net: NetName=ROW7 Pin=LED7_Column4-1
Removed Pin From Net: NetName=ROW7 Pin=LED7_Column5-1
Removed Pin From Net: NetName=ROW7 Pin=LED7_Column6-1
Removed Pin From Net: NetName=ROW7 Pin=LED7_Column7-1
Removed Pin From Net: NetName=ROW7 Pin=LED7_Column8-1
Removed Pin From Net: NetName=ROW7 Pin=LED7_Column9-1
Removed Pin From Net: NetName=ROW7 Pin=LED7_Column10-1
Removed Pin From Net: NetName=ROW7 Pin=LED7_Column11-1
Removed Pin From Net: NetName=ROW7 Pin=LED7_Column12-1
Removed Pin From Net: NetName=ROW7 Pin=LED7_Column13-1
Removed Pin From Net: NetName=ROW7 Pin=LED7_Column14-1
Removed Pin From Net: NetName=ROW7 Pin=LED7_Column15-1
Removed Pin From Net: NetName=ROW7 Pin=LED7_Column16-1
Removed Pin From Net: NetName=ROW8 Pin=LED8_Column1-1
Removed Pin From Net: NetName=ROW8 Pin=LED8_Column2-1
Removed Pin From Net: NetName=ROW8 Pin=LED8_Column3-1
Removed Pin From Net: NetName=ROW8 Pin=LED8_Column4-1
Removed Pin From Net: NetName=ROW8 Pin=LED8_Column5-1
Removed Pin From Net: NetName=ROW8 Pin=LED8_Column6-1
Removed Pin From Net: NetName=ROW8 Pin=LED8_Column7-1
Removed Pin From Net: NetName=ROW8 Pin=LED8_Column8-1
Removed Pin From Net: NetName=ROW8 Pin=LED8_Column9-1
Removed Pin From Net: NetName=ROW8 Pin=LED8_Column10-1
Removed Pin From Net: NetName=ROW8 Pin=LED8_Column11-1
Removed Pin From Net: NetName=ROW8 Pin=LED8_Column12-1
Removed Pin From Net: NetName=ROW8 Pin=LED8_Column13-1
Removed Pin From Net: NetName=ROW8 Pin=LED8_Column14-1
Removed Pin From Net: NetName=ROW8 Pin=LED8_Column15-1
Removed Pin From Net: NetName=ROW8 Pin=LED8_Column16-1
Added Component: Designator=LED1(0805_A)
Added Component: Designator=LED2(0805_A)
Added Component: Designator=LED3(0805_A)
Added Component: Designator=LED4(0805_A)
Added Component: Designator=LED5(0805_A)
Added Component: Designator=LED6(0805_A)
Added Component: Designator=LED7(0805_A)
Added Component: Designator=LED8(0805_A)
Added Pin To Net: NetName=ROW1 Pin=LED1-1
Added Pin To Net: NetName=ROW2 Pin=LED2-1
Added Pin To Net: NetName=ROW3 Pin=LED3-1
Added Pin To Net: NetName=ROW4 Pin=LED4-1
Added Pin To Net: NetName=ROW5 Pin=LED5-1
Added Pin To Net: NetName=ROW6 Pin=LED6-1
Added Pin To Net: NetName=ROW7 Pin=LED7-1
Added Pin To Net: NetName=ROW8 Pin=LED8-1
Added Pin To Net: NetName=NetLED1_2 Pin=LED1-2
Added Pin To Net: NetName=NetLED1_2 Pin=LED2-2
Added Pin To Net: NetName=NetLED1_2 Pin=LED3-2
Added Pin To Net: NetName=NetLED1_2 Pin=LED4-2
Added Pin To Net: NetName=NetLED1_2 Pin=LED5-2
Added Pin To Net: NetName=NetLED1_2 Pin=LED6-2
Added Pin To Net: NetName=NetLED1_2 Pin=LED7-2
Added Pin To Net: NetName=NetLED1_2 Pin=LED8-2
Added Net: Name=NetLED1_2
Added Class: Name=Column
Change Room Name: Old Name=Column12 New Name=Column
Change Room Scope: Old Scope=InComponentClass('Column12') New Scope=InComponentClass('Column')
