Removed Pin From Net: NetName=ROW0_Col1 Pin=LED1_Col1-2
Removed Pin From Net: NetName=ROW1_Col1 Pin=LED9_Col1-2
Removed Pin From Net: NetName=ROW2_Col1 Pin=LED17_Col1-2
Removed Pin From Net: NetName=ROW3_Col1 Pin=LED25_Col1-2
Removed Pin From Net: NetName=ROW5_Col1 Pin=LED41_Col1-2
Removed Pin From Net: NetName=ROW5_Col9 Pin=LED41_Col9-2
Removed Pin From Net: NetName=ROW6_Col1 Pin=LED49_Col1-2
Removed Pin From Net: NetName=ROW7_Col1 Pin=LED57_Col1-2
Change Component Designator: OldDesignator=LED1_Col1 NewDesignator=LED1_Col9
Change Component Designator: OldDesignator=LED9_Col1 NewDesignator=LED9_Col9
Change Component Designator: OldDesignator=LED17_Col1 NewDesignator=LED17_Col9
Change Component Designator: OldDesignator=LED25_Col1 NewDesignator=LED25_Col9
Change Component Designator: OldDesignator=LED41_Col1 NewDesignator=LED41_Col9
Change Component Designator: OldDesignator=LED41_Col9 NewDesignator=LED41_Col1
Change Component Designator: OldDesignator=LED49_Col1 NewDesignator=LED49_Col9
Change Component Designator: OldDesignator=LED57_Col1 NewDesignator=LED57_Col9
Added Component: Designator=LED1_Col1(0805_A)
Added Component: Designator=LED1_Col3(0805_A)
Added Component: Designator=LED1_Col4(0805_A)
Added Component: Designator=LED1_Col5(0805_A)
Added Component: Designator=LED1_Col6(0805_A)
Added Component: Designator=LED1_Col7(0805_A)
Added Component: Designator=LED1_Col8(0805_A)
Added Component: Designator=LED9_Col1(0805_A)
Added Component: Designator=LED9_Col3(0805_A)
Added Component: Designator=LED9_Col4(0805_A)
Added Component: Designator=LED9_Col5(0805_A)
Added Component: Designator=LED9_Col6(0805_A)
Added Component: Designator=LED9_Col7(0805_A)
Added Component: Designator=LED9_Col8(0805_A)
Added Component: Designator=LED17_Col1(0805_A)
Added Component: Designator=LED17_Col3(0805_A)
Added Component: Designator=LED17_Col4(0805_A)
Added Component: Designator=LED17_Col5(0805_A)
Added Component: Designator=LED17_Col6(0805_A)
Added Component: Designator=LED17_Col7(0805_A)
Added Component: Designator=LED17_Col8(0805_A)
Added Component: Designator=LED25_Col1(0805_A)
Added Component: Designator=LED25_Col3(0805_A)
Added Component: Designator=LED25_Col4(0805_A)
Added Component: Designator=LED25_Col5(0805_A)
Added Component: Designator=LED25_Col6(0805_A)
Added Component: Designator=LED25_Col7(0805_A)
Added Component: Designator=LED25_Col8(0805_A)
Added Component: Designator=LED33_Col1(0805_A)
Added Component: Designator=LED33_Col3(0805_A)
Added Component: Designator=LED33_Col4(0805_A)
Added Component: Designator=LED33_Col5(0805_A)
Added Component: Designator=LED33_Col6(0805_A)
Added Component: Designator=LED33_Col7(0805_A)
Added Component: Designator=LED33_Col8(0805_A)
Added Component: Designator=LED33_Col9(0805_A)
Added Component: Designator=LED41_Col3(0805_A)
Added Component: Designator=LED41_Col4(0805_A)
Added Component: Designator=LED41_Col5(0805_A)
Added Component: Designator=LED41_Col6(0805_A)
Added Component: Designator=LED41_Col7(0805_A)
Added Component: Designator=LED41_Col8(0805_A)
Added Component: Designator=LED49_Col1(0805_A)
Added Component: Designator=LED49_Col3(0805_A)
Added Component: Designator=LED49_Col4(0805_A)
Added Component: Designator=LED49_Col5(0805_A)
Added Component: Designator=LED49_Col6(0805_A)
Added Component: Designator=LED49_Col7(0805_A)
Added Component: Designator=LED49_Col8(0805_A)
Added Component: Designator=LED57_Col1(0805_A)
Added Component: Designator=LED57_Col3(0805_A)
Added Component: Designator=LED57_Col4(0805_A)
Added Component: Designator=LED57_Col5(0805_A)
Added Component: Designator=LED57_Col6(0805_A)
Added Component: Designator=LED57_Col7(0805_A)
Added Component: Designator=LED57_Col8(0805_A)
Added Pin To Net: NetName=ROW0_Col1 Pin=LED1_Col1-2
Added Pin To Net: NetName=NetLED1_Col3_1 Pin=LED1_Col3-1
Added Pin To Net: NetName=ROW0_Col1 Pin=LED1_Col3-2
Added Pin To Net: NetName=NetLED1_Col4_1 Pin=LED1_Col4-1
Added Pin To Net: NetName=ROW0_Col1 Pin=LED1_Col4-2
Added Pin To Net: NetName=NetLED1_Col5_1 Pin=LED1_Col5-1
Added Pin To Net: NetName=ROW0_Col1 Pin=LED1_Col5-2
Added Pin To Net: NetName=NetLED1_Col6_1 Pin=LED1_Col6-1
Added Pin To Net: NetName=ROW0_Col1 Pin=LED1_Col6-2
Added Pin To Net: NetName=NetLED1_Col7_1 Pin=LED1_Col7-1
Added Pin To Net: NetName=ROW0_Col1 Pin=LED1_Col7-2
Added Pin To Net: NetName=NetLED1_Col8_1 Pin=LED1_Col8-1
Added Pin To Net: NetName=ROW0_Col1 Pin=LED1_Col8-2
Added Pin To Net: NetName=ROW0_Col9 Pin=LED1_Col9-2
Added Pin To Net: NetName=ROW1_Col1 Pin=LED9_Col1-2
Added Pin To Net: NetName=NetLED1_Col3_1 Pin=LED9_Col3-1
Added Pin To Net: NetName=ROW1_Col1 Pin=LED9_Col3-2
Added Pin To Net: NetName=NetLED1_Col4_1 Pin=LED9_Col4-1
Added Pin To Net: NetName=ROW1_Col1 Pin=LED9_Col4-2
Added Pin To Net: NetName=NetLED1_Col5_1 Pin=LED9_Col5-1
Added Pin To Net: NetName=ROW1_Col1 Pin=LED9_Col5-2
Added Pin To Net: NetName=NetLED1_Col6_1 Pin=LED9_Col6-1
Added Pin To Net: NetName=ROW1_Col1 Pin=LED9_Col6-2
Added Pin To Net: NetName=NetLED1_Col7_1 Pin=LED9_Col7-1
Added Pin To Net: NetName=ROW1_Col1 Pin=LED9_Col7-2
Added Pin To Net: NetName=NetLED1_Col8_1 Pin=LED9_Col8-1
Added Pin To Net: NetName=ROW1_Col1 Pin=LED9_Col8-2
Added Pin To Net: NetName=ROW1_Col9 Pin=LED9_Col9-2
Added Pin To Net: NetName=ROW2_Col1 Pin=LED17_Col1-2
Added Pin To Net: NetName=NetLED1_Col3_1 Pin=LED17_Col3-1
Added Pin To Net: NetName=ROW2_Col1 Pin=LED17_Col3-2
Added Pin To Net: NetName=NetLED1_Col4_1 Pin=LED17_Col4-1
Added Pin To Net: NetName=ROW2_Col1 Pin=LED17_Col4-2
Added Pin To Net: NetName=NetLED1_Col5_1 Pin=LED17_Col5-1
Added Pin To Net: NetName=ROW2_Col1 Pin=LED17_Col5-2
Added Pin To Net: NetName=NetLED1_Col6_1 Pin=LED17_Col6-1
Added Pin To Net: NetName=ROW2_Col1 Pin=LED17_Col6-2
Added Pin To Net: NetName=NetLED1_Col7_1 Pin=LED17_Col7-1
Added Pin To Net: NetName=ROW2_Col1 Pin=LED17_Col7-2
Added Pin To Net: NetName=NetLED1_Col8_1 Pin=LED17_Col8-1
Added Pin To Net: NetName=ROW2_Col1 Pin=LED17_Col8-2
Added Pin To Net: NetName=ROW2_Col9 Pin=LED17_Col9-2
Added Pin To Net: NetName=ROW3_Col1 Pin=LED25_Col1-2
Added Pin To Net: NetName=NetLED1_Col3_1 Pin=LED25_Col3-1
Added Pin To Net: NetName=ROW3_Col1 Pin=LED25_Col3-2
Added Pin To Net: NetName=NetLED1_Col4_1 Pin=LED25_Col4-1
Added Pin To Net: NetName=ROW3_Col1 Pin=LED25_Col4-2
Added Pin To Net: NetName=NetLED1_Col5_1 Pin=LED25_Col5-1
Added Pin To Net: NetName=ROW3_Col1 Pin=LED25_Col5-2
Added Pin To Net: NetName=NetLED1_Col6_1 Pin=LED25_Col6-1
Added Pin To Net: NetName=ROW3_Col1 Pin=LED25_Col6-2
Added Pin To Net: NetName=NetLED1_Col7_1 Pin=LED25_Col7-1
Added Pin To Net: NetName=ROW3_Col1 Pin=LED25_Col7-2
Added Pin To Net: NetName=NetLED1_Col8_1 Pin=LED25_Col8-1
Added Pin To Net: NetName=ROW3_Col1 Pin=LED25_Col8-2
Added Pin To Net: NetName=ROW3_Col9 Pin=LED25_Col9-2
Added Pin To Net: NetName=ROW4_Col1 Pin=LED33_Col1-2
Added Pin To Net: NetName=NetLED1_Col3_1 Pin=LED33_Col3-1
Added Pin To Net: NetName=ROW4_Col1 Pin=LED33_Col3-2
Added Pin To Net: NetName=NetLED1_Col4_1 Pin=LED33_Col4-1
Added Pin To Net: NetName=ROW4_Col1 Pin=LED33_Col4-2
Added Pin To Net: NetName=NetLED1_Col5_1 Pin=LED33_Col5-1
Added Pin To Net: NetName=ROW4_Col1 Pin=LED33_Col5-2
Added Pin To Net: NetName=NetLED1_Col6_1 Pin=LED33_Col6-1
Added Pin To Net: NetName=ROW4_Col1 Pin=LED33_Col6-2
Added Pin To Net: NetName=NetLED1_Col7_1 Pin=LED33_Col7-1
Added Pin To Net: NetName=ROW4_Col1 Pin=LED33_Col7-2
Added Pin To Net: NetName=NetLED1_Col8_1 Pin=LED33_Col8-1
Added Pin To Net: NetName=ROW4_Col1 Pin=LED33_Col8-2
Added Pin To Net: NetName=NetLED1_Col1_1 Pin=LED33_Col9-1
Added Pin To Net: NetName=ROW4_Col9 Pin=LED33_Col9-2
Added Pin To Net: NetName=ROW5_Col1 Pin=LED41_Col1-2
Added Pin To Net: NetName=NetLED1_Col3_1 Pin=LED41_Col3-1
Added Pin To Net: NetName=ROW5_Col1 Pin=LED41_Col3-2
Added Pin To Net: NetName=NetLED1_Col4_1 Pin=LED41_Col4-1
Added Pin To Net: NetName=ROW5_Col1 Pin=LED41_Col4-2
Added Pin To Net: NetName=NetLED1_Col5_1 Pin=LED41_Col5-1
Added Pin To Net: NetName=ROW5_Col1 Pin=LED41_Col5-2
Added Pin To Net: NetName=NetLED1_Col6_1 Pin=LED41_Col6-1
Added Pin To Net: NetName=ROW5_Col1 Pin=LED41_Col6-2
Added Pin To Net: NetName=NetLED1_Col7_1 Pin=LED41_Col7-1
Added Pin To Net: NetName=ROW5_Col1 Pin=LED41_Col7-2
Added Pin To Net: NetName=NetLED1_Col8_1 Pin=LED41_Col8-1
Added Pin To Net: NetName=ROW5_Col1 Pin=LED41_Col8-2
Added Pin To Net: NetName=ROW5_Col9 Pin=LED41_Col9-2
Added Pin To Net: NetName=ROW6_Col1 Pin=LED49_Col1-2
Added Pin To Net: NetName=NetLED1_Col3_1 Pin=LED49_Col3-1
Added Pin To Net: NetName=ROW6_Col1 Pin=LED49_Col3-2
Added Pin To Net: NetName=NetLED1_Col4_1 Pin=LED49_Col4-1
Added Pin To Net: NetName=ROW6_Col1 Pin=LED49_Col4-2
Added Pin To Net: NetName=NetLED1_Col5_1 Pin=LED49_Col5-1
Added Pin To Net: NetName=ROW6_Col1 Pin=LED49_Col5-2
Added Pin To Net: NetName=NetLED1_Col6_1 Pin=LED49_Col6-1
Added Pin To Net: NetName=ROW6_Col1 Pin=LED49_Col6-2
Added Pin To Net: NetName=NetLED1_Col7_1 Pin=LED49_Col7-1
Added Pin To Net: NetName=ROW6_Col1 Pin=LED49_Col7-2
Added Pin To Net: NetName=NetLED1_Col8_1 Pin=LED49_Col8-1
Added Pin To Net: NetName=ROW6_Col1 Pin=LED49_Col8-2
Added Pin To Net: NetName=ROW6_Col9 Pin=LED49_Col9-2
Added Pin To Net: NetName=ROW7_Col1 Pin=LED57_Col1-2
Added Pin To Net: NetName=NetLED1_Col3_1 Pin=LED57_Col3-1
Added Pin To Net: NetName=ROW7_Col1 Pin=LED57_Col3-2
Added Pin To Net: NetName=NetLED1_Col4_1 Pin=LED57_Col4-1
Added Pin To Net: NetName=ROW7_Col1 Pin=LED57_Col4-2
Added Pin To Net: NetName=NetLED1_Col5_1 Pin=LED57_Col5-1
Added Pin To Net: NetName=ROW7_Col1 Pin=LED57_Col5-2
Added Pin To Net: NetName=NetLED1_Col6_1 Pin=LED57_Col6-1
Added Pin To Net: NetName=ROW7_Col1 Pin=LED57_Col6-2
Added Pin To Net: NetName=NetLED1_Col7_1 Pin=LED57_Col7-1
Added Pin To Net: NetName=ROW7_Col1 Pin=LED57_Col7-2
Added Pin To Net: NetName=NetLED1_Col8_1 Pin=LED57_Col8-1
Added Pin To Net: NetName=ROW7_Col1 Pin=LED57_Col8-2
Added Pin To Net: NetName=ROW7_Col9 Pin=LED57_Col9-2
Change Net Name : Old Net Name=NetLED1_Col1_1 New Net Name=NetLED1_Col9_1
Added Pin To Net: NetName=NetLED1_Col1_1 Pin=LED1_Col1-1
Added Pin To Net: NetName=NetLED1_Col1_1 Pin=LED9_Col1-1
Added Pin To Net: NetName=NetLED1_Col1_1 Pin=LED17_Col1-1
Added Pin To Net: NetName=NetLED1_Col1_1 Pin=LED25_Col1-1
Added Pin To Net: NetName=NetLED1_Col1_1 Pin=LED33_Col1-1
Added Pin To Net: NetName=NetLED1_Col1_1 Pin=LED41_Col1-1
Added Pin To Net: NetName=NetLED1_Col1_1 Pin=LED49_Col1-1
Added Pin To Net: NetName=NetLED1_Col1_1 Pin=LED57_Col1-1
Added Net: Name=NetLED1_Col1_1
Added Member To Class: ClassName=Col1 Member=Component LED1_Col1 (LED1) 150080RS75000
Added Member To Class: ClassName=Col3 Member=Component LED1_Col3 (LED1) 150080RS75000
Added Member To Class: ClassName=Col4 Member=Component LED1_Col4 (LED1) 150080RS75000
Added Member To Class: ClassName=Col5 Member=Component LED1_Col5 (LED1) 150080RS75000
Added Member To Class: ClassName=Col6 Member=Component LED1_Col6 (LED1) 150080RS75000
Added Member To Class: ClassName=Col7 Member=Component LED1_Col7 (LED1) 150080RS75000
Added Member To Class: ClassName=Col8 Member=Component LED1_Col8 (LED1) 150080RS75000
Added Member To Class: ClassName=Col9 Member=Component LED1_Col9 (LED1) 150080RS75000
Added Member To Class: ClassName=Col3 Member=Component LED9_Col3 (LED9) 150080RS75000
Added Member To Class: ClassName=Col4 Member=Component LED9_Col4 (LED9) 150080RS75000
Added Member To Class: ClassName=Col5 Member=Component LED9_Col5 (LED9) 150080RS75000
Added Member To Class: ClassName=Col6 Member=Component LED9_Col6 (LED9) 150080RS75000
Added Member To Class: ClassName=Col7 Member=Component LED9_Col7 (LED9) 150080RS75000
Added Member To Class: ClassName=Col8 Member=Component LED9_Col8 (LED9) 150080RS75000
Added Member To Class: ClassName=Col9 Member=Component LED9_Col9 (LED9) 150080RS75000
Added Member To Class: ClassName=Col1 Member=Component LED17_Col1 (LED17) 150080RS75000
Added Member To Class: ClassName=Col3 Member=Component LED17_Col3 (LED17) 150080RS75000
Added Member To Class: ClassName=Col4 Member=Component LED17_Col4 (LED17) 150080RS75000
Added Member To Class: ClassName=Col5 Member=Component LED17_Col5 (LED17) 150080RS75000
Added Member To Class: ClassName=Col6 Member=Component LED17_Col6 (LED17) 150080RS75000
Added Member To Class: ClassName=Col7 Member=Component LED17_Col7 (LED17) 150080RS75000
Added Member To Class: ClassName=Col8 Member=Component LED17_Col8 (LED17) 150080RS75000
Added Member To Class: ClassName=Col9 Member=Component LED17_Col9 (LED17) 150080RS75000
Added Member To Class: ClassName=Col3 Member=Component LED25_Col3 (LED25) 150080RS75000
Added Member To Class: ClassName=Col4 Member=Component LED25_Col4 (LED25) 150080RS75000
Added Member To Class: ClassName=Col5 Member=Component LED25_Col5 (LED25) 150080RS75000
Added Member To Class: ClassName=Col6 Member=Component LED25_Col6 (LED25) 150080RS75000
Added Member To Class: ClassName=Col7 Member=Component LED25_Col7 (LED25) 150080RS75000
Added Member To Class: ClassName=Col8 Member=Component LED25_Col8 (LED25) 150080RS75000
Added Member To Class: ClassName=Col9 Member=Component LED25_Col9 (LED25) 150080RS75000
Added Member To Class: ClassName=Col1 Member=Component LED33_Col1 (LED33) 150080RS75000
Added Member To Class: ClassName=Col3 Member=Component LED33_Col3 (LED33) 150080RS75000
Added Member To Class: ClassName=Col4 Member=Component LED33_Col4 (LED33) 150080RS75000
Added Member To Class: ClassName=Col5 Member=Component LED33_Col5 (LED33) 150080RS75000
Added Member To Class: ClassName=Col6 Member=Component LED33_Col6 (LED33) 150080RS75000
Added Member To Class: ClassName=Col7 Member=Component LED33_Col7 (LED33) 150080RS75000
Added Member To Class: ClassName=Col8 Member=Component LED33_Col8 (LED33) 150080RS75000
Added Member To Class: ClassName=Col9 Member=Component LED33_Col9 (LED33) 150080RS75000
Added Member To Class: ClassName=Col1 Member=Component LED41_Col1 (LED41) 150080RS75000
Added Member To Class: ClassName=Col3 Member=Component LED41_Col3 (LED41) 150080RS75000
Added Member To Class: ClassName=Col4 Member=Component LED41_Col4 (LED41) 150080RS75000
Added Member To Class: ClassName=Col5 Member=Component LED41_Col5 (LED41) 150080RS75000
Added Member To Class: ClassName=Col6 Member=Component LED41_Col6 (LED41) 150080RS75000
Added Member To Class: ClassName=Col7 Member=Component LED41_Col7 (LED41) 150080RS75000
Added Member To Class: ClassName=Col8 Member=Component LED41_Col8 (LED41) 150080RS75000
Added Member To Class: ClassName=Col3 Member=Component LED49_Col3 (LED49) 150080RS75000
Added Member To Class: ClassName=Col4 Member=Component LED49_Col4 (LED49) 150080RS75000
Added Member To Class: ClassName=Col5 Member=Component LED49_Col5 (LED49) 150080RS75000
Added Member To Class: ClassName=Col6 Member=Component LED49_Col6 (LED49) 150080RS75000
Added Member To Class: ClassName=Col7 Member=Component LED49_Col7 (LED49) 150080RS75000
Added Member To Class: ClassName=Col8 Member=Component LED49_Col8 (LED49) 150080RS75000
Added Member To Class: ClassName=Col9 Member=Component LED49_Col9 (LED49) 150080RS75000
Added Member To Class: ClassName=Col3 Member=Component LED57_Col3 (LED57) 150080RS75000
Added Member To Class: ClassName=Col4 Member=Component LED57_Col4 (LED57) 150080RS75000
Added Member To Class: ClassName=Col5 Member=Component LED57_Col5 (LED57) 150080RS75000
Added Member To Class: ClassName=Col6 Member=Component LED57_Col6 (LED57) 150080RS75000
Added Member To Class: ClassName=Col7 Member=Component LED57_Col7 (LED57) 150080RS75000
Added Member To Class: ClassName=Col8 Member=Component LED57_Col8 (LED57) 150080RS75000
Added Member To Class: ClassName=Col9 Member=Component LED57_Col9 (LED57) 150080RS75000
Added Room: Name=Col1
Added Room: Name=Col3
Added Room: Name=Col4
Added Room: Name=Col5
Added Room: Name=Col6
Added Room: Name=Col7
Added Room: Name=Col8
Added Room: Name=Col9
