Removed Pin From Net: NetName=5V Pin=Eye_L-1
Removed Pin From Net: NetName=5V Pin=Eye_R-1
Removed Pin From Net: NetName=NetR1_0 Pin=R1-0
Removed Pin From Net: NetName=NetR1_1 Pin=R1-1
Removed Pin From Net: NetName=NetR1_2 Pin=R1-2
Removed Pin From Net: NetName=NetR1_3 Pin=R1-3
Removed Pin From Net: NetName=NetR1_4 Pin=R1-4
Removed Pin From Net: NetName=NetR1_5 Pin=R1-5
Removed Pin From Net: NetName=NetR1_6 Pin=R1-6
Removed Pin From Net: NetName=NetR1_7 Pin=R1-7
Removed Pin From Net: NetName=C1 Pin=R1-8
Removed Pin From Net: NetName=C2 Pin=R1-9
Removed Pin From Net: NetName=C3 Pin=R1-10
Removed Pin From Net: NetName=C4 Pin=R1-11
Removed Pin From Net: NetName=C5 Pin=R1-12
Removed Pin From Net: NetName=C6 Pin=R1-13
Removed Pin From Net: NetName=C7 Pin=R1-14
Removed Pin From Net: NetName=C8 Pin=R1-15
Removed Pin From Net: NetName=5V Pin=Res_Indicator-1
Change Component DesignItemId : Designator=R1 Old DesignItemId=Rowres New DesignItemId=Res1
Change Component Footprint: Designator=R1 Old Footprint=ROWRES New Footprint=6-0805_M
Change Component Comment : Designator=R1 Old Comment=Rowresistor New Comment=Res1
Added Component: Designator=C3(6-0805_M)
Added Component: Designator=R1(Rowres)
Added Pin To Net: NetName=GND Pin=C3-1
Added Pin To Net: NetName=3.3V Pin=Eye_L-1
Added Pin To Net: NetName=3.3V Pin=Eye_R-1
Added Pin To Net: NetName=3.3V Pin=R1-1
Added Pin To Net: NetName=NetR1_1 Pin=R1-1
Added Pin To Net: NetName=NetR1_2 Pin=R1-2
Added Pin To Net: NetName=3.3V Pin=Res_Indicator-1
Added Pin To Net: NetName=MOSI Pin=U2-6
Added Pin To Net: NetName=MISO Pin=U2-7
Added Pin To Net: NetName=CLK Pin=U2-8
Added Pin To Net: NetName=CS_MTRX Pin=U2-9
Added Pin To Net: NetName=ADDR1 Pin=U2-10
Added Pin To Net: NetName=ADDR2 Pin=U2-11
Added Pin To Net: NetName=ADDR3 Pin=U2-12
Added Pin To Net: NetName=3.3V Pin=U2-13
Added Pin To Net: NetName=3.3V Pin=U2-22
Added Pin To Net: NetName=3.3V Pin=U2-34
Added Pin To Net: NetName=OE_MTRX Pin=U2-36
Added Pin To Net: NetName=CS_ACCL Pin=U2-37
Added Pin To Net: NetName=3.3V Pin=U2-44
Added Pin To Net: NetName=A_BTN Pin=J1-3
Added Pin To Net: NetName=A_BTN Pin=U2-40
Added Net: Name=A_BTN
Added Pin To Net: NetName=A_MIC Pin=Mic1-1
Added Pin To Net: NetName=A_MIC Pin=U2-41
Added Net: Name=A_MIC
Added Pin To Net: NetName=DCDC_SW Pin=U2-33
Added Net: Name=DCDC_SW
Added Pin To Net: NetName=E-I1 Pin=Indicator-4
Added Pin To Net: NetName=E-I1 Pin=U2-20
Added Net: Name=E-I1
Added Pin To Net: NetName=E-I2 Pin=Indicator-3
Added Pin To Net: NetName=E-I2 Pin=U2-21
Added Net: Name=E-I2
Added Pin To Net: NetName=E-I3 Pin=Indicator-2
Added Pin To Net: NetName=E-I3 Pin=U2-26
Added Net: Name=E-I3
Added Pin To Net: NetName=E-L1 Pin=Res_RGB-13
Added Pin To Net: NetName=E-L1 Pin=U2-14
Added Net: Name=E-L1
Added Pin To Net: NetName=E-L2 Pin=Res_RGB-14
Added Pin To Net: NetName=E-L2 Pin=U2-15
Added Net: Name=E-L2
Added Pin To Net: NetName=E-L3 Pin=Res_RGB-15
Added Pin To Net: NetName=E-L3 Pin=U2-16
Added Net: Name=E-L3
Added Pin To Net: NetName=E-R1 Pin=Res_RGB-10
Added Pin To Net: NetName=E-R1 Pin=U2-17
Added Net: Name=E-R1
Added Pin To Net: NetName=E-R2 Pin=Res_RGB-11
Added Pin To Net: NetName=E-R2 Pin=U2-18
Added Net: Name=E-R2
Added Pin To Net: NetName=E-R3 Pin=Res_RGB-12
Added Pin To Net: NetName=E-R3 Pin=U2-19
Added Net: Name=E-R3
Added Pin To Net: NetName=INT1_ACCL Pin=Acc1-5
Added Pin To Net: NetName=INT1_ACCL Pin=U2-38
Added Net: Name=INT1_ACCL
Added Pin To Net: NetName=INT2_ACCL Pin=Acc1-6
Added Pin To Net: NetName=INT2_ACCL Pin=U2-39
Added Net: Name=INT2_ACCL
Added Pin To Net: NetName=NetC3_2 Pin=C3-2
Added Pin To Net: NetName=NetC3_2 Pin=U2-23
Added Net: Name=NetC3_2
Added Pin To Net: NetName=VDDR Pin=U2-45
Added Pin To Net: NetName=VDDR Pin=U2-48
Added Net: Name=VDDR
Added Class: Name=E-I[1..3]
Added Class: Name=E-L[1..3]
Added Class: Name=E-R[1..3]
Added Member To Class: ClassName=U_Processor Member=Component C3 Cap
Added Member To Class: ClassName=U_Processor Member=Component R1 Res1
Added Room: Name=U_Controller
