Removed Pin From Net: NetName=ROW1 Pin=LED1-1
Removed Pin From Net: NetName=ROW2 Pin=LED2-1
Removed Pin From Net: NetName=ROW3 Pin=LED3-1
Removed Pin From Net: NetName=ROW4 Pin=LED4-1
Removed Pin From Net: NetName=ROW5 Pin=LED5-1
Removed Pin From Net: NetName=ROW6 Pin=LED6-1
Removed Pin From Net: NetName=ROW7 Pin=LED7-1
Removed Pin From Net: NetName=ROW8 Pin=LED8-1
Change Component Comment : Designator=LED1 Old Comment=150080SS75000 New Comment=Red
Change Component Comment : Designator=LED2 Old Comment=150080SS75000 New Comment=Red
Change Component Comment : Designator=LED3 Old Comment=150080SS75000 New Comment=Red
Change Component Comment : Designator=LED4 Old Comment=150080SS75000 New Comment=Red
Change Component Comment : Designator=LED5 Old Comment=150080SS75000 New Comment=Red
Change Component Comment : Designator=LED6 Old Comment=150080SS75000 New Comment=Red
Change Component Comment : Designator=LED7 Old Comment=150080SS75000 New Comment=Red
Change Component Comment : Designator=LED8 Old Comment=150080SS75000 New Comment=Red
Added Pin To Net: NetName=NetLED1_2 Pin=R1-8
Change Net Name : Old Net Name=NetLED1_2 New Net Name=COL1
Added Pin To Net: NetName=R1 Pin=LED1-1
Added Net: Name=R1
Added Pin To Net: NetName=R2 Pin=LED2-1
Added Net: Name=R2
Added Pin To Net: NetName=R3 Pin=LED3-1
Added Net: Name=R3
Added Pin To Net: NetName=R4 Pin=LED4-1
Added Net: Name=R4
Added Pin To Net: NetName=R5 Pin=LED5-1
Added Net: Name=R5
Added Pin To Net: NetName=R6 Pin=LED6-1
Added Net: Name=R6
Added Pin To Net: NetName=R7 Pin=LED7-1
Added Net: Name=R7
Added Pin To Net: NetName=R8 Pin=LED8-1
Added Net: Name=R8
Change Class Name : Old Net Name=Column New Net Name=U_Column
Added Class: Name=R[8..-1]
Added Room: Name=U_Column
