Added Component: Designator=DEC(PRSP0016DH-B_N)
Added Component: Designator=R1(Rowres)
Added Component: Designator=R2(Rowres)
Added Component: Designator=TRAN(LW18_N)
Added Pin To Net: NetName=GND Pin=DEC-4
Added Pin To Net: NetName=GND Pin=DEC-5
Added Pin To Net: NetName=VCC Pin=DEC-6
Added Pin To Net: NetName=VCC Pin=DEC-16
Added Pin To Net: NetName=ROW0_Col9 Pin=LED1_Col1-2
Added Pin To Net: NetName=ROW0_Col9 Pin=LED1_Col2-2
Added Pin To Net: NetName=ROW0_Col9 Pin=LED1_Col3-2
Added Pin To Net: NetName=ROW0_Col9 Pin=LED1_Col4-2
Added Pin To Net: NetName=ROW0_Col9 Pin=LED1_Col5-2
Added Pin To Net: NetName=ROW0_Col9 Pin=LED1_Col6-2
Added Pin To Net: NetName=ROW0_Col9 Pin=LED1_Col7-2
Added Pin To Net: NetName=ROW0_Col9 Pin=LED1_Col8-2
Added Pin To Net: NetName=ROW1_Col1 Pin=LED9_Col9-2
Added Pin To Net: NetName=ROW1_Col1 Pin=LED9_Col10-2
Added Pin To Net: NetName=ROW1_Col1 Pin=LED9_Col11-2
Added Pin To Net: NetName=ROW1_Col1 Pin=LED9_Col12-2
Added Pin To Net: NetName=ROW1_Col1 Pin=LED9_Col13-2
Added Pin To Net: NetName=ROW1_Col1 Pin=LED9_Col14-2
Added Pin To Net: NetName=ROW1_Col1 Pin=LED9_Col15-2
Added Pin To Net: NetName=ROW1_Col1 Pin=LED9_Col16-2
Added Pin To Net: NetName=ROW2_Col9 Pin=LED17_Col1-2
Added Pin To Net: NetName=ROW2_Col9 Pin=LED17_Col2-2
Added Pin To Net: NetName=ROW2_Col9 Pin=LED17_Col3-2
Added Pin To Net: NetName=ROW2_Col9 Pin=LED17_Col4-2
Added Pin To Net: NetName=ROW2_Col9 Pin=LED17_Col5-2
Added Pin To Net: NetName=ROW2_Col9 Pin=LED17_Col6-2
Added Pin To Net: NetName=ROW2_Col9 Pin=LED17_Col7-2
Added Pin To Net: NetName=ROW2_Col9 Pin=LED17_Col8-2
Added Pin To Net: NetName=ROW3_Col1 Pin=LED25_Col9-2
Added Pin To Net: NetName=ROW3_Col1 Pin=LED25_Col10-2
Added Pin To Net: NetName=ROW3_Col1 Pin=LED25_Col11-2
Added Pin To Net: NetName=ROW3_Col1 Pin=LED25_Col12-2
Added Pin To Net: NetName=ROW3_Col1 Pin=LED25_Col13-2
Added Pin To Net: NetName=ROW3_Col1 Pin=LED25_Col14-2
Added Pin To Net: NetName=ROW3_Col1 Pin=LED25_Col15-2
Added Pin To Net: NetName=ROW3_Col1 Pin=LED25_Col16-2
Added Pin To Net: NetName=ROW4_Col9 Pin=LED33_Col1-2
Added Pin To Net: NetName=ROW4_Col9 Pin=LED33_Col2-2
Added Pin To Net: NetName=ROW4_Col9 Pin=LED33_Col3-2
Added Pin To Net: NetName=ROW4_Col9 Pin=LED33_Col4-2
Added Pin To Net: NetName=ROW4_Col9 Pin=LED33_Col5-2
Added Pin To Net: NetName=ROW4_Col9 Pin=LED33_Col6-2
Added Pin To Net: NetName=ROW4_Col9 Pin=LED33_Col7-2
Added Pin To Net: NetName=ROW4_Col9 Pin=LED33_Col8-2
Added Pin To Net: NetName=ROW5_Col1 Pin=LED41_Col9-2
Added Pin To Net: NetName=ROW5_Col1 Pin=LED41_Col10-2
Added Pin To Net: NetName=ROW5_Col1 Pin=LED41_Col11-2
Added Pin To Net: NetName=ROW5_Col1 Pin=LED41_Col12-2
Added Pin To Net: NetName=ROW5_Col1 Pin=LED41_Col13-2
Added Pin To Net: NetName=ROW5_Col1 Pin=LED41_Col14-2
Added Pin To Net: NetName=ROW5_Col1 Pin=LED41_Col15-2
Added Pin To Net: NetName=ROW5_Col1 Pin=LED41_Col16-2
Added Pin To Net: NetName=ROW6_Col9 Pin=LED49_Col1-2
Added Pin To Net: NetName=ROW6_Col9 Pin=LED49_Col2-2
Added Pin To Net: NetName=ROW6_Col9 Pin=LED49_Col3-2
Added Pin To Net: NetName=ROW6_Col9 Pin=LED49_Col4-2
Added Pin To Net: NetName=ROW6_Col9 Pin=LED49_Col5-2
Added Pin To Net: NetName=ROW6_Col9 Pin=LED49_Col6-2
Added Pin To Net: NetName=ROW6_Col9 Pin=LED49_Col7-2
Added Pin To Net: NetName=ROW6_Col9 Pin=LED49_Col8-2
Added Pin To Net: NetName=ROW6_Col9 Pin=TRAN-11
Added Pin To Net: NetName=ROW5_Col1 Pin=TRAN-12
Added Pin To Net: NetName=ROW4_Col9 Pin=TRAN-13
Added Pin To Net: NetName=ROW3_Col1 Pin=TRAN-14
Added Pin To Net: NetName=ROW2_Col9 Pin=TRAN-15
Added Pin To Net: NetName=ROW1_Col1 Pin=TRAN-16
Added Pin To Net: NetName=ROW0_Col9 Pin=TRAN-17
Change Net Name : Old Net Name=ROW0_Col9 New Net Name=ROW2
Change Net Name : Old Net Name=ROW1_Col1 New Net Name=ROW3
Change Net Name : Old Net Name=ROW2_Col9 New Net Name=ROW4
Change Net Name : Old Net Name=ROW3_Col1 New Net Name=ROW5
Change Net Name : Old Net Name=ROW4_Col9 New Net Name=ROW6
Change Net Name : Old Net Name=ROW5_Col1 New Net Name=ROW7
Change Net Name : Old Net Name=ROW6_Col9 New Net Name=ROW8
Added Pin To Net: NetName=A1 Pin=DEC-1
Added Net: Name=A1
Added Pin To Net: NetName=A2 Pin=DEC-2
Added Net: Name=A2
Added Pin To Net: NetName=A3 Pin=DEC-3
Added Net: Name=A3
Added Pin To Net: NetName=NetDEC_7 Pin=DEC-7
Added Pin To Net: NetName=NetDEC_7 Pin=TRAN-8
Added Net: Name=NetDEC_7
Added Pin To Net: NetName=NetDEC_8 Pin=DEC-8
Added Pin To Net: NetName=NetDEC_8 Pin=TRAN-9
Added Net: Name=NetDEC_8
Added Pin To Net: NetName=NetDEC_9 Pin=DEC-9
Added Pin To Net: NetName=NetDEC_9 Pin=TRAN-7
Added Net: Name=NetDEC_9
Added Pin To Net: NetName=NetDEC_10 Pin=DEC-10
Added Pin To Net: NetName=NetDEC_10 Pin=TRAN-6
Added Net: Name=NetDEC_10
Added Pin To Net: NetName=NetDEC_11 Pin=DEC-11
Added Pin To Net: NetName=NetDEC_11 Pin=TRAN-5
Added Net: Name=NetDEC_11
Added Pin To Net: NetName=NetDEC_12 Pin=DEC-12
Added Pin To Net: NetName=NetDEC_12 Pin=TRAN-4
Added Net: Name=NetDEC_12
Added Pin To Net: NetName=NetDEC_13 Pin=DEC-13
Added Pin To Net: NetName=NetDEC_13 Pin=TRAN-3
Added Net: Name=NetDEC_13
Added Pin To Net: NetName=NetDEC_14 Pin=DEC-14
Added Pin To Net: NetName=NetDEC_14 Pin=TRAN-2
Added Net: Name=NetDEC_14
Added Pin To Net: NetName=NetDEC_15 Pin=DEC-15
Added Pin To Net: NetName=NetDEC_15 Pin=TRAN-1
Added Net: Name=NetDEC_15
Added Pin To Net: NetName=NetR1_0 Pin=R1-0
Added Pin To Net: NetName=NetR1_0 Pin=Shift1-15
Added Net: Name=NetR1_0
Added Pin To Net: NetName=NetR1_1 Pin=R1-1
Added Pin To Net: NetName=NetR1_1 Pin=Shift1-1
Added Net: Name=NetR1_1
Added Pin To Net: NetName=NetR1_2 Pin=R1-2
Added Pin To Net: NetName=NetR1_2 Pin=Shift1-2
Added Net: Name=NetR1_2
Added Pin To Net: NetName=NetR1_3 Pin=R1-3
Added Pin To Net: NetName=NetR1_3 Pin=Shift1-3
Added Net: Name=NetR1_3
Added Pin To Net: NetName=NetR1_4 Pin=R1-4
Added Pin To Net: NetName=NetR1_4 Pin=Shift1-4
Added Net: Name=NetR1_4
Added Pin To Net: NetName=NetR1_5 Pin=R1-5
Added Pin To Net: NetName=NetR1_5 Pin=Shift1-5
Added Net: Name=NetR1_5
Added Pin To Net: NetName=NetR1_6 Pin=R1-6
Added Pin To Net: NetName=NetR1_6 Pin=Shift1-6
Added Net: Name=NetR1_6
Added Pin To Net: NetName=NetR1_7 Pin=R1-7
Added Pin To Net: NetName=NetR1_7 Pin=Shift1-7
Added Net: Name=NetR1_7
Added Pin To Net: NetName=NetR2_0 Pin=R2-0
Added Pin To Net: NetName=NetR2_0 Pin=Shift2-15
Added Net: Name=NetR2_0
Added Pin To Net: NetName=NetR2_1 Pin=R2-1
Added Pin To Net: NetName=NetR2_1 Pin=Shift2-1
Added Net: Name=NetR2_1
Added Pin To Net: NetName=NetR2_2 Pin=R2-2
Added Pin To Net: NetName=NetR2_2 Pin=Shift2-2
Added Net: Name=NetR2_2
Added Pin To Net: NetName=NetR2_3 Pin=R2-3
Added Pin To Net: NetName=NetR2_3 Pin=Shift2-3
Added Net: Name=NetR2_3
Added Pin To Net: NetName=NetR2_4 Pin=R2-4
Added Pin To Net: NetName=NetR2_4 Pin=Shift2-4
Added Net: Name=NetR2_4
Added Pin To Net: NetName=NetR2_5 Pin=R2-5
Added Pin To Net: NetName=NetR2_5 Pin=Shift2-5
Added Net: Name=NetR2_5
Added Pin To Net: NetName=NetR2_6 Pin=R2-6
Added Pin To Net: NetName=NetR2_6 Pin=Shift2-6
Added Net: Name=NetR2_6
Added Pin To Net: NetName=NetR2_7 Pin=R2-7
Added Pin To Net: NetName=NetR2_7 Pin=Shift2-7
Added Net: Name=NetR2_7
Added Pin To Net: NetName=ROW1 Pin=TRAN-18
Added Net: Name=ROW1
Added Pin To Net: NetName=ROW8_Col1 Pin=LED57_Col1-2
Added Net: Name=ROW8_Col1
Added Pin To Net: NetName=ROW8_Col2 Pin=LED57_Col2-2
Added Net: Name=ROW8_Col2
Added Pin To Net: NetName=ROW8_Col3 Pin=LED57_Col3-2
Added Net: Name=ROW8_Col3
Added Pin To Net: NetName=ROW8_Col4 Pin=LED57_Col4-2
Added Net: Name=ROW8_Col4
Added Pin To Net: NetName=ROW8_Col5 Pin=LED57_Col5-2
Added Net: Name=ROW8_Col5
Added Pin To Net: NetName=ROW8_Col6 Pin=LED57_Col6-2
Added Net: Name=ROW8_Col6
Added Pin To Net: NetName=ROW8_Col7 Pin=LED57_Col7-2
Added Net: Name=ROW8_Col7
Added Pin To Net: NetName=ROW8_Col8 Pin=LED57_Col8-2
Added Net: Name=ROW8_Col8
Added Pin To Net: NetName=ROW8_Col9 Pin=LED57_Col9-2
Added Net: Name=ROW8_Col9
Added Pin To Net: NetName=ROW8_Col10 Pin=LED57_Col10-2
Added Net: Name=ROW8_Col10
Added Pin To Net: NetName=ROW8_Col11 Pin=LED57_Col11-2
Added Net: Name=ROW8_Col11
Added Pin To Net: NetName=ROW8_Col12 Pin=LED57_Col12-2
Added Net: Name=ROW8_Col12
Added Pin To Net: NetName=ROW8_Col13 Pin=LED57_Col13-2
Added Net: Name=ROW8_Col13
Added Pin To Net: NetName=ROW8_Col14 Pin=LED57_Col14-2
Added Net: Name=ROW8_Col14
Added Pin To Net: NetName=ROW8_Col15 Pin=LED57_Col15-2
Added Net: Name=ROW8_Col15
Added Pin To Net: NetName=ROW8_Col16 Pin=LED57_Col16-2
Added Net: Name=ROW8_Col16
Added Pin To Net: NetName=S1C1 Pin=R1-8
Added Net: Name=S1C1
Added Pin To Net: NetName=S1C2 Pin=R1-9
Added Net: Name=S1C2
Added Pin To Net: NetName=S1C3 Pin=R1-10
Added Net: Name=S1C3
Added Pin To Net: NetName=S1C4 Pin=R1-11
Added Net: Name=S1C4
Added Pin To Net: NetName=S1C5 Pin=R1-12
Added Net: Name=S1C5
Added Pin To Net: NetName=S1C6 Pin=R1-13
Added Net: Name=S1C6
Added Pin To Net: NetName=S1C7 Pin=R1-14
Added Net: Name=S1C7
Added Pin To Net: NetName=S1C8 Pin=R1-15
Added Net: Name=S1C8
Added Pin To Net: NetName=S2C1 Pin=R2-8
Added Net: Name=S2C1
Added Pin To Net: NetName=S2C2 Pin=R2-9
Added Net: Name=S2C2
Added Pin To Net: NetName=S2C3 Pin=R2-10
Added Net: Name=S2C3
Added Pin To Net: NetName=S2C4 Pin=R2-11
Added Net: Name=S2C4
Added Pin To Net: NetName=S2C5 Pin=R2-12
Added Net: Name=S2C5
Added Pin To Net: NetName=S2C6 Pin=R2-13
Added Net: Name=S2C6
Added Pin To Net: NetName=S2C7 Pin=R2-14
Added Net: Name=S2C7
Added Pin To Net: NetName=S2C8 Pin=R2-15
Added Net: Name=S2C8
Added Class: Name=Controller
Added Class: Name=A[1..3]
Added Class: Name=ROW[0..8]
Added Class: Name=S1C[1..8]
Added Class: Name=S2C[1..8]
Change Room Name: Old Name=main New Name=Controller
Change Room Scope: Old Scope=InComponentClass('main') New Scope=InComponentClass('Controller')
