Removed Pin From Net: NetName=ROW8 Pin=TRAN-11
Removed Pin From Net: NetName=ROW7 Pin=TRAN-12
Removed Pin From Net: NetName=ROW6 Pin=TRAN-13
Removed Pin From Net: NetName=ROW5 Pin=TRAN-14
Removed Pin From Net: NetName=ROW4 Pin=TRAN-15
Removed Pin From Net: NetName=ROW3 Pin=TRAN-16
Removed Pin From Net: NetName=ROW2 Pin=TRAN-17
Added Pin To Net: NetName=ROW8 Pin=TRAN-12
Added Pin To Net: NetName=ROW7 Pin=TRAN-13
Added Pin To Net: NetName=ROW6 Pin=TRAN-14
Added Pin To Net: NetName=ROW5 Pin=TRAN-15
Added Pin To Net: NetName=ROW4 Pin=TRAN-16
Added Pin To Net: NetName=ROW3 Pin=TRAN-17
Added Pin To Net: NetName=ROW2 Pin=TRAN-18
Change Net Name : Old Net Name=ROW2 New Net Name=ROW1
Change Net Name : Old Net Name=ROW3 New Net Name=ROW2
Change Net Name : Old Net Name=ROW4 New Net Name=ROW3
Change Net Name : Old Net Name=ROW5 New Net Name=ROW4
Change Net Name : Old Net Name=ROW6 New Net Name=ROW5
Change Net Name : Old Net Name=ROW7 New Net Name=ROW6
Change Net Name : Old Net Name=ROW8 New Net Name=ROW7
Added Pin To Net: NetName=ROW8 Pin=LED57_Col1-2
Added Pin To Net: NetName=ROW8 Pin=LED57_Col2-2
Added Pin To Net: NetName=ROW8 Pin=LED57_Col3-2
Added Pin To Net: NetName=ROW8 Pin=LED57_Col4-2
Added Pin To Net: NetName=ROW8 Pin=LED57_Col5-2
Added Pin To Net: NetName=ROW8 Pin=LED57_Col6-2
Added Pin To Net: NetName=ROW8 Pin=LED57_Col7-2
Added Pin To Net: NetName=ROW8 Pin=LED57_Col8-2
Added Pin To Net: NetName=ROW8 Pin=LED57_Col9-2
Added Pin To Net: NetName=ROW8 Pin=LED57_Col10-2
Added Pin To Net: NetName=ROW8 Pin=LED57_Col11-2
Added Pin To Net: NetName=ROW8 Pin=LED57_Col12-2
Added Pin To Net: NetName=ROW8 Pin=LED57_Col13-2
Added Pin To Net: NetName=ROW8 Pin=LED57_Col14-2
Added Pin To Net: NetName=ROW8 Pin=LED57_Col15-2
Added Pin To Net: NetName=ROW8 Pin=LED57_Col16-2
Added Pin To Net: NetName=ROW8 Pin=TRAN-11
Added Net: Name=ROW8
Change Class Name : Old Net Name=ROW[0..8] New Net Name=ROW[1..8]
