Removed Pin From Net: NetName=NetEye_L_4 Pin=Res_RGB-2
Removed Pin From Net: NetName=NetEye_L_3 Pin=Res_RGB-3
Removed Pin From Net: NetName=NetEye_L_2 Pin=Res_RGB-4
Removed Pin From Net: NetName=NetEye_R_4 Pin=Res_RGB-5
Removed Pin From Net: NetName=NetEye_R_3 Pin=Res_RGB-6
Removed Pin From Net: NetName=NetEye_R_2 Pin=Res_RGB-7
Removed Pin From Net: NetName=E-R3 Pin=Res_RGB-10
Removed Pin From Net: NetName=E-R2 Pin=Res_RGB-11
Removed Pin From Net: NetName=E-R1 Pin=Res_RGB-12
Removed Pin From Net: NetName=E-L3 Pin=Res_RGB-13
Removed Pin From Net: NetName=E-L2 Pin=Res_RGB-14
Removed Pin From Net: NetName=E-L1 Pin=Res_RGB-15
Added Pin To Net: NetName=NetEye_L_4 Pin=Res_RGB-0
Added Pin To Net: NetName=NetEye_L_3 Pin=Res_RGB-1
Added Pin To Net: NetName=NetEye_L_2 Pin=Res_RGB-2
Added Pin To Net: NetName=NetEye_R_4 Pin=Res_RGB-3
Added Pin To Net: NetName=NetEye_R_3 Pin=Res_RGB-4
Added Pin To Net: NetName=NetEye_R_2 Pin=Res_RGB-5
Added Pin To Net: NetName=E-R3 Pin=Res_RGB-8
Added Pin To Net: NetName=E-R2 Pin=Res_RGB-9
Added Pin To Net: NetName=E-R1 Pin=Res_RGB-10
Added Pin To Net: NetName=E-L3 Pin=Res_RGB-11
Added Pin To Net: NetName=E-L2 Pin=Res_RGB-12
Added Pin To Net: NetName=E-L1 Pin=Res_RGB-13
