Added Component: Designator=Shift1(PRSP0016DH-B_N)
Added Component: Designator=Shift2(PRSP0016DH-B_N)
Added Pin To Net: NetName=C1 Pin=Shift1-15
Added Net: Name=C1
Added Pin To Net: NetName=C2 Pin=Shift1-1
Added Net: Name=C2
Added Pin To Net: NetName=C3 Pin=Shift1-2
Added Net: Name=C3
Added Pin To Net: NetName=C4 Pin=Shift1-3
Added Net: Name=C4
Added Pin To Net: NetName=C5 Pin=Shift1-4
Added Net: Name=C5
Added Pin To Net: NetName=C6 Pin=Shift1-5
Added Net: Name=C6
Added Pin To Net: NetName=C7 Pin=Shift1-6
Added Net: Name=C7
Added Pin To Net: NetName=C8 Pin=Shift1-7
Added Net: Name=C8
Added Pin To Net: NetName=C9 Pin=Shift2-15
Added Net: Name=C9
Added Pin To Net: NetName=C10 Pin=Shift2-1
Added Net: Name=C10
Added Pin To Net: NetName=C11 Pin=Shift2-2
Added Net: Name=C11
Added Pin To Net: NetName=C12 Pin=Shift2-3
Added Net: Name=C12
Added Pin To Net: NetName=C13 Pin=Shift2-4
Added Net: Name=C13
Added Pin To Net: NetName=C14 Pin=Shift2-5
Added Net: Name=C14
Added Pin To Net: NetName=C15 Pin=Shift2-6
Added Net: Name=C15
Added Pin To Net: NetName=C16 Pin=Shift2-7
Added Net: Name=C16
Added Pin To Net: NetName=CLK Pin=Shift1-11
Added Pin To Net: NetName=CLK Pin=Shift2-11
Added Net: Name=CLK
Added Pin To Net: NetName=GND Pin=Shift1-8
Added Pin To Net: NetName=GND Pin=Shift2-8
Added Net: Name=GND
Added Pin To Net: NetName=LOAD Pin=Shift1-12
Added Pin To Net: NetName=LOAD Pin=Shift2-12
Added Net: Name=LOAD
Added Pin To Net: NetName=MOSI Pin=Shift1-14
Added Net: Name=MOSI
Added Pin To Net: NetName=NetShift1_9 Pin=Shift1-9
Added Pin To Net: NetName=NetShift1_9 Pin=Shift2-14
Added Net: Name=NetShift1_9
Added Pin To Net: NetName=OE_SHT Pin=Shift1-13
Added Pin To Net: NetName=OE_SHT Pin=Shift2-13
Added Net: Name=OE_SHT
Added Pin To Net: NetName=VCC Pin=Shift1-10
Added Pin To Net: NetName=VCC Pin=Shift1-16
Added Pin To Net: NetName=VCC Pin=Shift2-10
Added Pin To Net: NetName=VCC Pin=Shift2-16
Added Net: Name=VCC
Added Class: Name=main
Added Class: Name=C[1..16]
Added Room: Name=main
