Removed Pin From Net: NetName=ROW1 Pin=LED1_U_Column2-1
Removed Pin From Net: NetName=ROW1 Pin=LED1_U_Column3-1
Removed Pin From Net: NetName=ROW1 Pin=LED1_U_Column5-1
Removed Pin From Net: NetName=ROW1 Pin=LED1_U_Column7-1
Removed Pin From Net: NetName=ROW1 Pin=LED1_U_Column9-1
Removed Pin From Net: NetName=ROW1 Pin=LED1_U_Column11-1
Removed Pin From Net: NetName=ROW1 Pin=LED1_U_Column13-1
Removed Pin From Net: NetName=ROW1 Pin=LED1_U_Column15-1
Removed Pin From Net: NetName=ROW2 Pin=LED2_U_Column2-1
Removed Pin From Net: NetName=ROW2 Pin=LED2_U_Column3-1
Removed Pin From Net: NetName=ROW2 Pin=LED2_U_Column5-1
Removed Pin From Net: NetName=ROW2 Pin=LED2_U_Column7-1
Removed Pin From Net: NetName=ROW2 Pin=LED2_U_Column9-1
Removed Pin From Net: NetName=ROW2 Pin=LED2_U_Column11-1
Removed Pin From Net: NetName=ROW2 Pin=LED2_U_Column13-1
Removed Pin From Net: NetName=ROW2 Pin=LED2_U_Column15-1
Removed Pin From Net: NetName=ROW3 Pin=LED3_U_Column2-1
Removed Pin From Net: NetName=ROW3 Pin=LED3_U_Column3-1
Removed Pin From Net: NetName=ROW3 Pin=LED3_U_Column5-1
Removed Pin From Net: NetName=ROW3 Pin=LED3_U_Column7-1
Removed Pin From Net: NetName=ROW3 Pin=LED3_U_Column9-1
Removed Pin From Net: NetName=ROW3 Pin=LED3_U_Column11-1
Removed Pin From Net: NetName=ROW3 Pin=LED3_U_Column13-1
Removed Pin From Net: NetName=ROW3 Pin=LED3_U_Column15-1
Removed Pin From Net: NetName=ROW4 Pin=LED4_U_Column2-1
Removed Pin From Net: NetName=ROW4 Pin=LED4_U_Column3-1
Removed Pin From Net: NetName=ROW4 Pin=LED4_U_Column5-1
Removed Pin From Net: NetName=ROW4 Pin=LED4_U_Column7-1
Removed Pin From Net: NetName=ROW4 Pin=LED4_U_Column9-1
Removed Pin From Net: NetName=ROW4 Pin=LED4_U_Column11-1
Removed Pin From Net: NetName=ROW4 Pin=LED4_U_Column13-1
Removed Pin From Net: NetName=ROW4 Pin=LED4_U_Column15-1
Removed Pin From Net: NetName=ROW5 Pin=LED5_U_Column2-1
Removed Pin From Net: NetName=ROW5 Pin=LED5_U_Column3-1
Removed Pin From Net: NetName=ROW5 Pin=LED5_U_Column5-1
Removed Pin From Net: NetName=ROW5 Pin=LED5_U_Column7-1
Removed Pin From Net: NetName=ROW5 Pin=LED5_U_Column9-1
Removed Pin From Net: NetName=ROW5 Pin=LED5_U_Column11-1
Removed Pin From Net: NetName=ROW5 Pin=LED5_U_Column13-1
Removed Pin From Net: NetName=ROW5 Pin=LED5_U_Column15-1
Removed Pin From Net: NetName=ROW6 Pin=LED6_U_Column2-1
Removed Pin From Net: NetName=ROW6 Pin=LED6_U_Column3-1
Removed Pin From Net: NetName=ROW6 Pin=LED6_U_Column5-1
Removed Pin From Net: NetName=ROW6 Pin=LED6_U_Column7-1
Removed Pin From Net: NetName=ROW6 Pin=LED6_U_Column9-1
Removed Pin From Net: NetName=ROW6 Pin=LED6_U_Column11-1
Removed Pin From Net: NetName=ROW6 Pin=LED6_U_Column13-1
Removed Pin From Net: NetName=ROW6 Pin=LED6_U_Column15-1
Removed Pin From Net: NetName=ROW7 Pin=LED7_U_Column2-1
Removed Pin From Net: NetName=ROW7 Pin=LED7_U_Column3-1
Removed Pin From Net: NetName=ROW7 Pin=LED7_U_Column5-1
Removed Pin From Net: NetName=ROW7 Pin=LED7_U_Column7-1
Removed Pin From Net: NetName=ROW7 Pin=LED7_U_Column9-1
Removed Pin From Net: NetName=ROW7 Pin=LED7_U_Column11-1
Removed Pin From Net: NetName=ROW7 Pin=LED7_U_Column13-1
Removed Pin From Net: NetName=ROW7 Pin=LED7_U_Column15-1
Removed Pin From Net: NetName=ROW8 Pin=LED8_U_Column2-1
Removed Pin From Net: NetName=ROW8 Pin=LED8_U_Column3-1
Removed Pin From Net: NetName=ROW8 Pin=LED8_U_Column5-1
Removed Pin From Net: NetName=ROW8 Pin=LED8_U_Column7-1
Removed Pin From Net: NetName=ROW8 Pin=LED8_U_Column9-1
Removed Pin From Net: NetName=ROW8 Pin=LED8_U_Column11-1
Removed Pin From Net: NetName=ROW8 Pin=LED8_U_Column13-1
Removed Pin From Net: NetName=ROW8 Pin=LED8_U_Column15-1
Change Component Designator: OldDesignator=LED1_U_Column4 NewDesignator=LED1_U_Column2
Change Component Designator: OldDesignator=LED1_U_Column6 NewDesignator=LED1_U_Column3
Change Component Designator: OldDesignator=LED1_U_Column8 NewDesignator=LED1_U_Column4
Change Component Designator: OldDesignator=LED1_U_Column10 NewDesignator=LED1_U_Column5
Change Component Designator: OldDesignator=LED1_U_Column12 NewDesignator=LED1_U_Column6
Change Component Designator: OldDesignator=LED1_U_Column14 NewDesignator=LED1_U_Column7
Change Component Designator: OldDesignator=LED1_U_Column16 NewDesignator=LED1_U_Column8
Change Component Designator: OldDesignator=LED2_U_Column4 NewDesignator=LED2_U_Column2
Change Component Designator: OldDesignator=LED2_U_Column6 NewDesignator=LED2_U_Column3
Change Component Designator: OldDesignator=LED2_U_Column8 NewDesignator=LED2_U_Column4
Change Component Designator: OldDesignator=LED2_U_Column10 NewDesignator=LED2_U_Column5
Change Component Designator: OldDesignator=LED2_U_Column12 NewDesignator=LED2_U_Column6
Change Component Designator: OldDesignator=LED2_U_Column14 NewDesignator=LED2_U_Column7
Change Component Designator: OldDesignator=LED2_U_Column16 NewDesignator=LED2_U_Column8
Change Component Designator: OldDesignator=LED3_U_Column4 NewDesignator=LED3_U_Column2
Change Component Designator: OldDesignator=LED3_U_Column6 NewDesignator=LED3_U_Column3
Change Component Designator: OldDesignator=LED3_U_Column8 NewDesignator=LED3_U_Column4
Change Component Designator: OldDesignator=LED3_U_Column10 NewDesignator=LED3_U_Column5
Change Component Designator: OldDesignator=LED3_U_Column12 NewDesignator=LED3_U_Column6
Change Component Designator: OldDesignator=LED3_U_Column14 NewDesignator=LED3_U_Column7
Change Component Designator: OldDesignator=LED3_U_Column16 NewDesignator=LED3_U_Column8
Change Component Designator: OldDesignator=LED4_U_Column4 NewDesignator=LED4_U_Column2
Change Component Designator: OldDesignator=LED4_U_Column6 NewDesignator=LED4_U_Column3
Change Component Designator: OldDesignator=LED4_U_Column8 NewDesignator=LED4_U_Column4
Change Component Designator: OldDesignator=LED4_U_Column10 NewDesignator=LED4_U_Column5
Change Component Designator: OldDesignator=LED4_U_Column12 NewDesignator=LED4_U_Column6
Change Component Designator: OldDesignator=LED4_U_Column14 NewDesignator=LED4_U_Column7
Change Component Designator: OldDesignator=LED4_U_Column16 NewDesignator=LED4_U_Column8
Change Component Designator: OldDesignator=LED5_U_Column4 NewDesignator=LED5_U_Column2
Change Component Designator: OldDesignator=LED5_U_Column6 NewDesignator=LED5_U_Column3
Change Component Designator: OldDesignator=LED5_U_Column8 NewDesignator=LED5_U_Column4
Change Component Designator: OldDesignator=LED5_U_Column10 NewDesignator=LED5_U_Column5
Change Component Designator: OldDesignator=LED5_U_Column12 NewDesignator=LED5_U_Column6
Change Component Designator: OldDesignator=LED5_U_Column14 NewDesignator=LED5_U_Column7
Change Component Designator: OldDesignator=LED5_U_Column16 NewDesignator=LED5_U_Column8
Change Component Designator: OldDesignator=LED6_U_Column4 NewDesignator=LED6_U_Column2
Change Component Designator: OldDesignator=LED6_U_Column6 NewDesignator=LED6_U_Column3
Change Component Designator: OldDesignator=LED6_U_Column8 NewDesignator=LED6_U_Column4
Change Component Designator: OldDesignator=LED6_U_Column10 NewDesignator=LED6_U_Column5
Change Component Designator: OldDesignator=LED6_U_Column12 NewDesignator=LED6_U_Column6
Change Component Designator: OldDesignator=LED6_U_Column14 NewDesignator=LED6_U_Column7
Change Component Designator: OldDesignator=LED6_U_Column16 NewDesignator=LED6_U_Column8
Change Component Designator: OldDesignator=LED7_U_Column4 NewDesignator=LED7_U_Column2
Change Component Designator: OldDesignator=LED7_U_Column6 NewDesignator=LED7_U_Column3
Change Component Designator: OldDesignator=LED7_U_Column8 NewDesignator=LED7_U_Column4
Change Component Designator: OldDesignator=LED7_U_Column10 NewDesignator=LED7_U_Column5
Change Component Designator: OldDesignator=LED7_U_Column12 NewDesignator=LED7_U_Column6
Change Component Designator: OldDesignator=LED7_U_Column14 NewDesignator=LED7_U_Column7
Change Component Designator: OldDesignator=LED7_U_Column16 NewDesignator=LED7_U_Column8
Change Component Designator: OldDesignator=LED8_U_Column4 NewDesignator=LED8_U_Column2
Change Component Designator: OldDesignator=LED8_U_Column6 NewDesignator=LED8_U_Column3
Change Component Designator: OldDesignator=LED8_U_Column8 NewDesignator=LED8_U_Column4
Change Component Designator: OldDesignator=LED8_U_Column10 NewDesignator=LED8_U_Column5
Change Component Designator: OldDesignator=LED8_U_Column12 NewDesignator=LED8_U_Column6
Change Component Designator: OldDesignator=LED8_U_Column14 NewDesignator=LED8_U_Column7
Change Component Designator: OldDesignator=LED8_U_Column16 NewDesignator=LED8_U_Column8
Change Net Name : Old Net Name=NetLED1_U_Column4_2 New Net Name=NetLED1_U_Column2_2
Change Net Name : Old Net Name=NetLED1_U_Column6_2 New Net Name=NetLED1_U_Column3_2
Change Net Name : Old Net Name=NetLED1_U_Column8_2 New Net Name=NetLED1_U_Column4_2
Change Net Name : Old Net Name=NetLED1_U_Column10_2 New Net Name=NetLED1_U_Column5_2
Change Net Name : Old Net Name=NetLED1_U_Column12_2 New Net Name=NetLED1_U_Column6_2
Change Net Name : Old Net Name=NetLED1_U_Column14_2 New Net Name=NetLED1_U_Column7_2
Change Net Name : Old Net Name=NetLED1_U_Column16_2 New Net Name=NetLED1_U_Column8_2
Change Net Name : Old Net Name=S1_BUS1 New Net Name=S1C1
Change Net Name : Old Net Name=S1_BUS2 New Net Name=S1C2
Change Net Name : Old Net Name=S1_BUS3 New Net Name=S1C3
Change Net Name : Old Net Name=S1_BUS4 New Net Name=S1C4
Change Net Name : Old Net Name=S1_BUS5 New Net Name=S1C5
Change Net Name : Old Net Name=S1_BUS6 New Net Name=S1C6
Change Net Name : Old Net Name=S1_BUS7 New Net Name=S1C7
Change Net Name : Old Net Name=S1_BUS8 New Net Name=S1C8
Change Net Name : Old Net Name=S2_BUS9 New Net Name=COL1
Change Net Name : Old Net Name=S2_BUS10 New Net Name=COL2
Change Net Name : Old Net Name=S2_BUS11 New Net Name=COL3
Change Net Name : Old Net Name=S2_BUS12 New Net Name=COL4
Change Net Name : Old Net Name=S2_BUS13 New Net Name=COL5
Change Net Name : Old Net Name=S2_BUS14 New Net Name=COL6
Change Net Name : Old Net Name=S2_BUS15 New Net Name=COL7
Change Net Name : Old Net Name=S2_BUS16 New Net Name=COL8
Added Class: Name=COL[1..8]
Added Class: Name=S1C[1..8]
