Change Component Designator: OldDesignator=LED1_RIGHT1 NewDesignator=LED1_Column1
Change Component Designator: OldDesignator=LED1_RIGHT2 NewDesignator=LED1_Column2
Change Component Designator: OldDesignator=LED1_RIGHT3 NewDesignator=LED1_Column3
Change Component Designator: OldDesignator=LED1_RIGHT4 NewDesignator=LED1_Column4
Change Component Designator: OldDesignator=LED1_RIGHT5 NewDesignator=LED1_Column5
Change Component Designator: OldDesignator=LED1_RIGHT6 NewDesignator=LED1_Column6
Change Component Designator: OldDesignator=LED1_RIGHT7 NewDesignator=LED1_Column7
Change Component Designator: OldDesignator=LED1_RIGHT8 NewDesignator=LED1_Column8
Change Component Designator: OldDesignator=LED2_RIGHT1 NewDesignator=LED2_Column1
Change Component Designator: OldDesignator=LED2_RIGHT2 NewDesignator=LED2_Column2
Change Component Designator: OldDesignator=LED2_RIGHT3 NewDesignator=LED2_Column3
Change Component Designator: OldDesignator=LED2_RIGHT4 NewDesignator=LED2_Column4
Change Component Designator: OldDesignator=LED2_RIGHT5 NewDesignator=LED2_Column5
Change Component Designator: OldDesignator=LED2_RIGHT6 NewDesignator=LED2_Column6
Change Component Designator: OldDesignator=LED2_RIGHT7 NewDesignator=LED2_Column7
Change Component Designator: OldDesignator=LED2_RIGHT8 NewDesignator=LED2_Column8
Change Component Designator: OldDesignator=LED3_RIGHT1 NewDesignator=LED3_Column1
Change Component Designator: OldDesignator=LED3_RIGHT2 NewDesignator=LED3_Column2
Change Component Designator: OldDesignator=LED3_RIGHT3 NewDesignator=LED3_Column3
Change Component Designator: OldDesignator=LED3_RIGHT4 NewDesignator=LED3_Column4
Change Component Designator: OldDesignator=LED3_RIGHT5 NewDesignator=LED3_Column5
Change Component Designator: OldDesignator=LED3_RIGHT6 NewDesignator=LED3_Column6
Change Component Designator: OldDesignator=LED3_RIGHT7 NewDesignator=LED3_Column7
Change Component Designator: OldDesignator=LED3_RIGHT8 NewDesignator=LED3_Column8
Change Component Designator: OldDesignator=LED4_RIGHT1 NewDesignator=LED4_Column1
Change Component Designator: OldDesignator=LED4_RIGHT2 NewDesignator=LED4_Column2
Change Component Designator: OldDesignator=LED4_RIGHT3 NewDesignator=LED4_Column3
Change Component Designator: OldDesignator=LED4_RIGHT4 NewDesignator=LED4_Column4
Change Component Designator: OldDesignator=LED4_RIGHT5 NewDesignator=LED4_Column5
Change Component Designator: OldDesignator=LED4_RIGHT6 NewDesignator=LED4_Column6
Change Component Designator: OldDesignator=LED4_RIGHT7 NewDesignator=LED4_Column7
Change Component Designator: OldDesignator=LED4_RIGHT8 NewDesignator=LED4_Column8
Change Component Designator: OldDesignator=LED5_RIGHT1 NewDesignator=LED5_Column1
Change Component Designator: OldDesignator=LED5_RIGHT2 NewDesignator=LED5_Column2
Change Component Designator: OldDesignator=LED5_RIGHT3 NewDesignator=LED5_Column3
Change Component Designator: OldDesignator=LED5_RIGHT4 NewDesignator=LED5_Column4
Change Component Designator: OldDesignator=LED5_RIGHT5 NewDesignator=LED5_Column5
Change Component Designator: OldDesignator=LED5_RIGHT6 NewDesignator=LED5_Column6
Change Component Designator: OldDesignator=LED5_RIGHT7 NewDesignator=LED5_Column7
Change Component Designator: OldDesignator=LED5_RIGHT8 NewDesignator=LED5_Column8
Change Component Designator: OldDesignator=LED6_RIGHT1 NewDesignator=LED6_Column1
Change Component Designator: OldDesignator=LED6_RIGHT2 NewDesignator=LED6_Column2
Change Component Designator: OldDesignator=LED6_RIGHT3 NewDesignator=LED6_Column3
Change Component Designator: OldDesignator=LED6_RIGHT4 NewDesignator=LED6_Column4
Change Component Designator: OldDesignator=LED6_RIGHT5 NewDesignator=LED6_Column5
Change Component Designator: OldDesignator=LED6_RIGHT6 NewDesignator=LED6_Column6
Change Component Designator: OldDesignator=LED6_RIGHT7 NewDesignator=LED6_Column7
Change Component Designator: OldDesignator=LED6_RIGHT8 NewDesignator=LED6_Column8
Change Component Designator: OldDesignator=LED7_RIGHT1 NewDesignator=LED7_Column1
Change Component Designator: OldDesignator=LED7_RIGHT2 NewDesignator=LED7_Column2
Change Component Designator: OldDesignator=LED7_RIGHT3 NewDesignator=LED7_Column3
Change Component Designator: OldDesignator=LED7_RIGHT4 NewDesignator=LED7_Column4
Change Component Designator: OldDesignator=LED7_RIGHT5 NewDesignator=LED7_Column5
Change Component Designator: OldDesignator=LED7_RIGHT6 NewDesignator=LED7_Column6
Change Component Designator: OldDesignator=LED7_RIGHT7 NewDesignator=LED7_Column7
Change Component Designator: OldDesignator=LED7_RIGHT8 NewDesignator=LED7_Column8
Change Component Designator: OldDesignator=LED8_RIGHT1 NewDesignator=LED8_Column1
Change Component Designator: OldDesignator=LED8_RIGHT2 NewDesignator=LED8_Column2
Change Component Designator: OldDesignator=LED8_RIGHT3 NewDesignator=LED8_Column3
Change Component Designator: OldDesignator=LED8_RIGHT4 NewDesignator=LED8_Column4
Change Component Designator: OldDesignator=LED8_RIGHT5 NewDesignator=LED8_Column5
Change Component Designator: OldDesignator=LED8_RIGHT6 NewDesignator=LED8_Column6
Change Component Designator: OldDesignator=LED8_RIGHT7 NewDesignator=LED8_Column7
Change Component Designator: OldDesignator=LED8_RIGHT8 NewDesignator=LED8_Column8
Added Component: Designator=LED1_Column9(0805_A)
Added Component: Designator=LED1_Column10(0805_A)
Added Component: Designator=LED1_Column11(0805_A)
Added Component: Designator=LED1_Column12(0805_A)
Added Component: Designator=LED1_Column13(0805_A)
Added Component: Designator=LED1_Column14(0805_A)
Added Component: Designator=LED1_Column15(0805_A)
Added Component: Designator=LED1_Column16(0805_A)
Added Component: Designator=LED2_Column9(0805_A)
Added Component: Designator=LED2_Column10(0805_A)
Added Component: Designator=LED2_Column11(0805_A)
Added Component: Designator=LED2_Column12(0805_A)
Added Component: Designator=LED2_Column13(0805_A)
Added Component: Designator=LED2_Column14(0805_A)
Added Component: Designator=LED2_Column15(0805_A)
Added Component: Designator=LED2_Column16(0805_A)
Added Component: Designator=LED3_Column9(0805_A)
Added Component: Designator=LED3_Column10(0805_A)
Added Component: Designator=LED3_Column11(0805_A)
Added Component: Designator=LED3_Column12(0805_A)
Added Component: Designator=LED3_Column13(0805_A)
Added Component: Designator=LED3_Column14(0805_A)
Added Component: Designator=LED3_Column15(0805_A)
Added Component: Designator=LED3_Column16(0805_A)
Added Component: Designator=LED4_Column9(0805_A)
Added Component: Designator=LED4_Column10(0805_A)
Added Component: Designator=LED4_Column11(0805_A)
Added Component: Designator=LED4_Column12(0805_A)
Added Component: Designator=LED4_Column13(0805_A)
Added Component: Designator=LED4_Column14(0805_A)
Added Component: Designator=LED4_Column15(0805_A)
Added Component: Designator=LED4_Column16(0805_A)
Added Component: Designator=LED5_Column9(0805_A)
Added Component: Designator=LED5_Column10(0805_A)
Added Component: Designator=LED5_Column11(0805_A)
Added Component: Designator=LED5_Column12(0805_A)
Added Component: Designator=LED5_Column13(0805_A)
Added Component: Designator=LED5_Column14(0805_A)
Added Component: Designator=LED5_Column15(0805_A)
Added Component: Designator=LED5_Column16(0805_A)
Added Component: Designator=LED6_Column9(0805_A)
Added Component: Designator=LED6_Column10(0805_A)
Added Component: Designator=LED6_Column11(0805_A)
Added Component: Designator=LED6_Column12(0805_A)
Added Component: Designator=LED6_Column13(0805_A)
Added Component: Designator=LED6_Column14(0805_A)
Added Component: Designator=LED6_Column15(0805_A)
Added Component: Designator=LED6_Column16(0805_A)
Added Component: Designator=LED7_Column9(0805_A)
Added Component: Designator=LED7_Column10(0805_A)
Added Component: Designator=LED7_Column11(0805_A)
Added Component: Designator=LED7_Column12(0805_A)
Added Component: Designator=LED7_Column13(0805_A)
Added Component: Designator=LED7_Column14(0805_A)
Added Component: Designator=LED7_Column15(0805_A)
Added Component: Designator=LED7_Column16(0805_A)
Added Component: Designator=LED8_Column9(0805_A)
Added Component: Designator=LED8_Column10(0805_A)
Added Component: Designator=LED8_Column11(0805_A)
Added Component: Designator=LED8_Column12(0805_A)
Added Component: Designator=LED8_Column13(0805_A)
Added Component: Designator=LED8_Column14(0805_A)
Added Component: Designator=LED8_Column15(0805_A)
Added Component: Designator=LED8_Column16(0805_A)
Added Pin To Net: NetName=ROW1 Pin=LED1_Column9-1
Added Pin To Net: NetName=ROW1 Pin=LED1_Column10-1
Added Pin To Net: NetName=ROW1 Pin=LED1_Column11-1
Added Pin To Net: NetName=ROW1 Pin=LED1_Column12-1
Added Pin To Net: NetName=ROW1 Pin=LED1_Column13-1
Added Pin To Net: NetName=ROW1 Pin=LED1_Column14-1
Added Pin To Net: NetName=ROW1 Pin=LED1_Column15-1
Added Pin To Net: NetName=ROW1 Pin=LED1_Column16-1
Added Pin To Net: NetName=ROW2 Pin=LED2_Column9-1
Added Pin To Net: NetName=ROW2 Pin=LED2_Column10-1
Added Pin To Net: NetName=ROW2 Pin=LED2_Column11-1
Added Pin To Net: NetName=ROW2 Pin=LED2_Column12-1
Added Pin To Net: NetName=ROW2 Pin=LED2_Column13-1
Added Pin To Net: NetName=ROW2 Pin=LED2_Column14-1
Added Pin To Net: NetName=ROW2 Pin=LED2_Column15-1
Added Pin To Net: NetName=ROW2 Pin=LED2_Column16-1
Added Pin To Net: NetName=ROW3 Pin=LED3_Column9-1
Added Pin To Net: NetName=ROW3 Pin=LED3_Column10-1
Added Pin To Net: NetName=ROW3 Pin=LED3_Column11-1
Added Pin To Net: NetName=ROW3 Pin=LED3_Column12-1
Added Pin To Net: NetName=ROW3 Pin=LED3_Column13-1
Added Pin To Net: NetName=ROW3 Pin=LED3_Column14-1
Added Pin To Net: NetName=ROW3 Pin=LED3_Column15-1
Added Pin To Net: NetName=ROW3 Pin=LED3_Column16-1
Added Pin To Net: NetName=ROW4 Pin=LED4_Column9-1
Added Pin To Net: NetName=ROW4 Pin=LED4_Column10-1
Added Pin To Net: NetName=ROW4 Pin=LED4_Column11-1
Added Pin To Net: NetName=ROW4 Pin=LED4_Column12-1
Added Pin To Net: NetName=ROW4 Pin=LED4_Column13-1
Added Pin To Net: NetName=ROW4 Pin=LED4_Column14-1
Added Pin To Net: NetName=ROW4 Pin=LED4_Column15-1
Added Pin To Net: NetName=ROW4 Pin=LED4_Column16-1
Added Pin To Net: NetName=ROW5 Pin=LED5_Column9-1
Added Pin To Net: NetName=ROW5 Pin=LED5_Column10-1
Added Pin To Net: NetName=ROW5 Pin=LED5_Column11-1
Added Pin To Net: NetName=ROW5 Pin=LED5_Column12-1
Added Pin To Net: NetName=ROW5 Pin=LED5_Column13-1
Added Pin To Net: NetName=ROW5 Pin=LED5_Column14-1
Added Pin To Net: NetName=ROW5 Pin=LED5_Column15-1
Added Pin To Net: NetName=ROW5 Pin=LED5_Column16-1
Added Pin To Net: NetName=ROW6 Pin=LED6_Column9-1
Added Pin To Net: NetName=ROW6 Pin=LED6_Column10-1
Added Pin To Net: NetName=ROW6 Pin=LED6_Column11-1
Added Pin To Net: NetName=ROW6 Pin=LED6_Column12-1
Added Pin To Net: NetName=ROW6 Pin=LED6_Column13-1
Added Pin To Net: NetName=ROW6 Pin=LED6_Column14-1
Added Pin To Net: NetName=ROW6 Pin=LED6_Column15-1
Added Pin To Net: NetName=ROW6 Pin=LED6_Column16-1
Added Pin To Net: NetName=ROW7 Pin=LED7_Column9-1
Added Pin To Net: NetName=ROW7 Pin=LED7_Column10-1
Added Pin To Net: NetName=ROW7 Pin=LED7_Column11-1
Added Pin To Net: NetName=ROW7 Pin=LED7_Column12-1
Added Pin To Net: NetName=ROW7 Pin=LED7_Column13-1
Added Pin To Net: NetName=ROW7 Pin=LED7_Column14-1
Added Pin To Net: NetName=ROW7 Pin=LED7_Column15-1
Added Pin To Net: NetName=ROW7 Pin=LED7_Column16-1
Added Pin To Net: NetName=ROW8 Pin=LED8_Column9-1
Added Pin To Net: NetName=ROW8 Pin=LED8_Column10-1
Added Pin To Net: NetName=ROW8 Pin=LED8_Column11-1
Added Pin To Net: NetName=ROW8 Pin=LED8_Column12-1
Added Pin To Net: NetName=ROW8 Pin=LED8_Column13-1
Added Pin To Net: NetName=ROW8 Pin=LED8_Column14-1
Added Pin To Net: NetName=ROW8 Pin=LED8_Column15-1
Added Pin To Net: NetName=ROW8 Pin=LED8_Column16-1
Change Net Name : Old Net Name=NetLED1_RIGHT1_2 New Net Name=NetLED1_Column1_2
Change Net Name : Old Net Name=NetLED1_RIGHT2_2 New Net Name=NetLED1_Column2_2
Change Net Name : Old Net Name=NetLED1_RIGHT3_2 New Net Name=NetLED1_Column3_2
Change Net Name : Old Net Name=NetLED1_RIGHT4_2 New Net Name=NetLED1_Column4_2
Change Net Name : Old Net Name=NetLED1_RIGHT5_2 New Net Name=NetLED1_Column5_2
Change Net Name : Old Net Name=NetLED1_RIGHT6_2 New Net Name=NetLED1_Column6_2
Change Net Name : Old Net Name=NetLED1_RIGHT7_2 New Net Name=NetLED1_Column7_2
Change Net Name : Old Net Name=NetLED1_RIGHT8_2 New Net Name=NetLED1_Column8_2
Added Pin To Net: NetName=COL9 Pin=R1-8
Added Pin To Net: NetName=COL9 Pin=R2-8
Added Net: Name=COL9
Added Pin To Net: NetName=COL10 Pin=R1-9
Added Pin To Net: NetName=COL10 Pin=R2-9
Added Net: Name=COL10
Added Pin To Net: NetName=COL11 Pin=R1-10
Added Pin To Net: NetName=COL11 Pin=R2-10
Added Net: Name=COL11
Added Pin To Net: NetName=COL12 Pin=R1-11
Added Pin To Net: NetName=COL12 Pin=R2-11
Added Net: Name=COL12
Added Pin To Net: NetName=COL13 Pin=R1-12
Added Pin To Net: NetName=COL13 Pin=R2-12
Added Net: Name=COL13
Added Pin To Net: NetName=COL14 Pin=R1-13
Added Pin To Net: NetName=COL14 Pin=R2-13
Added Net: Name=COL14
Added Pin To Net: NetName=COL15 Pin=R1-14
Added Pin To Net: NetName=COL15 Pin=R2-14
Added Net: Name=COL15
Added Pin To Net: NetName=COL16 Pin=R1-15
Added Pin To Net: NetName=COL16 Pin=R2-15
Added Net: Name=COL16
Added Pin To Net: NetName=NetLED1_Column9_2 Pin=LED1_Column9-2
Added Pin To Net: NetName=NetLED1_Column9_2 Pin=LED2_Column9-2
Added Pin To Net: NetName=NetLED1_Column9_2 Pin=LED3_Column9-2
Added Pin To Net: NetName=NetLED1_Column9_2 Pin=LED4_Column9-2
Added Pin To Net: NetName=NetLED1_Column9_2 Pin=LED5_Column9-2
Added Pin To Net: NetName=NetLED1_Column9_2 Pin=LED6_Column9-2
Added Pin To Net: NetName=NetLED1_Column9_2 Pin=LED7_Column9-2
Added Pin To Net: NetName=NetLED1_Column9_2 Pin=LED8_Column9-2
Added Net: Name=NetLED1_Column9_2
Added Pin To Net: NetName=NetLED1_Column10_2 Pin=LED1_Column10-2
Added Pin To Net: NetName=NetLED1_Column10_2 Pin=LED2_Column10-2
Added Pin To Net: NetName=NetLED1_Column10_2 Pin=LED3_Column10-2
Added Pin To Net: NetName=NetLED1_Column10_2 Pin=LED4_Column10-2
Added Pin To Net: NetName=NetLED1_Column10_2 Pin=LED5_Column10-2
Added Pin To Net: NetName=NetLED1_Column10_2 Pin=LED6_Column10-2
Added Pin To Net: NetName=NetLED1_Column10_2 Pin=LED7_Column10-2
Added Pin To Net: NetName=NetLED1_Column10_2 Pin=LED8_Column10-2
Added Net: Name=NetLED1_Column10_2
Added Pin To Net: NetName=NetLED1_Column11_2 Pin=LED1_Column11-2
Added Pin To Net: NetName=NetLED1_Column11_2 Pin=LED2_Column11-2
Added Pin To Net: NetName=NetLED1_Column11_2 Pin=LED3_Column11-2
Added Pin To Net: NetName=NetLED1_Column11_2 Pin=LED4_Column11-2
Added Pin To Net: NetName=NetLED1_Column11_2 Pin=LED5_Column11-2
Added Pin To Net: NetName=NetLED1_Column11_2 Pin=LED6_Column11-2
Added Pin To Net: NetName=NetLED1_Column11_2 Pin=LED7_Column11-2
Added Pin To Net: NetName=NetLED1_Column11_2 Pin=LED8_Column11-2
Added Net: Name=NetLED1_Column11_2
Added Pin To Net: NetName=NetLED1_Column12_2 Pin=LED1_Column12-2
Added Pin To Net: NetName=NetLED1_Column12_2 Pin=LED2_Column12-2
Added Pin To Net: NetName=NetLED1_Column12_2 Pin=LED3_Column12-2
Added Pin To Net: NetName=NetLED1_Column12_2 Pin=LED4_Column12-2
Added Pin To Net: NetName=NetLED1_Column12_2 Pin=LED5_Column12-2
Added Pin To Net: NetName=NetLED1_Column12_2 Pin=LED6_Column12-2
Added Pin To Net: NetName=NetLED1_Column12_2 Pin=LED7_Column12-2
Added Pin To Net: NetName=NetLED1_Column12_2 Pin=LED8_Column12-2
Added Net: Name=NetLED1_Column12_2
Added Pin To Net: NetName=NetLED1_Column13_2 Pin=LED1_Column13-2
Added Pin To Net: NetName=NetLED1_Column13_2 Pin=LED2_Column13-2
Added Pin To Net: NetName=NetLED1_Column13_2 Pin=LED3_Column13-2
Added Pin To Net: NetName=NetLED1_Column13_2 Pin=LED4_Column13-2
Added Pin To Net: NetName=NetLED1_Column13_2 Pin=LED5_Column13-2
Added Pin To Net: NetName=NetLED1_Column13_2 Pin=LED6_Column13-2
Added Pin To Net: NetName=NetLED1_Column13_2 Pin=LED7_Column13-2
Added Pin To Net: NetName=NetLED1_Column13_2 Pin=LED8_Column13-2
Added Net: Name=NetLED1_Column13_2
Added Pin To Net: NetName=NetLED1_Column14_2 Pin=LED1_Column14-2
Added Pin To Net: NetName=NetLED1_Column14_2 Pin=LED2_Column14-2
Added Pin To Net: NetName=NetLED1_Column14_2 Pin=LED3_Column14-2
Added Pin To Net: NetName=NetLED1_Column14_2 Pin=LED4_Column14-2
Added Pin To Net: NetName=NetLED1_Column14_2 Pin=LED5_Column14-2
Added Pin To Net: NetName=NetLED1_Column14_2 Pin=LED6_Column14-2
Added Pin To Net: NetName=NetLED1_Column14_2 Pin=LED7_Column14-2
Added Pin To Net: NetName=NetLED1_Column14_2 Pin=LED8_Column14-2
Added Net: Name=NetLED1_Column14_2
Added Pin To Net: NetName=NetLED1_Column15_2 Pin=LED1_Column15-2
Added Pin To Net: NetName=NetLED1_Column15_2 Pin=LED2_Column15-2
Added Pin To Net: NetName=NetLED1_Column15_2 Pin=LED3_Column15-2
Added Pin To Net: NetName=NetLED1_Column15_2 Pin=LED4_Column15-2
Added Pin To Net: NetName=NetLED1_Column15_2 Pin=LED5_Column15-2
Added Pin To Net: NetName=NetLED1_Column15_2 Pin=LED6_Column15-2
Added Pin To Net: NetName=NetLED1_Column15_2 Pin=LED7_Column15-2
Added Pin To Net: NetName=NetLED1_Column15_2 Pin=LED8_Column15-2
Added Net: Name=NetLED1_Column15_2
Added Pin To Net: NetName=NetLED1_Column16_2 Pin=LED1_Column16-2
Added Pin To Net: NetName=NetLED1_Column16_2 Pin=LED2_Column16-2
Added Pin To Net: NetName=NetLED1_Column16_2 Pin=LED3_Column16-2
Added Pin To Net: NetName=NetLED1_Column16_2 Pin=LED4_Column16-2
Added Pin To Net: NetName=NetLED1_Column16_2 Pin=LED5_Column16-2
Added Pin To Net: NetName=NetLED1_Column16_2 Pin=LED6_Column16-2
Added Pin To Net: NetName=NetLED1_Column16_2 Pin=LED7_Column16-2
Added Pin To Net: NetName=NetLED1_Column16_2 Pin=LED8_Column16-2
Added Net: Name=NetLED1_Column16_2
Change Class Name : Old Net Name=RIGHT1 New Net Name=Column1
Change Class Name : Old Net Name=RIGHT2 New Net Name=Column2
Change Class Name : Old Net Name=RIGHT3 New Net Name=Column3
Change Class Name : Old Net Name=RIGHT4 New Net Name=Column4
Change Class Name : Old Net Name=RIGHT5 New Net Name=Column5
Change Class Name : Old Net Name=RIGHT6 New Net Name=Column6
Change Class Name : Old Net Name=RIGHT7 New Net Name=Column7
Change Class Name : Old Net Name=RIGHT8 New Net Name=Column8
Added Class: Name=Column9
Added Class: Name=Column10
Added Class: Name=Column11
Added Class: Name=Column12
Added Class: Name=Column13
Added Class: Name=Column14
Added Class: Name=Column15
Added Class: Name=Column16
Added Class: Name=COL[1..16]
Change Room Name: Old Name=RIGHT6 New Name=Column12
Change Room Scope: Old Scope=InComponentClass('RIGHT6') New Scope=InComponentClass('Column12')
Added Room: Name=Column1
Added Room: Name=Column2
Added Room: Name=Column3
Added Room: Name=Column4
Added Room: Name=Column5
Added Room: Name=Column6
Added Room: Name=Column7
Added Room: Name=Column8
Added Room: Name=Column9
Added Room: Name=Column10
Added Room: Name=Column11
Added Room: Name=Column13
Added Room: Name=Column14
Added Room: Name=Column15
Added Room: Name=Column16
