Added Component: Designator=LED1_Col1(0805_A)
Added Component: Designator=LED1_Col2(0805_A)
Added Component: Designator=LED1_Col3(0805_A)
Added Component: Designator=LED1_Col4(0805_A)
Added Component: Designator=LED1_Col5(0805_A)
Added Component: Designator=LED1_Col6(0805_A)
Added Component: Designator=LED1_Col7(0805_A)
Added Component: Designator=LED1_Col8(0805_A)
Added Component: Designator=LED1_Col9(0805_A)
Added Component: Designator=LED1_Col10(0805_A)
Added Component: Designator=LED1_Col11(0805_A)
Added Component: Designator=LED1_Col12(0805_A)
Added Component: Designator=LED1_Col13(0805_A)
Added Component: Designator=LED1_Col14(0805_A)
Added Component: Designator=LED1_Col15(0805_A)
Added Component: Designator=LED1_Col16(0805_A)
Added Component: Designator=LED9_Col1(0805_A)
Added Component: Designator=LED9_Col2(0805_A)
Added Component: Designator=LED9_Col3(0805_A)
Added Component: Designator=LED9_Col4(0805_A)
Added Component: Designator=LED9_Col5(0805_A)
Added Component: Designator=LED9_Col6(0805_A)
Added Component: Designator=LED9_Col7(0805_A)
Added Component: Designator=LED9_Col8(0805_A)
Added Component: Designator=LED9_Col9(0805_A)
Added Component: Designator=LED9_Col10(0805_A)
Added Component: Designator=LED9_Col11(0805_A)
Added Component: Designator=LED9_Col12(0805_A)
Added Component: Designator=LED9_Col13(0805_A)
Added Component: Designator=LED9_Col14(0805_A)
Added Component: Designator=LED9_Col15(0805_A)
Added Component: Designator=LED9_Col16(0805_A)
Added Component: Designator=LED17_Col1(0805_A)
Added Component: Designator=LED17_Col2(0805_A)
Added Component: Designator=LED17_Col3(0805_A)
Added Component: Designator=LED17_Col4(0805_A)
Added Component: Designator=LED17_Col5(0805_A)
Added Component: Designator=LED17_Col6(0805_A)
Added Component: Designator=LED17_Col7(0805_A)
Added Component: Designator=LED17_Col8(0805_A)
Added Component: Designator=LED17_Col9(0805_A)
Added Component: Designator=LED17_Col10(0805_A)
Added Component: Designator=LED17_Col11(0805_A)
Added Component: Designator=LED17_Col12(0805_A)
Added Component: Designator=LED17_Col13(0805_A)
Added Component: Designator=LED17_Col14(0805_A)
Added Component: Designator=LED17_Col15(0805_A)
Added Component: Designator=LED17_Col16(0805_A)
Added Component: Designator=LED25_Col1(0805_A)
Added Component: Designator=LED25_Col2(0805_A)
Added Component: Designator=LED25_Col3(0805_A)
Added Component: Designator=LED25_Col4(0805_A)
Added Component: Designator=LED25_Col5(0805_A)
Added Component: Designator=LED25_Col6(0805_A)
Added Component: Designator=LED25_Col7(0805_A)
Added Component: Designator=LED25_Col8(0805_A)
Added Component: Designator=LED25_Col9(0805_A)
Added Component: Designator=LED25_Col10(0805_A)
Added Component: Designator=LED25_Col11(0805_A)
Added Component: Designator=LED25_Col12(0805_A)
Added Component: Designator=LED25_Col13(0805_A)
Added Component: Designator=LED25_Col14(0805_A)
Added Component: Designator=LED25_Col15(0805_A)
Added Component: Designator=LED25_Col16(0805_A)
Added Component: Designator=LED33_Col1(0805_A)
Added Component: Designator=LED33_Col2(0805_A)
Added Component: Designator=LED33_Col3(0805_A)
Added Component: Designator=LED33_Col4(0805_A)
Added Component: Designator=LED33_Col5(0805_A)
Added Component: Designator=LED33_Col6(0805_A)
Added Component: Designator=LED33_Col7(0805_A)
Added Component: Designator=LED33_Col8(0805_A)
Added Component: Designator=LED33_Col9(0805_A)
Added Component: Designator=LED33_Col10(0805_A)
Added Component: Designator=LED33_Col11(0805_A)
Added Component: Designator=LED33_Col12(0805_A)
Added Component: Designator=LED33_Col13(0805_A)
Added Component: Designator=LED33_Col14(0805_A)
Added Component: Designator=LED33_Col15(0805_A)
Added Component: Designator=LED33_Col16(0805_A)
Added Component: Designator=LED41_Col1(0805_A)
Added Component: Designator=LED41_Col2(0805_A)
Added Component: Designator=LED41_Col3(0805_A)
Added Component: Designator=LED41_Col4(0805_A)
Added Component: Designator=LED41_Col5(0805_A)
Added Component: Designator=LED41_Col6(0805_A)
Added Component: Designator=LED41_Col7(0805_A)
Added Component: Designator=LED41_Col8(0805_A)
Added Component: Designator=LED41_Col9(0805_A)
Added Component: Designator=LED41_Col10(0805_A)
Added Component: Designator=LED41_Col11(0805_A)
Added Component: Designator=LED41_Col12(0805_A)
Added Component: Designator=LED41_Col13(0805_A)
Added Component: Designator=LED41_Col14(0805_A)
Added Component: Designator=LED41_Col15(0805_A)
Added Component: Designator=LED41_Col16(0805_A)
Added Component: Designator=LED49_Col1(0805_A)
Added Component: Designator=LED49_Col2(0805_A)
Added Component: Designator=LED49_Col3(0805_A)
Added Component: Designator=LED49_Col4(0805_A)
Added Component: Designator=LED49_Col5(0805_A)
Added Component: Designator=LED49_Col6(0805_A)
Added Component: Designator=LED49_Col7(0805_A)
Added Component: Designator=LED49_Col8(0805_A)
Added Component: Designator=LED49_Col9(0805_A)
Added Component: Designator=LED49_Col10(0805_A)
Added Component: Designator=LED49_Col11(0805_A)
Added Component: Designator=LED49_Col12(0805_A)
Added Component: Designator=LED49_Col13(0805_A)
Added Component: Designator=LED49_Col14(0805_A)
Added Component: Designator=LED49_Col15(0805_A)
Added Component: Designator=LED49_Col16(0805_A)
Added Component: Designator=LED57_Col1(0805_A)
Added Component: Designator=LED57_Col2(0805_A)
Added Component: Designator=LED57_Col3(0805_A)
Added Component: Designator=LED57_Col4(0805_A)
Added Component: Designator=LED57_Col5(0805_A)
Added Component: Designator=LED57_Col6(0805_A)
Added Component: Designator=LED57_Col7(0805_A)
Added Component: Designator=LED57_Col8(0805_A)
Added Component: Designator=LED57_Col9(0805_A)
Added Component: Designator=LED57_Col10(0805_A)
Added Component: Designator=LED57_Col11(0805_A)
Added Component: Designator=LED57_Col12(0805_A)
Added Component: Designator=LED57_Col13(0805_A)
Added Component: Designator=LED57_Col14(0805_A)
Added Component: Designator=LED57_Col15(0805_A)
Added Component: Designator=LED57_Col16(0805_A)
Added Pin To Net: NetName=NetLED1_Col1_1 Pin=LED1_Col1-1
Added Pin To Net: NetName=NetLED1_Col1_1 Pin=LED9_Col1-1
Added Pin To Net: NetName=NetLED1_Col1_1 Pin=LED17_Col1-1
Added Pin To Net: NetName=NetLED1_Col1_1 Pin=LED25_Col1-1
Added Pin To Net: NetName=NetLED1_Col1_1 Pin=LED33_Col1-1
Added Pin To Net: NetName=NetLED1_Col1_1 Pin=LED41_Col1-1
Added Pin To Net: NetName=NetLED1_Col1_1 Pin=LED49_Col1-1
Added Pin To Net: NetName=NetLED1_Col1_1 Pin=LED57_Col1-1
Added Net: Name=NetLED1_Col1_1
Added Pin To Net: NetName=NetLED1_Col2_1 Pin=LED1_Col2-1
Added Pin To Net: NetName=NetLED1_Col2_1 Pin=LED9_Col2-1
Added Pin To Net: NetName=NetLED1_Col2_1 Pin=LED17_Col2-1
Added Pin To Net: NetName=NetLED1_Col2_1 Pin=LED25_Col2-1
Added Pin To Net: NetName=NetLED1_Col2_1 Pin=LED33_Col2-1
Added Pin To Net: NetName=NetLED1_Col2_1 Pin=LED41_Col2-1
Added Pin To Net: NetName=NetLED1_Col2_1 Pin=LED49_Col2-1
Added Pin To Net: NetName=NetLED1_Col2_1 Pin=LED57_Col2-1
Added Net: Name=NetLED1_Col2_1
Added Pin To Net: NetName=NetLED1_Col3_1 Pin=LED1_Col3-1
Added Pin To Net: NetName=NetLED1_Col3_1 Pin=LED9_Col3-1
Added Pin To Net: NetName=NetLED1_Col3_1 Pin=LED17_Col3-1
Added Pin To Net: NetName=NetLED1_Col3_1 Pin=LED25_Col3-1
Added Pin To Net: NetName=NetLED1_Col3_1 Pin=LED33_Col3-1
Added Pin To Net: NetName=NetLED1_Col3_1 Pin=LED41_Col3-1
Added Pin To Net: NetName=NetLED1_Col3_1 Pin=LED49_Col3-1
Added Pin To Net: NetName=NetLED1_Col3_1 Pin=LED57_Col3-1
Added Net: Name=NetLED1_Col3_1
Added Pin To Net: NetName=NetLED1_Col4_1 Pin=LED1_Col4-1
Added Pin To Net: NetName=NetLED1_Col4_1 Pin=LED9_Col4-1
Added Pin To Net: NetName=NetLED1_Col4_1 Pin=LED17_Col4-1
Added Pin To Net: NetName=NetLED1_Col4_1 Pin=LED25_Col4-1
Added Pin To Net: NetName=NetLED1_Col4_1 Pin=LED33_Col4-1
Added Pin To Net: NetName=NetLED1_Col4_1 Pin=LED41_Col4-1
Added Pin To Net: NetName=NetLED1_Col4_1 Pin=LED49_Col4-1
Added Pin To Net: NetName=NetLED1_Col4_1 Pin=LED57_Col4-1
Added Net: Name=NetLED1_Col4_1
Added Pin To Net: NetName=NetLED1_Col5_1 Pin=LED1_Col5-1
Added Pin To Net: NetName=NetLED1_Col5_1 Pin=LED9_Col5-1
Added Pin To Net: NetName=NetLED1_Col5_1 Pin=LED17_Col5-1
Added Pin To Net: NetName=NetLED1_Col5_1 Pin=LED25_Col5-1
Added Pin To Net: NetName=NetLED1_Col5_1 Pin=LED33_Col5-1
Added Pin To Net: NetName=NetLED1_Col5_1 Pin=LED41_Col5-1
Added Pin To Net: NetName=NetLED1_Col5_1 Pin=LED49_Col5-1
Added Pin To Net: NetName=NetLED1_Col5_1 Pin=LED57_Col5-1
Added Net: Name=NetLED1_Col5_1
Added Pin To Net: NetName=NetLED1_Col6_1 Pin=LED1_Col6-1
Added Pin To Net: NetName=NetLED1_Col6_1 Pin=LED9_Col6-1
Added Pin To Net: NetName=NetLED1_Col6_1 Pin=LED17_Col6-1
Added Pin To Net: NetName=NetLED1_Col6_1 Pin=LED25_Col6-1
Added Pin To Net: NetName=NetLED1_Col6_1 Pin=LED33_Col6-1
Added Pin To Net: NetName=NetLED1_Col6_1 Pin=LED41_Col6-1
Added Pin To Net: NetName=NetLED1_Col6_1 Pin=LED49_Col6-1
Added Pin To Net: NetName=NetLED1_Col6_1 Pin=LED57_Col6-1
Added Net: Name=NetLED1_Col6_1
Added Pin To Net: NetName=NetLED1_Col7_1 Pin=LED1_Col7-1
Added Pin To Net: NetName=NetLED1_Col7_1 Pin=LED9_Col7-1
Added Pin To Net: NetName=NetLED1_Col7_1 Pin=LED17_Col7-1
Added Pin To Net: NetName=NetLED1_Col7_1 Pin=LED25_Col7-1
Added Pin To Net: NetName=NetLED1_Col7_1 Pin=LED33_Col7-1
Added Pin To Net: NetName=NetLED1_Col7_1 Pin=LED41_Col7-1
Added Pin To Net: NetName=NetLED1_Col7_1 Pin=LED49_Col7-1
Added Pin To Net: NetName=NetLED1_Col7_1 Pin=LED57_Col7-1
Added Net: Name=NetLED1_Col7_1
Added Pin To Net: NetName=NetLED1_Col8_1 Pin=LED1_Col8-1
Added Pin To Net: NetName=NetLED1_Col8_1 Pin=LED9_Col8-1
Added Pin To Net: NetName=NetLED1_Col8_1 Pin=LED17_Col8-1
Added Pin To Net: NetName=NetLED1_Col8_1 Pin=LED25_Col8-1
Added Pin To Net: NetName=NetLED1_Col8_1 Pin=LED33_Col8-1
Added Pin To Net: NetName=NetLED1_Col8_1 Pin=LED41_Col8-1
Added Pin To Net: NetName=NetLED1_Col8_1 Pin=LED49_Col8-1
Added Pin To Net: NetName=NetLED1_Col8_1 Pin=LED57_Col8-1
Added Net: Name=NetLED1_Col8_1
Added Pin To Net: NetName=NetLED1_Col9_1 Pin=LED1_Col9-1
Added Pin To Net: NetName=NetLED1_Col9_1 Pin=LED9_Col9-1
Added Pin To Net: NetName=NetLED1_Col9_1 Pin=LED17_Col9-1
Added Pin To Net: NetName=NetLED1_Col9_1 Pin=LED25_Col9-1
Added Pin To Net: NetName=NetLED1_Col9_1 Pin=LED33_Col9-1
Added Pin To Net: NetName=NetLED1_Col9_1 Pin=LED41_Col9-1
Added Pin To Net: NetName=NetLED1_Col9_1 Pin=LED49_Col9-1
Added Pin To Net: NetName=NetLED1_Col9_1 Pin=LED57_Col9-1
Added Net: Name=NetLED1_Col9_1
Added Pin To Net: NetName=NetLED1_Col10_1 Pin=LED1_Col10-1
Added Pin To Net: NetName=NetLED1_Col10_1 Pin=LED9_Col10-1
Added Pin To Net: NetName=NetLED1_Col10_1 Pin=LED17_Col10-1
Added Pin To Net: NetName=NetLED1_Col10_1 Pin=LED25_Col10-1
Added Pin To Net: NetName=NetLED1_Col10_1 Pin=LED33_Col10-1
Added Pin To Net: NetName=NetLED1_Col10_1 Pin=LED41_Col10-1
Added Pin To Net: NetName=NetLED1_Col10_1 Pin=LED49_Col10-1
Added Pin To Net: NetName=NetLED1_Col10_1 Pin=LED57_Col10-1
Added Net: Name=NetLED1_Col10_1
Added Pin To Net: NetName=NetLED1_Col11_1 Pin=LED1_Col11-1
Added Pin To Net: NetName=NetLED1_Col11_1 Pin=LED9_Col11-1
Added Pin To Net: NetName=NetLED1_Col11_1 Pin=LED17_Col11-1
Added Pin To Net: NetName=NetLED1_Col11_1 Pin=LED25_Col11-1
Added Pin To Net: NetName=NetLED1_Col11_1 Pin=LED33_Col11-1
Added Pin To Net: NetName=NetLED1_Col11_1 Pin=LED41_Col11-1
Added Pin To Net: NetName=NetLED1_Col11_1 Pin=LED49_Col11-1
Added Pin To Net: NetName=NetLED1_Col11_1 Pin=LED57_Col11-1
Added Net: Name=NetLED1_Col11_1
Added Pin To Net: NetName=NetLED1_Col12_1 Pin=LED1_Col12-1
Added Pin To Net: NetName=NetLED1_Col12_1 Pin=LED9_Col12-1
Added Pin To Net: NetName=NetLED1_Col12_1 Pin=LED17_Col12-1
Added Pin To Net: NetName=NetLED1_Col12_1 Pin=LED25_Col12-1
Added Pin To Net: NetName=NetLED1_Col12_1 Pin=LED33_Col12-1
Added Pin To Net: NetName=NetLED1_Col12_1 Pin=LED41_Col12-1
Added Pin To Net: NetName=NetLED1_Col12_1 Pin=LED49_Col12-1
Added Pin To Net: NetName=NetLED1_Col12_1 Pin=LED57_Col12-1
Added Net: Name=NetLED1_Col12_1
Added Pin To Net: NetName=NetLED1_Col13_1 Pin=LED1_Col13-1
Added Pin To Net: NetName=NetLED1_Col13_1 Pin=LED9_Col13-1
Added Pin To Net: NetName=NetLED1_Col13_1 Pin=LED17_Col13-1
Added Pin To Net: NetName=NetLED1_Col13_1 Pin=LED25_Col13-1
Added Pin To Net: NetName=NetLED1_Col13_1 Pin=LED33_Col13-1
Added Pin To Net: NetName=NetLED1_Col13_1 Pin=LED41_Col13-1
Added Pin To Net: NetName=NetLED1_Col13_1 Pin=LED49_Col13-1
Added Pin To Net: NetName=NetLED1_Col13_1 Pin=LED57_Col13-1
Added Net: Name=NetLED1_Col13_1
Added Pin To Net: NetName=NetLED1_Col14_1 Pin=LED1_Col14-1
Added Pin To Net: NetName=NetLED1_Col14_1 Pin=LED9_Col14-1
Added Pin To Net: NetName=NetLED1_Col14_1 Pin=LED17_Col14-1
Added Pin To Net: NetName=NetLED1_Col14_1 Pin=LED25_Col14-1
Added Pin To Net: NetName=NetLED1_Col14_1 Pin=LED33_Col14-1
Added Pin To Net: NetName=NetLED1_Col14_1 Pin=LED41_Col14-1
Added Pin To Net: NetName=NetLED1_Col14_1 Pin=LED49_Col14-1
Added Pin To Net: NetName=NetLED1_Col14_1 Pin=LED57_Col14-1
Added Net: Name=NetLED1_Col14_1
Added Pin To Net: NetName=NetLED1_Col15_1 Pin=LED1_Col15-1
Added Pin To Net: NetName=NetLED1_Col15_1 Pin=LED9_Col15-1
Added Pin To Net: NetName=NetLED1_Col15_1 Pin=LED17_Col15-1
Added Pin To Net: NetName=NetLED1_Col15_1 Pin=LED25_Col15-1
Added Pin To Net: NetName=NetLED1_Col15_1 Pin=LED33_Col15-1
Added Pin To Net: NetName=NetLED1_Col15_1 Pin=LED41_Col15-1
Added Pin To Net: NetName=NetLED1_Col15_1 Pin=LED49_Col15-1
Added Pin To Net: NetName=NetLED1_Col15_1 Pin=LED57_Col15-1
Added Net: Name=NetLED1_Col15_1
Added Pin To Net: NetName=NetLED1_Col16_1 Pin=LED1_Col16-1
Added Pin To Net: NetName=NetLED1_Col16_1 Pin=LED9_Col16-1
Added Pin To Net: NetName=NetLED1_Col16_1 Pin=LED17_Col16-1
Added Pin To Net: NetName=NetLED1_Col16_1 Pin=LED25_Col16-1
Added Pin To Net: NetName=NetLED1_Col16_1 Pin=LED33_Col16-1
Added Pin To Net: NetName=NetLED1_Col16_1 Pin=LED41_Col16-1
Added Pin To Net: NetName=NetLED1_Col16_1 Pin=LED49_Col16-1
Added Pin To Net: NetName=NetLED1_Col16_1 Pin=LED57_Col16-1
Added Net: Name=NetLED1_Col16_1
Added Pin To Net: NetName=ROW0_Col1 Pin=LED1_Col1-2
Added Pin To Net: NetName=ROW0_Col1 Pin=LED1_Col2-2
Added Pin To Net: NetName=ROW0_Col1 Pin=LED1_Col3-2
Added Pin To Net: NetName=ROW0_Col1 Pin=LED1_Col4-2
Added Pin To Net: NetName=ROW0_Col1 Pin=LED1_Col5-2
Added Pin To Net: NetName=ROW0_Col1 Pin=LED1_Col6-2
Added Pin To Net: NetName=ROW0_Col1 Pin=LED1_Col7-2
Added Pin To Net: NetName=ROW0_Col1 Pin=LED1_Col8-2
Added Net: Name=ROW0_Col1
Added Pin To Net: NetName=ROW0_Col9 Pin=LED1_Col9-2
Added Pin To Net: NetName=ROW0_Col9 Pin=LED1_Col10-2
Added Pin To Net: NetName=ROW0_Col9 Pin=LED1_Col11-2
Added Pin To Net: NetName=ROW0_Col9 Pin=LED1_Col12-2
Added Pin To Net: NetName=ROW0_Col9 Pin=LED1_Col13-2
Added Pin To Net: NetName=ROW0_Col9 Pin=LED1_Col14-2
Added Pin To Net: NetName=ROW0_Col9 Pin=LED1_Col15-2
Added Pin To Net: NetName=ROW0_Col9 Pin=LED1_Col16-2
Added Net: Name=ROW0_Col9
Added Pin To Net: NetName=ROW1_Col1 Pin=LED9_Col1-2
Added Pin To Net: NetName=ROW1_Col1 Pin=LED9_Col2-2
Added Pin To Net: NetName=ROW1_Col1 Pin=LED9_Col3-2
Added Pin To Net: NetName=ROW1_Col1 Pin=LED9_Col4-2
Added Pin To Net: NetName=ROW1_Col1 Pin=LED9_Col5-2
Added Pin To Net: NetName=ROW1_Col1 Pin=LED9_Col6-2
Added Pin To Net: NetName=ROW1_Col1 Pin=LED9_Col7-2
Added Pin To Net: NetName=ROW1_Col1 Pin=LED9_Col8-2
Added Net: Name=ROW1_Col1
Added Pin To Net: NetName=ROW1_Col9 Pin=LED9_Col9-2
Added Pin To Net: NetName=ROW1_Col9 Pin=LED9_Col10-2
Added Pin To Net: NetName=ROW1_Col9 Pin=LED9_Col11-2
Added Pin To Net: NetName=ROW1_Col9 Pin=LED9_Col12-2
Added Pin To Net: NetName=ROW1_Col9 Pin=LED9_Col13-2
Added Pin To Net: NetName=ROW1_Col9 Pin=LED9_Col14-2
Added Pin To Net: NetName=ROW1_Col9 Pin=LED9_Col15-2
Added Pin To Net: NetName=ROW1_Col9 Pin=LED9_Col16-2
Added Net: Name=ROW1_Col9
Added Pin To Net: NetName=ROW2_Col1 Pin=LED17_Col1-2
Added Pin To Net: NetName=ROW2_Col1 Pin=LED17_Col2-2
Added Pin To Net: NetName=ROW2_Col1 Pin=LED17_Col3-2
Added Pin To Net: NetName=ROW2_Col1 Pin=LED17_Col4-2
Added Pin To Net: NetName=ROW2_Col1 Pin=LED17_Col5-2
Added Pin To Net: NetName=ROW2_Col1 Pin=LED17_Col6-2
Added Pin To Net: NetName=ROW2_Col1 Pin=LED17_Col7-2
Added Pin To Net: NetName=ROW2_Col1 Pin=LED17_Col8-2
Added Net: Name=ROW2_Col1
Added Pin To Net: NetName=ROW2_Col9 Pin=LED17_Col9-2
Added Pin To Net: NetName=ROW2_Col9 Pin=LED17_Col10-2
Added Pin To Net: NetName=ROW2_Col9 Pin=LED17_Col11-2
Added Pin To Net: NetName=ROW2_Col9 Pin=LED17_Col12-2
Added Pin To Net: NetName=ROW2_Col9 Pin=LED17_Col13-2
Added Pin To Net: NetName=ROW2_Col9 Pin=LED17_Col14-2
Added Pin To Net: NetName=ROW2_Col9 Pin=LED17_Col15-2
Added Pin To Net: NetName=ROW2_Col9 Pin=LED17_Col16-2
Added Net: Name=ROW2_Col9
Added Pin To Net: NetName=ROW3_Col1 Pin=LED25_Col1-2
Added Pin To Net: NetName=ROW3_Col1 Pin=LED25_Col2-2
Added Pin To Net: NetName=ROW3_Col1 Pin=LED25_Col3-2
Added Pin To Net: NetName=ROW3_Col1 Pin=LED25_Col4-2
Added Pin To Net: NetName=ROW3_Col1 Pin=LED25_Col5-2
Added Pin To Net: NetName=ROW3_Col1 Pin=LED25_Col6-2
Added Pin To Net: NetName=ROW3_Col1 Pin=LED25_Col7-2
Added Pin To Net: NetName=ROW3_Col1 Pin=LED25_Col8-2
Added Net: Name=ROW3_Col1
Added Pin To Net: NetName=ROW3_Col9 Pin=LED25_Col9-2
Added Pin To Net: NetName=ROW3_Col9 Pin=LED25_Col10-2
Added Pin To Net: NetName=ROW3_Col9 Pin=LED25_Col11-2
Added Pin To Net: NetName=ROW3_Col9 Pin=LED25_Col12-2
Added Pin To Net: NetName=ROW3_Col9 Pin=LED25_Col13-2
Added Pin To Net: NetName=ROW3_Col9 Pin=LED25_Col14-2
Added Pin To Net: NetName=ROW3_Col9 Pin=LED25_Col15-2
Added Pin To Net: NetName=ROW3_Col9 Pin=LED25_Col16-2
Added Net: Name=ROW3_Col9
Added Pin To Net: NetName=ROW4_Col1 Pin=LED33_Col1-2
Added Pin To Net: NetName=ROW4_Col1 Pin=LED33_Col2-2
Added Pin To Net: NetName=ROW4_Col1 Pin=LED33_Col3-2
Added Pin To Net: NetName=ROW4_Col1 Pin=LED33_Col4-2
Added Pin To Net: NetName=ROW4_Col1 Pin=LED33_Col5-2
Added Pin To Net: NetName=ROW4_Col1 Pin=LED33_Col6-2
Added Pin To Net: NetName=ROW4_Col1 Pin=LED33_Col7-2
Added Pin To Net: NetName=ROW4_Col1 Pin=LED33_Col8-2
Added Net: Name=ROW4_Col1
Added Pin To Net: NetName=ROW4_Col9 Pin=LED33_Col9-2
Added Pin To Net: NetName=ROW4_Col9 Pin=LED33_Col10-2
Added Pin To Net: NetName=ROW4_Col9 Pin=LED33_Col11-2
Added Pin To Net: NetName=ROW4_Col9 Pin=LED33_Col12-2
Added Pin To Net: NetName=ROW4_Col9 Pin=LED33_Col13-2
Added Pin To Net: NetName=ROW4_Col9 Pin=LED33_Col14-2
Added Pin To Net: NetName=ROW4_Col9 Pin=LED33_Col15-2
Added Pin To Net: NetName=ROW4_Col9 Pin=LED33_Col16-2
Added Net: Name=ROW4_Col9
Added Pin To Net: NetName=ROW5_Col1 Pin=LED41_Col1-2
Added Pin To Net: NetName=ROW5_Col1 Pin=LED41_Col2-2
Added Pin To Net: NetName=ROW5_Col1 Pin=LED41_Col3-2
Added Pin To Net: NetName=ROW5_Col1 Pin=LED41_Col4-2
Added Pin To Net: NetName=ROW5_Col1 Pin=LED41_Col5-2
Added Pin To Net: NetName=ROW5_Col1 Pin=LED41_Col6-2
Added Pin To Net: NetName=ROW5_Col1 Pin=LED41_Col7-2
Added Pin To Net: NetName=ROW5_Col1 Pin=LED41_Col8-2
Added Net: Name=ROW5_Col1
Added Pin To Net: NetName=ROW5_Col9 Pin=LED41_Col9-2
Added Pin To Net: NetName=ROW5_Col9 Pin=LED41_Col10-2
Added Pin To Net: NetName=ROW5_Col9 Pin=LED41_Col11-2
Added Pin To Net: NetName=ROW5_Col9 Pin=LED41_Col12-2
Added Pin To Net: NetName=ROW5_Col9 Pin=LED41_Col13-2
Added Pin To Net: NetName=ROW5_Col9 Pin=LED41_Col14-2
Added Pin To Net: NetName=ROW5_Col9 Pin=LED41_Col15-2
Added Pin To Net: NetName=ROW5_Col9 Pin=LED41_Col16-2
Added Net: Name=ROW5_Col9
Added Pin To Net: NetName=ROW6_Col1 Pin=LED49_Col1-2
Added Pin To Net: NetName=ROW6_Col1 Pin=LED49_Col2-2
Added Pin To Net: NetName=ROW6_Col1 Pin=LED49_Col3-2
Added Pin To Net: NetName=ROW6_Col1 Pin=LED49_Col4-2
Added Pin To Net: NetName=ROW6_Col1 Pin=LED49_Col5-2
Added Pin To Net: NetName=ROW6_Col1 Pin=LED49_Col6-2
Added Pin To Net: NetName=ROW6_Col1 Pin=LED49_Col7-2
Added Pin To Net: NetName=ROW6_Col1 Pin=LED49_Col8-2
Added Net: Name=ROW6_Col1
Added Pin To Net: NetName=ROW6_Col9 Pin=LED49_Col9-2
Added Pin To Net: NetName=ROW6_Col9 Pin=LED49_Col10-2
Added Pin To Net: NetName=ROW6_Col9 Pin=LED49_Col11-2
Added Pin To Net: NetName=ROW6_Col9 Pin=LED49_Col12-2
Added Pin To Net: NetName=ROW6_Col9 Pin=LED49_Col13-2
Added Pin To Net: NetName=ROW6_Col9 Pin=LED49_Col14-2
Added Pin To Net: NetName=ROW6_Col9 Pin=LED49_Col15-2
Added Pin To Net: NetName=ROW6_Col9 Pin=LED49_Col16-2
Added Net: Name=ROW6_Col9
Added Pin To Net: NetName=ROW7_Col1 Pin=LED57_Col1-2
Added Pin To Net: NetName=ROW7_Col1 Pin=LED57_Col2-2
Added Pin To Net: NetName=ROW7_Col1 Pin=LED57_Col3-2
Added Pin To Net: NetName=ROW7_Col1 Pin=LED57_Col4-2
Added Pin To Net: NetName=ROW7_Col1 Pin=LED57_Col5-2
Added Pin To Net: NetName=ROW7_Col1 Pin=LED57_Col6-2
Added Pin To Net: NetName=ROW7_Col1 Pin=LED57_Col7-2
Added Pin To Net: NetName=ROW7_Col1 Pin=LED57_Col8-2
Added Net: Name=ROW7_Col1
Added Pin To Net: NetName=ROW7_Col9 Pin=LED57_Col9-2
Added Pin To Net: NetName=ROW7_Col9 Pin=LED57_Col10-2
Added Pin To Net: NetName=ROW7_Col9 Pin=LED57_Col11-2
Added Pin To Net: NetName=ROW7_Col9 Pin=LED57_Col12-2
Added Pin To Net: NetName=ROW7_Col9 Pin=LED57_Col13-2
Added Pin To Net: NetName=ROW7_Col9 Pin=LED57_Col14-2
Added Pin To Net: NetName=ROW7_Col9 Pin=LED57_Col15-2
Added Pin To Net: NetName=ROW7_Col9 Pin=LED57_Col16-2
Added Net: Name=ROW7_Col9
Added Class: Name=Col1
Added Class: Name=Col2
Added Class: Name=Col3
Added Class: Name=Col4
Added Class: Name=Col5
Added Class: Name=Col6
Added Class: Name=Col7
Added Class: Name=Col8
Added Class: Name=Col9
Added Class: Name=Col10
Added Class: Name=Col11
Added Class: Name=Col12
Added Class: Name=Col13
Added Class: Name=Col14
Added Class: Name=Col15
Added Class: Name=Col16
Added Class: Name=Column
Added Room: Name=Col1
Added Room: Name=Col2
Added Room: Name=Col3
Added Room: Name=Col4
Added Room: Name=Col5
Added Room: Name=Col6
Added Room: Name=Col7
Added Room: Name=Col8
Added Room: Name=Col9
Added Room: Name=Col10
Added Room: Name=Col11
Added Room: Name=Col12
Added Room: Name=Col13
Added Room: Name=Col14
Added Room: Name=Col15
Added Room: Name=Col16
