Removed Pin From Net: NetName=5V Pin=C3-1
Removed Pin From Net: NetName=5V Pin=C4-1
Removed Pin From Net: NetName=3.3V Pin=C5-2
Removed Pin From Net: NetName=NetR1_0 Pin=R1-0
Removed Pin From Net: NetName=NetR1_1 Pin=R1-1
Removed Pin From Net: NetName=NetR1_2 Pin=R1-2
Removed Pin From Net: NetName=NetR1_3 Pin=R1-3
Removed Pin From Net: NetName=NetR1_4 Pin=R1-4
Removed Pin From Net: NetName=NetR1_5 Pin=R1-5
Removed Pin From Net: NetName=NetR1_6 Pin=R1-6
Removed Pin From Net: NetName=NetR1_7 Pin=R1-7
Removed Pin From Net: NetName=C1 Pin=R1-8
Removed Pin From Net: NetName=C2 Pin=R1-9
Removed Pin From Net: NetName=C3 Pin=R1-10
Removed Pin From Net: NetName=C4 Pin=R1-11
Removed Pin From Net: NetName=C5 Pin=R1-12
Removed Pin From Net: NetName=C6 Pin=R1-13
Removed Pin From Net: NetName=C7 Pin=R1-14
Removed Pin From Net: NetName=C8 Pin=R1-15
Removed Pin From Net: NetName=NetR2_0 Pin=R2-0
Removed Pin From Net: NetName=NetR2_1 Pin=R2-1
Removed Pin From Net: NetName=NetR2_2 Pin=R2-2
Removed Pin From Net: NetName=NetR2_3 Pin=R2-3
Removed Pin From Net: NetName=NetR2_4 Pin=R2-4
Removed Pin From Net: NetName=NetR2_5 Pin=R2-5
Removed Pin From Net: NetName=NetR2_6 Pin=R2-6
Removed Pin From Net: NetName=NetR2_7 Pin=R2-7
Removed Pin From Net: NetName=C9 Pin=R2-8
Removed Pin From Net: NetName=C10 Pin=R2-9
Removed Pin From Net: NetName=C11 Pin=R2-10
Removed Pin From Net: NetName=C12 Pin=R2-11
Removed Pin From Net: NetName=C13 Pin=R2-12
Removed Pin From Net: NetName=C14 Pin=R2-13
Removed Pin From Net: NetName=C15 Pin=R2-14
Removed Pin From Net: NetName=C16 Pin=R2-15
Removed Pin From Net: NetName=NetEye_L_4 Pin=R3-2
Removed Pin From Net: NetName=NetEye_L_3 Pin=R3-3
Removed Pin From Net: NetName=NetEye_L_2 Pin=R3-4
Removed Pin From Net: NetName=NetEye_R_4 Pin=R3-5
Removed Pin From Net: NetName=NetEye_R_3 Pin=R3-6
Removed Pin From Net: NetName=NetEye_R_2 Pin=R3-7
Removed Pin From Net: NetName=LEFT3 Pin=R3-10
Removed Pin From Net: NetName=LEFT2 Pin=R3-11
Removed Pin From Net: NetName=LEFT1 Pin=R3-12
Removed Pin From Net: NetName=RIGHT3 Pin=R3-13
Removed Pin From Net: NetName=RIGHT2 Pin=R3-14
Removed Pin From Net: NetName=RIGHT1 Pin=R3-15
Change Component DesignItemId : Designator=R1 Old DesignItemId=Rowres New DesignItemId=Res1
Change Component DesignItemId : Designator=R2 Old DesignItemId=Rowres New DesignItemId=Res1
Change Component DesignItemId : Designator=R3 Old DesignItemId=Rowres New DesignItemId=Res1
Change Component Footprint: Designator=R1 Old Footprint=Rowres New Footprint=6-0805_M
Change Component Footprint: Designator=R2 Old Footprint=ROWRES New Footprint=6-0805_M
Change Component Footprint: Designator=R3 Old Footprint=Rowres New Footprint=6-0805_M
Change Component Comment : Designator=R1 Old Comment=Rowresistor New Comment=Res1
Change Component Comment : Designator=R2 Old Comment=Rowresistor New Comment=Res1
Change Component Comment : Designator=R3 Old Comment=Rowresistor New Comment=Res1
Added Component: Designator=C3(6-0805_M)
Added Component: Designator=C4(6-0805_M)
Added Component: Designator=C5(6-0805_M)
Added Component: Designator=IND1(0805_A)
Added Component: Designator=IND2(0805_A)
Added Component: Designator=R1(Rowres)
Added Component: Designator=R2(Rowres)
Added Component: Designator=R3(Rowres)
Added Pin To Net: NetName=3.3V Pin=C3-1
Added Pin To Net: NetName=5V Pin=C3-1
Added Pin To Net: NetName=GND Pin=C3-2
Added Pin To Net: NetName=3.3V Pin=C4-1
Added Pin To Net: NetName=5V Pin=C4-1
Added Pin To Net: NetName=GND Pin=C4-2
Added Pin To Net: NetName=GND Pin=C5-1
Added Pin To Net: NetName=3.3V Pin=C5-2
Added Pin To Net: NetName=NetR1_1 Pin=R1-1
Added Pin To Net: NetName=3.3V Pin=R1-2
Added Pin To Net: NetName=NetR1_2 Pin=R1-2
Added Pin To Net: NetName=NetR2_1 Pin=R2-1
Added Pin To Net: NetName=3.3V Pin=R2-2
Added Pin To Net: NetName=NetR2_2 Pin=R2-2
Added Pin To Net: NetName=GND Pin=R3-1
Added Pin To Net: NetName=NetEye_L_4 Pin=R3-2
Added Pin To Net: NetName=CLK Pin=U3-5
Added Pin To Net: NetName=ADDR1 Pin=U3-9
Added Pin To Net: NetName=ADDR2 Pin=U3-10
Added Pin To Net: NetName=ADDR3 Pin=U3-11
Added Pin To Net: NetName=CS_MTRX Pin=U3-15
Added Pin To Net: NetName=OE_MTRX Pin=U3-16
Added Pin To Net: NetName=CS_ACCL Pin=U3-17
Added Pin To Net: NetName=MISO Pin=U3-21
Added Pin To Net: NetName=MOSI Pin=U3-22
Added Pin To Net: NetName=GND Pin=U3-27
Added Pin To Net: NetName=GND Pin=U3-28
Added Pin To Net: NetName=3.3V Pin=U3-29
Added Pin To Net: NetName=3.3V Pin=U3-30
Added Pin To Net: NetName=A_BTN Pin=J1-3
Added Pin To Net: NetName=A_BTN Pin=U3-31
Added Net: Name=A_BTN
Added Pin To Net: NetName=A_MIC Pin=Mic1-1
Added Pin To Net: NetName=A_MIC Pin=U3-3
Added Net: Name=A_MIC
Added Pin To Net: NetName=INDICATOR Pin=IND1-1
Added Pin To Net: NetName=INDICATOR Pin=IND2-2
Added Pin To Net: NetName=INDICATOR Pin=U3-4
Added Net: Name=INDICATOR
Added Pin To Net: NetName=INT1_ACCL Pin=U3-7
Added Pin To Net: NetName=INT1_ACCL Pin=U4-5
Added Net: Name=INT1_ACCL
Added Pin To Net: NetName=INT2_ACCL Pin=U3-6
Added Pin To Net: NetName=INT2_ACCL Pin=U4-6
Added Net: Name=INT2_ACCL
Added Pin To Net: NetName=NetC5_2 Pin=C5-2
Added Pin To Net: NetName=NetC5_2 Pin=R1-1
Added Pin To Net: NetName=NetC5_2 Pin=U3-23
Added Net: Name=NetC5_2
Added Pin To Net: NetName=NetIND1_2 Pin=IND1-2
Added Pin To Net: NetName=NetIND1_2 Pin=R2-1
Added Net: Name=NetIND1_2
Added Pin To Net: NetName=NetIND2_1 Pin=IND2-1
Added Pin To Net: NetName=NetIND2_1 Pin=R3-2
Added Net: Name=NetIND2_1
Added Pin To Net: NetName=RGBL1 Pin=U3-12
Added Net: Name=RGBL1
Added Pin To Net: NetName=RGBL2 Pin=U3-13
Added Net: Name=RGBL2
Added Pin To Net: NetName=RGBL3 Pin=U3-14
Added Net: Name=RGBL3
Added Pin To Net: NetName=RGBR1 Pin=U3-18
Added Net: Name=RGBR1
Added Pin To Net: NetName=RGBR2 Pin=U3-19
Added Net: Name=RGBR2
Added Pin To Net: NetName=RGBR3 Pin=U3-20
Added Net: Name=RGBR3
Added Member To Class: ClassName=U_MSP430G2553 Member=Component C3 Cap
Added Member To Class: ClassName=U_MSP430G2553 Member=Component C4 Cap
Added Member To Class: ClassName=U_MSP430G2553 Member=Component C5 Cap
Added Member To Class: ClassName=U_MSP430G2553 Member=Component IND1 150080RS75000
Added Member To Class: ClassName=U_MSP430G2553 Member=Component IND2 150080RS75000
Added Member To Class: ClassName=U_MSP430G2553 Member=Component R1 Res1
Added Member To Class: ClassName=U_MSP430G2553 Member=Component R2 Res1
Added Member To Class: ClassName=U_MSP430G2553 Member=Component R3 Res1
Added Room: Name=U_MSP430G2553
