Added Component: Designator=1(6-0805_M)
Added Component: Designator=2(6-0805_M)
Added Component: Designator=3(6-0805_M)
Added Component: Designator=4(6-0805_M)
Added Component: Designator=5(6-0805_M)
Added Component: Designator=6(6-0805_M)
Added Component: Designator=7(6-0805_M)
Added Pin To Net: NetName=BAT- Pin=7-1
Added Pin To Net: NetName=Net1_1 Pin=1-1
Added Pin To Net: NetName=Net1_1 Pin=2-1
Added Pin To Net: NetName=Net1_1 Pin=3-1
Added Pin To Net: NetName=Net1_1 Pin=4-1
Added Pin To Net: NetName=Net1_1 Pin=5-1
Added Pin To Net: NetName=Net1_1 Pin=6-1
Added Pin To Net: NetName=Net1_1 Pin=7-2
Added Pin To Net: NetName=Net1_1 Pin=J2-3
Added Net: Name=Net1_1
Added Pin To Net: NetName=Net1_2 Pin=1-2
Added Pin To Net: NetName=Net1_2 Pin=SW2-0
Added Net: Name=Net1_2
Added Pin To Net: NetName=Net2_2 Pin=2-2
Added Pin To Net: NetName=Net2_2 Pin=SW1-0
Added Net: Name=Net2_2
Added Pin To Net: NetName=Net3_2 Pin=3-2
Added Pin To Net: NetName=Net3_2 Pin=SW4-3
Added Net: Name=Net3_2
Added Pin To Net: NetName=Net4_2 Pin=4-2
Added Pin To Net: NetName=Net4_2 Pin=SW5-3
Added Net: Name=Net4_2
Added Pin To Net: NetName=Net5_2 Pin=5-2
Added Pin To Net: NetName=Net5_2 Pin=SW3-1
Added Net: Name=Net5_2
Added Pin To Net: NetName=Net6_2 Pin=6-2
Added Pin To Net: NetName=Net6_2 Pin=SW6-3
Added Net: Name=Net6_2
Added Member To Class: ClassName=U_Controller Member=Component 1 Res1
Added Member To Class: ClassName=U_Controller Member=Component 2 Res1
Added Member To Class: ClassName=U_Controller Member=Component 3 Res1
Added Member To Class: ClassName=U_Controller Member=Component 4 Res1
Added Member To Class: ClassName=U_Controller Member=Component 5 Res1
Added Member To Class: ClassName=U_Controller Member=Component 6 Res1
Added Member To Class: ClassName=U_Controller Member=Component 7 Res1
