Removed Pin From Net: NetName=ROW1 Pin=LED1_U_Column1-2
Removed Pin From Net: NetName=ROW1 Pin=LED1_U_Column2-2
Removed Pin From Net: NetName=ROW1 Pin=LED1_U_Column3-2
Removed Pin From Net: NetName=ROW1 Pin=LED1_U_Column4-2
Removed Pin From Net: NetName=ROW1 Pin=LED1_U_Column5-2
Removed Pin From Net: NetName=ROW1 Pin=LED1_U_Column6-2
Removed Pin From Net: NetName=ROW1 Pin=LED1_U_Column7-2
Removed Pin From Net: NetName=ROW1 Pin=LED1_U_Column8-2
Removed Pin From Net: NetName=ROW1 Pin=LED1_U_Column9-2
Removed Pin From Net: NetName=ROW1 Pin=LED1_U_Column10-2
Removed Pin From Net: NetName=ROW1 Pin=LED1_U_Column11-2
Removed Pin From Net: NetName=ROW1 Pin=LED1_U_Column12-2
Removed Pin From Net: NetName=ROW1 Pin=LED1_U_Column13-2
Removed Pin From Net: NetName=ROW1 Pin=LED1_U_Column14-2
Removed Pin From Net: NetName=ROW1 Pin=LED1_U_Column15-2
Removed Pin From Net: NetName=ROW1 Pin=LED1_U_Column16-2
Removed Pin From Net: NetName=ROW2 Pin=LED9_U_Column1-2
Removed Pin From Net: NetName=ROW2 Pin=LED9_U_Column2-2
Removed Pin From Net: NetName=ROW2 Pin=LED9_U_Column3-2
Removed Pin From Net: NetName=ROW2 Pin=LED9_U_Column4-2
Removed Pin From Net: NetName=ROW2 Pin=LED9_U_Column5-2
Removed Pin From Net: NetName=ROW2 Pin=LED9_U_Column6-2
Removed Pin From Net: NetName=ROW2 Pin=LED9_U_Column7-2
Removed Pin From Net: NetName=ROW2 Pin=LED9_U_Column8-2
Removed Pin From Net: NetName=ROW2 Pin=LED9_U_Column9-2
Removed Pin From Net: NetName=ROW2 Pin=LED9_U_Column10-2
Removed Pin From Net: NetName=ROW2 Pin=LED9_U_Column11-2
Removed Pin From Net: NetName=ROW2 Pin=LED9_U_Column12-2
Removed Pin From Net: NetName=ROW2 Pin=LED9_U_Column13-2
Removed Pin From Net: NetName=ROW2 Pin=LED9_U_Column14-2
Removed Pin From Net: NetName=ROW2 Pin=LED9_U_Column15-2
Removed Pin From Net: NetName=ROW2 Pin=LED9_U_Column16-2
Removed Pin From Net: NetName=ROW3 Pin=LED17_U_Column1-2
Removed Pin From Net: NetName=ROW3 Pin=LED17_U_Column2-2
Removed Pin From Net: NetName=ROW3 Pin=LED17_U_Column3-2
Removed Pin From Net: NetName=ROW3 Pin=LED17_U_Column4-2
Removed Pin From Net: NetName=ROW3 Pin=LED17_U_Column5-2
Removed Pin From Net: NetName=ROW3 Pin=LED17_U_Column6-2
Removed Pin From Net: NetName=ROW3 Pin=LED17_U_Column7-2
Removed Pin From Net: NetName=ROW3 Pin=LED17_U_Column8-2
Removed Pin From Net: NetName=ROW3 Pin=LED17_U_Column9-2
Removed Pin From Net: NetName=ROW3 Pin=LED17_U_Column10-2
Removed Pin From Net: NetName=ROW3 Pin=LED17_U_Column11-2
Removed Pin From Net: NetName=ROW3 Pin=LED17_U_Column12-2
Removed Pin From Net: NetName=ROW3 Pin=LED17_U_Column13-2
Removed Pin From Net: NetName=ROW3 Pin=LED17_U_Column14-2
Removed Pin From Net: NetName=ROW3 Pin=LED17_U_Column15-2
Removed Pin From Net: NetName=ROW3 Pin=LED17_U_Column16-2
Removed Pin From Net: NetName=ROW4 Pin=LED25_U_Column1-2
Removed Pin From Net: NetName=ROW4 Pin=LED25_U_Column2-2
Removed Pin From Net: NetName=ROW4 Pin=LED25_U_Column3-2
Removed Pin From Net: NetName=ROW4 Pin=LED25_U_Column4-2
Removed Pin From Net: NetName=ROW4 Pin=LED25_U_Column5-2
Removed Pin From Net: NetName=ROW4 Pin=LED25_U_Column6-2
Removed Pin From Net: NetName=ROW4 Pin=LED25_U_Column7-2
Removed Pin From Net: NetName=ROW4 Pin=LED25_U_Column8-2
Removed Pin From Net: NetName=ROW4 Pin=LED25_U_Column9-2
Removed Pin From Net: NetName=ROW4 Pin=LED25_U_Column10-2
Removed Pin From Net: NetName=ROW4 Pin=LED25_U_Column11-2
Removed Pin From Net: NetName=ROW4 Pin=LED25_U_Column12-2
Removed Pin From Net: NetName=ROW4 Pin=LED25_U_Column13-2
Removed Pin From Net: NetName=ROW4 Pin=LED25_U_Column14-2
Removed Pin From Net: NetName=ROW4 Pin=LED25_U_Column15-2
Removed Pin From Net: NetName=ROW4 Pin=LED25_U_Column16-2
Removed Pin From Net: NetName=ROW5 Pin=LED33_U_Column1-2
Removed Pin From Net: NetName=ROW5 Pin=LED33_U_Column2-2
Removed Pin From Net: NetName=ROW5 Pin=LED33_U_Column3-2
Removed Pin From Net: NetName=ROW5 Pin=LED33_U_Column4-2
Removed Pin From Net: NetName=ROW5 Pin=LED33_U_Column5-2
Removed Pin From Net: NetName=ROW5 Pin=LED33_U_Column6-2
Removed Pin From Net: NetName=ROW5 Pin=LED33_U_Column7-2
Removed Pin From Net: NetName=ROW5 Pin=LED33_U_Column8-2
Removed Pin From Net: NetName=ROW5 Pin=LED33_U_Column9-2
Removed Pin From Net: NetName=ROW5 Pin=LED33_U_Column10-2
Removed Pin From Net: NetName=ROW5 Pin=LED33_U_Column11-2
Removed Pin From Net: NetName=ROW5 Pin=LED33_U_Column12-2
Removed Pin From Net: NetName=ROW5 Pin=LED33_U_Column13-2
Removed Pin From Net: NetName=ROW5 Pin=LED33_U_Column14-2
Removed Pin From Net: NetName=ROW5 Pin=LED33_U_Column15-2
Removed Pin From Net: NetName=ROW5 Pin=LED33_U_Column16-2
Removed Pin From Net: NetName=ROW6 Pin=LED41_U_Column1-2
Removed Pin From Net: NetName=ROW6 Pin=LED41_U_Column2-2
Removed Pin From Net: NetName=ROW6 Pin=LED41_U_Column3-2
Removed Pin From Net: NetName=ROW6 Pin=LED41_U_Column4-2
Removed Pin From Net: NetName=ROW6 Pin=LED41_U_Column5-2
Removed Pin From Net: NetName=ROW6 Pin=LED41_U_Column6-2
Removed Pin From Net: NetName=ROW6 Pin=LED41_U_Column7-2
Removed Pin From Net: NetName=ROW6 Pin=LED41_U_Column8-2
Removed Pin From Net: NetName=ROW6 Pin=LED41_U_Column9-2
Removed Pin From Net: NetName=ROW6 Pin=LED41_U_Column10-2
Removed Pin From Net: NetName=ROW6 Pin=LED41_U_Column11-2
Removed Pin From Net: NetName=ROW6 Pin=LED41_U_Column12-2
Removed Pin From Net: NetName=ROW6 Pin=LED41_U_Column13-2
Removed Pin From Net: NetName=ROW6 Pin=LED41_U_Column14-2
Removed Pin From Net: NetName=ROW6 Pin=LED41_U_Column15-2
Removed Pin From Net: NetName=ROW6 Pin=LED41_U_Column16-2
Removed Pin From Net: NetName=ROW7 Pin=LED49_U_Column1-2
Removed Pin From Net: NetName=ROW7 Pin=LED49_U_Column2-2
Removed Pin From Net: NetName=ROW7 Pin=LED49_U_Column3-2
Removed Pin From Net: NetName=ROW7 Pin=LED49_U_Column4-2
Removed Pin From Net: NetName=ROW7 Pin=LED49_U_Column5-2
Removed Pin From Net: NetName=ROW7 Pin=LED49_U_Column6-2
Removed Pin From Net: NetName=ROW7 Pin=LED49_U_Column7-2
Removed Pin From Net: NetName=ROW7 Pin=LED49_U_Column8-2
Removed Pin From Net: NetName=ROW7 Pin=LED49_U_Column9-2
Removed Pin From Net: NetName=ROW7 Pin=LED49_U_Column10-2
Removed Pin From Net: NetName=ROW7 Pin=LED49_U_Column11-2
Removed Pin From Net: NetName=ROW7 Pin=LED49_U_Column12-2
Removed Pin From Net: NetName=ROW7 Pin=LED49_U_Column13-2
Removed Pin From Net: NetName=ROW7 Pin=LED49_U_Column14-2
Removed Pin From Net: NetName=ROW7 Pin=LED49_U_Column15-2
Removed Pin From Net: NetName=ROW7 Pin=LED49_U_Column16-2
Removed Pin From Net: NetName=ROW8 Pin=LED57_U_Column1-2
Removed Pin From Net: NetName=ROW8 Pin=LED57_U_Column2-2
Removed Pin From Net: NetName=ROW8 Pin=LED57_U_Column3-2
Removed Pin From Net: NetName=ROW8 Pin=LED57_U_Column4-2
Removed Pin From Net: NetName=ROW8 Pin=LED57_U_Column5-2
Removed Pin From Net: NetName=ROW8 Pin=LED57_U_Column6-2
Removed Pin From Net: NetName=ROW8 Pin=LED57_U_Column7-2
Removed Pin From Net: NetName=ROW8 Pin=LED57_U_Column8-2
Removed Pin From Net: NetName=ROW8 Pin=LED57_U_Column9-2
Removed Pin From Net: NetName=ROW8 Pin=LED57_U_Column10-2
Removed Pin From Net: NetName=ROW8 Pin=LED57_U_Column11-2
Removed Pin From Net: NetName=ROW8 Pin=LED57_U_Column12-2
Removed Pin From Net: NetName=ROW8 Pin=LED57_U_Column13-2
Removed Pin From Net: NetName=ROW8 Pin=LED57_U_Column14-2
Removed Pin From Net: NetName=ROW8 Pin=LED57_U_Column15-2
Removed Pin From Net: NetName=ROW8 Pin=LED57_U_Column16-2
Removed Member From Class: ClassName=U_Column1 Member=LED9_U_Column1
Removed Member From Class: ClassName=U_Column2 Member=LED9_U_Column2
Removed Member From Class: ClassName=U_Column3 Member=LED9_U_Column3
Removed Member From Class: ClassName=U_Column4 Member=LED9_U_Column4
Removed Member From Class: ClassName=U_Column5 Member=LED9_U_Column5
Removed Member From Class: ClassName=U_Column6 Member=LED9_U_Column6
Removed Member From Class: ClassName=U_Column7 Member=LED9_U_Column7
Removed Member From Class: ClassName=U_Column8 Member=LED9_U_Column8
Removed Member From Class: ClassName=U_Column9 Member=LED9_U_Column9
Removed Member From Class: ClassName=U_Column10 Member=LED9_U_Column10
Removed Member From Class: ClassName=U_Column11 Member=LED9_U_Column11
Removed Member From Class: ClassName=U_Column12 Member=LED9_U_Column12
Removed Member From Class: ClassName=U_Column13 Member=LED9_U_Column13
Removed Member From Class: ClassName=U_Column14 Member=LED9_U_Column14
Removed Member From Class: ClassName=U_Column15 Member=LED9_U_Column15
Removed Member From Class: ClassName=U_Column16 Member=LED9_U_Column16
Removed Member From Class: ClassName=U_Column1 Member=LED17_U_Column1
Removed Member From Class: ClassName=U_Column2 Member=LED17_U_Column2
Removed Member From Class: ClassName=U_Column3 Member=LED17_U_Column3
Removed Member From Class: ClassName=U_Column4 Member=LED17_U_Column4
Removed Member From Class: ClassName=U_Column5 Member=LED17_U_Column5
Removed Member From Class: ClassName=U_Column6 Member=LED17_U_Column6
Removed Member From Class: ClassName=U_Column7 Member=LED17_U_Column7
Removed Member From Class: ClassName=U_Column8 Member=LED17_U_Column8
Removed Member From Class: ClassName=U_Column9 Member=LED17_U_Column9
Removed Member From Class: ClassName=U_Column10 Member=LED17_U_Column10
Removed Member From Class: ClassName=U_Column11 Member=LED17_U_Column11
Removed Member From Class: ClassName=U_Column12 Member=LED17_U_Column12
Removed Member From Class: ClassName=U_Column13 Member=LED17_U_Column13
Removed Member From Class: ClassName=U_Column14 Member=LED17_U_Column14
Removed Member From Class: ClassName=U_Column15 Member=LED17_U_Column15
Removed Member From Class: ClassName=U_Column16 Member=LED17_U_Column16
Removed Member From Class: ClassName=U_Column1 Member=LED25_U_Column1
Removed Member From Class: ClassName=U_Column2 Member=LED25_U_Column2
Removed Member From Class: ClassName=U_Column3 Member=LED25_U_Column3
Removed Member From Class: ClassName=U_Column4 Member=LED25_U_Column4
Removed Member From Class: ClassName=U_Column5 Member=LED25_U_Column5
Removed Member From Class: ClassName=U_Column6 Member=LED25_U_Column6
Removed Member From Class: ClassName=U_Column7 Member=LED25_U_Column7
Removed Member From Class: ClassName=U_Column8 Member=LED25_U_Column8
Removed Member From Class: ClassName=U_Column9 Member=LED25_U_Column9
Removed Member From Class: ClassName=U_Column10 Member=LED25_U_Column10
Removed Member From Class: ClassName=U_Column11 Member=LED25_U_Column11
Removed Member From Class: ClassName=U_Column12 Member=LED25_U_Column12
Removed Member From Class: ClassName=U_Column13 Member=LED25_U_Column13
Removed Member From Class: ClassName=U_Column14 Member=LED25_U_Column14
Removed Member From Class: ClassName=U_Column15 Member=LED25_U_Column15
Removed Member From Class: ClassName=U_Column16 Member=LED25_U_Column16
Removed Member From Class: ClassName=U_Column1 Member=LED33_U_Column1
Removed Member From Class: ClassName=U_Column2 Member=LED33_U_Column2
Removed Member From Class: ClassName=U_Column3 Member=LED33_U_Column3
Removed Member From Class: ClassName=U_Column4 Member=LED33_U_Column4
Removed Member From Class: ClassName=U_Column5 Member=LED33_U_Column5
Removed Member From Class: ClassName=U_Column6 Member=LED33_U_Column6
Removed Member From Class: ClassName=U_Column7 Member=LED33_U_Column7
Removed Member From Class: ClassName=U_Column8 Member=LED33_U_Column8
Removed Member From Class: ClassName=U_Column9 Member=LED33_U_Column9
Removed Member From Class: ClassName=U_Column10 Member=LED33_U_Column10
Removed Member From Class: ClassName=U_Column11 Member=LED33_U_Column11
Removed Member From Class: ClassName=U_Column12 Member=LED33_U_Column12
Removed Member From Class: ClassName=U_Column13 Member=LED33_U_Column13
Removed Member From Class: ClassName=U_Column14 Member=LED33_U_Column14
Removed Member From Class: ClassName=U_Column15 Member=LED33_U_Column15
Removed Member From Class: ClassName=U_Column16 Member=LED33_U_Column16
Removed Member From Class: ClassName=U_Column1 Member=LED41_U_Column1
Removed Member From Class: ClassName=U_Column2 Member=LED41_U_Column2
Removed Member From Class: ClassName=U_Column3 Member=LED41_U_Column3
Removed Member From Class: ClassName=U_Column4 Member=LED41_U_Column4
Removed Member From Class: ClassName=U_Column5 Member=LED41_U_Column5
Removed Member From Class: ClassName=U_Column6 Member=LED41_U_Column6
Removed Member From Class: ClassName=U_Column7 Member=LED41_U_Column7
Removed Member From Class: ClassName=U_Column8 Member=LED41_U_Column8
Removed Member From Class: ClassName=U_Column9 Member=LED41_U_Column9
Removed Member From Class: ClassName=U_Column10 Member=LED41_U_Column10
Removed Member From Class: ClassName=U_Column11 Member=LED41_U_Column11
Removed Member From Class: ClassName=U_Column12 Member=LED41_U_Column12
Removed Member From Class: ClassName=U_Column13 Member=LED41_U_Column13
Removed Member From Class: ClassName=U_Column14 Member=LED41_U_Column14
Removed Member From Class: ClassName=U_Column15 Member=LED41_U_Column15
Removed Member From Class: ClassName=U_Column16 Member=LED41_U_Column16
Removed Member From Class: ClassName=U_Column1 Member=LED49_U_Column1
Removed Member From Class: ClassName=U_Column2 Member=LED49_U_Column2
Removed Member From Class: ClassName=U_Column3 Member=LED49_U_Column3
Removed Member From Class: ClassName=U_Column4 Member=LED49_U_Column4
Removed Member From Class: ClassName=U_Column5 Member=LED49_U_Column5
Removed Member From Class: ClassName=U_Column6 Member=LED49_U_Column6
Removed Member From Class: ClassName=U_Column7 Member=LED49_U_Column7
Removed Member From Class: ClassName=U_Column8 Member=LED49_U_Column8
Removed Member From Class: ClassName=U_Column9 Member=LED49_U_Column9
Removed Member From Class: ClassName=U_Column10 Member=LED49_U_Column10
Removed Member From Class: ClassName=U_Column11 Member=LED49_U_Column11
Removed Member From Class: ClassName=U_Column12 Member=LED49_U_Column12
Removed Member From Class: ClassName=U_Column13 Member=LED49_U_Column13
Removed Member From Class: ClassName=U_Column14 Member=LED49_U_Column14
Removed Member From Class: ClassName=U_Column15 Member=LED49_U_Column15
Removed Member From Class: ClassName=U_Column16 Member=LED49_U_Column16
Removed Member From Class: ClassName=U_Column1 Member=LED57_U_Column1
Removed Member From Class: ClassName=U_Column2 Member=LED57_U_Column2
Removed Member From Class: ClassName=U_Column3 Member=LED57_U_Column3
Removed Member From Class: ClassName=U_Column4 Member=LED57_U_Column4
Removed Member From Class: ClassName=U_Column5 Member=LED57_U_Column5
Removed Member From Class: ClassName=U_Column6 Member=LED57_U_Column6
Removed Member From Class: ClassName=U_Column7 Member=LED57_U_Column7
Removed Member From Class: ClassName=U_Column8 Member=LED57_U_Column8
Removed Member From Class: ClassName=U_Column9 Member=LED57_U_Column9
Removed Member From Class: ClassName=U_Column10 Member=LED57_U_Column10
Removed Member From Class: ClassName=U_Column11 Member=LED57_U_Column11
Removed Member From Class: ClassName=U_Column12 Member=LED57_U_Column12
Removed Member From Class: ClassName=U_Column13 Member=LED57_U_Column13
Removed Member From Class: ClassName=U_Column14 Member=LED57_U_Column14
Removed Member From Class: ClassName=U_Column15 Member=LED57_U_Column15
Removed Member From Class: ClassName=U_Column16 Member=LED57_U_Column16
Change Component DesignItemId : Designator=LED1_U_Column1 Old DesignItemId=WL-SMCW 0805  150080RS75000 New DesignItemId=150080SS75000
Change Component DesignItemId : Designator=LED1_U_Column2 Old DesignItemId=WL-SMCW 0805  150080RS75000 New DesignItemId=150080SS75000
Change Component DesignItemId : Designator=LED1_U_Column3 Old DesignItemId=WL-SMCW 0805  150080RS75000 New DesignItemId=150080SS75000
Change Component DesignItemId : Designator=LED1_U_Column4 Old DesignItemId=WL-SMCW 0805  150080RS75000 New DesignItemId=150080SS75000
Change Component DesignItemId : Designator=LED1_U_Column5 Old DesignItemId=WL-SMCW 0805  150080RS75000 New DesignItemId=150080SS75000
Change Component DesignItemId : Designator=LED1_U_Column6 Old DesignItemId=WL-SMCW 0805  150080RS75000 New DesignItemId=150080SS75000
Change Component DesignItemId : Designator=LED1_U_Column7 Old DesignItemId=WL-SMCW 0805  150080RS75000 New DesignItemId=150080SS75000
Change Component DesignItemId : Designator=LED1_U_Column8 Old DesignItemId=WL-SMCW 0805  150080RS75000 New DesignItemId=150080SS75000
Change Component DesignItemId : Designator=LED1_U_Column9 Old DesignItemId=WL-SMCW 0805  150080RS75000 New DesignItemId=150080SS75000
Change Component DesignItemId : Designator=LED1_U_Column10 Old DesignItemId=WL-SMCW 0805  150080RS75000 New DesignItemId=150080SS75000
Change Component DesignItemId : Designator=LED1_U_Column11 Old DesignItemId=WL-SMCW 0805  150080RS75000 New DesignItemId=150080SS75000
Change Component DesignItemId : Designator=LED1_U_Column12 Old DesignItemId=WL-SMCW 0805  150080RS75000 New DesignItemId=150080SS75000
Change Component DesignItemId : Designator=LED1_U_Column13 Old DesignItemId=WL-SMCW 0805  150080RS75000 New DesignItemId=150080SS75000
Change Component DesignItemId : Designator=LED1_U_Column14 Old DesignItemId=WL-SMCW 0805  150080RS75000 New DesignItemId=150080SS75000
Change Component DesignItemId : Designator=LED1_U_Column15 Old DesignItemId=WL-SMCW 0805  150080RS75000 New DesignItemId=150080SS75000
Change Component DesignItemId : Designator=LED1_U_Column16 Old DesignItemId=WL-SMCW 0805  150080RS75000 New DesignItemId=150080SS75000
Change Component Comment : Designator=LED1_U_Column1 Old Comment=150080RS75000 New Comment=150080SS75000
Change Component Comment : Designator=LED1_U_Column2 Old Comment=150080RS75000 New Comment=150080SS75000
Change Component Comment : Designator=LED1_U_Column3 Old Comment=150080RS75000 New Comment=150080SS75000
Change Component Comment : Designator=LED1_U_Column4 Old Comment=150080RS75000 New Comment=150080SS75000
Change Component Comment : Designator=LED1_U_Column5 Old Comment=150080RS75000 New Comment=150080SS75000
Change Component Comment : Designator=LED1_U_Column6 Old Comment=150080RS75000 New Comment=150080SS75000
Change Component Comment : Designator=LED1_U_Column7 Old Comment=150080RS75000 New Comment=150080SS75000
Change Component Comment : Designator=LED1_U_Column8 Old Comment=150080RS75000 New Comment=150080SS75000
Change Component Comment : Designator=LED1_U_Column9 Old Comment=150080RS75000 New Comment=150080SS75000
Change Component Comment : Designator=LED1_U_Column10 Old Comment=150080RS75000 New Comment=150080SS75000
Change Component Comment : Designator=LED1_U_Column11 Old Comment=150080RS75000 New Comment=150080SS75000
Change Component Comment : Designator=LED1_U_Column12 Old Comment=150080RS75000 New Comment=150080SS75000
Change Component Comment : Designator=LED1_U_Column13 Old Comment=150080RS75000 New Comment=150080SS75000
Change Component Comment : Designator=LED1_U_Column14 Old Comment=150080RS75000 New Comment=150080SS75000
Change Component Comment : Designator=LED1_U_Column15 Old Comment=150080RS75000 New Comment=150080SS75000
Change Component Comment : Designator=LED1_U_Column16 Old Comment=150080RS75000 New Comment=150080SS75000
Change Component Description : Designator=LED1_U_Column1 Old Description=SMD mono-color Chip LED, WL-SMCW, Red New Description=SMD mono-color Chip LED, WL-SMCW, Super Red
Change Component Description : Designator=LED1_U_Column2 Old Description=SMD mono-color Chip LED, WL-SMCW, Red New Description=SMD mono-color Chip LED, WL-SMCW, Super Red
Change Component Description : Designator=LED1_U_Column3 Old Description=SMD mono-color Chip LED, WL-SMCW, Red New Description=SMD mono-color Chip LED, WL-SMCW, Super Red
Change Component Description : Designator=LED1_U_Column4 Old Description=SMD mono-color Chip LED, WL-SMCW, Red New Description=SMD mono-color Chip LED, WL-SMCW, Super Red
Change Component Description : Designator=LED1_U_Column5 Old Description=SMD mono-color Chip LED, WL-SMCW, Red New Description=SMD mono-color Chip LED, WL-SMCW, Super Red
Change Component Description : Designator=LED1_U_Column6 Old Description=SMD mono-color Chip LED, WL-SMCW, Red New Description=SMD mono-color Chip LED, WL-SMCW, Super Red
Change Component Description : Designator=LED1_U_Column7 Old Description=SMD mono-color Chip LED, WL-SMCW, Red New Description=SMD mono-color Chip LED, WL-SMCW, Super Red
Change Component Description : Designator=LED1_U_Column8 Old Description=SMD mono-color Chip LED, WL-SMCW, Red New Description=SMD mono-color Chip LED, WL-SMCW, Super Red
Change Component Description : Designator=LED1_U_Column9 Old Description=SMD mono-color Chip LED, WL-SMCW, Red New Description=SMD mono-color Chip LED, WL-SMCW, Super Red
Change Component Description : Designator=LED1_U_Column10 Old Description=SMD mono-color Chip LED, WL-SMCW, Red New Description=SMD mono-color Chip LED, WL-SMCW, Super Red
Change Component Description : Designator=LED1_U_Column11 Old Description=SMD mono-color Chip LED, WL-SMCW, Red New Description=SMD mono-color Chip LED, WL-SMCW, Super Red
Change Component Description : Designator=LED1_U_Column12 Old Description=SMD mono-color Chip LED, WL-SMCW, Red New Description=SMD mono-color Chip LED, WL-SMCW, Super Red
Change Component Description : Designator=LED1_U_Column13 Old Description=SMD mono-color Chip LED, WL-SMCW, Red New Description=SMD mono-color Chip LED, WL-SMCW, Super Red
Change Component Description : Designator=LED1_U_Column14 Old Description=SMD mono-color Chip LED, WL-SMCW, Red New Description=SMD mono-color Chip LED, WL-SMCW, Super Red
Change Component Description : Designator=LED1_U_Column15 Old Description=SMD mono-color Chip LED, WL-SMCW, Red New Description=SMD mono-color Chip LED, WL-SMCW, Super Red
Change Component Description : Designator=LED1_U_Column16 Old Description=SMD mono-color Chip LED, WL-SMCW, Red New Description=SMD mono-color Chip LED, WL-SMCW, Super Red
Change Component Library : Designator=LED1_U_Column1 Old Library=WL-SMCW_rev15b.intlib New Library=WL-SMCW SMD chip LED top view mono-color waterclear.IntLib
Change Component Library : Designator=LED1_U_Column2 Old Library=WL-SMCW_rev15b.intlib New Library=WL-SMCW SMD chip LED top view mono-color waterclear.IntLib
Change Component Library : Designator=LED1_U_Column3 Old Library=WL-SMCW_rev15b.intlib New Library=WL-SMCW SMD chip LED top view mono-color waterclear.IntLib
Change Component Library : Designator=LED1_U_Column4 Old Library=WL-SMCW_rev15b.intlib New Library=WL-SMCW SMD chip LED top view mono-color waterclear.IntLib
Change Component Library : Designator=LED1_U_Column5 Old Library=WL-SMCW_rev15b.intlib New Library=WL-SMCW SMD chip LED top view mono-color waterclear.IntLib
Change Component Library : Designator=LED1_U_Column6 Old Library=WL-SMCW_rev15b.intlib New Library=WL-SMCW SMD chip LED top view mono-color waterclear.IntLib
Change Component Library : Designator=LED1_U_Column7 Old Library=WL-SMCW_rev15b.intlib New Library=WL-SMCW SMD chip LED top view mono-color waterclear.IntLib
Change Component Library : Designator=LED1_U_Column8 Old Library=WL-SMCW_rev15b.intlib New Library=WL-SMCW SMD chip LED top view mono-color waterclear.IntLib
Change Component Library : Designator=LED1_U_Column9 Old Library=WL-SMCW_rev15b.intlib New Library=WL-SMCW SMD chip LED top view mono-color waterclear.IntLib
Change Component Library : Designator=LED1_U_Column10 Old Library=WL-SMCW_rev15b.intlib New Library=WL-SMCW SMD chip LED top view mono-color waterclear.IntLib
Change Component Library : Designator=LED1_U_Column11 Old Library=WL-SMCW_rev15b.intlib New Library=WL-SMCW SMD chip LED top view mono-color waterclear.IntLib
Change Component Library : Designator=LED1_U_Column12 Old Library=WL-SMCW_rev15b.intlib New Library=WL-SMCW SMD chip LED top view mono-color waterclear.IntLib
Change Component Library : Designator=LED1_U_Column13 Old Library=WL-SMCW_rev15b.intlib New Library=WL-SMCW SMD chip LED top view mono-color waterclear.IntLib
Change Component Library : Designator=LED1_U_Column14 Old Library=WL-SMCW_rev15b.intlib New Library=WL-SMCW SMD chip LED top view mono-color waterclear.IntLib
Change Component Library : Designator=LED1_U_Column15 Old Library=WL-SMCW_rev15b.intlib New Library=WL-SMCW SMD chip LED top view mono-color waterclear.IntLib
Change Component Library : Designator=LED1_U_Column16 Old Library=WL-SMCW_rev15b.intlib New Library=WL-SMCW SMD chip LED top view mono-color waterclear.IntLib
Added Component: Designator=LED2_U_Column1(0805_A)
Added Component: Designator=LED2_U_Column2(0805_A)
Added Component: Designator=LED2_U_Column3(0805_A)
Added Component: Designator=LED2_U_Column4(0805_A)
Added Component: Designator=LED2_U_Column5(0805_A)
Added Component: Designator=LED2_U_Column6(0805_A)
Added Component: Designator=LED2_U_Column7(0805_A)
Added Component: Designator=LED2_U_Column8(0805_A)
Added Component: Designator=LED2_U_Column9(0805_A)
Added Component: Designator=LED2_U_Column10(0805_A)
Added Component: Designator=LED2_U_Column11(0805_A)
Added Component: Designator=LED2_U_Column12(0805_A)
Added Component: Designator=LED2_U_Column13(0805_A)
Added Component: Designator=LED2_U_Column14(0805_A)
Added Component: Designator=LED2_U_Column15(0805_A)
Added Component: Designator=LED2_U_Column16(0805_A)
Added Component: Designator=LED3_U_Column1(0805_A)
Added Component: Designator=LED3_U_Column2(0805_A)
Added Component: Designator=LED3_U_Column3(0805_A)
Added Component: Designator=LED3_U_Column4(0805_A)
Added Component: Designator=LED3_U_Column5(0805_A)
Added Component: Designator=LED3_U_Column6(0805_A)
Added Component: Designator=LED3_U_Column7(0805_A)
Added Component: Designator=LED3_U_Column8(0805_A)
Added Component: Designator=LED3_U_Column9(0805_A)
Added Component: Designator=LED3_U_Column10(0805_A)
Added Component: Designator=LED3_U_Column11(0805_A)
Added Component: Designator=LED3_U_Column12(0805_A)
Added Component: Designator=LED3_U_Column13(0805_A)
Added Component: Designator=LED3_U_Column14(0805_A)
Added Component: Designator=LED3_U_Column15(0805_A)
Added Component: Designator=LED3_U_Column16(0805_A)
Added Component: Designator=LED4_U_Column1(0805_A)
Added Component: Designator=LED4_U_Column2(0805_A)
Added Component: Designator=LED4_U_Column3(0805_A)
Added Component: Designator=LED4_U_Column4(0805_A)
Added Component: Designator=LED4_U_Column5(0805_A)
Added Component: Designator=LED4_U_Column6(0805_A)
Added Component: Designator=LED4_U_Column7(0805_A)
Added Component: Designator=LED4_U_Column8(0805_A)
Added Component: Designator=LED4_U_Column9(0805_A)
Added Component: Designator=LED4_U_Column10(0805_A)
Added Component: Designator=LED4_U_Column11(0805_A)
Added Component: Designator=LED4_U_Column12(0805_A)
Added Component: Designator=LED4_U_Column13(0805_A)
Added Component: Designator=LED4_U_Column14(0805_A)
Added Component: Designator=LED4_U_Column15(0805_A)
Added Component: Designator=LED4_U_Column16(0805_A)
Added Component: Designator=LED5_U_Column1(0805_A)
Added Component: Designator=LED5_U_Column2(0805_A)
Added Component: Designator=LED5_U_Column3(0805_A)
Added Component: Designator=LED5_U_Column4(0805_A)
Added Component: Designator=LED5_U_Column5(0805_A)
Added Component: Designator=LED5_U_Column6(0805_A)
Added Component: Designator=LED5_U_Column7(0805_A)
Added Component: Designator=LED5_U_Column8(0805_A)
Added Component: Designator=LED5_U_Column9(0805_A)
Added Component: Designator=LED5_U_Column10(0805_A)
Added Component: Designator=LED5_U_Column11(0805_A)
Added Component: Designator=LED5_U_Column12(0805_A)
Added Component: Designator=LED5_U_Column13(0805_A)
Added Component: Designator=LED5_U_Column14(0805_A)
Added Component: Designator=LED5_U_Column15(0805_A)
Added Component: Designator=LED5_U_Column16(0805_A)
Added Component: Designator=LED6_U_Column1(0805_A)
Added Component: Designator=LED6_U_Column2(0805_A)
Added Component: Designator=LED6_U_Column3(0805_A)
Added Component: Designator=LED6_U_Column4(0805_A)
Added Component: Designator=LED6_U_Column5(0805_A)
Added Component: Designator=LED6_U_Column6(0805_A)
Added Component: Designator=LED6_U_Column7(0805_A)
Added Component: Designator=LED6_U_Column8(0805_A)
Added Component: Designator=LED6_U_Column9(0805_A)
Added Component: Designator=LED6_U_Column10(0805_A)
Added Component: Designator=LED6_U_Column11(0805_A)
Added Component: Designator=LED6_U_Column12(0805_A)
Added Component: Designator=LED6_U_Column13(0805_A)
Added Component: Designator=LED6_U_Column14(0805_A)
Added Component: Designator=LED6_U_Column15(0805_A)
Added Component: Designator=LED6_U_Column16(0805_A)
Added Component: Designator=LED7_U_Column1(0805_A)
Added Component: Designator=LED7_U_Column2(0805_A)
Added Component: Designator=LED7_U_Column3(0805_A)
Added Component: Designator=LED7_U_Column4(0805_A)
Added Component: Designator=LED7_U_Column5(0805_A)
Added Component: Designator=LED7_U_Column6(0805_A)
Added Component: Designator=LED7_U_Column7(0805_A)
Added Component: Designator=LED7_U_Column8(0805_A)
Added Component: Designator=LED7_U_Column9(0805_A)
Added Component: Designator=LED7_U_Column10(0805_A)
Added Component: Designator=LED7_U_Column11(0805_A)
Added Component: Designator=LED7_U_Column12(0805_A)
Added Component: Designator=LED7_U_Column13(0805_A)
Added Component: Designator=LED7_U_Column14(0805_A)
Added Component: Designator=LED7_U_Column15(0805_A)
Added Component: Designator=LED7_U_Column16(0805_A)
Added Component: Designator=LED8_U_Column1(0805_A)
Added Component: Designator=LED8_U_Column2(0805_A)
Added Component: Designator=LED8_U_Column3(0805_A)
Added Component: Designator=LED8_U_Column4(0805_A)
Added Component: Designator=LED8_U_Column5(0805_A)
Added Component: Designator=LED8_U_Column6(0805_A)
Added Component: Designator=LED8_U_Column7(0805_A)
Added Component: Designator=LED8_U_Column8(0805_A)
Added Component: Designator=LED8_U_Column9(0805_A)
Added Component: Designator=LED8_U_Column10(0805_A)
Added Component: Designator=LED8_U_Column11(0805_A)
Added Component: Designator=LED8_U_Column12(0805_A)
Added Component: Designator=LED8_U_Column13(0805_A)
Added Component: Designator=LED8_U_Column14(0805_A)
Added Component: Designator=LED8_U_Column15(0805_A)
Added Component: Designator=LED8_U_Column16(0805_A)
Added Pin To Net: NetName=ROW1 Pin=LED1_U_Column1-1
Added Pin To Net: NetName=ROW1 Pin=LED1_U_Column2-1
Added Pin To Net: NetName=ROW1 Pin=LED1_U_Column3-1
Added Pin To Net: NetName=ROW1 Pin=LED1_U_Column4-1
Added Pin To Net: NetName=ROW1 Pin=LED1_U_Column5-1
Added Pin To Net: NetName=ROW1 Pin=LED1_U_Column6-1
Added Pin To Net: NetName=ROW1 Pin=LED1_U_Column7-1
Added Pin To Net: NetName=ROW1 Pin=LED1_U_Column8-1
Added Pin To Net: NetName=ROW1 Pin=LED1_U_Column9-1
Added Pin To Net: NetName=ROW1 Pin=LED1_U_Column10-1
Added Pin To Net: NetName=ROW1 Pin=LED1_U_Column11-1
Added Pin To Net: NetName=ROW1 Pin=LED1_U_Column12-1
Added Pin To Net: NetName=ROW1 Pin=LED1_U_Column13-1
Added Pin To Net: NetName=ROW1 Pin=LED1_U_Column14-1
Added Pin To Net: NetName=ROW1 Pin=LED1_U_Column15-1
Added Pin To Net: NetName=ROW1 Pin=LED1_U_Column16-1
Added Pin To Net: NetName=ROW2 Pin=LED2_U_Column1-1
Added Pin To Net: NetName=ROW2 Pin=LED2_U_Column2-1
Added Pin To Net: NetName=ROW2 Pin=LED2_U_Column3-1
Added Pin To Net: NetName=ROW2 Pin=LED2_U_Column4-1
Added Pin To Net: NetName=ROW2 Pin=LED2_U_Column5-1
Added Pin To Net: NetName=ROW2 Pin=LED2_U_Column6-1
Added Pin To Net: NetName=ROW2 Pin=LED2_U_Column7-1
Added Pin To Net: NetName=ROW2 Pin=LED2_U_Column8-1
Added Pin To Net: NetName=ROW2 Pin=LED2_U_Column9-1
Added Pin To Net: NetName=ROW2 Pin=LED2_U_Column10-1
Added Pin To Net: NetName=ROW2 Pin=LED2_U_Column11-1
Added Pin To Net: NetName=ROW2 Pin=LED2_U_Column12-1
Added Pin To Net: NetName=ROW2 Pin=LED2_U_Column13-1
Added Pin To Net: NetName=ROW2 Pin=LED2_U_Column14-1
Added Pin To Net: NetName=ROW2 Pin=LED2_U_Column15-1
Added Pin To Net: NetName=ROW2 Pin=LED2_U_Column16-1
Added Pin To Net: NetName=ROW3 Pin=LED3_U_Column1-1
Added Pin To Net: NetName=ROW3 Pin=LED3_U_Column2-1
Added Pin To Net: NetName=ROW3 Pin=LED3_U_Column3-1
Added Pin To Net: NetName=ROW3 Pin=LED3_U_Column4-1
Added Pin To Net: NetName=ROW3 Pin=LED3_U_Column5-1
Added Pin To Net: NetName=ROW3 Pin=LED3_U_Column6-1
Added Pin To Net: NetName=ROW3 Pin=LED3_U_Column7-1
Added Pin To Net: NetName=ROW3 Pin=LED3_U_Column8-1
Added Pin To Net: NetName=ROW3 Pin=LED3_U_Column9-1
Added Pin To Net: NetName=ROW3 Pin=LED3_U_Column10-1
Added Pin To Net: NetName=ROW3 Pin=LED3_U_Column11-1
Added Pin To Net: NetName=ROW3 Pin=LED3_U_Column12-1
Added Pin To Net: NetName=ROW3 Pin=LED3_U_Column13-1
Added Pin To Net: NetName=ROW3 Pin=LED3_U_Column14-1
Added Pin To Net: NetName=ROW3 Pin=LED3_U_Column15-1
Added Pin To Net: NetName=ROW3 Pin=LED3_U_Column16-1
Added Pin To Net: NetName=ROW4 Pin=LED4_U_Column1-1
Added Pin To Net: NetName=ROW4 Pin=LED4_U_Column2-1
Added Pin To Net: NetName=ROW4 Pin=LED4_U_Column3-1
Added Pin To Net: NetName=ROW4 Pin=LED4_U_Column4-1
Added Pin To Net: NetName=ROW4 Pin=LED4_U_Column5-1
Added Pin To Net: NetName=ROW4 Pin=LED4_U_Column6-1
Added Pin To Net: NetName=ROW4 Pin=LED4_U_Column7-1
Added Pin To Net: NetName=ROW4 Pin=LED4_U_Column8-1
Added Pin To Net: NetName=ROW4 Pin=LED4_U_Column9-1
Added Pin To Net: NetName=ROW4 Pin=LED4_U_Column10-1
Added Pin To Net: NetName=ROW4 Pin=LED4_U_Column11-1
Added Pin To Net: NetName=ROW4 Pin=LED4_U_Column12-1
Added Pin To Net: NetName=ROW4 Pin=LED4_U_Column13-1
Added Pin To Net: NetName=ROW4 Pin=LED4_U_Column14-1
Added Pin To Net: NetName=ROW4 Pin=LED4_U_Column15-1
Added Pin To Net: NetName=ROW4 Pin=LED4_U_Column16-1
Added Pin To Net: NetName=ROW5 Pin=LED5_U_Column1-1
Added Pin To Net: NetName=ROW5 Pin=LED5_U_Column2-1
Added Pin To Net: NetName=ROW5 Pin=LED5_U_Column3-1
Added Pin To Net: NetName=ROW5 Pin=LED5_U_Column4-1
Added Pin To Net: NetName=ROW5 Pin=LED5_U_Column5-1
Added Pin To Net: NetName=ROW5 Pin=LED5_U_Column6-1
Added Pin To Net: NetName=ROW5 Pin=LED5_U_Column7-1
Added Pin To Net: NetName=ROW5 Pin=LED5_U_Column8-1
Added Pin To Net: NetName=ROW5 Pin=LED5_U_Column9-1
Added Pin To Net: NetName=ROW5 Pin=LED5_U_Column10-1
Added Pin To Net: NetName=ROW5 Pin=LED5_U_Column11-1
Added Pin To Net: NetName=ROW5 Pin=LED5_U_Column12-1
Added Pin To Net: NetName=ROW5 Pin=LED5_U_Column13-1
Added Pin To Net: NetName=ROW5 Pin=LED5_U_Column14-1
Added Pin To Net: NetName=ROW5 Pin=LED5_U_Column15-1
Added Pin To Net: NetName=ROW5 Pin=LED5_U_Column16-1
Added Pin To Net: NetName=ROW6 Pin=LED6_U_Column1-1
Added Pin To Net: NetName=ROW6 Pin=LED6_U_Column2-1
Added Pin To Net: NetName=ROW6 Pin=LED6_U_Column3-1
Added Pin To Net: NetName=ROW6 Pin=LED6_U_Column4-1
Added Pin To Net: NetName=ROW6 Pin=LED6_U_Column5-1
Added Pin To Net: NetName=ROW6 Pin=LED6_U_Column6-1
Added Pin To Net: NetName=ROW6 Pin=LED6_U_Column7-1
Added Pin To Net: NetName=ROW6 Pin=LED6_U_Column8-1
Added Pin To Net: NetName=ROW6 Pin=LED6_U_Column9-1
Added Pin To Net: NetName=ROW6 Pin=LED6_U_Column10-1
Added Pin To Net: NetName=ROW6 Pin=LED6_U_Column11-1
Added Pin To Net: NetName=ROW6 Pin=LED6_U_Column12-1
Added Pin To Net: NetName=ROW6 Pin=LED6_U_Column13-1
Added Pin To Net: NetName=ROW6 Pin=LED6_U_Column14-1
Added Pin To Net: NetName=ROW6 Pin=LED6_U_Column15-1
Added Pin To Net: NetName=ROW6 Pin=LED6_U_Column16-1
Added Pin To Net: NetName=ROW7 Pin=LED7_U_Column1-1
Added Pin To Net: NetName=ROW7 Pin=LED7_U_Column2-1
Added Pin To Net: NetName=ROW7 Pin=LED7_U_Column3-1
Added Pin To Net: NetName=ROW7 Pin=LED7_U_Column4-1
Added Pin To Net: NetName=ROW7 Pin=LED7_U_Column5-1
Added Pin To Net: NetName=ROW7 Pin=LED7_U_Column6-1
Added Pin To Net: NetName=ROW7 Pin=LED7_U_Column7-1
Added Pin To Net: NetName=ROW7 Pin=LED7_U_Column8-1
Added Pin To Net: NetName=ROW7 Pin=LED7_U_Column9-1
Added Pin To Net: NetName=ROW7 Pin=LED7_U_Column10-1
Added Pin To Net: NetName=ROW7 Pin=LED7_U_Column11-1
Added Pin To Net: NetName=ROW7 Pin=LED7_U_Column12-1
Added Pin To Net: NetName=ROW7 Pin=LED7_U_Column13-1
Added Pin To Net: NetName=ROW7 Pin=LED7_U_Column14-1
Added Pin To Net: NetName=ROW7 Pin=LED7_U_Column15-1
Added Pin To Net: NetName=ROW7 Pin=LED7_U_Column16-1
Added Pin To Net: NetName=ROW8 Pin=LED8_U_Column1-1
Added Pin To Net: NetName=ROW8 Pin=LED8_U_Column2-1
Added Pin To Net: NetName=ROW8 Pin=LED8_U_Column3-1
Added Pin To Net: NetName=ROW8 Pin=LED8_U_Column4-1
Added Pin To Net: NetName=ROW8 Pin=LED8_U_Column5-1
Added Pin To Net: NetName=ROW8 Pin=LED8_U_Column6-1
Added Pin To Net: NetName=ROW8 Pin=LED8_U_Column7-1
Added Pin To Net: NetName=ROW8 Pin=LED8_U_Column8-1
Added Pin To Net: NetName=ROW8 Pin=LED8_U_Column9-1
Added Pin To Net: NetName=ROW8 Pin=LED8_U_Column10-1
Added Pin To Net: NetName=ROW8 Pin=LED8_U_Column11-1
Added Pin To Net: NetName=ROW8 Pin=LED8_U_Column12-1
Added Pin To Net: NetName=ROW8 Pin=LED8_U_Column13-1
Added Pin To Net: NetName=ROW8 Pin=LED8_U_Column14-1
Added Pin To Net: NetName=ROW8 Pin=LED8_U_Column15-1
Added Pin To Net: NetName=ROW8 Pin=LED8_U_Column16-1
Added Pin To Net: NetName=NetLED1_U_Column1_2 Pin=LED1_U_Column1-2
Added Pin To Net: NetName=NetLED1_U_Column1_2 Pin=LED2_U_Column1-2
Added Pin To Net: NetName=NetLED1_U_Column1_2 Pin=LED3_U_Column1-2
Added Pin To Net: NetName=NetLED1_U_Column1_2 Pin=LED4_U_Column1-2
Added Pin To Net: NetName=NetLED1_U_Column1_2 Pin=LED5_U_Column1-2
Added Pin To Net: NetName=NetLED1_U_Column1_2 Pin=LED6_U_Column1-2
Added Pin To Net: NetName=NetLED1_U_Column1_2 Pin=LED7_U_Column1-2
Added Pin To Net: NetName=NetLED1_U_Column1_2 Pin=LED8_U_Column1-2
Added Net: Name=NetLED1_U_Column1_2
Added Pin To Net: NetName=NetLED1_U_Column2_2 Pin=LED1_U_Column2-2
Added Pin To Net: NetName=NetLED1_U_Column2_2 Pin=LED2_U_Column2-2
Added Pin To Net: NetName=NetLED1_U_Column2_2 Pin=LED3_U_Column2-2
Added Pin To Net: NetName=NetLED1_U_Column2_2 Pin=LED4_U_Column2-2
Added Pin To Net: NetName=NetLED1_U_Column2_2 Pin=LED5_U_Column2-2
Added Pin To Net: NetName=NetLED1_U_Column2_2 Pin=LED6_U_Column2-2
Added Pin To Net: NetName=NetLED1_U_Column2_2 Pin=LED7_U_Column2-2
Added Pin To Net: NetName=NetLED1_U_Column2_2 Pin=LED8_U_Column2-2
Added Net: Name=NetLED1_U_Column2_2
Added Pin To Net: NetName=NetLED1_U_Column3_2 Pin=LED1_U_Column3-2
Added Pin To Net: NetName=NetLED1_U_Column3_2 Pin=LED2_U_Column3-2
Added Pin To Net: NetName=NetLED1_U_Column3_2 Pin=LED3_U_Column3-2
Added Pin To Net: NetName=NetLED1_U_Column3_2 Pin=LED4_U_Column3-2
Added Pin To Net: NetName=NetLED1_U_Column3_2 Pin=LED5_U_Column3-2
Added Pin To Net: NetName=NetLED1_U_Column3_2 Pin=LED6_U_Column3-2
Added Pin To Net: NetName=NetLED1_U_Column3_2 Pin=LED7_U_Column3-2
Added Pin To Net: NetName=NetLED1_U_Column3_2 Pin=LED8_U_Column3-2
Added Net: Name=NetLED1_U_Column3_2
Added Pin To Net: NetName=NetLED1_U_Column4_2 Pin=LED1_U_Column4-2
Added Pin To Net: NetName=NetLED1_U_Column4_2 Pin=LED2_U_Column4-2
Added Pin To Net: NetName=NetLED1_U_Column4_2 Pin=LED3_U_Column4-2
Added Pin To Net: NetName=NetLED1_U_Column4_2 Pin=LED4_U_Column4-2
Added Pin To Net: NetName=NetLED1_U_Column4_2 Pin=LED5_U_Column4-2
Added Pin To Net: NetName=NetLED1_U_Column4_2 Pin=LED6_U_Column4-2
Added Pin To Net: NetName=NetLED1_U_Column4_2 Pin=LED7_U_Column4-2
Added Pin To Net: NetName=NetLED1_U_Column4_2 Pin=LED8_U_Column4-2
Added Net: Name=NetLED1_U_Column4_2
Added Pin To Net: NetName=NetLED1_U_Column5_2 Pin=LED1_U_Column5-2
Added Pin To Net: NetName=NetLED1_U_Column5_2 Pin=LED2_U_Column5-2
Added Pin To Net: NetName=NetLED1_U_Column5_2 Pin=LED3_U_Column5-2
Added Pin To Net: NetName=NetLED1_U_Column5_2 Pin=LED4_U_Column5-2
Added Pin To Net: NetName=NetLED1_U_Column5_2 Pin=LED5_U_Column5-2
Added Pin To Net: NetName=NetLED1_U_Column5_2 Pin=LED6_U_Column5-2
Added Pin To Net: NetName=NetLED1_U_Column5_2 Pin=LED7_U_Column5-2
Added Pin To Net: NetName=NetLED1_U_Column5_2 Pin=LED8_U_Column5-2
Added Net: Name=NetLED1_U_Column5_2
Added Pin To Net: NetName=NetLED1_U_Column6_2 Pin=LED1_U_Column6-2
Added Pin To Net: NetName=NetLED1_U_Column6_2 Pin=LED2_U_Column6-2
Added Pin To Net: NetName=NetLED1_U_Column6_2 Pin=LED3_U_Column6-2
Added Pin To Net: NetName=NetLED1_U_Column6_2 Pin=LED4_U_Column6-2
Added Pin To Net: NetName=NetLED1_U_Column6_2 Pin=LED5_U_Column6-2
Added Pin To Net: NetName=NetLED1_U_Column6_2 Pin=LED6_U_Column6-2
Added Pin To Net: NetName=NetLED1_U_Column6_2 Pin=LED7_U_Column6-2
Added Pin To Net: NetName=NetLED1_U_Column6_2 Pin=LED8_U_Column6-2
Added Net: Name=NetLED1_U_Column6_2
Added Pin To Net: NetName=NetLED1_U_Column7_2 Pin=LED1_U_Column7-2
Added Pin To Net: NetName=NetLED1_U_Column7_2 Pin=LED2_U_Column7-2
Added Pin To Net: NetName=NetLED1_U_Column7_2 Pin=LED3_U_Column7-2
Added Pin To Net: NetName=NetLED1_U_Column7_2 Pin=LED4_U_Column7-2
Added Pin To Net: NetName=NetLED1_U_Column7_2 Pin=LED5_U_Column7-2
Added Pin To Net: NetName=NetLED1_U_Column7_2 Pin=LED6_U_Column7-2
Added Pin To Net: NetName=NetLED1_U_Column7_2 Pin=LED7_U_Column7-2
Added Pin To Net: NetName=NetLED1_U_Column7_2 Pin=LED8_U_Column7-2
Added Net: Name=NetLED1_U_Column7_2
Added Pin To Net: NetName=NetLED1_U_Column8_2 Pin=LED1_U_Column8-2
Added Pin To Net: NetName=NetLED1_U_Column8_2 Pin=LED2_U_Column8-2
Added Pin To Net: NetName=NetLED1_U_Column8_2 Pin=LED3_U_Column8-2
Added Pin To Net: NetName=NetLED1_U_Column8_2 Pin=LED4_U_Column8-2
Added Pin To Net: NetName=NetLED1_U_Column8_2 Pin=LED5_U_Column8-2
Added Pin To Net: NetName=NetLED1_U_Column8_2 Pin=LED6_U_Column8-2
Added Pin To Net: NetName=NetLED1_U_Column8_2 Pin=LED7_U_Column8-2
Added Pin To Net: NetName=NetLED1_U_Column8_2 Pin=LED8_U_Column8-2
Added Net: Name=NetLED1_U_Column8_2
Added Pin To Net: NetName=NetLED1_U_Column9_2 Pin=LED1_U_Column9-2
Added Pin To Net: NetName=NetLED1_U_Column9_2 Pin=LED2_U_Column9-2
Added Pin To Net: NetName=NetLED1_U_Column9_2 Pin=LED3_U_Column9-2
Added Pin To Net: NetName=NetLED1_U_Column9_2 Pin=LED4_U_Column9-2
Added Pin To Net: NetName=NetLED1_U_Column9_2 Pin=LED5_U_Column9-2
Added Pin To Net: NetName=NetLED1_U_Column9_2 Pin=LED6_U_Column9-2
Added Pin To Net: NetName=NetLED1_U_Column9_2 Pin=LED7_U_Column9-2
Added Pin To Net: NetName=NetLED1_U_Column9_2 Pin=LED8_U_Column9-2
Added Net: Name=NetLED1_U_Column9_2
Added Pin To Net: NetName=NetLED1_U_Column10_2 Pin=LED1_U_Column10-2
Added Pin To Net: NetName=NetLED1_U_Column10_2 Pin=LED2_U_Column10-2
Added Pin To Net: NetName=NetLED1_U_Column10_2 Pin=LED3_U_Column10-2
Added Pin To Net: NetName=NetLED1_U_Column10_2 Pin=LED4_U_Column10-2
Added Pin To Net: NetName=NetLED1_U_Column10_2 Pin=LED5_U_Column10-2
Added Pin To Net: NetName=NetLED1_U_Column10_2 Pin=LED6_U_Column10-2
Added Pin To Net: NetName=NetLED1_U_Column10_2 Pin=LED7_U_Column10-2
Added Pin To Net: NetName=NetLED1_U_Column10_2 Pin=LED8_U_Column10-2
Added Net: Name=NetLED1_U_Column10_2
Added Pin To Net: NetName=NetLED1_U_Column11_2 Pin=LED1_U_Column11-2
Added Pin To Net: NetName=NetLED1_U_Column11_2 Pin=LED2_U_Column11-2
Added Pin To Net: NetName=NetLED1_U_Column11_2 Pin=LED3_U_Column11-2
Added Pin To Net: NetName=NetLED1_U_Column11_2 Pin=LED4_U_Column11-2
Added Pin To Net: NetName=NetLED1_U_Column11_2 Pin=LED5_U_Column11-2
Added Pin To Net: NetName=NetLED1_U_Column11_2 Pin=LED6_U_Column11-2
Added Pin To Net: NetName=NetLED1_U_Column11_2 Pin=LED7_U_Column11-2
Added Pin To Net: NetName=NetLED1_U_Column11_2 Pin=LED8_U_Column11-2
Added Net: Name=NetLED1_U_Column11_2
Added Pin To Net: NetName=NetLED1_U_Column12_2 Pin=LED1_U_Column12-2
Added Pin To Net: NetName=NetLED1_U_Column12_2 Pin=LED2_U_Column12-2
Added Pin To Net: NetName=NetLED1_U_Column12_2 Pin=LED3_U_Column12-2
Added Pin To Net: NetName=NetLED1_U_Column12_2 Pin=LED4_U_Column12-2
Added Pin To Net: NetName=NetLED1_U_Column12_2 Pin=LED5_U_Column12-2
Added Pin To Net: NetName=NetLED1_U_Column12_2 Pin=LED6_U_Column12-2
Added Pin To Net: NetName=NetLED1_U_Column12_2 Pin=LED7_U_Column12-2
Added Pin To Net: NetName=NetLED1_U_Column12_2 Pin=LED8_U_Column12-2
Added Net: Name=NetLED1_U_Column12_2
Added Pin To Net: NetName=NetLED1_U_Column13_2 Pin=LED1_U_Column13-2
Added Pin To Net: NetName=NetLED1_U_Column13_2 Pin=LED2_U_Column13-2
Added Pin To Net: NetName=NetLED1_U_Column13_2 Pin=LED3_U_Column13-2
Added Pin To Net: NetName=NetLED1_U_Column13_2 Pin=LED4_U_Column13-2
Added Pin To Net: NetName=NetLED1_U_Column13_2 Pin=LED5_U_Column13-2
Added Pin To Net: NetName=NetLED1_U_Column13_2 Pin=LED6_U_Column13-2
Added Pin To Net: NetName=NetLED1_U_Column13_2 Pin=LED7_U_Column13-2
Added Pin To Net: NetName=NetLED1_U_Column13_2 Pin=LED8_U_Column13-2
Added Net: Name=NetLED1_U_Column13_2
Added Pin To Net: NetName=NetLED1_U_Column14_2 Pin=LED1_U_Column14-2
Added Pin To Net: NetName=NetLED1_U_Column14_2 Pin=LED2_U_Column14-2
Added Pin To Net: NetName=NetLED1_U_Column14_2 Pin=LED3_U_Column14-2
Added Pin To Net: NetName=NetLED1_U_Column14_2 Pin=LED4_U_Column14-2
Added Pin To Net: NetName=NetLED1_U_Column14_2 Pin=LED5_U_Column14-2
Added Pin To Net: NetName=NetLED1_U_Column14_2 Pin=LED6_U_Column14-2
Added Pin To Net: NetName=NetLED1_U_Column14_2 Pin=LED7_U_Column14-2
Added Pin To Net: NetName=NetLED1_U_Column14_2 Pin=LED8_U_Column14-2
Added Net: Name=NetLED1_U_Column14_2
Added Pin To Net: NetName=NetLED1_U_Column15_2 Pin=LED1_U_Column15-2
Added Pin To Net: NetName=NetLED1_U_Column15_2 Pin=LED2_U_Column15-2
Added Pin To Net: NetName=NetLED1_U_Column15_2 Pin=LED3_U_Column15-2
Added Pin To Net: NetName=NetLED1_U_Column15_2 Pin=LED4_U_Column15-2
Added Pin To Net: NetName=NetLED1_U_Column15_2 Pin=LED5_U_Column15-2
Added Pin To Net: NetName=NetLED1_U_Column15_2 Pin=LED6_U_Column15-2
Added Pin To Net: NetName=NetLED1_U_Column15_2 Pin=LED7_U_Column15-2
Added Pin To Net: NetName=NetLED1_U_Column15_2 Pin=LED8_U_Column15-2
Added Net: Name=NetLED1_U_Column15_2
Added Pin To Net: NetName=NetLED1_U_Column16_2 Pin=LED1_U_Column16-2
Added Pin To Net: NetName=NetLED1_U_Column16_2 Pin=LED2_U_Column16-2
Added Pin To Net: NetName=NetLED1_U_Column16_2 Pin=LED3_U_Column16-2
Added Pin To Net: NetName=NetLED1_U_Column16_2 Pin=LED4_U_Column16-2
Added Pin To Net: NetName=NetLED1_U_Column16_2 Pin=LED5_U_Column16-2
Added Pin To Net: NetName=NetLED1_U_Column16_2 Pin=LED6_U_Column16-2
Added Pin To Net: NetName=NetLED1_U_Column16_2 Pin=LED7_U_Column16-2
Added Pin To Net: NetName=NetLED1_U_Column16_2 Pin=LED8_U_Column16-2
Added Net: Name=NetLED1_U_Column16_2
Added Member To Class: ClassName=U_Column1 Member=Component LED2_U_Column1 (LED2) 150080SS75000
Added Member To Class: ClassName=U_Column2 Member=Component LED2_U_Column2 (LED2) 150080SS75000
Added Member To Class: ClassName=U_Column3 Member=Component LED2_U_Column3 (LED2) 150080SS75000
Added Member To Class: ClassName=U_Column4 Member=Component LED2_U_Column4 (LED2) 150080SS75000
Added Member To Class: ClassName=U_Column5 Member=Component LED2_U_Column5 (LED2) 150080SS75000
Added Member To Class: ClassName=U_Column6 Member=Component LED2_U_Column6 (LED2) 150080SS75000
Added Member To Class: ClassName=U_Column7 Member=Component LED2_U_Column7 (LED2) 150080SS75000
Added Member To Class: ClassName=U_Column8 Member=Component LED2_U_Column8 (LED2) 150080SS75000
Added Member To Class: ClassName=U_Column9 Member=Component LED2_U_Column9 (LED2) 150080SS75000
Added Member To Class: ClassName=U_Column10 Member=Component LED2_U_Column10 (LED2) 150080SS75000
Added Member To Class: ClassName=U_Column11 Member=Component LED2_U_Column11 (LED2) 150080SS75000
Added Member To Class: ClassName=U_Column12 Member=Component LED2_U_Column12 (LED2) 150080SS75000
Added Member To Class: ClassName=U_Column13 Member=Component LED2_U_Column13 (LED2) 150080SS75000
Added Member To Class: ClassName=U_Column14 Member=Component LED2_U_Column14 (LED2) 150080SS75000
Added Member To Class: ClassName=U_Column15 Member=Component LED2_U_Column15 (LED2) 150080SS75000
Added Member To Class: ClassName=U_Column16 Member=Component LED2_U_Column16 (LED2) 150080SS75000
Added Member To Class: ClassName=U_Column1 Member=Component LED3_U_Column1 (LED3) 150080SS75000
Added Member To Class: ClassName=U_Column2 Member=Component LED3_U_Column2 (LED3) 150080SS75000
Added Member To Class: ClassName=U_Column3 Member=Component LED3_U_Column3 (LED3) 150080SS75000
Added Member To Class: ClassName=U_Column4 Member=Component LED3_U_Column4 (LED3) 150080SS75000
Added Member To Class: ClassName=U_Column5 Member=Component LED3_U_Column5 (LED3) 150080SS75000
Added Member To Class: ClassName=U_Column6 Member=Component LED3_U_Column6 (LED3) 150080SS75000
Added Member To Class: ClassName=U_Column7 Member=Component LED3_U_Column7 (LED3) 150080SS75000
Added Member To Class: ClassName=U_Column8 Member=Component LED3_U_Column8 (LED3) 150080SS75000
Added Member To Class: ClassName=U_Column9 Member=Component LED3_U_Column9 (LED3) 150080SS75000
Added Member To Class: ClassName=U_Column10 Member=Component LED3_U_Column10 (LED3) 150080SS75000
Added Member To Class: ClassName=U_Column11 Member=Component LED3_U_Column11 (LED3) 150080SS75000
Added Member To Class: ClassName=U_Column12 Member=Component LED3_U_Column12 (LED3) 150080SS75000
Added Member To Class: ClassName=U_Column13 Member=Component LED3_U_Column13 (LED3) 150080SS75000
Added Member To Class: ClassName=U_Column14 Member=Component LED3_U_Column14 (LED3) 150080SS75000
Added Member To Class: ClassName=U_Column15 Member=Component LED3_U_Column15 (LED3) 150080SS75000
Added Member To Class: ClassName=U_Column16 Member=Component LED3_U_Column16 (LED3) 150080SS75000
Added Member To Class: ClassName=U_Column1 Member=Component LED4_U_Column1 (LED4) 150080SS75000
Added Member To Class: ClassName=U_Column2 Member=Component LED4_U_Column2 (LED4) 150080SS75000
Added Member To Class: ClassName=U_Column3 Member=Component LED4_U_Column3 (LED4) 150080SS75000
Added Member To Class: ClassName=U_Column4 Member=Component LED4_U_Column4 (LED4) 150080SS75000
Added Member To Class: ClassName=U_Column5 Member=Component LED4_U_Column5 (LED4) 150080SS75000
Added Member To Class: ClassName=U_Column6 Member=Component LED4_U_Column6 (LED4) 150080SS75000
Added Member To Class: ClassName=U_Column7 Member=Component LED4_U_Column7 (LED4) 150080SS75000
Added Member To Class: ClassName=U_Column8 Member=Component LED4_U_Column8 (LED4) 150080SS75000
Added Member To Class: ClassName=U_Column9 Member=Component LED4_U_Column9 (LED4) 150080SS75000
Added Member To Class: ClassName=U_Column10 Member=Component LED4_U_Column10 (LED4) 150080SS75000
Added Member To Class: ClassName=U_Column11 Member=Component LED4_U_Column11 (LED4) 150080SS75000
Added Member To Class: ClassName=U_Column12 Member=Component LED4_U_Column12 (LED4) 150080SS75000
Added Member To Class: ClassName=U_Column13 Member=Component LED4_U_Column13 (LED4) 150080SS75000
Added Member To Class: ClassName=U_Column14 Member=Component LED4_U_Column14 (LED4) 150080SS75000
Added Member To Class: ClassName=U_Column15 Member=Component LED4_U_Column15 (LED4) 150080SS75000
Added Member To Class: ClassName=U_Column16 Member=Component LED4_U_Column16 (LED4) 150080SS75000
Added Member To Class: ClassName=U_Column1 Member=Component LED5_U_Column1 (LED5) 150080SS75000
Added Member To Class: ClassName=U_Column2 Member=Component LED5_U_Column2 (LED5) 150080SS75000
Added Member To Class: ClassName=U_Column3 Member=Component LED5_U_Column3 (LED5) 150080SS75000
Added Member To Class: ClassName=U_Column4 Member=Component LED5_U_Column4 (LED5) 150080SS75000
Added Member To Class: ClassName=U_Column5 Member=Component LED5_U_Column5 (LED5) 150080SS75000
Added Member To Class: ClassName=U_Column6 Member=Component LED5_U_Column6 (LED5) 150080SS75000
Added Member To Class: ClassName=U_Column7 Member=Component LED5_U_Column7 (LED5) 150080SS75000
Added Member To Class: ClassName=U_Column8 Member=Component LED5_U_Column8 (LED5) 150080SS75000
Added Member To Class: ClassName=U_Column9 Member=Component LED5_U_Column9 (LED5) 150080SS75000
Added Member To Class: ClassName=U_Column10 Member=Component LED5_U_Column10 (LED5) 150080SS75000
Added Member To Class: ClassName=U_Column11 Member=Component LED5_U_Column11 (LED5) 150080SS75000
Added Member To Class: ClassName=U_Column12 Member=Component LED5_U_Column12 (LED5) 150080SS75000
Added Member To Class: ClassName=U_Column13 Member=Component LED5_U_Column13 (LED5) 150080SS75000
Added Member To Class: ClassName=U_Column14 Member=Component LED5_U_Column14 (LED5) 150080SS75000
Added Member To Class: ClassName=U_Column15 Member=Component LED5_U_Column15 (LED5) 150080SS75000
Added Member To Class: ClassName=U_Column16 Member=Component LED5_U_Column16 (LED5) 150080SS75000
Added Member To Class: ClassName=U_Column1 Member=Component LED6_U_Column1 (LED6) 150080SS75000
Added Member To Class: ClassName=U_Column2 Member=Component LED6_U_Column2 (LED6) 150080SS75000
Added Member To Class: ClassName=U_Column3 Member=Component LED6_U_Column3 (LED6) 150080SS75000
Added Member To Class: ClassName=U_Column4 Member=Component LED6_U_Column4 (LED6) 150080SS75000
Added Member To Class: ClassName=U_Column5 Member=Component LED6_U_Column5 (LED6) 150080SS75000
Added Member To Class: ClassName=U_Column6 Member=Component LED6_U_Column6 (LED6) 150080SS75000
Added Member To Class: ClassName=U_Column7 Member=Component LED6_U_Column7 (LED6) 150080SS75000
Added Member To Class: ClassName=U_Column8 Member=Component LED6_U_Column8 (LED6) 150080SS75000
Added Member To Class: ClassName=U_Column9 Member=Component LED6_U_Column9 (LED6) 150080SS75000
Added Member To Class: ClassName=U_Column10 Member=Component LED6_U_Column10 (LED6) 150080SS75000
Added Member To Class: ClassName=U_Column11 Member=Component LED6_U_Column11 (LED6) 150080SS75000
Added Member To Class: ClassName=U_Column12 Member=Component LED6_U_Column12 (LED6) 150080SS75000
Added Member To Class: ClassName=U_Column13 Member=Component LED6_U_Column13 (LED6) 150080SS75000
Added Member To Class: ClassName=U_Column14 Member=Component LED6_U_Column14 (LED6) 150080SS75000
Added Member To Class: ClassName=U_Column15 Member=Component LED6_U_Column15 (LED6) 150080SS75000
Added Member To Class: ClassName=U_Column16 Member=Component LED6_U_Column16 (LED6) 150080SS75000
Added Member To Class: ClassName=U_Column1 Member=Component LED7_U_Column1 (LED7) 150080SS75000
Added Member To Class: ClassName=U_Column2 Member=Component LED7_U_Column2 (LED7) 150080SS75000
Added Member To Class: ClassName=U_Column3 Member=Component LED7_U_Column3 (LED7) 150080SS75000
Added Member To Class: ClassName=U_Column4 Member=Component LED7_U_Column4 (LED7) 150080SS75000
Added Member To Class: ClassName=U_Column5 Member=Component LED7_U_Column5 (LED7) 150080SS75000
Added Member To Class: ClassName=U_Column6 Member=Component LED7_U_Column6 (LED7) 150080SS75000
Added Member To Class: ClassName=U_Column7 Member=Component LED7_U_Column7 (LED7) 150080SS75000
Added Member To Class: ClassName=U_Column8 Member=Component LED7_U_Column8 (LED7) 150080SS75000
Added Member To Class: ClassName=U_Column9 Member=Component LED7_U_Column9 (LED7) 150080SS75000
Added Member To Class: ClassName=U_Column10 Member=Component LED7_U_Column10 (LED7) 150080SS75000
Added Member To Class: ClassName=U_Column11 Member=Component LED7_U_Column11 (LED7) 150080SS75000
Added Member To Class: ClassName=U_Column12 Member=Component LED7_U_Column12 (LED7) 150080SS75000
Added Member To Class: ClassName=U_Column13 Member=Component LED7_U_Column13 (LED7) 150080SS75000
Added Member To Class: ClassName=U_Column14 Member=Component LED7_U_Column14 (LED7) 150080SS75000
Added Member To Class: ClassName=U_Column15 Member=Component LED7_U_Column15 (LED7) 150080SS75000
Added Member To Class: ClassName=U_Column16 Member=Component LED7_U_Column16 (LED7) 150080SS75000
Added Member To Class: ClassName=U_Column1 Member=Component LED8_U_Column1 (LED8) 150080SS75000
Added Member To Class: ClassName=U_Column2 Member=Component LED8_U_Column2 (LED8) 150080SS75000
Added Member To Class: ClassName=U_Column3 Member=Component LED8_U_Column3 (LED8) 150080SS75000
Added Member To Class: ClassName=U_Column4 Member=Component LED8_U_Column4 (LED8) 150080SS75000
Added Member To Class: ClassName=U_Column5 Member=Component LED8_U_Column5 (LED8) 150080SS75000
Added Member To Class: ClassName=U_Column6 Member=Component LED8_U_Column6 (LED8) 150080SS75000
Added Member To Class: ClassName=U_Column7 Member=Component LED8_U_Column7 (LED8) 150080SS75000
Added Member To Class: ClassName=U_Column8 Member=Component LED8_U_Column8 (LED8) 150080SS75000
Added Member To Class: ClassName=U_Column9 Member=Component LED8_U_Column9 (LED8) 150080SS75000
Added Member To Class: ClassName=U_Column10 Member=Component LED8_U_Column10 (LED8) 150080SS75000
Added Member To Class: ClassName=U_Column11 Member=Component LED8_U_Column11 (LED8) 150080SS75000
Added Member To Class: ClassName=U_Column12 Member=Component LED8_U_Column12 (LED8) 150080SS75000
Added Member To Class: ClassName=U_Column13 Member=Component LED8_U_Column13 (LED8) 150080SS75000
Added Member To Class: ClassName=U_Column14 Member=Component LED8_U_Column14 (LED8) 150080SS75000
Added Member To Class: ClassName=U_Column15 Member=Component LED8_U_Column15 (LED8) 150080SS75000
Added Member To Class: ClassName=U_Column16 Member=Component LED8_U_Column16 (LED8) 150080SS75000
