Removed Pin From Net: NetName=3.3V Pin=C3-1
Removed Pin From Net: NetName=GND Pin=C3-2
Removed Pin From Net: NetName=3.3V Pin=C4-1
Removed Pin From Net: NetName=GND Pin=C4-2
Removed Pin From Net: NetName=GND Pin=C5-1
Removed Member From Class: ClassName=U_MSP430G2553 Member=C3
Removed Member From Class: ClassName=U_MSP430G2553 Member=C4
Removed Member From Class: ClassName=U_MSP430G2553 Member=C5
Added Component: Designator=C7(6-0805_M)
Added Component: Designator=C8(6-0805_M)
Added Component: Designator=C9(6-0805_M)
Added Pin To Net: NetName=3.3V Pin=C7-1
Added Pin To Net: NetName=GND Pin=C7-2
Added Pin To Net: NetName=3.3V Pin=C8-1
Added Pin To Net: NetName=GND Pin=C8-2
Added Pin To Net: NetName=GND Pin=C9-1
Added Pin To Net: NetName=NetC9_2 Pin=C9-2
Added Pin To Net: NetName=NetC9_2 Pin=R4-1
Added Pin To Net: NetName=NetC9_2 Pin=U3-23
Added Net: Name=NetC9_2
Added Member To Class: ClassName=U_MSP430G2553 Member=Component C7 Cap
Added Member To Class: ClassName=U_MSP430G2553 Member=Component C8 Cap
Added Member To Class: ClassName=U_MSP430G2553 Member=Component C9 Cap
Added Member To Class: ClassName=Controller Member=Component R1 Rowresistor
Added Member To Class: ClassName=Controller Member=Component R2 Rowresistor
Added Member To Class: ClassName=main Member=Component R3 Rowresistor
Added Room: Name=U_MSP430G2553
