Removed Pin From Net: NetName=GND Pin=-2
Removed Pin From Net: NetName=GND Pin=-2
Removed Pin From Net: NetName=GND Pin=-8
Removed Pin From Net: NetName=GND Pin=-8
Removed Pin From Net: NetName=GND Pin=-8
Removed Pin From Net: NetName=GND Pin=-8
Removed Pin From Net: NetName=GND Pin=-8
Removed Pin From Net: NetName=VCC Pin=-10
Removed Pin From Net: NetName=VCC Pin=-10
Removed Pin From Net: NetName=VCC Pin=-10
Removed Pin From Net: NetName=VCC Pin=-10
Removed Pin From Net: NetName=VCC Pin=-10
Removed Pin From Net: NetName=GND Pin=-13
Removed Pin From Net: NetName=GND Pin=-13
Removed Pin From Net: NetName=GND Pin=-13
Removed Pin From Net: NetName=GND Pin=-13
Removed Pin From Net: NetName=GND Pin=-13
Removed Pin From Net: NetName=VCC Pin=-16
Removed Pin From Net: NetName=VCC Pin=-16
Removed Pin From Net: NetName=VCC Pin=-16
Removed Pin From Net: NetName=VCC Pin=-16
Removed Pin From Net: NetName=VCC Pin=-16
Removed Pin From Net: NetName=GND Pin=Tran1-2
Removed Pin From Net: NetName=GND Pin=Tran2-2
Removed Pin From Net: NetName=GND Pin=Tran3-2
Removed Pin From Net: NetName=GND Pin=Tran4-2
Removed Pin From Net: NetName=GND Pin=Tran5-2
Removed Pin From Net: NetName=GND Pin=Tran5-2
Removed Pin From Net: NetName=GND Pin=Tran6-2
Removed Pin From Net: NetName=GND Pin=Tran6-2
Removed Pin From Net: NetName=GND Pin=Tran7-2
Removed Pin From Net: NetName=GND Pin=Tran8-2
Removed Pin From Net: NetName=GND Pin=Tran13-2
Removed Pin From Net: NetName=GND Pin=Tran14-2
Removed Pin From Net: NetName=GND Pin=Tran15-2
Removed Pin From Net: NetName=GND Pin=Tran16-2
Removed Pin From Net: NetName=GND Pin=Tran17-2
Removed Pin From Net: NetName=GND Pin=Tran18-2
Removed Pin From Net: NetName=GND Pin=Tran19-2
Removed Pin From Net: NetName=GND Pin=Tran20-2
Removed Member From Class: ClassName=Kretsn_Brillz Member=LED1
Removed Member From Class: ClassName=Kretsn_Brillz Member=LED2
Removed Member From Class: ClassName=Kretsn_Brillz Member=LED3
Removed Member From Class: ClassName=Kretsn_Brillz Member=LED4
Removed Member From Class: ClassName=Kretsn_Brillz Member=LED5
Removed Member From Class: ClassName=Kretsn_Brillz Member=LED6
Removed Member From Class: ClassName=Kretsn_Brillz Member=LED7
Removed Member From Class: ClassName=Kretsn_Brillz Member=LED8
Removed Member From Class: ClassName=Kretsn_Brillz Member=LED9
Removed Member From Class: ClassName=Kretsn_Brillz Member=LED10
Removed Member From Class: ClassName=Kretsn_Brillz Member=LED11
Removed Member From Class: ClassName=Kretsn_Brillz Member=LED12
Removed Member From Class: ClassName=Kretsn_Brillz Member=LED13
Removed Member From Class: ClassName=Kretsn_Brillz Member=LED14
Removed Member From Class: ClassName=Kretsn_Brillz Member=LED15
Removed Member From Class: ClassName=Kretsn_Brillz Member=LED16
Removed Member From Class: ClassName=Kretsn_Brillz Member=LED17
Removed Member From Class: ClassName=Kretsn_Brillz Member=LED18
Removed Member From Class: ClassName=Kretsn_Brillz Member=LED19
Removed Member From Class: ClassName=Kretsn_Brillz Member=LED20
Removed Member From Class: ClassName=Kretsn_Brillz Member=LED21
Removed Member From Class: ClassName=Kretsn_Brillz Member=LED22
Removed Member From Class: ClassName=Kretsn_Brillz Member=LED23
Removed Member From Class: ClassName=Kretsn_Brillz Member=LED24
Removed Member From Class: ClassName=Kretsn_Brillz Member=LED25
Removed Member From Class: ClassName=Kretsn_Brillz Member=LED26
Removed Member From Class: ClassName=Kretsn_Brillz Member=LED27
Removed Member From Class: ClassName=Kretsn_Brillz Member=LED28
Removed Member From Class: ClassName=Kretsn_Brillz Member=LED29
Removed Member From Class: ClassName=Kretsn_Brillz Member=LED30
Removed Member From Class: ClassName=Kretsn_Brillz Member=LED31
Removed Member From Class: ClassName=Kretsn_Brillz Member=LED32
Removed Member From Class: ClassName=Kretsn_Brillz Member=LED33
Removed Member From Class: ClassName=Kretsn_Brillz Member=LED34
Removed Member From Class: ClassName=Kretsn_Brillz Member=LED35
Removed Member From Class: ClassName=Kretsn_Brillz Member=LED36
Removed Member From Class: ClassName=Kretsn_Brillz Member=LED37
Removed Member From Class: ClassName=Kretsn_Brillz Member=LED38
Removed Member From Class: ClassName=Kretsn_Brillz Member=LED39
Removed Member From Class: ClassName=Kretsn_Brillz Member=LED40
Removed Member From Class: ClassName=Kretsn_Brillz Member=LED41
Removed Member From Class: ClassName=Kretsn_Brillz Member=LED42
Removed Member From Class: ClassName=Kretsn_Brillz Member=LED43
Removed Member From Class: ClassName=Kretsn_Brillz Member=LED44
Removed Member From Class: ClassName=Kretsn_Brillz Member=LED45
Removed Member From Class: ClassName=Kretsn_Brillz Member=LED46
Removed Member From Class: ClassName=Kretsn_Brillz Member=LED47
Removed Member From Class: ClassName=Kretsn_Brillz Member=LED48
Removed Member From Class: ClassName=Kretsn_Brillz Member=LED49
Removed Member From Class: ClassName=Kretsn_Brillz Member=LED50
Removed Member From Class: ClassName=Kretsn_Brillz Member=LED51
Removed Member From Class: ClassName=Kretsn_Brillz Member=LED52
Removed Member From Class: ClassName=Kretsn_Brillz Member=LED53
Removed Member From Class: ClassName=Kretsn_Brillz Member=LED54
Removed Member From Class: ClassName=Kretsn_Brillz Member=LED55
Removed Member From Class: ClassName=Kretsn_Brillz Member=LED56
Removed Member From Class: ClassName=Kretsn_Brillz Member=LED57
Removed Member From Class: ClassName=Kretsn_Brillz Member=LED58
Removed Member From Class: ClassName=Kretsn_Brillz Member=LED59
Removed Member From Class: ClassName=Kretsn_Brillz Member=LED60
Removed Member From Class: ClassName=Kretsn_Brillz Member=LED61
Removed Member From Class: ClassName=Kretsn_Brillz Member=LED62
Removed Member From Class: ClassName=Kretsn_Brillz Member=LED63
Removed Member From Class: ClassName=Kretsn_Brillz Member=LED64
Removed Member From Class: ClassName=Kretsn_Brillz Member=LED65
Removed Member From Class: ClassName=Kretsn_Brillz Member=LED66
Removed Member From Class: ClassName=Kretsn_Brillz Member=LED67
Removed Member From Class: ClassName=Kretsn_Brillz Member=LED68
Removed Member From Class: ClassName=Kretsn_Brillz Member=LED69
Removed Member From Class: ClassName=Kretsn_Brillz Member=LED70
Removed Member From Class: ClassName=Kretsn_Brillz Member=LED71
Removed Member From Class: ClassName=Kretsn_Brillz Member=LED72
Removed Member From Class: ClassName=Kretsn_Brillz Member=LED73
Removed Member From Class: ClassName=Kretsn_Brillz Member=LED74
Removed Member From Class: ClassName=Kretsn_Brillz Member=LED75
Removed Member From Class: ClassName=Kretsn_Brillz Member=LED76
Removed Member From Class: ClassName=Kretsn_Brillz Member=LED77
Removed Member From Class: ClassName=Kretsn_Brillz Member=LED78
Removed Member From Class: ClassName=Kretsn_Brillz Member=LED79
Removed Member From Class: ClassName=Kretsn_Brillz Member=LED80
Removed Member From Class: ClassName=Kretsn_Brillz Member=LED81
Removed Member From Class: ClassName=Kretsn_Brillz Member=LED82
Removed Member From Class: ClassName=Kretsn_Brillz Member=LED83
Removed Member From Class: ClassName=Kretsn_Brillz Member=LED84
Removed Member From Class: ClassName=Kretsn_Brillz Member=LED85
Removed Member From Class: ClassName=Kretsn_Brillz Member=LED86
Removed Member From Class: ClassName=Kretsn_Brillz Member=LED87
Removed Member From Class: ClassName=Kretsn_Brillz Member=LED88
Removed Member From Class: ClassName=Kretsn_Brillz Member=LED89
Removed Member From Class: ClassName=Kretsn_Brillz Member=LED90
Removed Member From Class: ClassName=Kretsn_Brillz Member=LED91
Removed Member From Class: ClassName=Kretsn_Brillz Member=LED92
Removed Member From Class: ClassName=Kretsn_Brillz Member=LED93
Removed Member From Class: ClassName=Kretsn_Brillz Member=LED94
Removed Member From Class: ClassName=Kretsn_Brillz Member=LED95
Removed Member From Class: ClassName=Kretsn_Brillz Member=LED96
Removed Member From Class: ClassName=Kretsn_Brillz Member=LED97
Removed Member From Class: ClassName=Kretsn_Brillz Member=LED98
Removed Member From Class: ClassName=Kretsn_Brillz Member=LED99
Removed Member From Class: ClassName=Kretsn_Brillz Member=LED100
Removed Member From Class: ClassName=Kretsn_Brillz Member=LED101
Removed Member From Class: ClassName=Kretsn_Brillz Member=LED102
Removed Member From Class: ClassName=Kretsn_Brillz Member=LED103
Removed Member From Class: ClassName=Kretsn_Brillz Member=LED104
Removed Member From Class: ClassName=Kretsn_Brillz Member=LED105
Removed Member From Class: ClassName=Kretsn_Brillz Member=LED106
Removed Member From Class: ClassName=Kretsn_Brillz Member=LED107
Removed Member From Class: ClassName=Kretsn_Brillz Member=LED108
Removed Member From Class: ClassName=Kretsn_Brillz Member=LED109
Removed Member From Class: ClassName=Kretsn_Brillz Member=LED110
Removed Member From Class: ClassName=Kretsn_Brillz Member=LED111
Removed Member From Class: ClassName=Kretsn_Brillz Member=LED112
Removed Member From Class: ClassName=Kretsn_Brillz Member=LED113
Removed Member From Class: ClassName=Kretsn_Brillz Member=LED114
Removed Member From Class: ClassName=Kretsn_Brillz Member=LED115
Removed Member From Class: ClassName=Kretsn_Brillz Member=LED116
Removed Member From Class: ClassName=Kretsn_Brillz Member=LED117
Removed Member From Class: ClassName=Kretsn_Brillz Member=LED118
Removed Member From Class: ClassName=Kretsn_Brillz Member=LED119
Removed Member From Class: ClassName=Kretsn_Brillz Member=LED120
Removed Member From Class: ClassName=Kretsn_Brillz Member=LED121
Removed Member From Class: ClassName=Kretsn_Brillz Member=LED122
Removed Member From Class: ClassName=Kretsn_Brillz Member=LED123
Removed Member From Class: ClassName=Kretsn_Brillz Member=LED124
Removed Member From Class: ClassName=Kretsn_Brillz Member=LED125
Removed Member From Class: ClassName=Kretsn_Brillz Member=LED126
Removed Member From Class: ClassName=Kretsn_Brillz Member=LED127
Removed Member From Class: ClassName=Kretsn_Brillz Member=LED128
Removed Member From Class: ClassName=Kretsn_Brillz Member=LED129
Removed Member From Class: ClassName=Kretsn_Brillz Member=LED130
Removed Member From Class: ClassName=Kretsn_Brillz Member=LED131
Removed Member From Class: ClassName=Kretsn_Brillz Member=LED132
Removed Member From Class: ClassName=Kretsn_Brillz Member=LED133
Removed Member From Class: ClassName=Kretsn_Brillz Member=LED134
Removed Member From Class: ClassName=Kretsn_Brillz Member=LED135
Removed Member From Class: ClassName=Kretsn_Brillz Member=LED136
Removed Member From Class: ClassName=Kretsn_Brillz Member=LED137
Removed Member From Class: ClassName=Kretsn_Brillz Member=LED138
Removed Member From Class: ClassName=Kretsn_Brillz Member=LED139
Removed Member From Class: ClassName=Kretsn_Brillz Member=LED140
Removed Member From Class: ClassName=Kretsn_Brillz Member=LED141
Removed Member From Class: ClassName=Kretsn_Brillz Member=LED142
Removed Member From Class: ClassName=Kretsn_Brillz Member=R1
Removed Member From Class: ClassName=Kretsn_Brillz Member=R2
Removed Member From Class: ClassName=Kretsn_Brillz Member=R3
Removed Member From Class: ClassName=Kretsn_Brillz Member=R4
Removed Member From Class: ClassName=Kretsn_Brillz Member=R5
Removed Member From Class: ClassName=Kretsn_Brillz Member=R6
Removed Member From Class: ClassName=Kretsn_Brillz Member=R7
Removed Member From Class: ClassName=Kretsn_Brillz Member=R8
Removed Member From Class: ClassName=Kretsn_Brillz Member=R9
Removed Member From Class: ClassName=Kretsn_Brillz Member=R10
Removed Member From Class: ClassName=Kretsn_Brillz Member=R11
Removed Member From Class: ClassName=Kretsn_Brillz Member=R12
Removed Member From Class: ClassName=Kretsn_Brillz Member=R13
Removed Member From Class: ClassName=Kretsn_Brillz Member=R14
Removed Member From Class: ClassName=Kretsn_Brillz Member=R15
Removed Member From Class: ClassName=Kretsn_Brillz Member=R16
Removed Member From Class: ClassName=Kretsn_Brillz Member=R17
Removed Member From Class: ClassName=Kretsn_Brillz Member=R18
Removed Member From Class: ClassName=Kretsn_Brillz Member=R19
Removed Member From Class: ClassName=Kretsn_Brillz Member=R20
Removed Member From Class: ClassName=Kretsn_Brillz Member=R21
Removed Member From Class: ClassName=Kretsn_Brillz Member=R22
Removed Member From Class: ClassName=Kretsn_Brillz Member=R23
Removed Member From Class: ClassName=Kretsn_Brillz Member=R24
Removed Member From Class: ClassName=Kretsn_Brillz Member=R25
Removed Member From Class: ClassName=Kretsn_Brillz Member=R26
Removed Member From Class: ClassName=Kretsn_Brillz Member=R27
Removed Member From Class: ClassName=Kretsn_Brillz Member=R28
Removed Member From Class: ClassName=Kretsn_Brillz Member=R29
Removed Member From Class: ClassName=Kretsn_Brillz Member=R30
Removed Member From Class: ClassName=Kretsn_Brillz Member=R31
Removed Member From Class: ClassName=Kretsn_Brillz Member=R32
Removed Member From Class: ClassName=Kretsn_Brillz Member=R33
Removed Member From Class: ClassName=Kretsn_Brillz Member=R34
Removed Member From Class: ClassName=Kretsn_Brillz Member=R35
Removed Member From Class: ClassName=Kretsn_Brillz Member=R36
Removed Member From Class: ClassName=Kretsn_Brillz Member=R37
Removed Member From Class: ClassName=Kretsn_Brillz Member=R38
Removed Member From Class: ClassName=Kretsn_Brillz Member=R39
Removed Member From Class: ClassName=Kretsn_Brillz Member=R40
Removed Member From Class: ClassName=Kretsn_Brillz Member=Tran1
Removed Member From Class: ClassName=Kretsn_Brillz Member=Tran2
Removed Member From Class: ClassName=Kretsn_Brillz Member=Tran3
Removed Member From Class: ClassName=Kretsn_Brillz Member=Tran4
Removed Member From Class: ClassName=Kretsn_Brillz Member=Tran5
Removed Member From Class: ClassName=Kretsn_Brillz Member=Tran6
Removed Member From Class: ClassName=Kretsn_Brillz Member=Tran7
Removed Member From Class: ClassName=Kretsn_Brillz Member=Tran8
Removed Member From Class: ClassName=Kretsn_Brillz Member=Tran13
Removed Member From Class: ClassName=Kretsn_Brillz Member=Tran14
Removed Member From Class: ClassName=Kretsn_Brillz Member=Tran15
Removed Member From Class: ClassName=Kretsn_Brillz Member=Tran16
Removed Member From Class: ClassName=Kretsn_Brillz Member=Tran17
Removed Member From Class: ClassName=Kretsn_Brillz Member=Tran18
Removed Member From Class: ClassName=Kretsn_Brillz Member=Tran19
Removed Member From Class: ClassName=Kretsn_Brillz Member=Tran20
Change Component Designator: OldDesignator= NewDesignator=Cap7
Change Component Designator: OldDesignator= NewDesignator=Processor1
Change Component Designator: OldDesignator= NewDesignator=R41
Change Component Designator: OldDesignator= NewDesignator=R42
Change Component Designator: OldDesignator= NewDesignator=R43
Change Component Designator: OldDesignator= NewDesignator=R44
Change Component Designator: OldDesignator= NewDesignator=R45
Change Component Designator: OldDesignator= NewDesignator=R46
Change Component Designator: OldDesignator= NewDesignator=StatusLed
Change component parameters: Designator = "BTHeader" ("BTHeader"); Footprint = "HDR1X4"; UniqueID = "\KDBKOJMU" ("\KDBKOJMU")
Change component parameters (AddParameter): Name = "LatestRevisionDate"; Value = "17-Jul-2002"; VariantName = "[No Variations]"
Change component parameters (AddParameter): Name = "LatestRevisionNote"; Value = "Re-released for DXP Platform."; VariantName = "[No Variations]"
Change component parameters (AddParameter): Name = "Publisher"; Value = "Altium Limited"; VariantName = "[No Variations]"
Change component parameters: Designator = "PowerPins" ("PowerPins"); Footprint = "HDR1X3"; UniqueID = "\FXBALANB" ("\FXBALANB")
Change component parameters (AddParameter): Name = "LatestRevisionDate"; Value = "17-Jul-2002"; VariantName = "[No Variations]"
Change component parameters (AddParameter): Name = "LatestRevisionNote"; Value = "Re-released for DXP Platform."; VariantName = "[No Variations]"
Change component parameters (AddParameter): Name = "Publisher"; Value = "Altium Limited"; VariantName = "[No Variations]"
Change component parameters: Designator = "Rst_Pin" ("Rst_Pin"); Footprint = "PIN1"; UniqueID = "\XSNGHMDG" ("\XSNGHMDG")
Change component parameters (AddParameter): Name = "LatestRevisionDate"; Value = "17-Jul-2002"; VariantName = "[No Variations]"
Change component parameters (AddParameter): Name = "LatestRevisionNote"; Value = "Re-released for DXP Platform."; VariantName = "[No Variations]"
Change component parameters (AddParameter): Name = "Publisher"; Value = "Altium Limited"; VariantName = "[No Variations]"
Change component parameters: Designator = "" ("R46"); Footprint = "6-0805_N"; UniqueID = "\XRUSCQSG" ("\XRUSCQSG")
Change component parameters (AddParameter): Name = "LatestRevisionDate"; Value = "17-Jul-2002"; VariantName = "[No Variations]"
Change component parameters (AddParameter): Name = "LatestRevisionNote"; Value = "Re-released for DXP Platform."; VariantName = "[No Variations]"
Change component parameters (AddParameter): Name = "PackageDescription"; Value = "Axial Device, Thru-Hole; 2 Leads; 0.3 in Pin Spacing"; VariantName = "[No Variations]"
Change component parameters (AddParameter): Name = "PackageReference"; Value = "AXIAL-0.3"; VariantName = "[No Variations]"
Change component parameters (AddParameter): Name = "Published"; Value = "8-Jun-2000"; VariantName = "[No Variations]"
Change component parameters (AddParameter): Name = "Publisher"; Value = "Altium Limited"; VariantName = "[No Variations]"
Change component parameters (AddParameter): Name = "Value"; Value = "1K"; VariantName = "[No Variations]"
Change component parameters: Designator = "" ("R45"); Footprint = "6-0805_N"; UniqueID = "\BCMYNFGW" ("\BCMYNFGW")
Change component parameters (AddParameter): Name = "LatestRevisionDate"; Value = "17-Jul-2002"; VariantName = "[No Variations]"
Change component parameters (AddParameter): Name = "LatestRevisionNote"; Value = "Re-released for DXP Platform."; VariantName = "[No Variations]"
Change component parameters (AddParameter): Name = "PackageDescription"; Value = "Axial Device, Thru-Hole; 2 Leads; 0.3 in Pin Spacing"; VariantName = "[No Variations]"
Change component parameters (AddParameter): Name = "PackageReference"; Value = "AXIAL-0.3"; VariantName = "[No Variations]"
Change component parameters (AddParameter): Name = "Published"; Value = "8-Jun-2000"; VariantName = "[No Variations]"
Change component parameters (AddParameter): Name = "Publisher"; Value = "Altium Limited"; VariantName = "[No Variations]"
Change component parameters (AddParameter): Name = "Value"; Value = "1K"; VariantName = "[No Variations]"
Change component parameters: Designator = "" ("R44"); Footprint = "6-0805_N"; UniqueID = "\DHBVSPNK" ("\DHBVSPNK")
Change component parameters (AddParameter): Name = "LatestRevisionDate"; Value = "17-Jul-2002"; VariantName = "[No Variations]"
Change component parameters (AddParameter): Name = "LatestRevisionNote"; Value = "Re-released for DXP Platform."; VariantName = "[No Variations]"
Change component parameters (AddParameter): Name = "PackageDescription"; Value = "Axial Device, Thru-Hole; 2 Leads; 0.3 in Pin Spacing"; VariantName = "[No Variations]"
Change component parameters (AddParameter): Name = "PackageReference"; Value = "AXIAL-0.3"; VariantName = "[No Variations]"
Change component parameters (AddParameter): Name = "Published"; Value = "8-Jun-2000"; VariantName = "[No Variations]"
Change component parameters (AddParameter): Name = "Publisher"; Value = "Altium Limited"; VariantName = "[No Variations]"
Change component parameters (AddParameter): Name = "Value"; Value = "1K"; VariantName = "[No Variations]"
Change component parameters: Designator = "" ("R43"); Footprint = "6-0805_N"; UniqueID = "\KPGWCTVH" ("\KPGWCTVH")
Change component parameters (AddParameter): Name = "LatestRevisionDate"; Value = "17-Jul-2002"; VariantName = "[No Variations]"
Change component parameters (AddParameter): Name = "LatestRevisionNote"; Value = "Re-released for DXP Platform."; VariantName = "[No Variations]"
Change component parameters (AddParameter): Name = "PackageDescription"; Value = "Axial Device, Thru-Hole; 2 Leads; 0.3 in Pin Spacing"; VariantName = "[No Variations]"
Change component parameters (AddParameter): Name = "PackageReference"; Value = "AXIAL-0.3"; VariantName = "[No Variations]"
Change component parameters (AddParameter): Name = "Published"; Value = "8-Jun-2000"; VariantName = "[No Variations]"
Change component parameters (AddParameter): Name = "Publisher"; Value = "Altium Limited"; VariantName = "[No Variations]"
Change component parameters (AddParameter): Name = "Value"; Value = "1K"; VariantName = "[No Variations]"
Change component parameters: Designator = "" ("R42"); Footprint = "6-0805_N"; UniqueID = "\RGLQDVIH" ("\RGLQDVIH")
Change component parameters (AddParameter): Name = "LatestRevisionDate"; Value = "17-Jul-2002"; VariantName = "[No Variations]"
Change component parameters (AddParameter): Name = "LatestRevisionNote"; Value = "Re-released for DXP Platform."; VariantName = "[No Variations]"
Change component parameters (AddParameter): Name = "PackageDescription"; Value = "Axial Device, Thru-Hole; 2 Leads; 0.3 in Pin Spacing"; VariantName = "[No Variations]"
Change component parameters (AddParameter): Name = "PackageReference"; Value = "AXIAL-0.3"; VariantName = "[No Variations]"
Change component parameters (AddParameter): Name = "Published"; Value = "8-Jun-2000"; VariantName = "[No Variations]"
Change component parameters (AddParameter): Name = "Publisher"; Value = "Altium Limited"; VariantName = "[No Variations]"
Change component parameters (AddParameter): Name = "Value"; Value = "1K"; VariantName = "[No Variations]"
Change component parameters: Designator = "" ("R41"); Footprint = "6-0805_N"; UniqueID = "\BOABYQBA" ("\BOABYQBA")
Change component parameters (AddParameter): Name = "LatestRevisionDate"; Value = "17-Jul-2002"; VariantName = "[No Variations]"
Change component parameters (AddParameter): Name = "LatestRevisionNote"; Value = "Re-released for DXP Platform."; VariantName = "[No Variations]"
Change component parameters (AddParameter): Name = "PackageDescription"; Value = "Axial Device, Thru-Hole; 2 Leads; 0.3 in Pin Spacing"; VariantName = "[No Variations]"
Change component parameters (AddParameter): Name = "PackageReference"; Value = "AXIAL-0.3"; VariantName = "[No Variations]"
Change component parameters (AddParameter): Name = "Published"; Value = "8-Jun-2000"; VariantName = "[No Variations]"
Change component parameters (AddParameter): Name = "Publisher"; Value = "Altium Limited"; VariantName = "[No Variations]"
Change component parameters (AddParameter): Name = "Value"; Value = "1K"; VariantName = "[No Variations]"
Change component parameters: Designator = "" ("Cap7"); Footprint = "6-0805_N"; UniqueID = "\XUTRWMLV" ("\XUTRWMLV")
Change component parameters (AddParameter): Name = "LatestRevisionDate"; Value = "17-Jul-2002"; VariantName = "[No Variations]"
Change component parameters (AddParameter): Name = "LatestRevisionNote"; Value = "Re-released for DXP Platform."; VariantName = "[No Variations]"
Change component parameters (AddParameter): Name = "PackageDescription"; Value = "Radial Cap, Thru-Hole; 2 Leads; 0.3 in Pin Spacing"; VariantName = "[No Variations]"
Change component parameters (AddParameter): Name = "PackageReference"; Value = "RAD-0.3"; VariantName = "[No Variations]"
Change component parameters (AddParameter): Name = "Published"; Value = "8-Jun-2000"; VariantName = "[No Variations]"
Change component parameters (AddParameter): Name = "Publisher"; Value = "Altium Limited"; VariantName = "[No Variations]"
Change component parameters (AddParameter): Name = "Value"; Value = "100pF"; VariantName = "[No Variations]"
Change component parameters: Designator = "Cap1" ("Cap1"); Footprint = "6-0805_N"; UniqueID = "\FVJHEOBT" ("\FVJHEOBT")
Change component parameters (AddParameter): Name = "LatestRevisionDate"; Value = "17-Jul-2002"; VariantName = "[No Variations]"
Change component parameters (AddParameter): Name = "LatestRevisionNote"; Value = "Re-released for DXP Platform."; VariantName = "[No Variations]"
Change component parameters (AddParameter): Name = "PackageDescription"; Value = "Radial Cap, Thru-Hole; 2 Leads; 0.3 in Pin Spacing"; VariantName = "[No Variations]"
Change component parameters (AddParameter): Name = "PackageReference"; Value = "RAD-0.3"; VariantName = "[No Variations]"
Change component parameters (AddParameter): Name = "Published"; Value = "8-Jun-2000"; VariantName = "[No Variations]"
Change component parameters (AddParameter): Name = "Publisher"; Value = "Altium Limited"; VariantName = "[No Variations]"
Change component parameters (AddParameter): Name = "Value"; Value = "100pF"; VariantName = "[No Variations]"
Change component parameters: Designator = "Cap2" ("Cap2"); Footprint = "6-0805_N"; UniqueID = "\LYIMOWOT" ("\LYIMOWOT")
Change component parameters (AddParameter): Name = "LatestRevisionDate"; Value = "17-Jul-2002"; VariantName = "[No Variations]"
Change component parameters (AddParameter): Name = "LatestRevisionNote"; Value = "Re-released for DXP Platform."; VariantName = "[No Variations]"
Change component parameters (AddParameter): Name = "PackageDescription"; Value = "Radial Cap, Thru-Hole; 2 Leads; 0.3 in Pin Spacing"; VariantName = "[No Variations]"
Change component parameters (AddParameter): Name = "PackageReference"; Value = "RAD-0.3"; VariantName = "[No Variations]"
Change component parameters (AddParameter): Name = "Published"; Value = "8-Jun-2000"; VariantName = "[No Variations]"
Change component parameters (AddParameter): Name = "Publisher"; Value = "Altium Limited"; VariantName = "[No Variations]"
Change component parameters (AddParameter): Name = "Value"; Value = "100pF"; VariantName = "[No Variations]"
Change component parameters: Designator = "Cap3" ("Cap3"); Footprint = "6-0805_N"; UniqueID = "\GNHAIADX" ("\GNHAIADX")
Change component parameters (AddParameter): Name = "LatestRevisionDate"; Value = "17-Jul-2002"; VariantName = "[No Variations]"
Change component parameters (AddParameter): Name = "LatestRevisionNote"; Value = "Re-released for DXP Platform."; VariantName = "[No Variations]"
Change component parameters (AddParameter): Name = "PackageDescription"; Value = "Radial Cap, Thru-Hole; 2 Leads; 0.3 in Pin Spacing"; VariantName = "[No Variations]"
Change component parameters (AddParameter): Name = "PackageReference"; Value = "RAD-0.3"; VariantName = "[No Variations]"
Change component parameters (AddParameter): Name = "Published"; Value = "8-Jun-2000"; VariantName = "[No Variations]"
Change component parameters (AddParameter): Name = "Publisher"; Value = "Altium Limited"; VariantName = "[No Variations]"
Change component parameters (AddParameter): Name = "Value"; Value = "100pF"; VariantName = "[No Variations]"
Change component parameters: Designator = "Cap4" ("Cap4"); Footprint = "6-0805_N"; UniqueID = "\WVWQQVIK" ("\WVWQQVIK")
Change component parameters (AddParameter): Name = "LatestRevisionDate"; Value = "17-Jul-2002"; VariantName = "[No Variations]"
Change component parameters (AddParameter): Name = "LatestRevisionNote"; Value = "Re-released for DXP Platform."; VariantName = "[No Variations]"
Change component parameters (AddParameter): Name = "PackageDescription"; Value = "Radial Cap, Thru-Hole; 2 Leads; 0.3 in Pin Spacing"; VariantName = "[No Variations]"
Change component parameters (AddParameter): Name = "PackageReference"; Value = "RAD-0.3"; VariantName = "[No Variations]"
Change component parameters (AddParameter): Name = "Published"; Value = "8-Jun-2000"; VariantName = "[No Variations]"
Change component parameters (AddParameter): Name = "Publisher"; Value = "Altium Limited"; VariantName = "[No Variations]"
Change component parameters (AddParameter): Name = "Value"; Value = "100pF"; VariantName = "[No Variations]"
Change component parameters: Designator = "Cap5" ("Cap5"); Footprint = "6-0805_N"; UniqueID = "\WMWNXOAL" ("\WMWNXOAL")
Change component parameters (AddParameter): Name = "LatestRevisionDate"; Value = "17-Jul-2002"; VariantName = "[No Variations]"
Change component parameters (AddParameter): Name = "LatestRevisionNote"; Value = "Re-released for DXP Platform."; VariantName = "[No Variations]"
Change component parameters (AddParameter): Name = "PackageDescription"; Value = "Radial Cap, Thru-Hole; 2 Leads; 0.3 in Pin Spacing"; VariantName = "[No Variations]"
Change component parameters (AddParameter): Name = "PackageReference"; Value = "RAD-0.3"; VariantName = "[No Variations]"
Change component parameters (AddParameter): Name = "Published"; Value = "8-Jun-2000"; VariantName = "[No Variations]"
Change component parameters (AddParameter): Name = "Publisher"; Value = "Altium Limited"; VariantName = "[No Variations]"
Change component parameters (AddParameter): Name = "Value"; Value = "100pF"; VariantName = "[No Variations]"
Change component parameters: Designator = "Cap6" ("Cap6"); Footprint = "6-0805_N"; UniqueID = "\TFWVMNQM" ("\TFWVMNQM")
Change component parameters (AddParameter): Name = "LatestRevisionDate"; Value = "17-Jul-2002"; VariantName = "[No Variations]"
Change component parameters (AddParameter): Name = "LatestRevisionNote"; Value = "Re-released for DXP Platform."; VariantName = "[No Variations]"
Change component parameters (AddParameter): Name = "PackageDescription"; Value = "Radial Cap, Thru-Hole; 2 Leads; 0.3 in Pin Spacing"; VariantName = "[No Variations]"
Change component parameters (AddParameter): Name = "PackageReference"; Value = "RAD-0.3"; VariantName = "[No Variations]"
Change component parameters (AddParameter): Name = "Published"; Value = "8-Jun-2000"; VariantName = "[No Variations]"
Change component parameters (AddParameter): Name = "Publisher"; Value = "Altium Limited"; VariantName = "[No Variations]"
Change component parameters (AddParameter): Name = "Value"; Value = "100pF"; VariantName = "[No Variations]"
Change component parameters: Designator = "" ("StatusLed"); Footprint = "3528"; UniqueID = "\YOWBRVYF" ("\YOWBRVYF")
Change component parameters (AddParameter): Name = "Color"; Value = "Red & Green & Blue"; VariantName = "[No Variations]"
Change component parameters (AddParameter): Name = "ComponentLink1Description"; Value = "Manufacturer"; VariantName = "[No Variations]"
Change component parameters (AddParameter): Name = "ComponentLink1URL"; Value = "http://www.we-online.de"; VariantName = "[No Variations]"
Change component parameters (AddParameter): Name = "ComponentLink2Description"; Value = "Datasheet"; VariantName = "[No Variations]"
Change component parameters (AddParameter): Name = "ComponentLink2URL"; Value = "http://katalog.we-online.com/led/datasheet/150141M173100.pdf"; VariantName = "[No Variations]"
Change component parameters (AddParameter): Name = "Created by"; Value = "Christin Otto"; VariantName = "[No Variations]"
Change component parameters (AddParameter): Name = "Created Date"; Value = "June 2013"; VariantName = "[No Variations]"
Change component parameters (AddParameter): Name = "Manufacturer"; Value = "Würth Elektronik eiSos GmbH"; VariantName = "[No Variations]"
Change component parameters (AddParameter): Name = "PartNo"; Value = "150141M173100"; VariantName = "[No Variations]"
Change component parameters: Designator = "RGB_LED1" ("RGB_LED1"); Footprint = "3528"; UniqueID = "\SCYNTYVN" ("\SCYNTYVN")
Change component parameters (AddParameter): Name = "Color"; Value = "Red & Green & Blue"; VariantName = "[No Variations]"
Change component parameters (AddParameter): Name = "ComponentLink1Description"; Value = "Manufacturer"; VariantName = "[No Variations]"
Change component parameters (AddParameter): Name = "ComponentLink1URL"; Value = "http://www.we-online.de"; VariantName = "[No Variations]"
Change component parameters (AddParameter): Name = "ComponentLink2Description"; Value = "Datasheet"; VariantName = "[No Variations]"
Change component parameters (AddParameter): Name = "ComponentLink2URL"; Value = "http://katalog.we-online.com/led/datasheet/150141M173100.pdf"; VariantName = "[No Variations]"
Change component parameters (AddParameter): Name = "Created by"; Value = "Christin Otto"; VariantName = "[No Variations]"
Change component parameters (AddParameter): Name = "Created Date"; Value = "June 2013"; VariantName = "[No Variations]"
Change component parameters (AddParameter): Name = "Manufacturer"; Value = "Würth Elektronik eiSos GmbH"; VariantName = "[No Variations]"
Change component parameters (AddParameter): Name = "PartNo"; Value = "150141M173100"; VariantName = "[No Variations]"
Change component parameters: Designator = "RGB_LED2" ("RGB_LED2"); Footprint = "3528"; UniqueID = "\FNLMBAHX" ("\FNLMBAHX")
Change component parameters (AddParameter): Name = "Color"; Value = "Red & Green & Blue"; VariantName = "[No Variations]"
Change component parameters (AddParameter): Name = "ComponentLink1Description"; Value = "Manufacturer"; VariantName = "[No Variations]"
Change component parameters (AddParameter): Name = "ComponentLink1URL"; Value = "http://www.we-online.de"; VariantName = "[No Variations]"
Change component parameters (AddParameter): Name = "ComponentLink2Description"; Value = "Datasheet"; VariantName = "[No Variations]"
Change component parameters (AddParameter): Name = "ComponentLink2URL"; Value = "http://katalog.we-online.com/led/datasheet/150141M173100.pdf"; VariantName = "[No Variations]"
Change component parameters (AddParameter): Name = "Created by"; Value = "Christin Otto"; VariantName = "[No Variations]"
Change component parameters (AddParameter): Name = "Created Date"; Value = "June 2013"; VariantName = "[No Variations]"
Change component parameters (AddParameter): Name = "Manufacturer"; Value = "Würth Elektronik eiSos GmbH"; VariantName = "[No Variations]"
Change component parameters (AddParameter): Name = "PartNo"; Value = "150141M173100"; VariantName = "[No Variations]"
Change component parameters: Designator = "" ("Processor1"); Footprint = "32A_N"; UniqueID = "\WDXCYRTP" ("\WDXCYRTP")
Change component parameters (AddParameter): Name = "Code_JEDEC"; Value = "MS-026-ABA"; VariantName = "[No Variations]"
Change component parameters (AddParameter): Name = "ComponentLink1Description"; Value = "Manufacturer Link"; VariantName = "[No Variations]"
Change component parameters (AddParameter): Name = "ComponentLink1URL"; Value = "http://www.atmel.com/products/avr/default.asp?"; VariantName = "[No Variations]"
Change component parameters (AddParameter): Name = "ComponentLink2Description"; Value = "ATmega48A/48PA/88A/88PA/168A/168PA/328/328P Datasheet"; VariantName = "[No Variations]"
Change component parameters (AddParameter): Name = "ComponentLink2URL"; Value = "http://www.atmel.com/dyn/resources/prod_documents/8271.pdf"; VariantName = "[No Variations]"
Change component parameters (AddParameter): Name = "ComponentLink3Description"; Value = "ATmega48A/48PA/88A/88PA/168A/168PA/328/328P Summary"; VariantName = "[No Variations]"
Change component parameters (AddParameter): Name = "ComponentLink3URL"; Value = "http://www.atmel.com/dyn/resources/prod_documents/8271S.pdf"; VariantName = "[No Variations]"
Change component parameters (AddParameter): Name = "ComponentLink4Description"; Value = "Atmel.com Home"; VariantName = "[No Variations]"
Change component parameters (AddParameter): Name = "ComponentLink4URL"; Value = "http://www.atmel.com"; VariantName = "[No Variations]"
Change component parameters (AddParameter): Name = "DatasheetVersion"; Value = "revA, Jan-2010"; VariantName = "[No Variations]"
Change component parameters (AddParameter): Name = "PackageDescription"; Value = "32-Lead, 7x7x1.0 mm Body, 0.8mm Lead Pitch, Thin Profile Plastic Quad Flat Package (TQFP)"; VariantName = "[No Variations]"
Change component parameters (AddParameter): Name = "PackageReference"; Value = "32A"; VariantName = "[No Variations]"
Change component parameters (AddParameter): Name = "PackageVersion"; Value = "revB, Oct-2001"; VariantName = "[No Variations]"
Change component parameters (AddParameter): Name = "Published"; Value = "1-Apr-2010"; VariantName = "[No Variations]"
Change component parameters (AddParameter): Name = "Publisher"; Value = "Altium Limited"; VariantName = "[No Variations]"
Change component parameters (AddParameter): Name = "Supplier 1"; Value = "Digi-Key"; VariantName = "[No Variations]"
Change component parameters (AddParameter): Name = "Supplier 2"; Value = "Farnell"; VariantName = "[No Variations]"
Change component parameters (AddParameter): Name = "Supplier 3"; Value = "Mouser"; VariantName = "[No Variations]"
Change component parameters (AddParameter): Name = "Supplier Part Number 1"; Value = "ATMEGA328P-AU-ND"; VariantName = "[No Variations]"
Change component parameters (AddParameter): Name = "Supplier Part Number 2"; Value = "1715486"; VariantName = "[No Variations]"
Change component parameters (AddParameter): Name = "Supplier Part Number 3"; Value = "556-ATMEGA328P-AU"; VariantName = "[No Variations]"
Added Member To Class: ClassName=Kretsn_Brillz Member=Component Cap7 Cap
Added Member To Class: ClassName=Kretsn_Brillz Member=Component Processor1 ATmega328P-AU
Added Member To Class: ClassName=Kretsn_Brillz Member=Component R41 Res1
Added Member To Class: ClassName=Kretsn_Brillz Member=Component R42 Res1
Added Member To Class: ClassName=Kretsn_Brillz Member=Component R43 Res1
Added Member To Class: ClassName=Kretsn_Brillz Member=Component R44 Res1
Added Member To Class: ClassName=Kretsn_Brillz Member=Component R45 Res1
Added Member To Class: ClassName=Kretsn_Brillz Member=Component R46 Res1
Added Member To Class: ClassName=Kretsn_Brillz Member=Component StatusLed 150141M173100
